[ 2023-04-27 13:13:43,395 ] 15 root - INFO - >>>>>>>>>>>>>>>>>>>>>>>>>>>>>>>>>>>>>>>> Data Ingestion <<<<<<<<<<<<<<<<<<<<<<<<<<<<<<<<<<<<<<<<
[ 2023-04-27 13:13:43,396 ] 22 root - INFO - Exporting collection data as pandas dataframe
[ 2023-04-27 13:13:43,396 ] 19 root - INFO - Reading data from database:aps and collection sensor
[ 2023-04-27 13:13:46,767 ] 21 root - INFO - Found columns:Index(['_id', 'class', 'aa_000', 'ab_000', 'ac_000', 'ad_000', 'ae_000',
       'af_000', 'ag_000', 'ag_001',
       ...
       'ee_002', 'ee_003', 'ee_004', 'ee_005', 'ee_006', 'ee_007', 'ee_008',
       'ee_009', 'ef_000', 'eg_000'],
      dtype='object', length=172)
[ 2023-04-27 13:13:46,768 ] 23 root - INFO - dropping column :_id
[ 2023-04-27 13:13:46,986 ] 25 root - INFO - row and col in df:(36188, 171)
[ 2023-04-27 13:13:46,986 ] 28 root - INFO - Save data in feature store
[ 2023-04-27 13:13:48,358 ] 32 root - INFO - Create feature store folder if not available
[ 2023-04-27 13:13:48,358 ] 38 root - INFO - Save df to feature store folder
[ 2023-04-27 13:13:50,136 ] 42 root - INFO - split dataset into train and test set
[ 2023-04-27 13:13:50,447 ] 46 root - INFO - create dataset directory folder if not available
[ 2023-04-27 13:13:50,447 ] 51 root - INFO - Save df to feature store folder
[ 2023-04-27 13:13:52,209 ] 63 root - INFO - Data ingestion artifact: DataIngestionArtifact(feature_store_file_path='/config/workspace/artifact/04272023__131343/data_ingestion/feature_store/sensor.csv', train_file_path='/config/workspace/artifact/04272023__131343/data_ingestion/dataset/train.csv', test_file_path='/config/workspace/artifact/04272023__131343/data_ingestion/dataset/test.csv')
[ 2023-04-27 13:13:52,612 ] 17 root - INFO - >>>>>>>>>>>>>>>>>>>>>>>>>>>>>>>>>>>>>>>> Data Validation <<<<<<<<<<<<<<<<<<<<<<<<<<<<<<<<<<<<<<<<
[ 2023-04-27 13:13:52,612 ] 111 root - INFO - Reading base dataframe
[ 2023-04-27 13:13:54,872 ] 114 root - INFO - Replace na values in dataframe
[ 2023-04-27 13:13:54,873 ] 117 root - INFO - drop null values from base dataframe
[ 2023-04-27 13:13:55,091 ] 39 root - INFO - selecting column name which contains null above to 0.2
[ 2023-04-27 13:13:55,092 ] 42 root - INFO - columns to drop: ['ab_000', 'ad_000', 'bk_000', 'bl_000', 'bm_000', 'bn_000', 'bo_000', 'bp_000', 'bq_000', 'br_000', 'cf_000', 'cg_000', 'ch_000', 'co_000', 'cr_000', 'ct_000', 'cu_000', 'cv_000', 'cx_000', 'cy_000', 'cz_000', 'da_000', 'db_000', 'dc_000']
[ 2023-04-27 13:13:55,180 ] 120 root - INFO - Reading train dataframe
[ 2023-04-27 13:13:55,556 ] 122 root - INFO - Reading test dataframe
[ 2023-04-27 13:13:55,662 ] 125 root - INFO - drop null values from train dataframe
[ 2023-04-27 13:13:55,669 ] 39 root - INFO - selecting column name which contains null above to 0.2
[ 2023-04-27 13:13:55,670 ] 42 root - INFO - columns to drop: ['ab_000', 'ad_000', 'bk_000', 'bl_000', 'bm_000', 'bn_000', 'bo_000', 'bp_000', 'bq_000', 'br_000', 'cf_000', 'cg_000', 'ch_000', 'co_000', 'cr_000', 'ct_000', 'cu_000', 'cv_000', 'cx_000', 'cy_000', 'cz_000', 'da_000', 'db_000', 'dc_000']
[ 2023-04-27 13:13:55,679 ] 127 root - INFO - drop null values from test dataframe
[ 2023-04-27 13:13:55,682 ] 39 root - INFO - selecting column name which contains null above to 0.2
[ 2023-04-27 13:13:55,682 ] 42 root - INFO - columns to drop: ['ab_000', 'ad_000', 'bk_000', 'bl_000', 'bm_000', 'bn_000', 'bo_000', 'bp_000', 'bq_000', 'br_000', 'cf_000', 'cg_000', 'ch_000', 'co_000', 'cr_000', 'ct_000', 'cu_000', 'cv_000', 'cx_000', 'cy_000', 'cz_000', 'da_000', 'db_000', 'dc_000']
[ 2023-04-27 13:13:56,438 ] 137 root - INFO - is all required columns present in train df 
[ 2023-04-27 13:13:56,438 ] 139 root - INFO - is all required columns present in test df 
[ 2023-04-27 13:13:56,439 ] 143 root - INFO - as all column are available in train hence detecting data drift
[ 2023-04-27 13:13:56,439 ] 85 root - INFO -  Hypothesis class:object,object
[ 2023-04-27 13:13:56,578 ] 85 root - INFO -  Hypothesis aa_000:float64,float64
[ 2023-04-27 13:13:56,621 ] 85 root - INFO -  Hypothesis ac_000:float64,float64
[ 2023-04-27 13:13:56,629 ] 85 root - INFO -  Hypothesis ae_000:float64,float64
[ 2023-04-27 13:13:56,665 ] 85 root - INFO -  Hypothesis af_000:float64,float64
[ 2023-04-27 13:13:56,702 ] 85 root - INFO -  Hypothesis ag_000:float64,float64
[ 2023-04-27 13:13:56,738 ] 85 root - INFO -  Hypothesis ag_001:float64,float64
[ 2023-04-27 13:13:56,774 ] 85 root - INFO -  Hypothesis ag_002:float64,float64
[ 2023-04-27 13:13:56,812 ] 85 root - INFO -  Hypothesis ag_003:float64,float64
[ 2023-04-27 13:13:56,850 ] 85 root - INFO -  Hypothesis ag_004:float64,float64
[ 2023-04-27 13:13:56,893 ] 85 root - INFO -  Hypothesis ag_005:float64,float64
[ 2023-04-27 13:13:56,903 ] 85 root - INFO -  Hypothesis ag_006:float64,float64
[ 2023-04-27 13:13:56,914 ] 85 root - INFO -  Hypothesis ag_007:float64,float64
[ 2023-04-27 13:13:56,956 ] 85 root - INFO -  Hypothesis ag_008:float64,float64
[ 2023-04-27 13:13:56,964 ] 85 root - INFO -  Hypothesis ag_009:float64,float64
[ 2023-04-27 13:13:56,971 ] 85 root - INFO -  Hypothesis ah_000:float64,float64
[ 2023-04-27 13:13:57,013 ] 85 root - INFO -  Hypothesis ai_000:float64,float64
[ 2023-04-27 13:13:57,049 ] 85 root - INFO -  Hypothesis aj_000:float64,float64
[ 2023-04-27 13:13:57,087 ] 85 root - INFO -  Hypothesis ak_000:float64,float64
[ 2023-04-27 13:13:57,125 ] 85 root - INFO -  Hypothesis al_000:float64,float64
[ 2023-04-27 13:13:57,165 ] 85 root - INFO -  Hypothesis am_0:float64,float64
[ 2023-04-27 13:13:57,204 ] 85 root - INFO -  Hypothesis an_000:float64,float64
[ 2023-04-27 13:13:57,246 ] 85 root - INFO -  Hypothesis ao_000:float64,float64
[ 2023-04-27 13:13:57,289 ] 85 root - INFO -  Hypothesis ap_000:float64,float64
[ 2023-04-27 13:13:57,331 ] 85 root - INFO -  Hypothesis aq_000:float64,float64
[ 2023-04-27 13:13:57,374 ] 85 root - INFO -  Hypothesis ar_000:float64,float64
[ 2023-04-27 13:13:57,411 ] 85 root - INFO -  Hypothesis as_000:float64,float64
[ 2023-04-27 13:13:57,447 ] 85 root - INFO -  Hypothesis at_000:float64,float64
[ 2023-04-27 13:13:57,484 ] 85 root - INFO -  Hypothesis au_000:float64,float64
[ 2023-04-27 13:13:57,519 ] 85 root - INFO -  Hypothesis av_000:float64,float64
[ 2023-04-27 13:13:57,529 ] 85 root - INFO -  Hypothesis ax_000:float64,float64
[ 2023-04-27 13:13:57,538 ] 85 root - INFO -  Hypothesis ay_000:float64,float64
[ 2023-04-27 13:13:57,576 ] 85 root - INFO -  Hypothesis ay_001:float64,float64
[ 2023-04-27 13:13:57,612 ] 85 root - INFO -  Hypothesis ay_002:float64,float64
[ 2023-04-27 13:13:57,648 ] 85 root - INFO -  Hypothesis ay_003:float64,float64
[ 2023-04-27 13:13:57,685 ] 85 root - INFO -  Hypothesis ay_004:float64,float64
[ 2023-04-27 13:13:57,722 ] 85 root - INFO -  Hypothesis ay_005:float64,float64
[ 2023-04-27 13:13:57,730 ] 85 root - INFO -  Hypothesis ay_006:float64,float64
[ 2023-04-27 13:13:57,771 ] 85 root - INFO -  Hypothesis ay_007:float64,float64
[ 2023-04-27 13:13:57,781 ] 85 root - INFO -  Hypothesis ay_008:float64,float64
[ 2023-04-27 13:13:57,791 ] 85 root - INFO -  Hypothesis ay_009:float64,float64
[ 2023-04-27 13:13:57,828 ] 85 root - INFO -  Hypothesis az_000:float64,float64
[ 2023-04-27 13:13:57,838 ] 85 root - INFO -  Hypothesis az_001:float64,float64
[ 2023-04-27 13:13:57,847 ] 85 root - INFO -  Hypothesis az_002:float64,float64
[ 2023-04-27 13:13:57,856 ] 85 root - INFO -  Hypothesis az_003:float64,float64
[ 2023-04-27 13:13:57,899 ] 85 root - INFO -  Hypothesis az_004:float64,float64
[ 2023-04-27 13:13:57,909 ] 85 root - INFO -  Hypothesis az_005:float64,float64
[ 2023-04-27 13:13:57,919 ] 85 root - INFO -  Hypothesis az_006:float64,float64
[ 2023-04-27 13:13:57,961 ] 85 root - INFO -  Hypothesis az_007:float64,float64
[ 2023-04-27 13:13:57,998 ] 85 root - INFO -  Hypothesis az_008:float64,float64
[ 2023-04-27 13:13:58,036 ] 85 root - INFO -  Hypothesis az_009:float64,float64
[ 2023-04-27 13:13:58,072 ] 85 root - INFO -  Hypothesis ba_000:float64,float64
[ 2023-04-27 13:13:58,115 ] 85 root - INFO -  Hypothesis ba_001:float64,float64
[ 2023-04-27 13:13:58,126 ] 85 root - INFO -  Hypothesis ba_002:float64,float64
[ 2023-04-27 13:13:58,136 ] 85 root - INFO -  Hypothesis ba_003:float64,float64
[ 2023-04-27 13:13:58,146 ] 85 root - INFO -  Hypothesis ba_004:float64,float64
[ 2023-04-27 13:13:58,156 ] 85 root - INFO -  Hypothesis ba_005:float64,float64
[ 2023-04-27 13:13:58,166 ] 85 root - INFO -  Hypothesis ba_006:float64,float64
[ 2023-04-27 13:13:58,176 ] 85 root - INFO -  Hypothesis ba_007:float64,float64
[ 2023-04-27 13:13:58,185 ] 85 root - INFO -  Hypothesis ba_008:float64,float64
[ 2023-04-27 13:13:58,193 ] 85 root - INFO -  Hypothesis ba_009:float64,float64
[ 2023-04-27 13:13:58,232 ] 85 root - INFO -  Hypothesis bb_000:float64,float64
[ 2023-04-27 13:13:58,278 ] 85 root - INFO -  Hypothesis bc_000:float64,float64
[ 2023-04-27 13:13:58,319 ] 85 root - INFO -  Hypothesis bd_000:float64,float64
[ 2023-04-27 13:13:58,327 ] 85 root - INFO -  Hypothesis be_000:float64,float64
[ 2023-04-27 13:13:58,368 ] 85 root - INFO -  Hypothesis bf_000:float64,float64
[ 2023-04-27 13:13:58,375 ] 85 root - INFO -  Hypothesis bg_000:float64,float64
[ 2023-04-27 13:13:58,419 ] 85 root - INFO -  Hypothesis bh_000:float64,float64
[ 2023-04-27 13:13:58,461 ] 85 root - INFO -  Hypothesis bi_000:float64,float64
[ 2023-04-27 13:13:58,504 ] 85 root - INFO -  Hypothesis bj_000:float64,float64
[ 2023-04-27 13:13:58,547 ] 85 root - INFO -  Hypothesis bs_000:float64,float64
[ 2023-04-27 13:13:58,559 ] 85 root - INFO -  Hypothesis bt_000:float64,float64
[ 2023-04-27 13:13:58,601 ] 85 root - INFO -  Hypothesis bu_000:float64,float64
[ 2023-04-27 13:13:58,646 ] 85 root - INFO -  Hypothesis bv_000:float64,float64
[ 2023-04-27 13:13:58,688 ] 85 root - INFO -  Hypothesis bx_000:float64,float64
[ 2023-04-27 13:13:58,730 ] 85 root - INFO -  Hypothesis by_000:float64,float64
[ 2023-04-27 13:13:58,774 ] 85 root - INFO -  Hypothesis bz_000:float64,float64
[ 2023-04-27 13:13:58,783 ] 85 root - INFO -  Hypothesis ca_000:float64,float64
[ 2023-04-27 13:13:58,827 ] 85 root - INFO -  Hypothesis cb_000:float64,float64
[ 2023-04-27 13:13:58,870 ] 85 root - INFO -  Hypothesis cc_000:float64,float64
[ 2023-04-27 13:13:58,914 ] 85 root - INFO -  Hypothesis cd_000:float64,float64
[ 2023-04-27 13:13:58,950 ] 85 root - INFO -  Hypothesis ce_000:float64,float64
[ 2023-04-27 13:13:58,960 ] 85 root - INFO -  Hypothesis ci_000:float64,float64
[ 2023-04-27 13:13:59,002 ] 85 root - INFO -  Hypothesis cj_000:float64,float64
[ 2023-04-27 13:13:59,041 ] 85 root - INFO -  Hypothesis ck_000:float64,float64
[ 2023-04-27 13:13:59,083 ] 85 root - INFO -  Hypothesis cl_000:float64,float64
[ 2023-04-27 13:13:59,090 ] 85 root - INFO -  Hypothesis cm_000:float64,float64
[ 2023-04-27 13:13:59,097 ] 85 root - INFO -  Hypothesis cn_000:float64,float64
[ 2023-04-27 13:13:59,133 ] 85 root - INFO -  Hypothesis cn_001:float64,float64
[ 2023-04-27 13:13:59,171 ] 85 root - INFO -  Hypothesis cn_002:float64,float64
[ 2023-04-27 13:13:59,212 ] 85 root - INFO -  Hypothesis cn_003:float64,float64
[ 2023-04-27 13:13:59,222 ] 85 root - INFO -  Hypothesis cn_004:float64,float64
[ 2023-04-27 13:13:59,233 ] 85 root - INFO -  Hypothesis cn_005:float64,float64
[ 2023-04-27 13:13:59,243 ] 85 root - INFO -  Hypothesis cn_006:float64,float64
[ 2023-04-27 13:13:59,305 ] 85 root - INFO -  Hypothesis cn_007:float64,float64
[ 2023-04-27 13:13:59,315 ] 85 root - INFO -  Hypothesis cn_008:float64,float64
[ 2023-04-27 13:13:59,358 ] 85 root - INFO -  Hypothesis cn_009:float64,float64
[ 2023-04-27 13:13:59,366 ] 85 root - INFO -  Hypothesis cp_000:float64,float64
[ 2023-04-27 13:13:59,407 ] 85 root - INFO -  Hypothesis cq_000:float64,float64
[ 2023-04-27 13:13:59,450 ] 85 root - INFO -  Hypothesis cs_000:float64,float64
[ 2023-04-27 13:13:59,461 ] 85 root - INFO -  Hypothesis cs_001:float64,float64
[ 2023-04-27 13:13:59,470 ] 85 root - INFO -  Hypothesis cs_002:float64,float64
[ 2023-04-27 13:13:59,480 ] 85 root - INFO -  Hypothesis cs_003:float64,float64
[ 2023-04-27 13:13:59,490 ] 85 root - INFO -  Hypothesis cs_004:float64,float64
[ 2023-04-27 13:13:59,500 ] 85 root - INFO -  Hypothesis cs_005:float64,float64
[ 2023-04-27 13:13:59,511 ] 85 root - INFO -  Hypothesis cs_006:float64,float64
[ 2023-04-27 13:13:59,554 ] 85 root - INFO -  Hypothesis cs_007:float64,float64
[ 2023-04-27 13:13:59,598 ] 85 root - INFO -  Hypothesis cs_008:float64,float64
[ 2023-04-27 13:13:59,638 ] 85 root - INFO -  Hypothesis cs_009:float64,float64
[ 2023-04-27 13:13:59,674 ] 85 root - INFO -  Hypothesis dd_000:float64,float64
[ 2023-04-27 13:13:59,716 ] 85 root - INFO -  Hypothesis de_000:float64,float64
[ 2023-04-27 13:13:59,758 ] 85 root - INFO -  Hypothesis df_000:float64,float64
[ 2023-04-27 13:13:59,795 ] 85 root - INFO -  Hypothesis dg_000:float64,float64
[ 2023-04-27 13:13:59,832 ] 85 root - INFO -  Hypothesis dh_000:float64,float64
[ 2023-04-27 13:13:59,869 ] 85 root - INFO -  Hypothesis di_000:float64,float64
[ 2023-04-27 13:13:59,875 ] 85 root - INFO -  Hypothesis dj_000:float64,float64
[ 2023-04-27 13:13:59,912 ] 85 root - INFO -  Hypothesis dk_000:float64,float64
[ 2023-04-27 13:13:59,948 ] 85 root - INFO -  Hypothesis dl_000:float64,float64
[ 2023-04-27 13:13:59,984 ] 85 root - INFO -  Hypothesis dm_000:float64,float64
[ 2023-04-27 13:14:00,021 ] 85 root - INFO -  Hypothesis dn_000:float64,float64
[ 2023-04-27 13:14:00,063 ] 85 root - INFO -  Hypothesis do_000:float64,float64
[ 2023-04-27 13:14:00,072 ] 85 root - INFO -  Hypothesis dp_000:float64,float64
[ 2023-04-27 13:14:00,114 ] 85 root - INFO -  Hypothesis dq_000:float64,float64
[ 2023-04-27 13:14:00,153 ] 85 root - INFO -  Hypothesis dr_000:float64,float64
[ 2023-04-27 13:14:00,192 ] 85 root - INFO -  Hypothesis ds_000:float64,float64
[ 2023-04-27 13:14:00,202 ] 85 root - INFO -  Hypothesis dt_000:float64,float64
[ 2023-04-27 13:14:00,212 ] 85 root - INFO -  Hypothesis du_000:float64,float64
[ 2023-04-27 13:14:00,222 ] 85 root - INFO -  Hypothesis dv_000:float64,float64
[ 2023-04-27 13:14:00,232 ] 85 root - INFO -  Hypothesis dx_000:float64,float64
[ 2023-04-27 13:14:00,239 ] 85 root - INFO -  Hypothesis dy_000:float64,float64
[ 2023-04-27 13:14:00,278 ] 85 root - INFO -  Hypothesis dz_000:float64,float64
[ 2023-04-27 13:14:00,317 ] 85 root - INFO -  Hypothesis ea_000:float64,float64
[ 2023-04-27 13:14:00,356 ] 85 root - INFO -  Hypothesis eb_000:float64,float64
[ 2023-04-27 13:14:00,398 ] 85 root - INFO -  Hypothesis ec_00:float64,float64
[ 2023-04-27 13:14:00,408 ] 85 root - INFO -  Hypothesis ed_000:float64,float64
[ 2023-04-27 13:14:00,417 ] 85 root - INFO -  Hypothesis ee_000:float64,float64
[ 2023-04-27 13:14:00,428 ] 85 root - INFO -  Hypothesis ee_001:float64,float64
[ 2023-04-27 13:14:00,438 ] 85 root - INFO -  Hypothesis ee_002:float64,float64
[ 2023-04-27 13:14:00,449 ] 85 root - INFO -  Hypothesis ee_003:float64,float64
[ 2023-04-27 13:14:00,491 ] 85 root - INFO -  Hypothesis ee_004:float64,float64
[ 2023-04-27 13:14:00,534 ] 85 root - INFO -  Hypothesis ee_005:float64,float64
[ 2023-04-27 13:14:00,578 ] 85 root - INFO -  Hypothesis ee_006:float64,float64
[ 2023-04-27 13:14:00,621 ] 85 root - INFO -  Hypothesis ee_007:float64,float64
[ 2023-04-27 13:14:00,631 ] 85 root - INFO -  Hypothesis ee_008:float64,float64
[ 2023-04-27 13:14:00,640 ] 85 root - INFO -  Hypothesis ee_009:float64,float64
[ 2023-04-27 13:14:00,680 ] 85 root - INFO -  Hypothesis ef_000:float64,float64
[ 2023-04-27 13:14:00,717 ] 85 root - INFO -  Hypothesis eg_000:float64,float64
[ 2023-04-27 13:14:00,753 ] 146 root - INFO - as all column are available in test hence detecting data drift
[ 2023-04-27 13:14:00,753 ] 85 root - INFO -  Hypothesis class:object,object
[ 2023-04-27 13:14:00,828 ] 85 root - INFO -  Hypothesis aa_000:float64,float64
[ 2023-04-27 13:14:00,835 ] 85 root - INFO -  Hypothesis ac_000:float64,float64
[ 2023-04-27 13:14:00,840 ] 85 root - INFO -  Hypothesis ae_000:float64,float64
[ 2023-04-27 13:14:00,855 ] 85 root - INFO -  Hypothesis af_000:float64,float64
[ 2023-04-27 13:14:00,871 ] 85 root - INFO -  Hypothesis ag_000:float64,float64
[ 2023-04-27 13:14:00,885 ] 85 root - INFO -  Hypothesis ag_001:float64,float64
[ 2023-04-27 13:14:00,901 ] 85 root - INFO -  Hypothesis ag_002:float64,float64
[ 2023-04-27 13:14:00,904 ] 85 root - INFO -  Hypothesis ag_003:float64,float64
[ 2023-04-27 13:14:00,908 ] 85 root - INFO -  Hypothesis ag_004:float64,float64
[ 2023-04-27 13:14:00,915 ] 85 root - INFO -  Hypothesis ag_005:float64,float64
[ 2023-04-27 13:14:00,922 ] 85 root - INFO -  Hypothesis ag_006:float64,float64
[ 2023-04-27 13:14:00,929 ] 85 root - INFO -  Hypothesis ag_007:float64,float64
[ 2023-04-27 13:14:00,935 ] 85 root - INFO -  Hypothesis ag_008:float64,float64
[ 2023-04-27 13:14:00,940 ] 85 root - INFO -  Hypothesis ag_009:float64,float64
[ 2023-04-27 13:14:00,945 ] 85 root - INFO -  Hypothesis ah_000:float64,float64
[ 2023-04-27 13:14:00,952 ] 85 root - INFO -  Hypothesis ai_000:float64,float64
[ 2023-04-27 13:14:00,968 ] 85 root - INFO -  Hypothesis aj_000:float64,float64
[ 2023-04-27 13:14:00,972 ] 85 root - INFO -  Hypothesis ak_000:float64,float64
[ 2023-04-27 13:14:00,975 ] 85 root - INFO -  Hypothesis al_000:float64,float64
[ 2023-04-27 13:14:00,980 ] 85 root - INFO -  Hypothesis am_0:float64,float64
[ 2023-04-27 13:14:00,985 ] 85 root - INFO -  Hypothesis an_000:float64,float64
[ 2023-04-27 13:14:00,992 ] 85 root - INFO -  Hypothesis ao_000:float64,float64
[ 2023-04-27 13:14:00,999 ] 85 root - INFO -  Hypothesis ap_000:float64,float64
[ 2023-04-27 13:14:01,006 ] 85 root - INFO -  Hypothesis aq_000:float64,float64
[ 2023-04-27 13:14:01,013 ] 85 root - INFO -  Hypothesis ar_000:float64,float64
[ 2023-04-27 13:14:01,016 ] 85 root - INFO -  Hypothesis as_000:float64,float64
[ 2023-04-27 13:14:01,032 ] 85 root - INFO -  Hypothesis at_000:float64,float64
[ 2023-04-27 13:14:01,047 ] 85 root - INFO -  Hypothesis au_000:float64,float64
[ 2023-04-27 13:14:01,062 ] 85 root - INFO -  Hypothesis av_000:float64,float64
[ 2023-04-27 13:14:01,068 ] 85 root - INFO -  Hypothesis ax_000:float64,float64
[ 2023-04-27 13:14:01,074 ] 85 root - INFO -  Hypothesis ay_000:float64,float64
[ 2023-04-27 13:14:01,089 ] 85 root - INFO -  Hypothesis ay_001:float64,float64
[ 2023-04-27 13:14:01,105 ] 85 root - INFO -  Hypothesis ay_002:float64,float64
[ 2023-04-27 13:14:01,108 ] 85 root - INFO -  Hypothesis ay_003:float64,float64
[ 2023-04-27 13:14:01,124 ] 85 root - INFO -  Hypothesis ay_004:float64,float64
[ 2023-04-27 13:14:01,127 ] 85 root - INFO -  Hypothesis ay_005:float64,float64
[ 2023-04-27 13:14:01,133 ] 85 root - INFO -  Hypothesis ay_006:float64,float64
[ 2023-04-27 13:14:01,139 ] 85 root - INFO -  Hypothesis ay_007:float64,float64
[ 2023-04-27 13:14:01,145 ] 85 root - INFO -  Hypothesis ay_008:float64,float64
[ 2023-04-27 13:14:01,152 ] 85 root - INFO -  Hypothesis ay_009:float64,float64
[ 2023-04-27 13:14:01,168 ] 85 root - INFO -  Hypothesis az_000:float64,float64
[ 2023-04-27 13:14:01,175 ] 85 root - INFO -  Hypothesis az_001:float64,float64
[ 2023-04-27 13:14:01,182 ] 85 root - INFO -  Hypothesis az_002:float64,float64
[ 2023-04-27 13:14:01,188 ] 85 root - INFO -  Hypothesis az_003:float64,float64
[ 2023-04-27 13:14:01,195 ] 85 root - INFO -  Hypothesis az_004:float64,float64
[ 2023-04-27 13:14:01,203 ] 85 root - INFO -  Hypothesis az_005:float64,float64
[ 2023-04-27 13:14:01,210 ] 85 root - INFO -  Hypothesis az_006:float64,float64
[ 2023-04-27 13:14:01,216 ] 85 root - INFO -  Hypothesis az_007:float64,float64
[ 2023-04-27 13:14:01,221 ] 85 root - INFO -  Hypothesis az_008:float64,float64
[ 2023-04-27 13:14:01,224 ] 85 root - INFO -  Hypothesis az_009:float64,float64
[ 2023-04-27 13:14:01,240 ] 85 root - INFO -  Hypothesis ba_000:float64,float64
[ 2023-04-27 13:14:01,248 ] 85 root - INFO -  Hypothesis ba_001:float64,float64
[ 2023-04-27 13:14:01,255 ] 85 root - INFO -  Hypothesis ba_002:float64,float64
[ 2023-04-27 13:14:01,262 ] 85 root - INFO -  Hypothesis ba_003:float64,float64
[ 2023-04-27 13:14:01,269 ] 85 root - INFO -  Hypothesis ba_004:float64,float64
[ 2023-04-27 13:14:01,276 ] 85 root - INFO -  Hypothesis ba_005:float64,float64
[ 2023-04-27 13:14:01,283 ] 85 root - INFO -  Hypothesis ba_006:float64,float64
[ 2023-04-27 13:14:01,290 ] 85 root - INFO -  Hypothesis ba_007:float64,float64
[ 2023-04-27 13:14:01,296 ] 85 root - INFO -  Hypothesis ba_008:float64,float64
[ 2023-04-27 13:14:01,302 ] 85 root - INFO -  Hypothesis ba_009:float64,float64
[ 2023-04-27 13:14:01,306 ] 85 root - INFO -  Hypothesis bb_000:float64,float64
[ 2023-04-27 13:14:01,313 ] 85 root - INFO -  Hypothesis bc_000:float64,float64
[ 2023-04-27 13:14:01,319 ] 85 root - INFO -  Hypothesis bd_000:float64,float64
[ 2023-04-27 13:14:01,324 ] 85 root - INFO -  Hypothesis be_000:float64,float64
[ 2023-04-27 13:14:01,330 ] 85 root - INFO -  Hypothesis bf_000:float64,float64
[ 2023-04-27 13:14:01,335 ] 85 root - INFO -  Hypothesis bg_000:float64,float64
[ 2023-04-27 13:14:01,342 ] 85 root - INFO -  Hypothesis bh_000:float64,float64
[ 2023-04-27 13:14:01,349 ] 85 root - INFO -  Hypothesis bi_000:float64,float64
[ 2023-04-27 13:14:01,356 ] 85 root - INFO -  Hypothesis bj_000:float64,float64
[ 2023-04-27 13:14:01,363 ] 85 root - INFO -  Hypothesis bs_000:float64,float64
[ 2023-04-27 13:14:01,371 ] 85 root - INFO -  Hypothesis bt_000:float64,float64
[ 2023-04-27 13:14:01,378 ] 85 root - INFO -  Hypothesis bu_000:float64,float64
[ 2023-04-27 13:14:01,385 ] 85 root - INFO -  Hypothesis bv_000:float64,float64
[ 2023-04-27 13:14:01,392 ] 85 root - INFO -  Hypothesis bx_000:float64,float64
[ 2023-04-27 13:14:01,399 ] 85 root - INFO -  Hypothesis by_000:float64,float64
[ 2023-04-27 13:14:01,407 ] 85 root - INFO -  Hypothesis bz_000:float64,float64
[ 2023-04-27 13:14:01,413 ] 85 root - INFO -  Hypothesis ca_000:float64,float64
[ 2023-04-27 13:14:01,420 ] 85 root - INFO -  Hypothesis cb_000:float64,float64
[ 2023-04-27 13:14:01,427 ] 85 root - INFO -  Hypothesis cc_000:float64,float64
[ 2023-04-27 13:14:01,434 ] 85 root - INFO -  Hypothesis cd_000:float64,float64
[ 2023-04-27 13:14:01,449 ] 85 root - INFO -  Hypothesis ce_000:float64,float64
[ 2023-04-27 13:14:01,456 ] 85 root - INFO -  Hypothesis ci_000:float64,float64
[ 2023-04-27 13:14:01,462 ] 85 root - INFO -  Hypothesis cj_000:float64,float64
[ 2023-04-27 13:14:01,479 ] 85 root - INFO -  Hypothesis ck_000:float64,float64
[ 2023-04-27 13:14:01,486 ] 85 root - INFO -  Hypothesis cl_000:float64,float64
[ 2023-04-27 13:14:01,490 ] 85 root - INFO -  Hypothesis cm_000:float64,float64
[ 2023-04-27 13:14:01,506 ] 85 root - INFO -  Hypothesis cn_000:float64,float64
[ 2023-04-27 13:14:01,522 ] 85 root - INFO -  Hypothesis cn_001:float64,float64
[ 2023-04-27 13:14:01,526 ] 85 root - INFO -  Hypothesis cn_002:float64,float64
[ 2023-04-27 13:14:01,532 ] 85 root - INFO -  Hypothesis cn_003:float64,float64
[ 2023-04-27 13:14:01,539 ] 85 root - INFO -  Hypothesis cn_004:float64,float64
[ 2023-04-27 13:14:01,546 ] 85 root - INFO -  Hypothesis cn_005:float64,float64
[ 2023-04-27 13:14:01,553 ] 85 root - INFO -  Hypothesis cn_006:float64,float64
[ 2023-04-27 13:14:01,560 ] 85 root - INFO -  Hypothesis cn_007:float64,float64
[ 2023-04-27 13:14:01,567 ] 85 root - INFO -  Hypothesis cn_008:float64,float64
[ 2023-04-27 13:14:01,573 ] 85 root - INFO -  Hypothesis cn_009:float64,float64
[ 2023-04-27 13:14:01,578 ] 85 root - INFO -  Hypothesis cp_000:float64,float64
[ 2023-04-27 13:14:01,584 ] 85 root - INFO -  Hypothesis cq_000:float64,float64
[ 2023-04-27 13:14:01,591 ] 85 root - INFO -  Hypothesis cs_000:float64,float64
[ 2023-04-27 13:14:01,598 ] 85 root - INFO -  Hypothesis cs_001:float64,float64
[ 2023-04-27 13:14:01,604 ] 85 root - INFO -  Hypothesis cs_002:float64,float64
[ 2023-04-27 13:14:01,610 ] 85 root - INFO -  Hypothesis cs_003:float64,float64
[ 2023-04-27 13:14:01,617 ] 85 root - INFO -  Hypothesis cs_004:float64,float64
[ 2023-04-27 13:14:01,624 ] 85 root - INFO -  Hypothesis cs_005:float64,float64
[ 2023-04-27 13:14:01,631 ] 85 root - INFO -  Hypothesis cs_006:float64,float64
[ 2023-04-27 13:14:01,639 ] 85 root - INFO -  Hypothesis cs_007:float64,float64
[ 2023-04-27 13:14:01,646 ] 85 root - INFO -  Hypothesis cs_008:float64,float64
[ 2023-04-27 13:14:01,651 ] 85 root - INFO -  Hypothesis cs_009:float64,float64
[ 2023-04-27 13:14:01,666 ] 85 root - INFO -  Hypothesis dd_000:float64,float64
[ 2023-04-27 13:14:01,673 ] 85 root - INFO -  Hypothesis de_000:float64,float64
[ 2023-04-27 13:14:01,678 ] 85 root - INFO -  Hypothesis df_000:float64,float64
[ 2023-04-27 13:14:01,694 ] 85 root - INFO -  Hypothesis dg_000:float64,float64
[ 2023-04-27 13:14:01,697 ] 85 root - INFO -  Hypothesis dh_000:float64,float64
[ 2023-04-27 13:14:01,701 ] 85 root - INFO -  Hypothesis di_000:float64,float64
[ 2023-04-27 13:14:01,705 ] 85 root - INFO -  Hypothesis dj_000:float64,float64
[ 2023-04-27 13:14:01,720 ] 85 root - INFO -  Hypothesis dk_000:float64,float64
[ 2023-04-27 13:14:01,735 ] 85 root - INFO -  Hypothesis dl_000:float64,float64
[ 2023-04-27 13:14:01,750 ] 85 root - INFO -  Hypothesis dm_000:float64,float64
[ 2023-04-27 13:14:01,766 ] 85 root - INFO -  Hypothesis dn_000:float64,float64
[ 2023-04-27 13:14:01,785 ] 85 root - INFO -  Hypothesis do_000:float64,float64
[ 2023-04-27 13:14:01,791 ] 85 root - INFO -  Hypothesis dp_000:float64,float64
[ 2023-04-27 13:14:01,797 ] 85 root - INFO -  Hypothesis dq_000:float64,float64
[ 2023-04-27 13:14:01,801 ] 85 root - INFO -  Hypothesis dr_000:float64,float64
[ 2023-04-27 13:14:01,818 ] 85 root - INFO -  Hypothesis ds_000:float64,float64
[ 2023-04-27 13:14:01,825 ] 85 root - INFO -  Hypothesis dt_000:float64,float64
[ 2023-04-27 13:14:01,831 ] 85 root - INFO -  Hypothesis du_000:float64,float64
[ 2023-04-27 13:14:01,838 ] 85 root - INFO -  Hypothesis dv_000:float64,float64
[ 2023-04-27 13:14:01,845 ] 85 root - INFO -  Hypothesis dx_000:float64,float64
[ 2023-04-27 13:14:01,849 ] 85 root - INFO -  Hypothesis dy_000:float64,float64
[ 2023-04-27 13:14:01,854 ] 85 root - INFO -  Hypothesis dz_000:float64,float64
[ 2023-04-27 13:14:01,869 ] 85 root - INFO -  Hypothesis ea_000:float64,float64
[ 2023-04-27 13:14:01,885 ] 85 root - INFO -  Hypothesis eb_000:float64,float64
[ 2023-04-27 13:14:01,891 ] 85 root - INFO -  Hypothesis ec_00:float64,float64
[ 2023-04-27 13:14:01,897 ] 85 root - INFO -  Hypothesis ed_000:float64,float64
[ 2023-04-27 13:14:01,903 ] 85 root - INFO -  Hypothesis ee_000:float64,float64
[ 2023-04-27 13:14:01,910 ] 85 root - INFO -  Hypothesis ee_001:float64,float64
[ 2023-04-27 13:14:01,917 ] 85 root - INFO -  Hypothesis ee_002:float64,float64
[ 2023-04-27 13:14:01,924 ] 85 root - INFO -  Hypothesis ee_003:float64,float64
[ 2023-04-27 13:14:01,931 ] 85 root - INFO -  Hypothesis ee_004:float64,float64
[ 2023-04-27 13:14:01,937 ] 85 root - INFO -  Hypothesis ee_005:float64,float64
[ 2023-04-27 13:14:01,944 ] 85 root - INFO -  Hypothesis ee_006:float64,float64
[ 2023-04-27 13:14:01,951 ] 85 root - INFO -  Hypothesis ee_007:float64,float64
[ 2023-04-27 13:14:01,957 ] 85 root - INFO -  Hypothesis ee_008:float64,float64
[ 2023-04-27 13:14:01,963 ] 85 root - INFO -  Hypothesis ee_009:float64,float64
[ 2023-04-27 13:14:01,968 ] 85 root - INFO -  Hypothesis ef_000:float64,float64
[ 2023-04-27 13:14:01,983 ] 85 root - INFO -  Hypothesis eg_000:float64,float64
[ 2023-04-27 13:14:01,999 ] 150 root - INFO - writing report in yaml file
[ 2023-04-27 13:14:02,068 ] 155 root - INFO - Data validation artifact:DataValidationArtifact(report_file_path='/config/workspace/artifact/04272023__131343/data_validation/report.yaml') 
