[ 2023-04-27 13:08:55,411 ] 15 root - INFO - >>>>>>>>>>>>>>>>>>>>>>>>>>>>>>>>>>>>>>>> Data Ingestion <<<<<<<<<<<<<<<<<<<<<<<<<<<<<<<<<<<<<<<<
[ 2023-04-27 13:08:55,411 ] 22 root - INFO - Exporting collection data as pandas dataframe
[ 2023-04-27 13:08:55,411 ] 19 root - INFO - Reading data from database:aps and collection sensor
[ 2023-04-27 13:08:59,242 ] 21 root - INFO - Found columns:Index(['_id', 'class', 'aa_000', 'ab_000', 'ac_000', 'ad_000', 'ae_000',
       'af_000', 'ag_000', 'ag_001',
       ...
       'ee_002', 'ee_003', 'ee_004', 'ee_005', 'ee_006', 'ee_007', 'ee_008',
       'ee_009', 'ef_000', 'eg_000'],
      dtype='object', length=172)
[ 2023-04-27 13:08:59,243 ] 23 root - INFO - dropping column :_id
[ 2023-04-27 13:08:59,443 ] 25 root - INFO - row and col in df:(36188, 171)
[ 2023-04-27 13:08:59,444 ] 28 root - INFO - Save data in feature store
[ 2023-04-27 13:09:00,888 ] 32 root - INFO - Create feature store folder if not available
[ 2023-04-27 13:09:00,889 ] 38 root - INFO - Save df to feature store folder
[ 2023-04-27 13:09:02,668 ] 42 root - INFO - split dataset into train and test set
[ 2023-04-27 13:09:02,979 ] 46 root - INFO - create dataset directory folder if not available
[ 2023-04-27 13:09:02,980 ] 51 root - INFO - Save df to feature store folder
[ 2023-04-27 13:09:04,755 ] 63 root - INFO - Data ingestion artifact: DataIngestionArtifact(feature_store_file_path='/config/workspace/artifact/04272023__130855/data_ingestion/feature_store/sensor.csv', train_file_path='/config/workspace/artifact/04272023__130855/data_ingestion/dataset/train.csv', test_file_path='/config/workspace/artifact/04272023__130855/data_ingestion/dataset/test.csv')
[ 2023-04-27 13:09:05,187 ] 17 root - INFO - >>>>>>>>>>>>>>>>>>>>>>>>>>>>>>>>>>>>>>>> Data Validation <<<<<<<<<<<<<<<<<<<<<<<<<<<<<<<<<<<<<<<<
[ 2023-04-27 13:09:05,188 ] 111 root - INFO - Reading base dataframe
[ 2023-04-27 13:09:07,480 ] 114 root - INFO - Replace na values in dataframe
[ 2023-04-27 13:09:07,481 ] 117 root - INFO - drop null values from base dataframe
[ 2023-04-27 13:09:07,709 ] 39 root - INFO - selecting column name which contains null above to 0.2
[ 2023-04-27 13:09:07,709 ] 42 root - INFO - columns to drop: Index(['ab_000', 'ad_000', 'bk_000', 'bl_000', 'bm_000', 'bn_000', 'bo_000',
       'bp_000', 'bq_000', 'br_000', 'cf_000', 'cg_000', 'ch_000', 'co_000',
       'cr_000', 'ct_000', 'cu_000', 'cv_000', 'cx_000', 'cy_000', 'cz_000',
       'da_000', 'db_000', 'dc_000'],
      dtype='object')
[ 2023-04-27 13:09:07,797 ] 120 root - INFO - Reading train dataframe
[ 2023-04-27 13:09:08,168 ] 122 root - INFO - Reading test dataframe
[ 2023-04-27 13:09:08,266 ] 125 root - INFO - drop null values from train dataframe
[ 2023-04-27 13:09:08,274 ] 39 root - INFO - selecting column name which contains null above to 0.2
[ 2023-04-27 13:09:08,274 ] 42 root - INFO - columns to drop: Index(['ab_000', 'ad_000', 'bk_000', 'bl_000', 'bm_000', 'bn_000', 'bo_000',
       'bp_000', 'bq_000', 'br_000', 'cf_000', 'cg_000', 'ch_000', 'co_000',
       'cr_000', 'ct_000', 'cu_000', 'cv_000', 'cx_000', 'cy_000', 'cz_000',
       'da_000', 'db_000', 'dc_000'],
      dtype='object')
[ 2023-04-27 13:09:08,284 ] 127 root - INFO - drop null values from test dataframe
[ 2023-04-27 13:09:08,290 ] 39 root - INFO - selecting column name which contains null above to 0.2
[ 2023-04-27 13:09:08,290 ] 42 root - INFO - columns to drop: Index(['ab_000', 'ad_000', 'bk_000', 'bl_000', 'bm_000', 'bn_000', 'bo_000',
       'bp_000', 'bq_000', 'br_000', 'cf_000', 'cg_000', 'ch_000', 'co_000',
       'cr_000', 'ct_000', 'cu_000', 'cv_000', 'cx_000', 'cy_000', 'cz_000',
       'da_000', 'db_000', 'dc_000'],
      dtype='object')
[ 2023-04-27 13:09:09,062 ] 137 root - INFO - is all required columns present in train df 
[ 2023-04-27 13:09:09,063 ] 139 root - INFO - is all required columns present in test df 
[ 2023-04-27 13:09:09,063 ] 143 root - INFO - as all column are available in train hence detecting data drift
[ 2023-04-27 13:09:09,063 ] 85 root - INFO -  Hypothesis class:object,object
[ 2023-04-27 13:09:09,196 ] 85 root - INFO -  Hypothesis aa_000:float64,float64
[ 2023-04-27 13:09:09,238 ] 85 root - INFO -  Hypothesis ac_000:float64,float64
[ 2023-04-27 13:09:09,277 ] 85 root - INFO -  Hypothesis ae_000:float64,float64
[ 2023-04-27 13:09:09,313 ] 85 root - INFO -  Hypothesis af_000:float64,float64
[ 2023-04-27 13:09:09,348 ] 85 root - INFO -  Hypothesis ag_000:float64,float64
[ 2023-04-27 13:09:09,383 ] 85 root - INFO -  Hypothesis ag_001:float64,float64
[ 2023-04-27 13:09:09,418 ] 85 root - INFO -  Hypothesis ag_002:float64,float64
[ 2023-04-27 13:09:09,454 ] 85 root - INFO -  Hypothesis ag_003:float64,float64
[ 2023-04-27 13:09:09,492 ] 85 root - INFO -  Hypothesis ag_004:float64,float64
[ 2023-04-27 13:09:09,537 ] 85 root - INFO -  Hypothesis ag_005:float64,float64
[ 2023-04-27 13:09:09,586 ] 85 root - INFO -  Hypothesis ag_006:float64,float64
[ 2023-04-27 13:09:09,627 ] 85 root - INFO -  Hypothesis ag_007:float64,float64
[ 2023-04-27 13:09:09,668 ] 85 root - INFO -  Hypothesis ag_008:float64,float64
[ 2023-04-27 13:09:09,707 ] 85 root - INFO -  Hypothesis ag_009:float64,float64
[ 2023-04-27 13:09:09,746 ] 85 root - INFO -  Hypothesis ah_000:float64,float64
[ 2023-04-27 13:09:09,788 ] 85 root - INFO -  Hypothesis ai_000:float64,float64
[ 2023-04-27 13:09:09,824 ] 85 root - INFO -  Hypothesis aj_000:float64,float64
[ 2023-04-27 13:09:09,830 ] 85 root - INFO -  Hypothesis ak_000:float64,float64
[ 2023-04-27 13:09:09,866 ] 85 root - INFO -  Hypothesis al_000:float64,float64
[ 2023-04-27 13:09:09,873 ] 85 root - INFO -  Hypothesis am_0:float64,float64
[ 2023-04-27 13:09:09,880 ] 85 root - INFO -  Hypothesis an_000:float64,float64
[ 2023-04-27 13:09:09,921 ] 85 root - INFO -  Hypothesis ao_000:float64,float64
[ 2023-04-27 13:09:09,964 ] 85 root - INFO -  Hypothesis ap_000:float64,float64
[ 2023-04-27 13:09:10,010 ] 85 root - INFO -  Hypothesis aq_000:float64,float64
[ 2023-04-27 13:09:10,021 ] 85 root - INFO -  Hypothesis ar_000:float64,float64
[ 2023-04-27 13:09:10,057 ] 85 root - INFO -  Hypothesis as_000:float64,float64
[ 2023-04-27 13:09:10,092 ] 85 root - INFO -  Hypothesis at_000:float64,float64
[ 2023-04-27 13:09:10,129 ] 85 root - INFO -  Hypothesis au_000:float64,float64
[ 2023-04-27 13:09:10,164 ] 85 root - INFO -  Hypothesis av_000:float64,float64
[ 2023-04-27 13:09:10,205 ] 85 root - INFO -  Hypothesis ax_000:float64,float64
[ 2023-04-27 13:09:10,213 ] 85 root - INFO -  Hypothesis ay_000:float64,float64
[ 2023-04-27 13:09:10,248 ] 85 root - INFO -  Hypothesis ay_001:float64,float64
[ 2023-04-27 13:09:10,283 ] 85 root - INFO -  Hypothesis ay_002:float64,float64
[ 2023-04-27 13:09:10,319 ] 85 root - INFO -  Hypothesis ay_003:float64,float64
[ 2023-04-27 13:09:10,354 ] 85 root - INFO -  Hypothesis ay_004:float64,float64
[ 2023-04-27 13:09:10,390 ] 85 root - INFO -  Hypothesis ay_005:float64,float64
[ 2023-04-27 13:09:10,430 ] 85 root - INFO -  Hypothesis ay_006:float64,float64
[ 2023-04-27 13:09:10,471 ] 85 root - INFO -  Hypothesis ay_007:float64,float64
[ 2023-04-27 13:09:10,481 ] 85 root - INFO -  Hypothesis ay_008:float64,float64
[ 2023-04-27 13:09:10,522 ] 85 root - INFO -  Hypothesis ay_009:float64,float64
[ 2023-04-27 13:09:10,566 ] 85 root - INFO -  Hypothesis az_000:float64,float64
[ 2023-04-27 13:09:10,608 ] 85 root - INFO -  Hypothesis az_001:float64,float64
[ 2023-04-27 13:09:10,650 ] 85 root - INFO -  Hypothesis az_002:float64,float64
[ 2023-04-27 13:09:10,691 ] 85 root - INFO -  Hypothesis az_003:float64,float64
[ 2023-04-27 13:09:10,733 ] 85 root - INFO -  Hypothesis az_004:float64,float64
[ 2023-04-27 13:09:10,776 ] 85 root - INFO -  Hypothesis az_005:float64,float64
[ 2023-04-27 13:09:10,820 ] 85 root - INFO -  Hypothesis az_006:float64,float64
[ 2023-04-27 13:09:10,860 ] 85 root - INFO -  Hypothesis az_007:float64,float64
[ 2023-04-27 13:09:10,897 ] 85 root - INFO -  Hypothesis az_008:float64,float64
[ 2023-04-27 13:09:10,933 ] 85 root - INFO -  Hypothesis az_009:float64,float64
[ 2023-04-27 13:09:10,969 ] 85 root - INFO -  Hypothesis ba_000:float64,float64
[ 2023-04-27 13:09:11,011 ] 85 root - INFO -  Hypothesis ba_001:float64,float64
[ 2023-04-27 13:09:11,053 ] 85 root - INFO -  Hypothesis ba_002:float64,float64
[ 2023-04-27 13:09:11,095 ] 85 root - INFO -  Hypothesis ba_003:float64,float64
[ 2023-04-27 13:09:11,137 ] 85 root - INFO -  Hypothesis ba_004:float64,float64
[ 2023-04-27 13:09:11,179 ] 85 root - INFO -  Hypothesis ba_005:float64,float64
[ 2023-04-27 13:09:11,221 ] 85 root - INFO -  Hypothesis ba_006:float64,float64
[ 2023-04-27 13:09:11,231 ] 85 root - INFO -  Hypothesis ba_007:float64,float64
[ 2023-04-27 13:09:11,241 ] 85 root - INFO -  Hypothesis ba_008:float64,float64
[ 2023-04-27 13:09:11,281 ] 85 root - INFO -  Hypothesis ba_009:float64,float64
[ 2023-04-27 13:09:11,320 ] 85 root - INFO -  Hypothesis bb_000:float64,float64
[ 2023-04-27 13:09:11,362 ] 85 root - INFO -  Hypothesis bc_000:float64,float64
[ 2023-04-27 13:09:11,400 ] 85 root - INFO -  Hypothesis bd_000:float64,float64
[ 2023-04-27 13:09:11,440 ] 85 root - INFO -  Hypothesis be_000:float64,float64
[ 2023-04-27 13:09:11,480 ] 85 root - INFO -  Hypothesis bf_000:float64,float64
[ 2023-04-27 13:09:11,520 ] 85 root - INFO -  Hypothesis bg_000:float64,float64
[ 2023-04-27 13:09:11,563 ] 85 root - INFO -  Hypothesis bh_000:float64,float64
[ 2023-04-27 13:09:11,607 ] 85 root - INFO -  Hypothesis bi_000:float64,float64
[ 2023-04-27 13:09:11,650 ] 85 root - INFO -  Hypothesis bj_000:float64,float64
[ 2023-04-27 13:09:11,692 ] 85 root - INFO -  Hypothesis bs_000:float64,float64
[ 2023-04-27 13:09:11,734 ] 85 root - INFO -  Hypothesis bt_000:float64,float64
[ 2023-04-27 13:09:11,777 ] 85 root - INFO -  Hypothesis bu_000:float64,float64
[ 2023-04-27 13:09:11,820 ] 85 root - INFO -  Hypothesis bv_000:float64,float64
[ 2023-04-27 13:09:11,862 ] 85 root - INFO -  Hypothesis bx_000:float64,float64
[ 2023-04-27 13:09:11,904 ] 85 root - INFO -  Hypothesis by_000:float64,float64
[ 2023-04-27 13:09:11,945 ] 85 root - INFO -  Hypothesis bz_000:float64,float64
[ 2023-04-27 13:09:11,986 ] 85 root - INFO -  Hypothesis ca_000:float64,float64
[ 2023-04-27 13:09:12,028 ] 85 root - INFO -  Hypothesis cb_000:float64,float64
[ 2023-04-27 13:09:12,070 ] 85 root - INFO -  Hypothesis cc_000:float64,float64
[ 2023-04-27 13:09:12,111 ] 85 root - INFO -  Hypothesis cd_000:float64,float64
[ 2023-04-27 13:09:12,115 ] 85 root - INFO -  Hypothesis ce_000:float64,float64
[ 2023-04-27 13:09:12,156 ] 85 root - INFO -  Hypothesis ci_000:float64,float64
[ 2023-04-27 13:09:12,198 ] 85 root - INFO -  Hypothesis cj_000:float64,float64
[ 2023-04-27 13:09:12,235 ] 85 root - INFO -  Hypothesis ck_000:float64,float64
[ 2023-04-27 13:09:12,277 ] 85 root - INFO -  Hypothesis cl_000:float64,float64
[ 2023-04-27 13:09:12,314 ] 85 root - INFO -  Hypothesis cm_000:float64,float64
[ 2023-04-27 13:09:12,323 ] 85 root - INFO -  Hypothesis cn_000:float64,float64
[ 2023-04-27 13:09:12,358 ] 85 root - INFO -  Hypothesis cn_001:float64,float64
[ 2023-04-27 13:09:12,395 ] 85 root - INFO -  Hypothesis cn_002:float64,float64
[ 2023-04-27 13:09:12,434 ] 85 root - INFO -  Hypothesis cn_003:float64,float64
[ 2023-04-27 13:09:12,476 ] 85 root - INFO -  Hypothesis cn_004:float64,float64
[ 2023-04-27 13:09:12,518 ] 85 root - INFO -  Hypothesis cn_005:float64,float64
[ 2023-04-27 13:09:12,562 ] 85 root - INFO -  Hypothesis cn_006:float64,float64
[ 2023-04-27 13:09:12,651 ] 85 root - INFO -  Hypothesis cn_007:float64,float64
[ 2023-04-27 13:09:12,692 ] 85 root - INFO -  Hypothesis cn_008:float64,float64
[ 2023-04-27 13:09:12,734 ] 85 root - INFO -  Hypothesis cn_009:float64,float64
[ 2023-04-27 13:09:12,773 ] 85 root - INFO -  Hypothesis cp_000:float64,float64
[ 2023-04-27 13:09:12,812 ] 85 root - INFO -  Hypothesis cq_000:float64,float64
[ 2023-04-27 13:09:12,854 ] 85 root - INFO -  Hypothesis cs_000:float64,float64
[ 2023-04-27 13:09:12,895 ] 85 root - INFO -  Hypothesis cs_001:float64,float64
[ 2023-04-27 13:09:12,935 ] 85 root - INFO -  Hypothesis cs_002:float64,float64
[ 2023-04-27 13:09:12,976 ] 85 root - INFO -  Hypothesis cs_003:float64,float64
[ 2023-04-27 13:09:13,017 ] 85 root - INFO -  Hypothesis cs_004:float64,float64
[ 2023-04-27 13:09:13,059 ] 85 root - INFO -  Hypothesis cs_005:float64,float64
[ 2023-04-27 13:09:13,101 ] 85 root - INFO -  Hypothesis cs_006:float64,float64
[ 2023-04-27 13:09:13,144 ] 85 root - INFO -  Hypothesis cs_007:float64,float64
[ 2023-04-27 13:09:13,154 ] 85 root - INFO -  Hypothesis cs_008:float64,float64
[ 2023-04-27 13:09:13,162 ] 85 root - INFO -  Hypothesis cs_009:float64,float64
[ 2023-04-27 13:09:13,198 ] 85 root - INFO -  Hypothesis dd_000:float64,float64
[ 2023-04-27 13:09:13,238 ] 85 root - INFO -  Hypothesis de_000:float64,float64
[ 2023-04-27 13:09:13,278 ] 85 root - INFO -  Hypothesis df_000:float64,float64
[ 2023-04-27 13:09:13,313 ] 85 root - INFO -  Hypothesis dg_000:float64,float64
[ 2023-04-27 13:09:13,349 ] 85 root - INFO -  Hypothesis dh_000:float64,float64
[ 2023-04-27 13:09:13,384 ] 85 root - INFO -  Hypothesis di_000:float64,float64
[ 2023-04-27 13:09:13,421 ] 85 root - INFO -  Hypothesis dj_000:float64,float64
[ 2023-04-27 13:09:13,456 ] 85 root - INFO -  Hypothesis dk_000:float64,float64
[ 2023-04-27 13:09:13,491 ] 85 root - INFO -  Hypothesis dl_000:float64,float64
[ 2023-04-27 13:09:13,528 ] 85 root - INFO -  Hypothesis dm_000:float64,float64
[ 2023-04-27 13:09:13,565 ] 85 root - INFO -  Hypothesis dn_000:float64,float64
[ 2023-04-27 13:09:13,606 ] 85 root - INFO -  Hypothesis do_000:float64,float64
[ 2023-04-27 13:09:13,615 ] 85 root - INFO -  Hypothesis dp_000:float64,float64
[ 2023-04-27 13:09:13,624 ] 85 root - INFO -  Hypothesis dq_000:float64,float64
[ 2023-04-27 13:09:13,631 ] 85 root - INFO -  Hypothesis dr_000:float64,float64
[ 2023-04-27 13:09:13,637 ] 85 root - INFO -  Hypothesis ds_000:float64,float64
[ 2023-04-27 13:09:13,678 ] 85 root - INFO -  Hypothesis dt_000:float64,float64
[ 2023-04-27 13:09:13,719 ] 85 root - INFO -  Hypothesis du_000:float64,float64
[ 2023-04-27 13:09:13,759 ] 85 root - INFO -  Hypothesis dv_000:float64,float64
[ 2023-04-27 13:09:13,800 ] 85 root - INFO -  Hypothesis dx_000:float64,float64
[ 2023-04-27 13:09:13,807 ] 85 root - INFO -  Hypothesis dy_000:float64,float64
[ 2023-04-27 13:09:13,848 ] 85 root - INFO -  Hypothesis dz_000:float64,float64
[ 2023-04-27 13:09:13,885 ] 85 root - INFO -  Hypothesis ea_000:float64,float64
[ 2023-04-27 13:09:13,921 ] 85 root - INFO -  Hypothesis eb_000:float64,float64
[ 2023-04-27 13:09:13,929 ] 85 root - INFO -  Hypothesis ec_00:float64,float64
[ 2023-04-27 13:09:13,970 ] 85 root - INFO -  Hypothesis ed_000:float64,float64
[ 2023-04-27 13:09:14,010 ] 85 root - INFO -  Hypothesis ee_000:float64,float64
[ 2023-04-27 13:09:14,052 ] 85 root - INFO -  Hypothesis ee_001:float64,float64
[ 2023-04-27 13:09:14,094 ] 85 root - INFO -  Hypothesis ee_002:float64,float64
[ 2023-04-27 13:09:14,136 ] 85 root - INFO -  Hypothesis ee_003:float64,float64
[ 2023-04-27 13:09:14,147 ] 85 root - INFO -  Hypothesis ee_004:float64,float64
[ 2023-04-27 13:09:14,157 ] 85 root - INFO -  Hypothesis ee_005:float64,float64
[ 2023-04-27 13:09:14,167 ] 85 root - INFO -  Hypothesis ee_006:float64,float64
[ 2023-04-27 13:09:14,177 ] 85 root - INFO -  Hypothesis ee_007:float64,float64
[ 2023-04-27 13:09:14,187 ] 85 root - INFO -  Hypothesis ee_008:float64,float64
[ 2023-04-27 13:09:14,196 ] 85 root - INFO -  Hypothesis ee_009:float64,float64
[ 2023-04-27 13:09:14,203 ] 85 root - INFO -  Hypothesis ef_000:float64,float64
[ 2023-04-27 13:09:14,239 ] 85 root - INFO -  Hypothesis eg_000:float64,float64
[ 2023-04-27 13:09:14,274 ] 146 root - INFO - as all column are available in test hence detecting data drift
[ 2023-04-27 13:09:14,274 ] 85 root - INFO -  Hypothesis class:object,object
[ 2023-04-27 13:09:14,347 ] 85 root - INFO -  Hypothesis aa_000:float64,float64
[ 2023-04-27 13:09:14,354 ] 85 root - INFO -  Hypothesis ac_000:float64,float64
[ 2023-04-27 13:09:14,360 ] 85 root - INFO -  Hypothesis ae_000:float64,float64
[ 2023-04-27 13:09:14,363 ] 85 root - INFO -  Hypothesis af_000:float64,float64
[ 2023-04-27 13:09:14,366 ] 85 root - INFO -  Hypothesis ag_000:float64,float64
[ 2023-04-27 13:09:14,381 ] 85 root - INFO -  Hypothesis ag_001:float64,float64
[ 2023-04-27 13:09:14,395 ] 85 root - INFO -  Hypothesis ag_002:float64,float64
[ 2023-04-27 13:09:14,411 ] 85 root - INFO -  Hypothesis ag_003:float64,float64
[ 2023-04-27 13:09:14,415 ] 85 root - INFO -  Hypothesis ag_004:float64,float64
[ 2023-04-27 13:09:14,422 ] 85 root - INFO -  Hypothesis ag_005:float64,float64
[ 2023-04-27 13:09:14,429 ] 85 root - INFO -  Hypothesis ag_006:float64,float64
[ 2023-04-27 13:09:14,436 ] 85 root - INFO -  Hypothesis ag_007:float64,float64
[ 2023-04-27 13:09:14,442 ] 85 root - INFO -  Hypothesis ag_008:float64,float64
[ 2023-04-27 13:09:14,448 ] 85 root - INFO -  Hypothesis ag_009:float64,float64
[ 2023-04-27 13:09:14,465 ] 85 root - INFO -  Hypothesis ah_000:float64,float64
[ 2023-04-27 13:09:14,472 ] 85 root - INFO -  Hypothesis ai_000:float64,float64
[ 2023-04-27 13:09:14,487 ] 85 root - INFO -  Hypothesis aj_000:float64,float64
[ 2023-04-27 13:09:14,491 ] 85 root - INFO -  Hypothesis ak_000:float64,float64
[ 2023-04-27 13:09:14,507 ] 85 root - INFO -  Hypothesis al_000:float64,float64
[ 2023-04-27 13:09:14,512 ] 85 root - INFO -  Hypothesis am_0:float64,float64
[ 2023-04-27 13:09:14,517 ] 85 root - INFO -  Hypothesis an_000:float64,float64
[ 2023-04-27 13:09:14,525 ] 85 root - INFO -  Hypothesis ao_000:float64,float64
[ 2023-04-27 13:09:14,533 ] 85 root - INFO -  Hypothesis ap_000:float64,float64
[ 2023-04-27 13:09:14,540 ] 85 root - INFO -  Hypothesis aq_000:float64,float64
[ 2023-04-27 13:09:14,548 ] 85 root - INFO -  Hypothesis ar_000:float64,float64
[ 2023-04-27 13:09:14,563 ] 85 root - INFO -  Hypothesis as_000:float64,float64
[ 2023-04-27 13:09:14,578 ] 85 root - INFO -  Hypothesis at_000:float64,float64
[ 2023-04-27 13:09:14,594 ] 85 root - INFO -  Hypothesis au_000:float64,float64
[ 2023-04-27 13:09:14,609 ] 85 root - INFO -  Hypothesis av_000:float64,float64
[ 2023-04-27 13:09:14,614 ] 85 root - INFO -  Hypothesis ax_000:float64,float64
[ 2023-04-27 13:09:14,620 ] 85 root - INFO -  Hypothesis ay_000:float64,float64
[ 2023-04-27 13:09:14,634 ] 85 root - INFO -  Hypothesis ay_001:float64,float64
[ 2023-04-27 13:09:14,650 ] 85 root - INFO -  Hypothesis ay_002:float64,float64
[ 2023-04-27 13:09:14,664 ] 85 root - INFO -  Hypothesis ay_003:float64,float64
[ 2023-04-27 13:09:14,679 ] 85 root - INFO -  Hypothesis ay_004:float64,float64
[ 2023-04-27 13:09:14,695 ] 85 root - INFO -  Hypothesis ay_005:float64,float64
[ 2023-04-27 13:09:14,700 ] 85 root - INFO -  Hypothesis ay_006:float64,float64
[ 2023-04-27 13:09:14,706 ] 85 root - INFO -  Hypothesis ay_007:float64,float64
[ 2023-04-27 13:09:14,713 ] 85 root - INFO -  Hypothesis ay_008:float64,float64
[ 2023-04-27 13:09:14,720 ] 85 root - INFO -  Hypothesis ay_009:float64,float64
[ 2023-04-27 13:09:14,734 ] 85 root - INFO -  Hypothesis az_000:float64,float64
[ 2023-04-27 13:09:14,741 ] 85 root - INFO -  Hypothesis az_001:float64,float64
[ 2023-04-27 13:09:14,747 ] 85 root - INFO -  Hypothesis az_002:float64,float64
[ 2023-04-27 13:09:14,754 ] 85 root - INFO -  Hypothesis az_003:float64,float64
[ 2023-04-27 13:09:14,761 ] 85 root - INFO -  Hypothesis az_004:float64,float64
[ 2023-04-27 13:09:14,767 ] 85 root - INFO -  Hypothesis az_005:float64,float64
[ 2023-04-27 13:09:14,775 ] 85 root - INFO -  Hypothesis az_006:float64,float64
[ 2023-04-27 13:09:14,781 ] 85 root - INFO -  Hypothesis az_007:float64,float64
[ 2023-04-27 13:09:14,785 ] 85 root - INFO -  Hypothesis az_008:float64,float64
[ 2023-04-27 13:09:14,800 ] 85 root - INFO -  Hypothesis az_009:float64,float64
[ 2023-04-27 13:09:14,815 ] 85 root - INFO -  Hypothesis ba_000:float64,float64
[ 2023-04-27 13:09:14,823 ] 85 root - INFO -  Hypothesis ba_001:float64,float64
[ 2023-04-27 13:09:14,830 ] 85 root - INFO -  Hypothesis ba_002:float64,float64
[ 2023-04-27 13:09:14,836 ] 85 root - INFO -  Hypothesis ba_003:float64,float64
[ 2023-04-27 13:09:14,843 ] 85 root - INFO -  Hypothesis ba_004:float64,float64
[ 2023-04-27 13:09:14,850 ] 85 root - INFO -  Hypothesis ba_005:float64,float64
[ 2023-04-27 13:09:14,857 ] 85 root - INFO -  Hypothesis ba_006:float64,float64
[ 2023-04-27 13:09:14,864 ] 85 root - INFO -  Hypothesis ba_007:float64,float64
[ 2023-04-27 13:09:14,871 ] 85 root - INFO -  Hypothesis ba_008:float64,float64
[ 2023-04-27 13:09:14,877 ] 85 root - INFO -  Hypothesis ba_009:float64,float64
[ 2023-04-27 13:09:14,882 ] 85 root - INFO -  Hypothesis bb_000:float64,float64
[ 2023-04-27 13:09:14,890 ] 85 root - INFO -  Hypothesis bc_000:float64,float64
[ 2023-04-27 13:09:14,895 ] 85 root - INFO -  Hypothesis bd_000:float64,float64
[ 2023-04-27 13:09:14,901 ] 85 root - INFO -  Hypothesis be_000:float64,float64
[ 2023-04-27 13:09:14,907 ] 85 root - INFO -  Hypothesis bf_000:float64,float64
[ 2023-04-27 13:09:14,911 ] 85 root - INFO -  Hypothesis bg_000:float64,float64
[ 2023-04-27 13:09:14,918 ] 85 root - INFO -  Hypothesis bh_000:float64,float64
[ 2023-04-27 13:09:14,925 ] 85 root - INFO -  Hypothesis bi_000:float64,float64
[ 2023-04-27 13:09:14,932 ] 85 root - INFO -  Hypothesis bj_000:float64,float64
[ 2023-04-27 13:09:14,940 ] 85 root - INFO -  Hypothesis bs_000:float64,float64
[ 2023-04-27 13:09:14,947 ] 85 root - INFO -  Hypothesis bt_000:float64,float64
[ 2023-04-27 13:09:14,954 ] 85 root - INFO -  Hypothesis bu_000:float64,float64
[ 2023-04-27 13:09:14,961 ] 85 root - INFO -  Hypothesis bv_000:float64,float64
[ 2023-04-27 13:09:14,968 ] 85 root - INFO -  Hypothesis bx_000:float64,float64
[ 2023-04-27 13:09:14,975 ] 85 root - INFO -  Hypothesis by_000:float64,float64
[ 2023-04-27 13:09:14,981 ] 85 root - INFO -  Hypothesis bz_000:float64,float64
[ 2023-04-27 13:09:14,987 ] 85 root - INFO -  Hypothesis ca_000:float64,float64
[ 2023-04-27 13:09:14,994 ] 85 root - INFO -  Hypothesis cb_000:float64,float64
[ 2023-04-27 13:09:15,001 ] 85 root - INFO -  Hypothesis cc_000:float64,float64
[ 2023-04-27 13:09:15,008 ] 85 root - INFO -  Hypothesis cd_000:float64,float64
[ 2023-04-27 13:09:15,011 ] 85 root - INFO -  Hypothesis ce_000:float64,float64
[ 2023-04-27 13:09:15,018 ] 85 root - INFO -  Hypothesis ci_000:float64,float64
[ 2023-04-27 13:09:15,025 ] 85 root - INFO -  Hypothesis cj_000:float64,float64
[ 2023-04-27 13:09:15,041 ] 85 root - INFO -  Hypothesis ck_000:float64,float64
[ 2023-04-27 13:09:15,048 ] 85 root - INFO -  Hypothesis cl_000:float64,float64
[ 2023-04-27 13:09:15,052 ] 85 root - INFO -  Hypothesis cm_000:float64,float64
[ 2023-04-27 13:09:15,057 ] 85 root - INFO -  Hypothesis cn_000:float64,float64
[ 2023-04-27 13:09:15,072 ] 85 root - INFO -  Hypothesis cn_001:float64,float64
[ 2023-04-27 13:09:15,076 ] 85 root - INFO -  Hypothesis cn_002:float64,float64
[ 2023-04-27 13:09:15,081 ] 85 root - INFO -  Hypothesis cn_003:float64,float64
[ 2023-04-27 13:09:15,088 ] 85 root - INFO -  Hypothesis cn_004:float64,float64
[ 2023-04-27 13:09:15,095 ] 85 root - INFO -  Hypothesis cn_005:float64,float64
[ 2023-04-27 13:09:15,102 ] 85 root - INFO -  Hypothesis cn_006:float64,float64
[ 2023-04-27 13:09:15,109 ] 85 root - INFO -  Hypothesis cn_007:float64,float64
[ 2023-04-27 13:09:15,115 ] 85 root - INFO -  Hypothesis cn_008:float64,float64
[ 2023-04-27 13:09:15,121 ] 85 root - INFO -  Hypothesis cn_009:float64,float64
[ 2023-04-27 13:09:15,127 ] 85 root - INFO -  Hypothesis cp_000:float64,float64
[ 2023-04-27 13:09:15,132 ] 85 root - INFO -  Hypothesis cq_000:float64,float64
[ 2023-04-27 13:09:15,139 ] 85 root - INFO -  Hypothesis cs_000:float64,float64
[ 2023-04-27 13:09:15,145 ] 85 root - INFO -  Hypothesis cs_001:float64,float64
[ 2023-04-27 13:09:15,151 ] 85 root - INFO -  Hypothesis cs_002:float64,float64
[ 2023-04-27 13:09:15,158 ] 85 root - INFO -  Hypothesis cs_003:float64,float64
[ 2023-04-27 13:09:15,165 ] 85 root - INFO -  Hypothesis cs_004:float64,float64
[ 2023-04-27 13:09:15,172 ] 85 root - INFO -  Hypothesis cs_005:float64,float64
[ 2023-04-27 13:09:15,179 ] 85 root - INFO -  Hypothesis cs_006:float64,float64
[ 2023-04-27 13:09:15,186 ] 85 root - INFO -  Hypothesis cs_007:float64,float64
[ 2023-04-27 13:09:15,193 ] 85 root - INFO -  Hypothesis cs_008:float64,float64
[ 2023-04-27 13:09:15,198 ] 85 root - INFO -  Hypothesis cs_009:float64,float64
[ 2023-04-27 13:09:15,213 ] 85 root - INFO -  Hypothesis dd_000:float64,float64
[ 2023-04-27 13:09:15,219 ] 85 root - INFO -  Hypothesis de_000:float64,float64
[ 2023-04-27 13:09:15,225 ] 85 root - INFO -  Hypothesis df_000:float64,float64
[ 2023-04-27 13:09:15,240 ] 85 root - INFO -  Hypothesis dg_000:float64,float64
[ 2023-04-27 13:09:15,256 ] 85 root - INFO -  Hypothesis dh_000:float64,float64
[ 2023-04-27 13:09:15,271 ] 85 root - INFO -  Hypothesis di_000:float64,float64
[ 2023-04-27 13:09:15,287 ] 85 root - INFO -  Hypothesis dj_000:float64,float64
[ 2023-04-27 13:09:15,302 ] 85 root - INFO -  Hypothesis dk_000:float64,float64
[ 2023-04-27 13:09:15,318 ] 85 root - INFO -  Hypothesis dl_000:float64,float64
[ 2023-04-27 13:09:15,333 ] 85 root - INFO -  Hypothesis dm_000:float64,float64
[ 2023-04-27 13:09:15,348 ] 85 root - INFO -  Hypothesis dn_000:float64,float64
[ 2023-04-27 13:09:15,355 ] 85 root - INFO -  Hypothesis do_000:float64,float64
[ 2023-04-27 13:09:15,361 ] 85 root - INFO -  Hypothesis dp_000:float64,float64
[ 2023-04-27 13:09:15,367 ] 85 root - INFO -  Hypothesis dq_000:float64,float64
[ 2023-04-27 13:09:15,372 ] 85 root - INFO -  Hypothesis dr_000:float64,float64
[ 2023-04-27 13:09:15,376 ] 85 root - INFO -  Hypothesis ds_000:float64,float64
[ 2023-04-27 13:09:15,383 ] 85 root - INFO -  Hypothesis dt_000:float64,float64
[ 2023-04-27 13:09:15,389 ] 85 root - INFO -  Hypothesis du_000:float64,float64
[ 2023-04-27 13:09:15,396 ] 85 root - INFO -  Hypothesis dv_000:float64,float64
[ 2023-04-27 13:09:15,403 ] 85 root - INFO -  Hypothesis dx_000:float64,float64
[ 2023-04-27 13:09:15,407 ] 85 root - INFO -  Hypothesis dy_000:float64,float64
[ 2023-04-27 13:09:15,412 ] 85 root - INFO -  Hypothesis dz_000:float64,float64
[ 2023-04-27 13:09:15,427 ] 85 root - INFO -  Hypothesis ea_000:float64,float64
[ 2023-04-27 13:09:15,442 ] 85 root - INFO -  Hypothesis eb_000:float64,float64
[ 2023-04-27 13:09:15,448 ] 85 root - INFO -  Hypothesis ec_00:float64,float64
[ 2023-04-27 13:09:15,454 ] 85 root - INFO -  Hypothesis ed_000:float64,float64
[ 2023-04-27 13:09:15,460 ] 85 root - INFO -  Hypothesis ee_000:float64,float64
[ 2023-04-27 13:09:15,467 ] 85 root - INFO -  Hypothesis ee_001:float64,float64
[ 2023-04-27 13:09:15,474 ] 85 root - INFO -  Hypothesis ee_002:float64,float64
[ 2023-04-27 13:09:15,481 ] 85 root - INFO -  Hypothesis ee_003:float64,float64
[ 2023-04-27 13:09:15,488 ] 85 root - INFO -  Hypothesis ee_004:float64,float64
[ 2023-04-27 13:09:15,494 ] 85 root - INFO -  Hypothesis ee_005:float64,float64
[ 2023-04-27 13:09:15,501 ] 85 root - INFO -  Hypothesis ee_006:float64,float64
[ 2023-04-27 13:09:15,508 ] 85 root - INFO -  Hypothesis ee_007:float64,float64
[ 2023-04-27 13:09:15,515 ] 85 root - INFO -  Hypothesis ee_008:float64,float64
[ 2023-04-27 13:09:15,521 ] 85 root - INFO -  Hypothesis ee_009:float64,float64
[ 2023-04-27 13:09:15,527 ] 85 root - INFO -  Hypothesis ef_000:float64,float64
[ 2023-04-27 13:09:15,542 ] 85 root - INFO -  Hypothesis eg_000:float64,float64
[ 2023-04-27 13:09:15,558 ] 150 root - INFO - writing report in yaml file
[ 2023-04-27 13:09:15,632 ] 155 root - INFO - Data validation artifact:DataValidationArtifact(report_file_path='/config/workspace/artifact/04272023__130855/data_validation/report.yaml') 
