[ 2023-04-27 12:39:33,672 ] 15 root - INFO - >>>>>>>>>>>>>>>>>>>>>>>>>>>>>>>>>>>>>>>> Data Ingestion <<<<<<<<<<<<<<<<<<<<<<<<<<<<<<<<<<<<<<<<
[ 2023-04-27 12:39:33,672 ] 22 root - INFO - Exporting collection data as pandas dataframe
[ 2023-04-27 12:39:33,672 ] 19 root - INFO - Reading data from database:aps and collection sensor
[ 2023-04-27 12:39:37,056 ] 21 root - INFO - Found columns:Index(['_id', 'class', 'aa_000', 'ab_000', 'ac_000', 'ad_000', 'ae_000',
       'af_000', 'ag_000', 'ag_001',
       ...
       'ee_002', 'ee_003', 'ee_004', 'ee_005', 'ee_006', 'ee_007', 'ee_008',
       'ee_009', 'ef_000', 'eg_000'],
      dtype='object', length=172)
[ 2023-04-27 12:39:37,057 ] 23 root - INFO - dropping column :_id
[ 2023-04-27 12:39:37,252 ] 25 root - INFO - row and col in df:(36188, 171)
[ 2023-04-27 12:39:37,252 ] 28 root - INFO - Save data in feature store
[ 2023-04-27 12:39:38,605 ] 32 root - INFO - Create feature store folder if not available
[ 2023-04-27 12:39:38,606 ] 38 root - INFO - Save df to feature store folder
[ 2023-04-27 12:39:40,463 ] 42 root - INFO - split dataset into train and test set
[ 2023-04-27 12:39:40,777 ] 46 root - INFO - create dataset directory folder if not available
[ 2023-04-27 12:39:40,777 ] 51 root - INFO - Save df to feature store folder
[ 2023-04-27 12:39:42,621 ] 63 root - INFO - Data ingestion artifact: DataIngestionArtifact(feature_store_file_path='/config/workspace/artifact/04272023__123933/data_ingestion/feature_store/sensor.csv', train_file_path='/config/workspace/artifact/04272023__123933/data_ingestion/dataset/train.csv', test_file_path='/config/workspace/artifact/04272023__123933/data_ingestion/dataset/test.csv')
[ 2023-04-27 12:39:43,048 ] 17 root - INFO - >>>>>>>>>>>>>>>>>>>>>>>>>>>>>>>>>>>>>>>> Data Validation <<<<<<<<<<<<<<<<<<<<<<<<<<<<<<<<<<<<<<<<
[ 2023-04-27 12:39:43,048 ] 111 root - INFO - Reading base dataframe
[ 2023-04-27 12:39:45,262 ] 114 root - INFO - Replace na values in dataframe
[ 2023-04-27 12:39:45,263 ] 117 root - INFO - drop null values from base dataframe
[ 2023-04-27 12:39:45,482 ] 39 root - INFO - selecting column name which contains null above to 0.2
[ 2023-04-27 12:39:45,483 ] 42 root - INFO - columns to drop: Index(['ab_000', 'ad_000', 'bk_000', 'bl_000', 'bm_000', 'bn_000', 'bo_000',
       'bp_000', 'bq_000', 'br_000', 'cf_000', 'cg_000', 'ch_000', 'co_000',
       'cr_000', 'ct_000', 'cu_000', 'cv_000', 'cx_000', 'cy_000', 'cz_000',
       'da_000', 'db_000', 'dc_000'],
      dtype='object')
[ 2023-04-27 12:39:45,563 ] 120 root - INFO - Reading train dataframe
[ 2023-04-27 12:39:45,948 ] 122 root - INFO - Reading test dataframe
[ 2023-04-27 12:39:46,047 ] 125 root - INFO - drop null values from train dataframe
[ 2023-04-27 12:39:46,055 ] 39 root - INFO - selecting column name which contains null above to 0.2
[ 2023-04-27 12:39:46,055 ] 42 root - INFO - columns to drop: Index(['ab_000', 'ad_000', 'bk_000', 'bl_000', 'bm_000', 'bn_000', 'bo_000',
       'bp_000', 'bq_000', 'br_000', 'cf_000', 'cg_000', 'ch_000', 'co_000',
       'cr_000', 'ct_000', 'cu_000', 'cv_000', 'cx_000', 'cy_000', 'cz_000',
       'da_000', 'db_000', 'dc_000'],
      dtype='object')
[ 2023-04-27 12:39:46,064 ] 127 root - INFO - drop null values from test dataframe
[ 2023-04-27 12:39:46,067 ] 39 root - INFO - selecting column name which contains null above to 0.2
[ 2023-04-27 12:39:46,068 ] 42 root - INFO - columns to drop: Index(['ab_000', 'ad_000', 'bk_000', 'bl_000', 'bm_000', 'bn_000', 'bo_000',
       'bp_000', 'bq_000', 'br_000', 'cf_000', 'cg_000', 'ch_000', 'co_000',
       'cr_000', 'ct_000', 'cu_000', 'cv_000', 'cx_000', 'cy_000', 'cz_000',
       'da_000', 'db_000', 'dc_000'],
      dtype='object')
[ 2023-04-27 12:39:46,070 ] 130 root - INFO - is all required columns present in train df 
[ 2023-04-27 12:39:46,070 ] 132 root - INFO - is all required columns present in test df 
[ 2023-04-27 12:39:46,070 ] 136 root - INFO - as all column are available in train hence detecting data drift
