[ 2023-04-27 12:41:10,986 ] 15 root - INFO - >>>>>>>>>>>>>>>>>>>>>>>>>>>>>>>>>>>>>>>> Data Ingestion <<<<<<<<<<<<<<<<<<<<<<<<<<<<<<<<<<<<<<<<
[ 2023-04-27 12:41:10,986 ] 22 root - INFO - Exporting collection data as pandas dataframe
[ 2023-04-27 12:41:10,986 ] 19 root - INFO - Reading data from database:aps and collection sensor
[ 2023-04-27 12:41:14,304 ] 21 root - INFO - Found columns:Index(['_id', 'class', 'aa_000', 'ab_000', 'ac_000', 'ad_000', 'ae_000',
       'af_000', 'ag_000', 'ag_001',
       ...
       'ee_002', 'ee_003', 'ee_004', 'ee_005', 'ee_006', 'ee_007', 'ee_008',
       'ee_009', 'ef_000', 'eg_000'],
      dtype='object', length=172)
[ 2023-04-27 12:41:14,304 ] 23 root - INFO - dropping column :_id
[ 2023-04-27 12:41:14,524 ] 25 root - INFO - row and col in df:(36188, 171)
[ 2023-04-27 12:41:14,524 ] 28 root - INFO - Save data in feature store
[ 2023-04-27 12:41:15,865 ] 32 root - INFO - Create feature store folder if not available
[ 2023-04-27 12:41:15,866 ] 38 root - INFO - Save df to feature store folder
[ 2023-04-27 12:41:17,654 ] 42 root - INFO - split dataset into train and test set
[ 2023-04-27 12:41:17,968 ] 46 root - INFO - create dataset directory folder if not available
[ 2023-04-27 12:41:17,969 ] 51 root - INFO - Save df to feature store folder
[ 2023-04-27 12:41:19,754 ] 63 root - INFO - Data ingestion artifact: DataIngestionArtifact(feature_store_file_path='/config/workspace/artifact/04272023__124110/data_ingestion/feature_store/sensor.csv', train_file_path='/config/workspace/artifact/04272023__124110/data_ingestion/dataset/train.csv', test_file_path='/config/workspace/artifact/04272023__124110/data_ingestion/dataset/test.csv')
[ 2023-04-27 12:41:20,154 ] 17 root - INFO - >>>>>>>>>>>>>>>>>>>>>>>>>>>>>>>>>>>>>>>> Data Validation <<<<<<<<<<<<<<<<<<<<<<<<<<<<<<<<<<<<<<<<
[ 2023-04-27 12:41:20,154 ] 111 root - INFO - Reading base dataframe
[ 2023-04-27 12:41:22,373 ] 114 root - INFO - Replace na values in dataframe
[ 2023-04-27 12:41:22,373 ] 117 root - INFO - drop null values from base dataframe
[ 2023-04-27 12:41:22,595 ] 39 root - INFO - selecting column name which contains null above to 0.2
[ 2023-04-27 12:41:22,596 ] 42 root - INFO - columns to drop: Index(['ab_000', 'ad_000', 'bk_000', 'bl_000', 'bm_000', 'bn_000', 'bo_000',
       'bp_000', 'bq_000', 'br_000', 'cf_000', 'cg_000', 'ch_000', 'co_000',
       'cr_000', 'ct_000', 'cu_000', 'cv_000', 'cx_000', 'cy_000', 'cz_000',
       'da_000', 'db_000', 'dc_000'],
      dtype='object')
[ 2023-04-27 12:41:22,675 ] 120 root - INFO - Reading train dataframe
[ 2023-04-27 12:41:23,052 ] 122 root - INFO - Reading test dataframe
[ 2023-04-27 12:41:23,150 ] 125 root - INFO - drop null values from train dataframe
[ 2023-04-27 12:41:23,158 ] 39 root - INFO - selecting column name which contains null above to 0.2
[ 2023-04-27 12:41:23,158 ] 42 root - INFO - columns to drop: Index(['ab_000', 'ad_000', 'bk_000', 'bl_000', 'bm_000', 'bn_000', 'bo_000',
       'bp_000', 'bq_000', 'br_000', 'cf_000', 'cg_000', 'ch_000', 'co_000',
       'cr_000', 'ct_000', 'cu_000', 'cv_000', 'cx_000', 'cy_000', 'cz_000',
       'da_000', 'db_000', 'dc_000'],
      dtype='object')
[ 2023-04-27 12:41:23,167 ] 127 root - INFO - drop null values from test dataframe
[ 2023-04-27 12:41:23,170 ] 39 root - INFO - selecting column name which contains null above to 0.2
[ 2023-04-27 12:41:23,171 ] 42 root - INFO - columns to drop: Index(['ab_000', 'ad_000', 'bk_000', 'bl_000', 'bm_000', 'bn_000', 'bo_000',
       'bp_000', 'bq_000', 'br_000', 'cf_000', 'cg_000', 'ch_000', 'co_000',
       'cr_000', 'ct_000', 'cu_000', 'cv_000', 'cx_000', 'cy_000', 'cz_000',
       'da_000', 'db_000', 'dc_000'],
      dtype='object')
[ 2023-04-27 12:41:23,173 ] 130 root - INFO - is all required columns present in train df 
[ 2023-04-27 12:41:23,173 ] 132 root - INFO - is all required columns present in test df 
[ 2023-04-27 12:41:23,173 ] 136 root - INFO - as all column are available in train hence detecting data drift
[ 2023-04-27 12:41:23,174 ] 85 root - INFO -  Hypothesis class:object,object
[ 2023-04-27 12:41:23,306 ] 85 root - INFO -  Hypothesis aa_000:int64,int64
[ 2023-04-27 12:41:23,348 ] 85 root - INFO -  Hypothesis ac_000:object,float64
