[ 2023-04-27 13:00:43,628 ] 15 root - INFO - >>>>>>>>>>>>>>>>>>>>>>>>>>>>>>>>>>>>>>>> Data Ingestion <<<<<<<<<<<<<<<<<<<<<<<<<<<<<<<<<<<<<<<<
[ 2023-04-27 13:00:43,628 ] 22 root - INFO - Exporting collection data as pandas dataframe
[ 2023-04-27 13:00:43,629 ] 19 root - INFO - Reading data from database:aps and collection sensor
[ 2023-04-27 13:00:46,967 ] 21 root - INFO - Found columns:Index(['_id', 'class', 'aa_000', 'ab_000', 'ac_000', 'ad_000', 'ae_000',
       'af_000', 'ag_000', 'ag_001',
       ...
       'ee_002', 'ee_003', 'ee_004', 'ee_005', 'ee_006', 'ee_007', 'ee_008',
       'ee_009', 'ef_000', 'eg_000'],
      dtype='object', length=172)
[ 2023-04-27 13:00:46,967 ] 23 root - INFO - dropping column :_id
[ 2023-04-27 13:00:47,187 ] 25 root - INFO - row and col in df:(36188, 171)
[ 2023-04-27 13:00:47,187 ] 28 root - INFO - Save data in feature store
[ 2023-04-27 13:00:48,527 ] 32 root - INFO - Create feature store folder if not available
[ 2023-04-27 13:00:48,528 ] 38 root - INFO - Save df to feature store folder
[ 2023-04-27 13:00:50,318 ] 42 root - INFO - split dataset into train and test set
[ 2023-04-27 13:00:50,642 ] 46 root - INFO - create dataset directory folder if not available
[ 2023-04-27 13:00:50,643 ] 51 root - INFO - Save df to feature store folder
[ 2023-04-27 13:00:52,426 ] 63 root - INFO - Data ingestion artifact: DataIngestionArtifact(feature_store_file_path='/config/workspace/artifact/04272023__130043/data_ingestion/feature_store/sensor.csv', train_file_path='/config/workspace/artifact/04272023__130043/data_ingestion/dataset/train.csv', test_file_path='/config/workspace/artifact/04272023__130043/data_ingestion/dataset/test.csv')
[ 2023-04-27 13:00:52,839 ] 17 root - INFO - >>>>>>>>>>>>>>>>>>>>>>>>>>>>>>>>>>>>>>>> Data Validation <<<<<<<<<<<<<<<<<<<<<<<<<<<<<<<<<<<<<<<<
[ 2023-04-27 13:00:52,839 ] 111 root - INFO - Reading base dataframe
[ 2023-04-27 13:00:55,038 ] 114 root - INFO - Replace na values in dataframe
[ 2023-04-27 13:00:55,038 ] 117 root - INFO - drop null values from base dataframe
[ 2023-04-27 13:00:55,269 ] 39 root - INFO - selecting column name which contains null above to 0.2
[ 2023-04-27 13:00:55,270 ] 42 root - INFO - columns to drop: Index(['ab_000', 'ad_000', 'bk_000', 'bl_000', 'bm_000', 'bn_000', 'bo_000',
       'bp_000', 'bq_000', 'br_000', 'cf_000', 'cg_000', 'ch_000', 'co_000',
       'cr_000', 'ct_000', 'cu_000', 'cv_000', 'cx_000', 'cy_000', 'cz_000',
       'da_000', 'db_000', 'dc_000'],
      dtype='object')
[ 2023-04-27 13:00:55,350 ] 120 root - INFO - Reading train dataframe
[ 2023-04-27 13:00:55,722 ] 122 root - INFO - Reading test dataframe
[ 2023-04-27 13:00:55,820 ] 125 root - INFO - drop null values from train dataframe
[ 2023-04-27 13:00:55,827 ] 39 root - INFO - selecting column name which contains null above to 0.2
[ 2023-04-27 13:00:55,828 ] 42 root - INFO - columns to drop: Index(['ab_000', 'ad_000', 'bk_000', 'bl_000', 'bm_000', 'bn_000', 'bo_000',
       'bp_000', 'bq_000', 'br_000', 'cf_000', 'cg_000', 'ch_000', 'co_000',
       'cr_000', 'ct_000', 'cu_000', 'cv_000', 'cx_000', 'cy_000', 'cz_000',
       'da_000', 'db_000', 'dc_000'],
      dtype='object')
[ 2023-04-27 13:00:55,837 ] 127 root - INFO - drop null values from test dataframe
[ 2023-04-27 13:00:55,840 ] 39 root - INFO - selecting column name which contains null above to 0.2
[ 2023-04-27 13:00:55,840 ] 42 root - INFO - columns to drop: Index(['ab_000', 'ad_000', 'bk_000', 'bl_000', 'bm_000', 'bn_000', 'bo_000',
       'bp_000', 'bq_000', 'br_000', 'cf_000', 'cg_000', 'ch_000', 'co_000',
       'cr_000', 'ct_000', 'cu_000', 'cv_000', 'cx_000', 'cy_000', 'cz_000',
       'da_000', 'db_000', 'dc_000'],
      dtype='object')
[ 2023-04-27 13:00:56,596 ] 137 root - INFO - is all required columns present in train df 
[ 2023-04-27 13:00:56,596 ] 139 root - INFO - is all required columns present in test df 
[ 2023-04-27 13:00:56,597 ] 143 root - INFO - as all column are available in train hence detecting data drift
[ 2023-04-27 13:00:56,597 ] 85 root - INFO -  Hypothesis class:object,object
[ 2023-04-27 13:00:56,734 ] 85 root - INFO -  Hypothesis aa_000:float64,float64
[ 2023-04-27 13:00:56,777 ] 85 root - INFO -  Hypothesis ac_000:float64,float64
[ 2023-04-27 13:00:56,785 ] 85 root - INFO -  Hypothesis ae_000:float64,float64
[ 2023-04-27 13:00:56,823 ] 85 root - INFO -  Hypothesis af_000:float64,float64
[ 2023-04-27 13:00:56,859 ] 85 root - INFO -  Hypothesis ag_000:float64,float64
[ 2023-04-27 13:00:56,895 ] 85 root - INFO -  Hypothesis ag_001:float64,float64
[ 2023-04-27 13:00:56,931 ] 85 root - INFO -  Hypothesis ag_002:float64,float64
[ 2023-04-27 13:00:56,967 ] 85 root - INFO -  Hypothesis ag_003:float64,float64
[ 2023-04-27 13:00:57,005 ] 85 root - INFO -  Hypothesis ag_004:float64,float64
[ 2023-04-27 13:00:57,015 ] 85 root - INFO -  Hypothesis ag_005:float64,float64
[ 2023-04-27 13:00:57,058 ] 85 root - INFO -  Hypothesis ag_006:float64,float64
[ 2023-04-27 13:00:57,100 ] 85 root - INFO -  Hypothesis ag_007:float64,float64
[ 2023-04-27 13:00:57,141 ] 85 root - INFO -  Hypothesis ag_008:float64,float64
[ 2023-04-27 13:00:57,182 ] 85 root - INFO -  Hypothesis ag_009:float64,float64
[ 2023-04-27 13:00:57,221 ] 85 root - INFO -  Hypothesis ah_000:float64,float64
[ 2023-04-27 13:00:57,264 ] 85 root - INFO -  Hypothesis ai_000:float64,float64
[ 2023-04-27 13:00:57,301 ] 85 root - INFO -  Hypothesis aj_000:float64,float64
[ 2023-04-27 13:00:57,339 ] 85 root - INFO -  Hypothesis ak_000:float64,float64
[ 2023-04-27 13:00:57,376 ] 85 root - INFO -  Hypothesis al_000:float64,float64
[ 2023-04-27 13:00:57,415 ] 85 root - INFO -  Hypothesis am_0:float64,float64
[ 2023-04-27 13:00:57,454 ] 85 root - INFO -  Hypothesis an_000:float64,float64
[ 2023-04-27 13:00:57,464 ] 85 root - INFO -  Hypothesis ao_000:float64,float64
[ 2023-04-27 13:00:57,507 ] 85 root - INFO -  Hypothesis ap_000:float64,float64
[ 2023-04-27 13:00:57,517 ] 85 root - INFO -  Hypothesis aq_000:float64,float64
[ 2023-04-27 13:00:57,529 ] 85 root - INFO -  Hypothesis ar_000:float64,float64
[ 2023-04-27 13:00:57,573 ] 85 root - INFO -  Hypothesis as_000:float64,float64
[ 2023-04-27 13:00:57,612 ] 85 root - INFO -  Hypothesis at_000:float64,float64
[ 2023-04-27 13:00:57,649 ] 85 root - INFO -  Hypothesis au_000:float64,float64
[ 2023-04-27 13:00:57,684 ] 85 root - INFO -  Hypothesis av_000:float64,float64
[ 2023-04-27 13:00:57,725 ] 85 root - INFO -  Hypothesis ax_000:float64,float64
[ 2023-04-27 13:00:57,732 ] 85 root - INFO -  Hypothesis ay_000:float64,float64
[ 2023-04-27 13:00:57,768 ] 85 root - INFO -  Hypothesis ay_001:float64,float64
[ 2023-04-27 13:00:57,804 ] 85 root - INFO -  Hypothesis ay_002:float64,float64
[ 2023-04-27 13:00:57,841 ] 85 root - INFO -  Hypothesis ay_003:float64,float64
[ 2023-04-27 13:00:57,877 ] 85 root - INFO -  Hypothesis ay_004:float64,float64
[ 2023-04-27 13:00:57,914 ] 85 root - INFO -  Hypothesis ay_005:float64,float64
[ 2023-04-27 13:00:57,955 ] 85 root - INFO -  Hypothesis ay_006:float64,float64
[ 2023-04-27 13:00:57,996 ] 85 root - INFO -  Hypothesis ay_007:float64,float64
[ 2023-04-27 13:00:58,006 ] 85 root - INFO -  Hypothesis ay_008:float64,float64
[ 2023-04-27 13:00:58,016 ] 85 root - INFO -  Hypothesis ay_009:float64,float64
[ 2023-04-27 13:00:58,051 ] 85 root - INFO -  Hypothesis az_000:float64,float64
[ 2023-04-27 13:00:58,094 ] 85 root - INFO -  Hypothesis az_001:float64,float64
[ 2023-04-27 13:00:58,103 ] 85 root - INFO -  Hypothesis az_002:float64,float64
[ 2023-04-27 13:00:58,145 ] 85 root - INFO -  Hypothesis az_003:float64,float64
[ 2023-04-27 13:00:58,188 ] 85 root - INFO -  Hypothesis az_004:float64,float64
[ 2023-04-27 13:00:58,230 ] 85 root - INFO -  Hypothesis az_005:float64,float64
[ 2023-04-27 13:00:58,273 ] 85 root - INFO -  Hypothesis az_006:float64,float64
[ 2023-04-27 13:00:58,314 ] 85 root - INFO -  Hypothesis az_007:float64,float64
[ 2023-04-27 13:00:58,320 ] 85 root - INFO -  Hypothesis az_008:float64,float64
[ 2023-04-27 13:00:58,325 ] 85 root - INFO -  Hypothesis az_009:float64,float64
[ 2023-04-27 13:00:58,362 ] 85 root - INFO -  Hypothesis ba_000:float64,float64
[ 2023-04-27 13:00:58,405 ] 85 root - INFO -  Hypothesis ba_001:float64,float64
[ 2023-04-27 13:00:58,448 ] 85 root - INFO -  Hypothesis ba_002:float64,float64
[ 2023-04-27 13:00:58,491 ] 85 root - INFO -  Hypothesis ba_003:float64,float64
[ 2023-04-27 13:00:58,535 ] 85 root - INFO -  Hypothesis ba_004:float64,float64
[ 2023-04-27 13:00:58,545 ] 85 root - INFO -  Hypothesis ba_005:float64,float64
[ 2023-04-27 13:00:58,555 ] 85 root - INFO -  Hypothesis ba_006:float64,float64
[ 2023-04-27 13:00:58,567 ] 85 root - INFO -  Hypothesis ba_007:float64,float64
[ 2023-04-27 13:00:58,610 ] 85 root - INFO -  Hypothesis ba_008:float64,float64
[ 2023-04-27 13:00:58,618 ] 85 root - INFO -  Hypothesis ba_009:float64,float64
[ 2023-04-27 13:00:58,625 ] 85 root - INFO -  Hypothesis bb_000:float64,float64
[ 2023-04-27 13:00:58,670 ] 85 root - INFO -  Hypothesis bc_000:float64,float64
[ 2023-04-27 13:00:58,710 ] 85 root - INFO -  Hypothesis bd_000:float64,float64
[ 2023-04-27 13:00:58,750 ] 85 root - INFO -  Hypothesis be_000:float64,float64
[ 2023-04-27 13:00:58,758 ] 85 root - INFO -  Hypothesis bf_000:float64,float64
[ 2023-04-27 13:00:58,797 ] 85 root - INFO -  Hypothesis bg_000:float64,float64
[ 2023-04-27 13:00:58,840 ] 85 root - INFO -  Hypothesis bh_000:float64,float64
[ 2023-04-27 13:00:58,885 ] 85 root - INFO -  Hypothesis bi_000:float64,float64
[ 2023-04-27 13:00:58,928 ] 85 root - INFO -  Hypothesis bj_000:float64,float64
[ 2023-04-27 13:00:58,939 ] 85 root - INFO -  Hypothesis bs_000:float64,float64
[ 2023-04-27 13:00:58,950 ] 85 root - INFO -  Hypothesis bt_000:float64,float64
[ 2023-04-27 13:00:58,992 ] 85 root - INFO -  Hypothesis bu_000:float64,float64
[ 2023-04-27 13:00:59,035 ] 85 root - INFO -  Hypothesis bv_000:float64,float64
[ 2023-04-27 13:00:59,077 ] 85 root - INFO -  Hypothesis bx_000:float64,float64
[ 2023-04-27 13:00:59,120 ] 85 root - INFO -  Hypothesis by_000:float64,float64
[ 2023-04-27 13:00:59,130 ] 85 root - INFO -  Hypothesis bz_000:float64,float64
[ 2023-04-27 13:00:59,172 ] 85 root - INFO -  Hypothesis ca_000:float64,float64
[ 2023-04-27 13:00:59,182 ] 85 root - INFO -  Hypothesis cb_000:float64,float64
[ 2023-04-27 13:00:59,225 ] 85 root - INFO -  Hypothesis cc_000:float64,float64
[ 2023-04-27 13:00:59,267 ] 85 root - INFO -  Hypothesis cd_000:float64,float64
[ 2023-04-27 13:00:59,304 ] 85 root - INFO -  Hypothesis ce_000:float64,float64
[ 2023-04-27 13:00:59,346 ] 85 root - INFO -  Hypothesis ci_000:float64,float64
[ 2023-04-27 13:00:59,356 ] 85 root - INFO -  Hypothesis cj_000:float64,float64
[ 2023-04-27 13:00:59,393 ] 85 root - INFO -  Hypothesis ck_000:float64,float64
[ 2023-04-27 13:00:59,436 ] 85 root - INFO -  Hypothesis cl_000:float64,float64
[ 2023-04-27 13:00:59,474 ] 85 root - INFO -  Hypothesis cm_000:float64,float64
[ 2023-04-27 13:00:59,512 ] 85 root - INFO -  Hypothesis cn_000:float64,float64
[ 2023-04-27 13:00:59,553 ] 85 root - INFO -  Hypothesis cn_001:float64,float64
[ 2023-04-27 13:00:59,591 ] 85 root - INFO -  Hypothesis cn_002:float64,float64
[ 2023-04-27 13:00:59,638 ] 85 root - INFO -  Hypothesis cn_003:float64,float64
[ 2023-04-27 13:00:59,649 ] 85 root - INFO -  Hypothesis cn_004:float64,float64
[ 2023-04-27 13:00:59,691 ] 85 root - INFO -  Hypothesis cn_005:float64,float64
[ 2023-04-27 13:00:59,734 ] 85 root - INFO -  Hypothesis cn_006:float64,float64
[ 2023-04-27 13:00:59,793 ] 85 root - INFO -  Hypothesis cn_007:float64,float64
[ 2023-04-27 13:00:59,803 ] 85 root - INFO -  Hypothesis cn_008:float64,float64
[ 2023-04-27 13:00:59,844 ] 85 root - INFO -  Hypothesis cn_009:float64,float64
[ 2023-04-27 13:00:59,885 ] 85 root - INFO -  Hypothesis cp_000:float64,float64
[ 2023-04-27 13:00:59,925 ] 85 root - INFO -  Hypothesis cq_000:float64,float64
[ 2023-04-27 13:00:59,968 ] 85 root - INFO -  Hypothesis cs_000:float64,float64
[ 2023-04-27 13:00:59,978 ] 85 root - INFO -  Hypothesis cs_001:float64,float64
[ 2023-04-27 13:01:00,020 ] 85 root - INFO -  Hypothesis cs_002:float64,float64
[ 2023-04-27 13:01:00,030 ] 85 root - INFO -  Hypothesis cs_003:float64,float64
[ 2023-04-27 13:01:00,073 ] 85 root - INFO -  Hypothesis cs_004:float64,float64
[ 2023-04-27 13:01:00,116 ] 85 root - INFO -  Hypothesis cs_005:float64,float64
[ 2023-04-27 13:01:00,158 ] 85 root - INFO -  Hypothesis cs_006:float64,float64
[ 2023-04-27 13:01:00,201 ] 85 root - INFO -  Hypothesis cs_007:float64,float64
[ 2023-04-27 13:01:00,244 ] 85 root - INFO -  Hypothesis cs_008:float64,float64
[ 2023-04-27 13:01:00,251 ] 85 root - INFO -  Hypothesis cs_009:float64,float64
[ 2023-04-27 13:01:00,288 ] 85 root - INFO -  Hypothesis dd_000:float64,float64
[ 2023-04-27 13:01:00,298 ] 85 root - INFO -  Hypothesis de_000:float64,float64
[ 2023-04-27 13:01:00,338 ] 85 root - INFO -  Hypothesis df_000:float64,float64
[ 2023-04-27 13:01:00,375 ] 85 root - INFO -  Hypothesis dg_000:float64,float64
[ 2023-04-27 13:01:00,413 ] 85 root - INFO -  Hypothesis dh_000:float64,float64
[ 2023-04-27 13:01:00,450 ] 85 root - INFO -  Hypothesis di_000:float64,float64
[ 2023-04-27 13:01:00,488 ] 85 root - INFO -  Hypothesis dj_000:float64,float64
[ 2023-04-27 13:01:00,526 ] 85 root - INFO -  Hypothesis dk_000:float64,float64
[ 2023-04-27 13:01:00,564 ] 85 root - INFO -  Hypothesis dl_000:float64,float64
[ 2023-04-27 13:01:00,600 ] 85 root - INFO -  Hypothesis dm_000:float64,float64
[ 2023-04-27 13:01:00,637 ] 85 root - INFO -  Hypothesis dn_000:float64,float64
[ 2023-04-27 13:01:00,647 ] 85 root - INFO -  Hypothesis do_000:float64,float64
[ 2023-04-27 13:01:00,657 ] 85 root - INFO -  Hypothesis dp_000:float64,float64
[ 2023-04-27 13:01:00,666 ] 85 root - INFO -  Hypothesis dq_000:float64,float64
[ 2023-04-27 13:01:00,704 ] 85 root - INFO -  Hypothesis dr_000:float64,float64
[ 2023-04-27 13:01:00,711 ] 85 root - INFO -  Hypothesis ds_000:float64,float64
[ 2023-04-27 13:01:00,753 ] 85 root - INFO -  Hypothesis dt_000:float64,float64
[ 2023-04-27 13:01:00,794 ] 85 root - INFO -  Hypothesis du_000:float64,float64
[ 2023-04-27 13:01:00,804 ] 85 root - INFO -  Hypothesis dv_000:float64,float64
[ 2023-04-27 13:01:00,846 ] 85 root - INFO -  Hypothesis dx_000:float64,float64
[ 2023-04-27 13:01:00,885 ] 85 root - INFO -  Hypothesis dy_000:float64,float64
[ 2023-04-27 13:01:00,924 ] 85 root - INFO -  Hypothesis dz_000:float64,float64
[ 2023-04-27 13:01:00,960 ] 85 root - INFO -  Hypothesis ea_000:float64,float64
[ 2023-04-27 13:01:00,996 ] 85 root - INFO -  Hypothesis eb_000:float64,float64
[ 2023-04-27 13:01:01,005 ] 85 root - INFO -  Hypothesis ec_00:float64,float64
[ 2023-04-27 13:01:01,047 ] 85 root - INFO -  Hypothesis ed_000:float64,float64
[ 2023-04-27 13:01:01,087 ] 85 root - INFO -  Hypothesis ee_000:float64,float64
[ 2023-04-27 13:01:01,131 ] 85 root - INFO -  Hypothesis ee_001:float64,float64
[ 2023-04-27 13:01:01,173 ] 85 root - INFO -  Hypothesis ee_002:float64,float64
[ 2023-04-27 13:01:01,216 ] 85 root - INFO -  Hypothesis ee_003:float64,float64
[ 2023-04-27 13:01:01,258 ] 85 root - INFO -  Hypothesis ee_004:float64,float64
[ 2023-04-27 13:01:01,301 ] 85 root - INFO -  Hypothesis ee_005:float64,float64
[ 2023-04-27 13:01:01,344 ] 85 root - INFO -  Hypothesis ee_006:float64,float64
[ 2023-04-27 13:01:01,354 ] 85 root - INFO -  Hypothesis ee_007:float64,float64
[ 2023-04-27 13:01:01,396 ] 85 root - INFO -  Hypothesis ee_008:float64,float64
[ 2023-04-27 13:01:01,439 ] 85 root - INFO -  Hypothesis ee_009:float64,float64
[ 2023-04-27 13:01:01,479 ] 85 root - INFO -  Hypothesis ef_000:float64,float64
[ 2023-04-27 13:01:01,517 ] 85 root - INFO -  Hypothesis eg_000:float64,float64
[ 2023-04-27 13:01:01,561 ] 146 root - INFO - as all column are available in test hence detecting data drift
[ 2023-04-27 13:01:01,562 ] 85 root - INFO -  Hypothesis class:object,object
[ 2023-04-27 13:01:01,639 ] 85 root - INFO -  Hypothesis aa_000:float64,float64
[ 2023-04-27 13:01:01,646 ] 85 root - INFO -  Hypothesis ac_000:float64,float64
[ 2023-04-27 13:01:01,652 ] 85 root - INFO -  Hypothesis ae_000:float64,float64
[ 2023-04-27 13:01:01,667 ] 85 root - INFO -  Hypothesis af_000:float64,float64
[ 2023-04-27 13:01:01,682 ] 85 root - INFO -  Hypothesis ag_000:float64,float64
[ 2023-04-27 13:01:01,697 ] 85 root - INFO -  Hypothesis ag_001:float64,float64
[ 2023-04-27 13:01:01,700 ] 85 root - INFO -  Hypothesis ag_002:float64,float64
[ 2023-04-27 13:01:01,716 ] 85 root - INFO -  Hypothesis ag_003:float64,float64
[ 2023-04-27 13:01:01,720 ] 85 root - INFO -  Hypothesis ag_004:float64,float64
[ 2023-04-27 13:01:01,727 ] 85 root - INFO -  Hypothesis ag_005:float64,float64
[ 2023-04-27 13:01:01,734 ] 85 root - INFO -  Hypothesis ag_006:float64,float64
[ 2023-04-27 13:01:01,741 ] 85 root - INFO -  Hypothesis ag_007:float64,float64
[ 2023-04-27 13:01:01,747 ] 85 root - INFO -  Hypothesis ag_008:float64,float64
[ 2023-04-27 13:01:01,753 ] 85 root - INFO -  Hypothesis ag_009:float64,float64
[ 2023-04-27 13:01:01,757 ] 85 root - INFO -  Hypothesis ah_000:float64,float64
[ 2023-04-27 13:01:01,764 ] 85 root - INFO -  Hypothesis ai_000:float64,float64
[ 2023-04-27 13:01:01,768 ] 85 root - INFO -  Hypothesis aj_000:float64,float64
[ 2023-04-27 13:01:01,772 ] 85 root - INFO -  Hypothesis ak_000:float64,float64
[ 2023-04-27 13:01:01,787 ] 85 root - INFO -  Hypothesis al_000:float64,float64
[ 2023-04-27 13:01:01,792 ] 85 root - INFO -  Hypothesis am_0:float64,float64
[ 2023-04-27 13:01:01,797 ] 85 root - INFO -  Hypothesis an_000:float64,float64
[ 2023-04-27 13:01:01,804 ] 85 root - INFO -  Hypothesis ao_000:float64,float64
[ 2023-04-27 13:01:01,811 ] 85 root - INFO -  Hypothesis ap_000:float64,float64
[ 2023-04-27 13:01:01,818 ] 85 root - INFO -  Hypothesis aq_000:float64,float64
[ 2023-04-27 13:01:01,825 ] 85 root - INFO -  Hypothesis ar_000:float64,float64
[ 2023-04-27 13:01:01,840 ] 85 root - INFO -  Hypothesis as_000:float64,float64
[ 2023-04-27 13:01:01,855 ] 85 root - INFO -  Hypothesis at_000:float64,float64
[ 2023-04-27 13:01:01,858 ] 85 root - INFO -  Hypothesis au_000:float64,float64
[ 2023-04-27 13:01:01,874 ] 85 root - INFO -  Hypothesis av_000:float64,float64
[ 2023-04-27 13:01:01,880 ] 85 root - INFO -  Hypothesis ax_000:float64,float64
[ 2023-04-27 13:01:01,885 ] 85 root - INFO -  Hypothesis ay_000:float64,float64
[ 2023-04-27 13:01:01,900 ] 85 root - INFO -  Hypothesis ay_001:float64,float64
[ 2023-04-27 13:01:01,903 ] 85 root - INFO -  Hypothesis ay_002:float64,float64
[ 2023-04-27 13:01:01,906 ] 85 root - INFO -  Hypothesis ay_003:float64,float64
[ 2023-04-27 13:01:01,909 ] 85 root - INFO -  Hypothesis ay_004:float64,float64
[ 2023-04-27 13:01:01,912 ] 85 root - INFO -  Hypothesis ay_005:float64,float64
[ 2023-04-27 13:01:01,918 ] 85 root - INFO -  Hypothesis ay_006:float64,float64
[ 2023-04-27 13:01:01,924 ] 85 root - INFO -  Hypothesis ay_007:float64,float64
[ 2023-04-27 13:01:01,930 ] 85 root - INFO -  Hypothesis ay_008:float64,float64
[ 2023-04-27 13:01:01,937 ] 85 root - INFO -  Hypothesis ay_009:float64,float64
[ 2023-04-27 13:01:01,953 ] 85 root - INFO -  Hypothesis az_000:float64,float64
[ 2023-04-27 13:01:01,960 ] 85 root - INFO -  Hypothesis az_001:float64,float64
[ 2023-04-27 13:01:01,966 ] 85 root - INFO -  Hypothesis az_002:float64,float64
[ 2023-04-27 13:01:01,972 ] 85 root - INFO -  Hypothesis az_003:float64,float64
[ 2023-04-27 13:01:01,979 ] 85 root - INFO -  Hypothesis az_004:float64,float64
[ 2023-04-27 13:01:01,986 ] 85 root - INFO -  Hypothesis az_005:float64,float64
[ 2023-04-27 13:01:01,993 ] 85 root - INFO -  Hypothesis az_006:float64,float64
[ 2023-04-27 13:01:01,999 ] 85 root - INFO -  Hypothesis az_007:float64,float64
[ 2023-04-27 13:01:02,003 ] 85 root - INFO -  Hypothesis az_008:float64,float64
[ 2023-04-27 13:01:02,007 ] 85 root - INFO -  Hypothesis az_009:float64,float64
[ 2023-04-27 13:01:02,010 ] 85 root - INFO -  Hypothesis ba_000:float64,float64
[ 2023-04-27 13:01:02,017 ] 85 root - INFO -  Hypothesis ba_001:float64,float64
[ 2023-04-27 13:01:02,024 ] 85 root - INFO -  Hypothesis ba_002:float64,float64
[ 2023-04-27 13:01:02,031 ] 85 root - INFO -  Hypothesis ba_003:float64,float64
[ 2023-04-27 13:01:02,038 ] 85 root - INFO -  Hypothesis ba_004:float64,float64
[ 2023-04-27 13:01:02,045 ] 85 root - INFO -  Hypothesis ba_005:float64,float64
[ 2023-04-27 13:01:02,052 ] 85 root - INFO -  Hypothesis ba_006:float64,float64
[ 2023-04-27 13:01:02,058 ] 85 root - INFO -  Hypothesis ba_007:float64,float64
[ 2023-04-27 13:01:02,065 ] 85 root - INFO -  Hypothesis ba_008:float64,float64
[ 2023-04-27 13:01:02,070 ] 85 root - INFO -  Hypothesis ba_009:float64,float64
[ 2023-04-27 13:01:02,075 ] 85 root - INFO -  Hypothesis bb_000:float64,float64
[ 2023-04-27 13:01:02,082 ] 85 root - INFO -  Hypothesis bc_000:float64,float64
[ 2023-04-27 13:01:02,087 ] 85 root - INFO -  Hypothesis bd_000:float64,float64
[ 2023-04-27 13:01:02,093 ] 85 root - INFO -  Hypothesis be_000:float64,float64
[ 2023-04-27 13:01:02,098 ] 85 root - INFO -  Hypothesis bf_000:float64,float64
[ 2023-04-27 13:01:02,103 ] 85 root - INFO -  Hypothesis bg_000:float64,float64
[ 2023-04-27 13:01:02,110 ] 85 root - INFO -  Hypothesis bh_000:float64,float64
[ 2023-04-27 13:01:02,117 ] 85 root - INFO -  Hypothesis bi_000:float64,float64
[ 2023-04-27 13:01:02,124 ] 85 root - INFO -  Hypothesis bj_000:float64,float64
[ 2023-04-27 13:01:02,131 ] 85 root - INFO -  Hypothesis bs_000:float64,float64
[ 2023-04-27 13:01:02,138 ] 85 root - INFO -  Hypothesis bt_000:float64,float64
[ 2023-04-27 13:01:02,145 ] 85 root - INFO -  Hypothesis bu_000:float64,float64
[ 2023-04-27 13:01:02,152 ] 85 root - INFO -  Hypothesis bv_000:float64,float64
[ 2023-04-27 13:01:02,159 ] 85 root - INFO -  Hypothesis bx_000:float64,float64
[ 2023-04-27 13:01:02,166 ] 85 root - INFO -  Hypothesis by_000:float64,float64
[ 2023-04-27 13:01:02,173 ] 85 root - INFO -  Hypothesis bz_000:float64,float64
[ 2023-04-27 13:01:02,179 ] 85 root - INFO -  Hypothesis ca_000:float64,float64
[ 2023-04-27 13:01:02,185 ] 85 root - INFO -  Hypothesis cb_000:float64,float64
[ 2023-04-27 13:01:02,193 ] 85 root - INFO -  Hypothesis cc_000:float64,float64
[ 2023-04-27 13:01:02,199 ] 85 root - INFO -  Hypothesis cd_000:float64,float64
[ 2023-04-27 13:01:02,214 ] 85 root - INFO -  Hypothesis ce_000:float64,float64
[ 2023-04-27 13:01:02,221 ] 85 root - INFO -  Hypothesis ci_000:float64,float64
[ 2023-04-27 13:01:02,228 ] 85 root - INFO -  Hypothesis cj_000:float64,float64
[ 2023-04-27 13:01:02,244 ] 85 root - INFO -  Hypothesis ck_000:float64,float64
[ 2023-04-27 13:01:02,251 ] 85 root - INFO -  Hypothesis cl_000:float64,float64
[ 2023-04-27 13:01:02,267 ] 85 root - INFO -  Hypothesis cm_000:float64,float64
[ 2023-04-27 13:01:02,272 ] 85 root - INFO -  Hypothesis cn_000:float64,float64
[ 2023-04-27 13:01:02,275 ] 85 root - INFO -  Hypothesis cn_001:float64,float64
[ 2023-04-27 13:01:02,279 ] 85 root - INFO -  Hypothesis cn_002:float64,float64
[ 2023-04-27 13:01:02,284 ] 85 root - INFO -  Hypothesis cn_003:float64,float64
[ 2023-04-27 13:01:02,291 ] 85 root - INFO -  Hypothesis cn_004:float64,float64
[ 2023-04-27 13:01:02,298 ] 85 root - INFO -  Hypothesis cn_005:float64,float64
[ 2023-04-27 13:01:02,305 ] 85 root - INFO -  Hypothesis cn_006:float64,float64
[ 2023-04-27 13:01:02,312 ] 85 root - INFO -  Hypothesis cn_007:float64,float64
[ 2023-04-27 13:01:02,318 ] 85 root - INFO -  Hypothesis cn_008:float64,float64
[ 2023-04-27 13:01:02,324 ] 85 root - INFO -  Hypothesis cn_009:float64,float64
[ 2023-04-27 13:01:02,329 ] 85 root - INFO -  Hypothesis cp_000:float64,float64
[ 2023-04-27 13:01:02,335 ] 85 root - INFO -  Hypothesis cq_000:float64,float64
[ 2023-04-27 13:01:02,342 ] 85 root - INFO -  Hypothesis cs_000:float64,float64
[ 2023-04-27 13:01:02,348 ] 85 root - INFO -  Hypothesis cs_001:float64,float64
[ 2023-04-27 13:01:02,354 ] 85 root - INFO -  Hypothesis cs_002:float64,float64
[ 2023-04-27 13:01:02,361 ] 85 root - INFO -  Hypothesis cs_003:float64,float64
[ 2023-04-27 13:01:02,367 ] 85 root - INFO -  Hypothesis cs_004:float64,float64
[ 2023-04-27 13:01:02,374 ] 85 root - INFO -  Hypothesis cs_005:float64,float64
[ 2023-04-27 13:01:02,381 ] 85 root - INFO -  Hypothesis cs_006:float64,float64
[ 2023-04-27 13:01:02,388 ] 85 root - INFO -  Hypothesis cs_007:float64,float64
[ 2023-04-27 13:01:02,395 ] 85 root - INFO -  Hypothesis cs_008:float64,float64
[ 2023-04-27 13:01:02,400 ] 85 root - INFO -  Hypothesis cs_009:float64,float64
[ 2023-04-27 13:01:02,416 ] 85 root - INFO -  Hypothesis dd_000:float64,float64
[ 2023-04-27 13:01:02,423 ] 85 root - INFO -  Hypothesis de_000:float64,float64
[ 2023-04-27 13:01:02,429 ] 85 root - INFO -  Hypothesis df_000:float64,float64
[ 2023-04-27 13:01:02,444 ] 85 root - INFO -  Hypothesis dg_000:float64,float64
[ 2023-04-27 13:01:02,460 ] 85 root - INFO -  Hypothesis dh_000:float64,float64
[ 2023-04-27 13:01:02,463 ] 85 root - INFO -  Hypothesis di_000:float64,float64
[ 2023-04-27 13:01:02,467 ] 85 root - INFO -  Hypothesis dj_000:float64,float64
[ 2023-04-27 13:01:02,482 ] 85 root - INFO -  Hypothesis dk_000:float64,float64
[ 2023-04-27 13:01:02,497 ] 85 root - INFO -  Hypothesis dl_000:float64,float64
[ 2023-04-27 13:01:02,513 ] 85 root - INFO -  Hypothesis dm_000:float64,float64
[ 2023-04-27 13:01:02,530 ] 85 root - INFO -  Hypothesis dn_000:float64,float64
[ 2023-04-27 13:01:02,538 ] 85 root - INFO -  Hypothesis do_000:float64,float64
[ 2023-04-27 13:01:02,545 ] 85 root - INFO -  Hypothesis dp_000:float64,float64
[ 2023-04-27 13:01:02,551 ] 85 root - INFO -  Hypothesis dq_000:float64,float64
[ 2023-04-27 13:01:02,557 ] 85 root - INFO -  Hypothesis dr_000:float64,float64
[ 2023-04-27 13:01:02,562 ] 85 root - INFO -  Hypothesis ds_000:float64,float64
[ 2023-04-27 13:01:02,582 ] 85 root - INFO -  Hypothesis dt_000:float64,float64
[ 2023-04-27 13:01:02,588 ] 85 root - INFO -  Hypothesis du_000:float64,float64
[ 2023-04-27 13:01:02,595 ] 85 root - INFO -  Hypothesis dv_000:float64,float64
[ 2023-04-27 13:01:02,602 ] 85 root - INFO -  Hypothesis dx_000:float64,float64
[ 2023-04-27 13:01:02,607 ] 85 root - INFO -  Hypothesis dy_000:float64,float64
[ 2023-04-27 13:01:02,611 ] 85 root - INFO -  Hypothesis dz_000:float64,float64
[ 2023-04-27 13:01:02,627 ] 85 root - INFO -  Hypothesis ea_000:float64,float64
[ 2023-04-27 13:01:02,642 ] 85 root - INFO -  Hypothesis eb_000:float64,float64
[ 2023-04-27 13:01:02,648 ] 85 root - INFO -  Hypothesis ec_00:float64,float64
[ 2023-04-27 13:01:02,654 ] 85 root - INFO -  Hypothesis ed_000:float64,float64
[ 2023-04-27 13:01:02,660 ] 85 root - INFO -  Hypothesis ee_000:float64,float64
[ 2023-04-27 13:01:02,667 ] 85 root - INFO -  Hypothesis ee_001:float64,float64
[ 2023-04-27 13:01:02,674 ] 85 root - INFO -  Hypothesis ee_002:float64,float64
[ 2023-04-27 13:01:02,681 ] 85 root - INFO -  Hypothesis ee_003:float64,float64
[ 2023-04-27 13:01:02,688 ] 85 root - INFO -  Hypothesis ee_004:float64,float64
[ 2023-04-27 13:01:02,695 ] 85 root - INFO -  Hypothesis ee_005:float64,float64
[ 2023-04-27 13:01:02,702 ] 85 root - INFO -  Hypothesis ee_006:float64,float64
[ 2023-04-27 13:01:02,708 ] 85 root - INFO -  Hypothesis ee_007:float64,float64
[ 2023-04-27 13:01:02,715 ] 85 root - INFO -  Hypothesis ee_008:float64,float64
[ 2023-04-27 13:01:02,721 ] 85 root - INFO -  Hypothesis ee_009:float64,float64
[ 2023-04-27 13:01:02,726 ] 85 root - INFO -  Hypothesis ef_000:float64,float64
[ 2023-04-27 13:01:02,741 ] 85 root - INFO -  Hypothesis eg_000:float64,float64
[ 2023-04-27 13:01:02,756 ] 150 root - INFO - writing report in yaml file
[ 2023-04-27 13:01:02,852 ] 155 root - INFO - Data validation artifact:DataValidationArtifact(report_file_path='/config/workspace/artifact/04272023__130043/data_validation/report.yaml') 
