[ 2023-04-27 12:57:50,681 ] 15 root - INFO - >>>>>>>>>>>>>>>>>>>>>>>>>>>>>>>>>>>>>>>> Data Ingestion <<<<<<<<<<<<<<<<<<<<<<<<<<<<<<<<<<<<<<<<
[ 2023-04-27 12:57:50,681 ] 22 root - INFO - Exporting collection data as pandas dataframe
[ 2023-04-27 12:57:50,681 ] 19 root - INFO - Reading data from database:aps and collection sensor
[ 2023-04-27 12:57:54,028 ] 21 root - INFO - Found columns:Index(['_id', 'class', 'aa_000', 'ab_000', 'ac_000', 'ad_000', 'ae_000',
       'af_000', 'ag_000', 'ag_001',
       ...
       'ee_002', 'ee_003', 'ee_004', 'ee_005', 'ee_006', 'ee_007', 'ee_008',
       'ee_009', 'ef_000', 'eg_000'],
      dtype='object', length=172)
[ 2023-04-27 12:57:54,029 ] 23 root - INFO - dropping column :_id
[ 2023-04-27 12:57:54,243 ] 25 root - INFO - row and col in df:(36188, 171)
[ 2023-04-27 12:57:54,244 ] 28 root - INFO - Save data in feature store
[ 2023-04-27 12:57:55,630 ] 32 root - INFO - Create feature store folder if not available
[ 2023-04-27 12:57:55,631 ] 38 root - INFO - Save df to feature store folder
[ 2023-04-27 12:57:57,428 ] 42 root - INFO - split dataset into train and test set
[ 2023-04-27 12:57:57,735 ] 46 root - INFO - create dataset directory folder if not available
[ 2023-04-27 12:57:57,735 ] 51 root - INFO - Save df to feature store folder
[ 2023-04-27 12:57:59,533 ] 63 root - INFO - Data ingestion artifact: DataIngestionArtifact(feature_store_file_path='/config/workspace/artifact/04272023__125750/data_ingestion/feature_store/sensor.csv', train_file_path='/config/workspace/artifact/04272023__125750/data_ingestion/dataset/train.csv', test_file_path='/config/workspace/artifact/04272023__125750/data_ingestion/dataset/test.csv')
[ 2023-04-27 12:57:59,912 ] 17 root - INFO - >>>>>>>>>>>>>>>>>>>>>>>>>>>>>>>>>>>>>>>> Data Validation <<<<<<<<<<<<<<<<<<<<<<<<<<<<<<<<<<<<<<<<
[ 2023-04-27 12:57:59,912 ] 111 root - INFO - Reading base dataframe
[ 2023-04-27 12:58:02,151 ] 114 root - INFO - Replace na values in dataframe
[ 2023-04-27 12:58:02,152 ] 117 root - INFO - drop null values from base dataframe
[ 2023-04-27 12:58:02,374 ] 39 root - INFO - selecting column name which contains null above to 0.2
[ 2023-04-27 12:58:02,374 ] 42 root - INFO - columns to drop: Index(['ab_000', 'ad_000', 'bk_000', 'bl_000', 'bm_000', 'bn_000', 'bo_000',
       'bp_000', 'bq_000', 'br_000', 'cf_000', 'cg_000', 'ch_000', 'co_000',
       'cr_000', 'ct_000', 'cu_000', 'cv_000', 'cx_000', 'cy_000', 'cz_000',
       'da_000', 'db_000', 'dc_000'],
      dtype='object')
[ 2023-04-27 12:58:02,455 ] 120 root - INFO - Reading train dataframe
[ 2023-04-27 12:58:02,844 ] 122 root - INFO - Reading test dataframe
[ 2023-04-27 12:58:02,939 ] 125 root - INFO - drop null values from train dataframe
[ 2023-04-27 12:58:02,947 ] 39 root - INFO - selecting column name which contains null above to 0.2
[ 2023-04-27 12:58:02,948 ] 42 root - INFO - columns to drop: Index(['ab_000', 'ad_000', 'bk_000', 'bl_000', 'bm_000', 'bn_000', 'bo_000',
       'bp_000', 'bq_000', 'br_000', 'cf_000', 'cg_000', 'ch_000', 'co_000',
       'cr_000', 'ct_000', 'cu_000', 'cv_000', 'cx_000', 'cy_000', 'cz_000',
       'da_000', 'db_000', 'dc_000'],
      dtype='object')
[ 2023-04-27 12:58:02,960 ] 127 root - INFO - drop null values from test dataframe
[ 2023-04-27 12:58:02,963 ] 39 root - INFO - selecting column name which contains null above to 0.2
[ 2023-04-27 12:58:02,963 ] 42 root - INFO - columns to drop: Index(['ab_000', 'ad_000', 'bk_000', 'bl_000', 'bm_000', 'bn_000', 'bo_000',
       'bp_000', 'bq_000', 'br_000', 'cf_000', 'cg_000', 'ch_000', 'co_000',
       'cr_000', 'ct_000', 'cu_000', 'cv_000', 'cx_000', 'cy_000', 'cz_000',
       'da_000', 'db_000', 'dc_000'],
      dtype='object')
[ 2023-04-27 12:58:03,825 ] 137 root - INFO - is all required columns present in train df 
[ 2023-04-27 12:58:03,825 ] 139 root - INFO - is all required columns present in test df 
[ 2023-04-27 12:58:03,825 ] 143 root - INFO - as all column are available in train hence detecting data drift
[ 2023-04-27 12:58:03,826 ] 85 root - INFO -  Hypothesis class:object,object
[ 2023-04-27 12:58:03,962 ] 85 root - INFO -  Hypothesis aa_000:float64,float64
[ 2023-04-27 12:58:03,972 ] 85 root - INFO -  Hypothesis ac_000:float64,float64
[ 2023-04-27 12:58:04,013 ] 85 root - INFO -  Hypothesis ae_000:float64,float64
[ 2023-04-27 12:58:04,050 ] 85 root - INFO -  Hypothesis af_000:float64,float64
[ 2023-04-27 12:58:04,087 ] 85 root - INFO -  Hypothesis ag_000:float64,float64
[ 2023-04-27 12:58:04,123 ] 85 root - INFO -  Hypothesis ag_001:float64,float64
[ 2023-04-27 12:58:04,159 ] 85 root - INFO -  Hypothesis ag_002:float64,float64
[ 2023-04-27 12:58:04,197 ] 85 root - INFO -  Hypothesis ag_003:float64,float64
[ 2023-04-27 12:58:04,236 ] 85 root - INFO -  Hypothesis ag_004:float64,float64
[ 2023-04-27 12:58:04,246 ] 85 root - INFO -  Hypothesis ag_005:float64,float64
[ 2023-04-27 12:58:04,257 ] 85 root - INFO -  Hypothesis ag_006:float64,float64
[ 2023-04-27 12:58:04,267 ] 85 root - INFO -  Hypothesis ag_007:float64,float64
[ 2023-04-27 12:58:04,276 ] 85 root - INFO -  Hypothesis ag_008:float64,float64
[ 2023-04-27 12:58:04,285 ] 85 root - INFO -  Hypothesis ag_009:float64,float64
[ 2023-04-27 12:58:04,292 ] 85 root - INFO -  Hypothesis ah_000:float64,float64
[ 2023-04-27 12:58:04,303 ] 85 root - INFO -  Hypothesis ai_000:float64,float64
[ 2023-04-27 12:58:04,308 ] 85 root - INFO -  Hypothesis aj_000:float64,float64
[ 2023-04-27 12:58:04,347 ] 85 root - INFO -  Hypothesis ak_000:float64,float64
[ 2023-04-27 12:58:04,385 ] 85 root - INFO -  Hypothesis al_000:float64,float64
[ 2023-04-27 12:58:04,426 ] 85 root - INFO -  Hypothesis am_0:float64,float64
[ 2023-04-27 12:58:04,467 ] 85 root - INFO -  Hypothesis an_000:float64,float64
[ 2023-04-27 12:58:04,478 ] 85 root - INFO -  Hypothesis ao_000:float64,float64
[ 2023-04-27 12:58:04,489 ] 85 root - INFO -  Hypothesis ap_000:float64,float64
[ 2023-04-27 12:58:04,499 ] 85 root - INFO -  Hypothesis aq_000:float64,float64
[ 2023-04-27 12:58:04,510 ] 85 root - INFO -  Hypothesis ar_000:float64,float64
[ 2023-04-27 12:58:04,548 ] 85 root - INFO -  Hypothesis as_000:float64,float64
[ 2023-04-27 12:58:04,585 ] 85 root - INFO -  Hypothesis at_000:float64,float64
[ 2023-04-27 12:58:04,624 ] 85 root - INFO -  Hypothesis au_000:float64,float64
[ 2023-04-27 12:58:04,661 ] 85 root - INFO -  Hypothesis av_000:float64,float64
[ 2023-04-27 12:58:04,669 ] 85 root - INFO -  Hypothesis ax_000:float64,float64
[ 2023-04-27 12:58:04,711 ] 85 root - INFO -  Hypothesis ay_000:float64,float64
[ 2023-04-27 12:58:04,749 ] 85 root - INFO -  Hypothesis ay_001:float64,float64
[ 2023-04-27 12:58:04,786 ] 85 root - INFO -  Hypothesis ay_002:float64,float64
[ 2023-04-27 12:58:04,823 ] 85 root - INFO -  Hypothesis ay_003:float64,float64
[ 2023-04-27 12:58:04,860 ] 85 root - INFO -  Hypothesis ay_004:float64,float64
[ 2023-04-27 12:58:04,897 ] 85 root - INFO -  Hypothesis ay_005:float64,float64
[ 2023-04-27 12:58:04,905 ] 85 root - INFO -  Hypothesis ay_006:float64,float64
[ 2023-04-27 12:58:04,914 ] 85 root - INFO -  Hypothesis ay_007:float64,float64
[ 2023-04-27 12:58:04,924 ] 85 root - INFO -  Hypothesis ay_008:float64,float64
[ 2023-04-27 12:58:04,934 ] 85 root - INFO -  Hypothesis ay_009:float64,float64
[ 2023-04-27 12:58:04,971 ] 85 root - INFO -  Hypothesis az_000:float64,float64
[ 2023-04-27 12:58:04,981 ] 85 root - INFO -  Hypothesis az_001:float64,float64
[ 2023-04-27 12:58:04,990 ] 85 root - INFO -  Hypothesis az_002:float64,float64
[ 2023-04-27 12:58:04,999 ] 85 root - INFO -  Hypothesis az_003:float64,float64
[ 2023-04-27 12:58:05,009 ] 85 root - INFO -  Hypothesis az_004:float64,float64
[ 2023-04-27 12:58:05,020 ] 85 root - INFO -  Hypothesis az_005:float64,float64
[ 2023-04-27 12:58:05,030 ] 85 root - INFO -  Hypothesis az_006:float64,float64
[ 2023-04-27 12:58:05,073 ] 85 root - INFO -  Hypothesis az_007:float64,float64
[ 2023-04-27 12:58:05,112 ] 85 root - INFO -  Hypothesis az_008:float64,float64
[ 2023-04-27 12:58:05,150 ] 85 root - INFO -  Hypothesis az_009:float64,float64
[ 2023-04-27 12:58:05,186 ] 85 root - INFO -  Hypothesis ba_000:float64,float64
[ 2023-04-27 12:58:05,197 ] 85 root - INFO -  Hypothesis ba_001:float64,float64
[ 2023-04-27 12:58:05,207 ] 85 root - INFO -  Hypothesis ba_002:float64,float64
[ 2023-04-27 12:58:05,218 ] 85 root - INFO -  Hypothesis ba_003:float64,float64
[ 2023-04-27 12:58:05,229 ] 85 root - INFO -  Hypothesis ba_004:float64,float64
[ 2023-04-27 12:58:05,239 ] 85 root - INFO -  Hypothesis ba_005:float64,float64
[ 2023-04-27 12:58:05,249 ] 85 root - INFO -  Hypothesis ba_006:float64,float64
[ 2023-04-27 12:58:05,259 ] 85 root - INFO -  Hypothesis ba_007:float64,float64
[ 2023-04-27 12:58:05,268 ] 85 root - INFO -  Hypothesis ba_008:float64,float64
[ 2023-04-27 12:58:05,309 ] 85 root - INFO -  Hypothesis ba_009:float64,float64
[ 2023-04-27 12:58:05,316 ] 85 root - INFO -  Hypothesis bb_000:float64,float64
[ 2023-04-27 12:58:05,326 ] 85 root - INFO -  Hypothesis bc_000:float64,float64
[ 2023-04-27 12:58:05,334 ] 85 root - INFO -  Hypothesis bd_000:float64,float64
[ 2023-04-27 12:58:05,342 ] 85 root - INFO -  Hypothesis be_000:float64,float64
[ 2023-04-27 12:58:05,351 ] 85 root - INFO -  Hypothesis bf_000:float64,float64
[ 2023-04-27 12:58:05,357 ] 85 root - INFO -  Hypothesis bg_000:float64,float64
[ 2023-04-27 12:58:05,368 ] 85 root - INFO -  Hypothesis bh_000:float64,float64
[ 2023-04-27 12:58:05,378 ] 85 root - INFO -  Hypothesis bi_000:float64,float64
[ 2023-04-27 12:58:05,388 ] 85 root - INFO -  Hypothesis bj_000:float64,float64
[ 2023-04-27 12:58:05,399 ] 85 root - INFO -  Hypothesis bs_000:float64,float64
[ 2023-04-27 12:58:05,409 ] 85 root - INFO -  Hypothesis bt_000:float64,float64
[ 2023-04-27 12:58:05,422 ] 85 root - INFO -  Hypothesis bu_000:float64,float64
[ 2023-04-27 12:58:05,432 ] 85 root - INFO -  Hypothesis bv_000:float64,float64
[ 2023-04-27 12:58:05,442 ] 85 root - INFO -  Hypothesis bx_000:float64,float64
[ 2023-04-27 12:58:05,453 ] 85 root - INFO -  Hypothesis by_000:float64,float64
[ 2023-04-27 12:58:05,463 ] 85 root - INFO -  Hypothesis bz_000:float64,float64
[ 2023-04-27 12:58:05,473 ] 85 root - INFO -  Hypothesis ca_000:float64,float64
[ 2023-04-27 12:58:05,483 ] 85 root - INFO -  Hypothesis cb_000:float64,float64
[ 2023-04-27 12:58:05,494 ] 85 root - INFO -  Hypothesis cc_000:float64,float64
[ 2023-04-27 12:58:05,504 ] 85 root - INFO -  Hypothesis cd_000:float64,float64
[ 2023-04-27 12:58:05,542 ] 85 root - INFO -  Hypothesis ce_000:float64,float64
[ 2023-04-27 12:58:05,551 ] 85 root - INFO -  Hypothesis ci_000:float64,float64
[ 2023-04-27 12:58:05,562 ] 85 root - INFO -  Hypothesis cj_000:float64,float64
[ 2023-04-27 12:58:05,603 ] 85 root - INFO -  Hypothesis ck_000:float64,float64
[ 2023-04-27 12:58:05,614 ] 85 root - INFO -  Hypothesis cl_000:float64,float64
[ 2023-04-27 12:58:05,654 ] 85 root - INFO -  Hypothesis cm_000:float64,float64
[ 2023-04-27 12:58:05,661 ] 85 root - INFO -  Hypothesis cn_000:float64,float64
[ 2023-04-27 12:58:05,699 ] 85 root - INFO -  Hypothesis cn_001:float64,float64
[ 2023-04-27 12:58:05,739 ] 85 root - INFO -  Hypothesis cn_002:float64,float64
[ 2023-04-27 12:58:05,782 ] 85 root - INFO -  Hypothesis cn_003:float64,float64
[ 2023-04-27 12:58:05,793 ] 85 root - INFO -  Hypothesis cn_004:float64,float64
[ 2023-04-27 12:58:05,804 ] 85 root - INFO -  Hypothesis cn_005:float64,float64
[ 2023-04-27 12:58:05,815 ] 85 root - INFO -  Hypothesis cn_006:float64,float64
[ 2023-04-27 12:58:05,875 ] 85 root - INFO -  Hypothesis cn_007:float64,float64
[ 2023-04-27 12:58:05,885 ] 85 root - INFO -  Hypothesis cn_008:float64,float64
[ 2023-04-27 12:58:05,894 ] 85 root - INFO -  Hypothesis cn_009:float64,float64
[ 2023-04-27 12:58:05,901 ] 85 root - INFO -  Hypothesis cp_000:float64,float64
[ 2023-04-27 12:58:05,909 ] 85 root - INFO -  Hypothesis cq_000:float64,float64
[ 2023-04-27 12:58:05,919 ] 85 root - INFO -  Hypothesis cs_000:float64,float64
[ 2023-04-27 12:58:05,929 ] 85 root - INFO -  Hypothesis cs_001:float64,float64
[ 2023-04-27 12:58:05,938 ] 85 root - INFO -  Hypothesis cs_002:float64,float64
[ 2023-04-27 12:58:05,947 ] 85 root - INFO -  Hypothesis cs_003:float64,float64
[ 2023-04-27 12:58:05,958 ] 85 root - INFO -  Hypothesis cs_004:float64,float64
[ 2023-04-27 12:58:05,968 ] 85 root - INFO -  Hypothesis cs_005:float64,float64
[ 2023-04-27 12:58:05,979 ] 85 root - INFO -  Hypothesis cs_006:float64,float64
[ 2023-04-27 12:58:05,989 ] 85 root - INFO -  Hypothesis cs_007:float64,float64
[ 2023-04-27 12:58:05,999 ] 85 root - INFO -  Hypothesis cs_008:float64,float64
[ 2023-04-27 12:58:06,007 ] 85 root - INFO -  Hypothesis cs_009:float64,float64
[ 2023-04-27 12:58:06,043 ] 85 root - INFO -  Hypothesis dd_000:float64,float64
[ 2023-04-27 12:58:06,053 ] 85 root - INFO -  Hypothesis de_000:float64,float64
[ 2023-04-27 12:58:06,061 ] 85 root - INFO -  Hypothesis df_000:float64,float64
[ 2023-04-27 12:58:06,097 ] 85 root - INFO -  Hypothesis dg_000:float64,float64
[ 2023-04-27 12:58:06,134 ] 85 root - INFO -  Hypothesis dh_000:float64,float64
[ 2023-04-27 12:58:06,172 ] 85 root - INFO -  Hypothesis di_000:float64,float64
[ 2023-04-27 12:58:06,210 ] 85 root - INFO -  Hypothesis dj_000:float64,float64
[ 2023-04-27 12:58:06,247 ] 85 root - INFO -  Hypothesis dk_000:float64,float64
[ 2023-04-27 12:58:06,285 ] 85 root - INFO -  Hypothesis dl_000:float64,float64
[ 2023-04-27 12:58:06,322 ] 85 root - INFO -  Hypothesis dm_000:float64,float64
[ 2023-04-27 12:58:06,359 ] 85 root - INFO -  Hypothesis dn_000:float64,float64
[ 2023-04-27 12:58:06,369 ] 85 root - INFO -  Hypothesis do_000:float64,float64
[ 2023-04-27 12:58:06,378 ] 85 root - INFO -  Hypothesis dp_000:float64,float64
[ 2023-04-27 12:58:06,387 ] 85 root - INFO -  Hypothesis dq_000:float64,float64
[ 2023-04-27 12:58:06,394 ] 85 root - INFO -  Hypothesis dr_000:float64,float64
[ 2023-04-27 12:58:06,400 ] 85 root - INFO -  Hypothesis ds_000:float64,float64
[ 2023-04-27 12:58:06,410 ] 85 root - INFO -  Hypothesis dt_000:float64,float64
[ 2023-04-27 12:58:06,420 ] 85 root - INFO -  Hypothesis du_000:float64,float64
[ 2023-04-27 12:58:06,430 ] 85 root - INFO -  Hypothesis dv_000:float64,float64
[ 2023-04-27 12:58:06,440 ] 85 root - INFO -  Hypothesis dx_000:float64,float64
[ 2023-04-27 12:58:06,447 ] 85 root - INFO -  Hypothesis dy_000:float64,float64
[ 2023-04-27 12:58:06,453 ] 85 root - INFO -  Hypothesis dz_000:float64,float64
[ 2023-04-27 12:58:06,490 ] 85 root - INFO -  Hypothesis ea_000:float64,float64
[ 2023-04-27 12:58:06,528 ] 85 root - INFO -  Hypothesis eb_000:float64,float64
[ 2023-04-27 12:58:06,537 ] 85 root - INFO -  Hypothesis ec_00:float64,float64
[ 2023-04-27 12:58:06,547 ] 85 root - INFO -  Hypothesis ed_000:float64,float64
[ 2023-04-27 12:58:06,556 ] 85 root - INFO -  Hypothesis ee_000:float64,float64
[ 2023-04-27 12:58:06,567 ] 85 root - INFO -  Hypothesis ee_001:float64,float64
[ 2023-04-27 12:58:06,578 ] 85 root - INFO -  Hypothesis ee_002:float64,float64
[ 2023-04-27 12:58:06,588 ] 85 root - INFO -  Hypothesis ee_003:float64,float64
[ 2023-04-27 12:58:06,598 ] 85 root - INFO -  Hypothesis ee_004:float64,float64
[ 2023-04-27 12:58:06,609 ] 85 root - INFO -  Hypothesis ee_005:float64,float64
[ 2023-04-27 12:58:06,619 ] 85 root - INFO -  Hypothesis ee_006:float64,float64
[ 2023-04-27 12:58:06,630 ] 85 root - INFO -  Hypothesis ee_007:float64,float64
[ 2023-04-27 12:58:06,639 ] 85 root - INFO -  Hypothesis ee_008:float64,float64
[ 2023-04-27 12:58:06,649 ] 85 root - INFO -  Hypothesis ee_009:float64,float64
[ 2023-04-27 12:58:06,656 ] 85 root - INFO -  Hypothesis ef_000:float64,float64
[ 2023-04-27 12:58:06,695 ] 85 root - INFO -  Hypothesis eg_000:float64,float64
[ 2023-04-27 12:58:06,732 ] 146 root - INFO - as all column are available in test hence detecting data drift
[ 2023-04-27 12:58:06,732 ] 85 root - INFO -  Hypothesis class:object,object
[ 2023-04-27 12:58:06,808 ] 85 root - INFO -  Hypothesis aa_000:float64,float64
[ 2023-04-27 12:58:06,816 ] 85 root - INFO -  Hypothesis ac_000:float64,float64
[ 2023-04-27 12:58:06,822 ] 85 root - INFO -  Hypothesis ae_000:float64,float64
[ 2023-04-27 12:58:06,838 ] 85 root - INFO -  Hypothesis af_000:float64,float64
[ 2023-04-27 12:58:06,855 ] 85 root - INFO -  Hypothesis ag_000:float64,float64
[ 2023-04-27 12:58:06,870 ] 85 root - INFO -  Hypothesis ag_001:float64,float64
[ 2023-04-27 12:58:06,887 ] 85 root - INFO -  Hypothesis ag_002:float64,float64
[ 2023-04-27 12:58:06,904 ] 85 root - INFO -  Hypothesis ag_003:float64,float64
[ 2023-04-27 12:58:06,908 ] 85 root - INFO -  Hypothesis ag_004:float64,float64
[ 2023-04-27 12:58:06,915 ] 85 root - INFO -  Hypothesis ag_005:float64,float64
[ 2023-04-27 12:58:06,923 ] 85 root - INFO -  Hypothesis ag_006:float64,float64
[ 2023-04-27 12:58:06,930 ] 85 root - INFO -  Hypothesis ag_007:float64,float64
[ 2023-04-27 12:58:06,936 ] 85 root - INFO -  Hypothesis ag_008:float64,float64
[ 2023-04-27 12:58:06,942 ] 85 root - INFO -  Hypothesis ag_009:float64,float64
[ 2023-04-27 12:58:06,947 ] 85 root - INFO -  Hypothesis ah_000:float64,float64
[ 2023-04-27 12:58:06,954 ] 85 root - INFO -  Hypothesis ai_000:float64,float64
[ 2023-04-27 12:58:06,958 ] 85 root - INFO -  Hypothesis aj_000:float64,float64
[ 2023-04-27 12:58:06,962 ] 85 root - INFO -  Hypothesis ak_000:float64,float64
[ 2023-04-27 12:58:06,978 ] 85 root - INFO -  Hypothesis al_000:float64,float64
[ 2023-04-27 12:58:06,983 ] 85 root - INFO -  Hypothesis am_0:float64,float64
[ 2023-04-27 12:58:06,988 ] 85 root - INFO -  Hypothesis an_000:float64,float64
[ 2023-04-27 12:58:06,995 ] 85 root - INFO -  Hypothesis ao_000:float64,float64
[ 2023-04-27 12:58:07,002 ] 85 root - INFO -  Hypothesis ap_000:float64,float64
[ 2023-04-27 12:58:07,009 ] 85 root - INFO -  Hypothesis aq_000:float64,float64
[ 2023-04-27 12:58:07,016 ] 85 root - INFO -  Hypothesis ar_000:float64,float64
[ 2023-04-27 12:58:07,032 ] 85 root - INFO -  Hypothesis as_000:float64,float64
[ 2023-04-27 12:58:07,047 ] 85 root - INFO -  Hypothesis at_000:float64,float64
[ 2023-04-27 12:58:07,050 ] 85 root - INFO -  Hypothesis au_000:float64,float64
[ 2023-04-27 12:58:07,065 ] 85 root - INFO -  Hypothesis av_000:float64,float64
[ 2023-04-27 12:58:07,071 ] 85 root - INFO -  Hypothesis ax_000:float64,float64
[ 2023-04-27 12:58:07,076 ] 85 root - INFO -  Hypothesis ay_000:float64,float64
[ 2023-04-27 12:58:07,091 ] 85 root - INFO -  Hypothesis ay_001:float64,float64
[ 2023-04-27 12:58:07,108 ] 85 root - INFO -  Hypothesis ay_002:float64,float64
[ 2023-04-27 12:58:07,123 ] 85 root - INFO -  Hypothesis ay_003:float64,float64
[ 2023-04-27 12:58:07,138 ] 85 root - INFO -  Hypothesis ay_004:float64,float64
[ 2023-04-27 12:58:07,154 ] 85 root - INFO -  Hypothesis ay_005:float64,float64
[ 2023-04-27 12:58:07,159 ] 85 root - INFO -  Hypothesis ay_006:float64,float64
[ 2023-04-27 12:58:07,166 ] 85 root - INFO -  Hypothesis ay_007:float64,float64
[ 2023-04-27 12:58:07,172 ] 85 root - INFO -  Hypothesis ay_008:float64,float64
[ 2023-04-27 12:58:07,179 ] 85 root - INFO -  Hypothesis ay_009:float64,float64
[ 2023-04-27 12:58:07,194 ] 85 root - INFO -  Hypothesis az_000:float64,float64
[ 2023-04-27 12:58:07,201 ] 85 root - INFO -  Hypothesis az_001:float64,float64
[ 2023-04-27 12:58:07,207 ] 85 root - INFO -  Hypothesis az_002:float64,float64
[ 2023-04-27 12:58:07,213 ] 85 root - INFO -  Hypothesis az_003:float64,float64
[ 2023-04-27 12:58:07,220 ] 85 root - INFO -  Hypothesis az_004:float64,float64
[ 2023-04-27 12:58:07,227 ] 85 root - INFO -  Hypothesis az_005:float64,float64
[ 2023-04-27 12:58:07,234 ] 85 root - INFO -  Hypothesis az_006:float64,float64
[ 2023-04-27 12:58:07,240 ] 85 root - INFO -  Hypothesis az_007:float64,float64
[ 2023-04-27 12:58:07,244 ] 85 root - INFO -  Hypothesis az_008:float64,float64
[ 2023-04-27 12:58:07,248 ] 85 root - INFO -  Hypothesis az_009:float64,float64
[ 2023-04-27 12:58:07,264 ] 85 root - INFO -  Hypothesis ba_000:float64,float64
[ 2023-04-27 12:58:07,271 ] 85 root - INFO -  Hypothesis ba_001:float64,float64
[ 2023-04-27 12:58:07,278 ] 85 root - INFO -  Hypothesis ba_002:float64,float64
[ 2023-04-27 12:58:07,285 ] 85 root - INFO -  Hypothesis ba_003:float64,float64
[ 2023-04-27 12:58:07,292 ] 85 root - INFO -  Hypothesis ba_004:float64,float64
[ 2023-04-27 12:58:07,299 ] 85 root - INFO -  Hypothesis ba_005:float64,float64
[ 2023-04-27 12:58:07,305 ] 85 root - INFO -  Hypothesis ba_006:float64,float64
[ 2023-04-27 12:58:07,312 ] 85 root - INFO -  Hypothesis ba_007:float64,float64
[ 2023-04-27 12:58:07,318 ] 85 root - INFO -  Hypothesis ba_008:float64,float64
[ 2023-04-27 12:58:07,324 ] 85 root - INFO -  Hypothesis ba_009:float64,float64
[ 2023-04-27 12:58:07,328 ] 85 root - INFO -  Hypothesis bb_000:float64,float64
[ 2023-04-27 12:58:07,335 ] 85 root - INFO -  Hypothesis bc_000:float64,float64
[ 2023-04-27 12:58:07,341 ] 85 root - INFO -  Hypothesis bd_000:float64,float64
[ 2023-04-27 12:58:07,346 ] 85 root - INFO -  Hypothesis be_000:float64,float64
[ 2023-04-27 12:58:07,352 ] 85 root - INFO -  Hypothesis bf_000:float64,float64
[ 2023-04-27 12:58:07,357 ] 85 root - INFO -  Hypothesis bg_000:float64,float64
[ 2023-04-27 12:58:07,364 ] 85 root - INFO -  Hypothesis bh_000:float64,float64
[ 2023-04-27 12:58:07,371 ] 85 root - INFO -  Hypothesis bi_000:float64,float64
[ 2023-04-27 12:58:07,378 ] 85 root - INFO -  Hypothesis bj_000:float64,float64
[ 2023-04-27 12:58:07,385 ] 85 root - INFO -  Hypothesis bs_000:float64,float64
[ 2023-04-27 12:58:07,392 ] 85 root - INFO -  Hypothesis bt_000:float64,float64
[ 2023-04-27 12:58:07,399 ] 85 root - INFO -  Hypothesis bu_000:float64,float64
[ 2023-04-27 12:58:07,406 ] 85 root - INFO -  Hypothesis bv_000:float64,float64
[ 2023-04-27 12:58:07,413 ] 85 root - INFO -  Hypothesis bx_000:float64,float64
[ 2023-04-27 12:58:07,420 ] 85 root - INFO -  Hypothesis by_000:float64,float64
[ 2023-04-27 12:58:07,427 ] 85 root - INFO -  Hypothesis bz_000:float64,float64
[ 2023-04-27 12:58:07,433 ] 85 root - INFO -  Hypothesis ca_000:float64,float64
[ 2023-04-27 12:58:07,439 ] 85 root - INFO -  Hypothesis cb_000:float64,float64
[ 2023-04-27 12:58:07,447 ] 85 root - INFO -  Hypothesis cc_000:float64,float64
[ 2023-04-27 12:58:07,457 ] 85 root - INFO -  Hypothesis cd_000:float64,float64
[ 2023-04-27 12:58:07,472 ] 85 root - INFO -  Hypothesis ce_000:float64,float64
[ 2023-04-27 12:58:07,478 ] 85 root - INFO -  Hypothesis ci_000:float64,float64
[ 2023-04-27 12:58:07,486 ] 85 root - INFO -  Hypothesis cj_000:float64,float64
[ 2023-04-27 12:58:07,490 ] 85 root - INFO -  Hypothesis ck_000:float64,float64
[ 2023-04-27 12:58:07,497 ] 85 root - INFO -  Hypothesis cl_000:float64,float64
[ 2023-04-27 12:58:07,501 ] 85 root - INFO -  Hypothesis cm_000:float64,float64
[ 2023-04-27 12:58:07,506 ] 85 root - INFO -  Hypothesis cn_000:float64,float64
[ 2023-04-27 12:58:07,522 ] 85 root - INFO -  Hypothesis cn_001:float64,float64
[ 2023-04-27 12:58:07,527 ] 85 root - INFO -  Hypothesis cn_002:float64,float64
[ 2023-04-27 12:58:07,533 ] 85 root - INFO -  Hypothesis cn_003:float64,float64
[ 2023-04-27 12:58:07,540 ] 85 root - INFO -  Hypothesis cn_004:float64,float64
[ 2023-04-27 12:58:07,548 ] 85 root - INFO -  Hypothesis cn_005:float64,float64
[ 2023-04-27 12:58:07,555 ] 85 root - INFO -  Hypothesis cn_006:float64,float64
[ 2023-04-27 12:58:07,562 ] 85 root - INFO -  Hypothesis cn_007:float64,float64
[ 2023-04-27 12:58:07,569 ] 85 root - INFO -  Hypothesis cn_008:float64,float64
[ 2023-04-27 12:58:07,575 ] 85 root - INFO -  Hypothesis cn_009:float64,float64
[ 2023-04-27 12:58:07,580 ] 85 root - INFO -  Hypothesis cp_000:float64,float64
[ 2023-04-27 12:58:07,586 ] 85 root - INFO -  Hypothesis cq_000:float64,float64
[ 2023-04-27 12:58:07,593 ] 85 root - INFO -  Hypothesis cs_000:float64,float64
[ 2023-04-27 12:58:07,600 ] 85 root - INFO -  Hypothesis cs_001:float64,float64
[ 2023-04-27 12:58:07,606 ] 85 root - INFO -  Hypothesis cs_002:float64,float64
[ 2023-04-27 12:58:07,613 ] 85 root - INFO -  Hypothesis cs_003:float64,float64
[ 2023-04-27 12:58:07,621 ] 85 root - INFO -  Hypothesis cs_004:float64,float64
[ 2023-04-27 12:58:07,628 ] 85 root - INFO -  Hypothesis cs_005:float64,float64
[ 2023-04-27 12:58:07,635 ] 85 root - INFO -  Hypothesis cs_006:float64,float64
[ 2023-04-27 12:58:07,642 ] 85 root - INFO -  Hypothesis cs_007:float64,float64
[ 2023-04-27 12:58:07,650 ] 85 root - INFO -  Hypothesis cs_008:float64,float64
[ 2023-04-27 12:58:07,655 ] 85 root - INFO -  Hypothesis cs_009:float64,float64
[ 2023-04-27 12:58:07,671 ] 85 root - INFO -  Hypothesis dd_000:float64,float64
[ 2023-04-27 12:58:07,677 ] 85 root - INFO -  Hypothesis de_000:float64,float64
[ 2023-04-27 12:58:07,683 ] 85 root - INFO -  Hypothesis df_000:float64,float64
[ 2023-04-27 12:58:07,699 ] 85 root - INFO -  Hypothesis dg_000:float64,float64
[ 2023-04-27 12:58:07,714 ] 85 root - INFO -  Hypothesis dh_000:float64,float64
[ 2023-04-27 12:58:07,730 ] 85 root - INFO -  Hypothesis di_000:float64,float64
[ 2023-04-27 12:58:07,735 ] 85 root - INFO -  Hypothesis dj_000:float64,float64
[ 2023-04-27 12:58:07,750 ] 85 root - INFO -  Hypothesis dk_000:float64,float64
[ 2023-04-27 12:58:07,766 ] 85 root - INFO -  Hypothesis dl_000:float64,float64
[ 2023-04-27 12:58:07,781 ] 85 root - INFO -  Hypothesis dm_000:float64,float64
[ 2023-04-27 12:58:07,797 ] 85 root - INFO -  Hypothesis dn_000:float64,float64
[ 2023-04-27 12:58:07,804 ] 85 root - INFO -  Hypothesis do_000:float64,float64
[ 2023-04-27 12:58:07,810 ] 85 root - INFO -  Hypothesis dp_000:float64,float64
[ 2023-04-27 12:58:07,816 ] 85 root - INFO -  Hypothesis dq_000:float64,float64
[ 2023-04-27 12:58:07,821 ] 85 root - INFO -  Hypothesis dr_000:float64,float64
[ 2023-04-27 12:58:07,825 ] 85 root - INFO -  Hypothesis ds_000:float64,float64
[ 2023-04-27 12:58:07,832 ] 85 root - INFO -  Hypothesis dt_000:float64,float64
[ 2023-04-27 12:58:07,839 ] 85 root - INFO -  Hypothesis du_000:float64,float64
[ 2023-04-27 12:58:07,846 ] 85 root - INFO -  Hypothesis dv_000:float64,float64
[ 2023-04-27 12:58:07,853 ] 85 root - INFO -  Hypothesis dx_000:float64,float64
[ 2023-04-27 12:58:07,858 ] 85 root - INFO -  Hypothesis dy_000:float64,float64
[ 2023-04-27 12:58:07,864 ] 85 root - INFO -  Hypothesis dz_000:float64,float64
[ 2023-04-27 12:58:07,880 ] 85 root - INFO -  Hypothesis ea_000:float64,float64
[ 2023-04-27 12:58:07,896 ] 85 root - INFO -  Hypothesis eb_000:float64,float64
[ 2023-04-27 12:58:07,902 ] 85 root - INFO -  Hypothesis ec_00:float64,float64
[ 2023-04-27 12:58:07,909 ] 85 root - INFO -  Hypothesis ed_000:float64,float64
[ 2023-04-27 12:58:07,915 ] 85 root - INFO -  Hypothesis ee_000:float64,float64
[ 2023-04-27 12:58:07,923 ] 85 root - INFO -  Hypothesis ee_001:float64,float64
[ 2023-04-27 12:58:07,930 ] 85 root - INFO -  Hypothesis ee_002:float64,float64
[ 2023-04-27 12:58:07,937 ] 85 root - INFO -  Hypothesis ee_003:float64,float64
[ 2023-04-27 12:58:07,944 ] 85 root - INFO -  Hypothesis ee_004:float64,float64
[ 2023-04-27 12:58:07,951 ] 85 root - INFO -  Hypothesis ee_005:float64,float64
[ 2023-04-27 12:58:07,958 ] 85 root - INFO -  Hypothesis ee_006:float64,float64
[ 2023-04-27 12:58:07,965 ] 85 root - INFO -  Hypothesis ee_007:float64,float64
[ 2023-04-27 12:58:07,972 ] 85 root - INFO -  Hypothesis ee_008:float64,float64
[ 2023-04-27 12:58:07,978 ] 85 root - INFO -  Hypothesis ee_009:float64,float64
[ 2023-04-27 12:58:07,983 ] 85 root - INFO -  Hypothesis ef_000:float64,float64
[ 2023-04-27 12:58:07,998 ] 85 root - INFO -  Hypothesis eg_000:float64,float64
[ 2023-04-27 12:58:08,014 ] 150 root - INFO - writing report in yaml file
