[ 2023-04-28 21:44:09,350 ] 15 root - INFO - >>>>>>>>>>>>>>>>>>>>>>>>>>>>>>>>>>>>>>>> Data Ingestion <<<<<<<<<<<<<<<<<<<<<<<<<<<<<<<<<<<<<<<<
[ 2023-04-28 21:44:09,350 ] 22 root - INFO - Exporting collection data as pandas dataframe
[ 2023-04-28 21:44:09,350 ] 21 root - INFO - Reading data from database:aps and collection sensor
[ 2023-04-28 21:44:17,777 ] 23 root - INFO - Found columns:Index(['_id', 'class', 'aa_000', 'ab_000', 'ac_000', 'ad_000', 'ae_000',
       'af_000', 'ag_000', 'ag_001',
       ...
       'ee_002', 'ee_003', 'ee_004', 'ee_005', 'ee_006', 'ee_007', 'ee_008',
       'ee_009', 'ef_000', 'eg_000'],
      dtype='object', length=172)
[ 2023-04-28 21:44:17,778 ] 25 root - INFO - dropping column :_id
[ 2023-04-28 21:44:18,560 ] 27 root - INFO - row and col in df:(36188, 171)
[ 2023-04-28 21:44:18,562 ] 28 root - INFO - Save data in feature store
[ 2023-04-28 21:44:21,986 ] 32 root - INFO - Create feature store folder if not available
[ 2023-04-28 21:44:21,988 ] 38 root - INFO - Save df to feature store folder
[ 2023-04-28 21:44:25,583 ] 42 root - INFO - split dataset into train and test set
[ 2023-04-28 21:44:26,508 ] 46 root - INFO - create dataset directory folder if not available
[ 2023-04-28 21:44:26,509 ] 51 root - INFO - Save df to feature store folder
[ 2023-04-28 21:44:30,253 ] 63 root - INFO - Data ingestion artifact: DataIngestionArtifact(feature_store_file_path='/config/workspace/artifact/04282023__214409/data_ingestion/feature_store/sensor.csv', train_file_path='/config/workspace/artifact/04282023__214409/data_ingestion/dataset/train.csv', test_file_path='/config/workspace/artifact/04282023__214409/data_ingestion/dataset/test.csv')
[ 2023-04-28 21:44:31,388 ] 18 root - INFO - >>>>>>>>>>>>>>>>>>>>>>>>>>>>>>>>>>>>>>>> Data Validation <<<<<<<<<<<<<<<<<<<<<<<<<<<<<<<<<<<<<<<<
[ 2023-04-28 21:44:31,389 ] 113 root - INFO - Reading base dataframe
[ 2023-04-28 21:44:36,004 ] 116 root - INFO - Replace na values in dataframe
[ 2023-04-28 21:44:36,005 ] 119 root - INFO - drop null values from base dataframe
[ 2023-04-28 21:44:36,371 ] 40 root - INFO - selecting column name which contains null above to 0.2
[ 2023-04-28 21:44:36,372 ] 43 root - INFO - columns to drop: ['ab_000', 'ad_000', 'bk_000', 'bl_000', 'bm_000', 'bn_000', 'bo_000', 'bp_000', 'bq_000', 'br_000', 'cf_000', 'cg_000', 'ch_000', 'co_000', 'cr_000', 'ct_000', 'cu_000', 'cv_000', 'cx_000', 'cy_000', 'cz_000', 'da_000', 'db_000', 'dc_000']
[ 2023-04-28 21:44:36,515 ] 122 root - INFO - Reading train dataframe
[ 2023-04-28 21:44:37,158 ] 124 root - INFO - Reading test dataframe
[ 2023-04-28 21:44:37,324 ] 127 root - INFO - drop null values from train dataframe
[ 2023-04-28 21:44:37,339 ] 40 root - INFO - selecting column name which contains null above to 0.2
[ 2023-04-28 21:44:37,340 ] 43 root - INFO - columns to drop: ['ab_000', 'ad_000', 'bk_000', 'bl_000', 'bm_000', 'bn_000', 'bo_000', 'bp_000', 'bq_000', 'br_000', 'cf_000', 'cg_000', 'ch_000', 'co_000', 'cr_000', 'ct_000', 'cu_000', 'cv_000', 'cx_000', 'cy_000', 'cz_000', 'da_000', 'db_000', 'dc_000']
[ 2023-04-28 21:44:37,359 ] 129 root - INFO - drop null values from test dataframe
[ 2023-04-28 21:44:37,365 ] 40 root - INFO - selecting column name which contains null above to 0.2
[ 2023-04-28 21:44:37,366 ] 43 root - INFO - columns to drop: ['ab_000', 'ad_000', 'bk_000', 'bl_000', 'bm_000', 'bn_000', 'bo_000', 'bp_000', 'bq_000', 'br_000', 'cf_000', 'cg_000', 'ch_000', 'co_000', 'cr_000', 'ct_000', 'cu_000', 'cv_000', 'cx_000', 'cy_000', 'cz_000', 'da_000', 'db_000', 'dc_000']
[ 2023-04-28 21:44:38,791 ] 139 root - INFO - is all required columns present in train df 
[ 2023-04-28 21:44:38,792 ] 141 root - INFO - is all required columns present in test df 
[ 2023-04-28 21:44:38,792 ] 145 root - INFO - as all column are available in train hence detecting data drift
[ 2023-04-28 21:44:38,793 ] 87 root - INFO -  Hypothesis class:object,object
[ 2023-04-28 21:44:38,992 ] 87 root - INFO -  Hypothesis aa_000:float64,float64
[ 2023-04-28 21:44:39,006 ] 87 root - INFO -  Hypothesis ac_000:float64,float64
[ 2023-04-28 21:44:39,018 ] 87 root - INFO -  Hypothesis ae_000:float64,float64
[ 2023-04-28 21:44:39,069 ] 87 root - INFO -  Hypothesis af_000:float64,float64
[ 2023-04-28 21:44:39,119 ] 87 root - INFO -  Hypothesis ag_000:float64,float64
[ 2023-04-28 21:44:39,168 ] 87 root - INFO -  Hypothesis ag_001:float64,float64
[ 2023-04-28 21:44:39,217 ] 87 root - INFO -  Hypothesis ag_002:float64,float64
[ 2023-04-28 21:44:39,267 ] 87 root - INFO -  Hypothesis ag_003:float64,float64
[ 2023-04-28 21:44:39,320 ] 87 root - INFO -  Hypothesis ag_004:float64,float64
[ 2023-04-28 21:44:39,335 ] 87 root - INFO -  Hypothesis ag_005:float64,float64
[ 2023-04-28 21:44:39,349 ] 87 root - INFO -  Hypothesis ag_006:float64,float64
[ 2023-04-28 21:44:39,364 ] 87 root - INFO -  Hypothesis ag_007:float64,float64
[ 2023-04-28 21:44:39,378 ] 87 root - INFO -  Hypothesis ag_008:float64,float64
[ 2023-04-28 21:44:39,435 ] 87 root - INFO -  Hypothesis ag_009:float64,float64
[ 2023-04-28 21:44:39,446 ] 87 root - INFO -  Hypothesis ah_000:float64,float64
[ 2023-04-28 21:44:39,461 ] 87 root - INFO -  Hypothesis ai_000:float64,float64
[ 2023-04-28 21:44:39,513 ] 87 root - INFO -  Hypothesis aj_000:float64,float64
[ 2023-04-28 21:44:39,523 ] 87 root - INFO -  Hypothesis ak_000:float64,float64
[ 2023-04-28 21:44:39,573 ] 87 root - INFO -  Hypothesis al_000:float64,float64
[ 2023-04-28 21:44:39,633 ] 87 root - INFO -  Hypothesis am_0:float64,float64
[ 2023-04-28 21:44:39,687 ] 87 root - INFO -  Hypothesis an_000:float64,float64
[ 2023-04-28 21:44:39,702 ] 87 root - INFO -  Hypothesis ao_000:float64,float64
[ 2023-04-28 21:44:39,717 ] 87 root - INFO -  Hypothesis ap_000:float64,float64
[ 2023-04-28 21:44:39,732 ] 87 root - INFO -  Hypothesis aq_000:float64,float64
[ 2023-04-28 21:44:39,747 ] 87 root - INFO -  Hypothesis ar_000:float64,float64
[ 2023-04-28 21:44:39,795 ] 87 root - INFO -  Hypothesis as_000:float64,float64
[ 2023-04-28 21:44:39,844 ] 87 root - INFO -  Hypothesis at_000:float64,float64
[ 2023-04-28 21:44:39,896 ] 87 root - INFO -  Hypothesis au_000:float64,float64
[ 2023-04-28 21:44:39,945 ] 87 root - INFO -  Hypothesis av_000:float64,float64
[ 2023-04-28 21:44:40,000 ] 87 root - INFO -  Hypothesis ax_000:float64,float64
[ 2023-04-28 21:44:40,055 ] 87 root - INFO -  Hypothesis ay_000:float64,float64
[ 2023-04-28 21:44:40,103 ] 87 root - INFO -  Hypothesis ay_001:float64,float64
[ 2023-04-28 21:44:40,152 ] 87 root - INFO -  Hypothesis ay_002:float64,float64
[ 2023-04-28 21:44:40,202 ] 87 root - INFO -  Hypothesis ay_003:float64,float64
[ 2023-04-28 21:44:40,252 ] 87 root - INFO -  Hypothesis ay_004:float64,float64
[ 2023-04-28 21:44:40,300 ] 87 root - INFO -  Hypothesis ay_005:float64,float64
[ 2023-04-28 21:44:40,352 ] 87 root - INFO -  Hypothesis ay_006:float64,float64
[ 2023-04-28 21:44:40,365 ] 87 root - INFO -  Hypothesis ay_007:float64,float64
[ 2023-04-28 21:44:40,380 ] 87 root - INFO -  Hypothesis ay_008:float64,float64
[ 2023-04-28 21:44:40,394 ] 87 root - INFO -  Hypothesis ay_009:float64,float64
[ 2023-04-28 21:44:40,444 ] 87 root - INFO -  Hypothesis az_000:float64,float64
[ 2023-04-28 21:44:40,458 ] 87 root - INFO -  Hypothesis az_001:float64,float64
[ 2023-04-28 21:44:40,472 ] 87 root - INFO -  Hypothesis az_002:float64,float64
[ 2023-04-28 21:44:40,529 ] 87 root - INFO -  Hypothesis az_003:float64,float64
[ 2023-04-28 21:44:40,544 ] 87 root - INFO -  Hypothesis az_004:float64,float64
[ 2023-04-28 21:44:40,559 ] 87 root - INFO -  Hypothesis az_005:float64,float64
[ 2023-04-28 21:44:40,574 ] 87 root - INFO -  Hypothesis az_006:float64,float64
[ 2023-04-28 21:44:40,630 ] 87 root - INFO -  Hypothesis az_007:float64,float64
[ 2023-04-28 21:44:40,683 ] 87 root - INFO -  Hypothesis az_008:float64,float64
[ 2023-04-28 21:44:40,732 ] 87 root - INFO -  Hypothesis az_009:float64,float64
[ 2023-04-28 21:44:40,781 ] 87 root - INFO -  Hypothesis ba_000:float64,float64
[ 2023-04-28 21:44:40,839 ] 87 root - INFO -  Hypothesis ba_001:float64,float64
[ 2023-04-28 21:44:40,853 ] 87 root - INFO -  Hypothesis ba_002:float64,float64
[ 2023-04-28 21:44:40,868 ] 87 root - INFO -  Hypothesis ba_003:float64,float64
[ 2023-04-28 21:44:40,883 ] 87 root - INFO -  Hypothesis ba_004:float64,float64
[ 2023-04-28 21:44:40,897 ] 87 root - INFO -  Hypothesis ba_005:float64,float64
[ 2023-04-28 21:44:40,953 ] 87 root - INFO -  Hypothesis ba_006:float64,float64
[ 2023-04-28 21:44:40,968 ] 87 root - INFO -  Hypothesis ba_007:float64,float64
[ 2023-04-28 21:44:40,982 ] 87 root - INFO -  Hypothesis ba_008:float64,float64
[ 2023-04-28 21:44:40,994 ] 87 root - INFO -  Hypothesis ba_009:float64,float64
[ 2023-04-28 21:44:41,014 ] 87 root - INFO -  Hypothesis bb_000:float64,float64
[ 2023-04-28 21:44:41,028 ] 87 root - INFO -  Hypothesis bc_000:float64,float64
[ 2023-04-28 21:44:41,040 ] 87 root - INFO -  Hypothesis bd_000:float64,float64
[ 2023-04-28 21:44:41,053 ] 87 root - INFO -  Hypothesis be_000:float64,float64
[ 2023-04-28 21:44:41,066 ] 87 root - INFO -  Hypothesis bf_000:float64,float64
[ 2023-04-28 21:44:41,119 ] 87 root - INFO -  Hypothesis bg_000:float64,float64
[ 2023-04-28 21:44:41,134 ] 87 root - INFO -  Hypothesis bh_000:float64,float64
[ 2023-04-28 21:44:41,193 ] 87 root - INFO -  Hypothesis bi_000:float64,float64
[ 2023-04-28 21:44:41,208 ] 87 root - INFO -  Hypothesis bj_000:float64,float64
[ 2023-04-28 21:44:41,223 ] 87 root - INFO -  Hypothesis bs_000:float64,float64
[ 2023-04-28 21:44:41,280 ] 87 root - INFO -  Hypothesis bt_000:float64,float64
[ 2023-04-28 21:44:41,294 ] 87 root - INFO -  Hypothesis bu_000:float64,float64
[ 2023-04-28 21:44:41,309 ] 87 root - INFO -  Hypothesis bv_000:float64,float64
[ 2023-04-28 21:44:41,324 ] 87 root - INFO -  Hypothesis bx_000:float64,float64
[ 2023-04-28 21:44:41,338 ] 87 root - INFO -  Hypothesis by_000:float64,float64
[ 2023-04-28 21:44:41,396 ] 87 root - INFO -  Hypothesis bz_000:float64,float64
[ 2023-04-28 21:44:41,452 ] 87 root - INFO -  Hypothesis ca_000:float64,float64
[ 2023-04-28 21:44:41,467 ] 87 root - INFO -  Hypothesis cb_000:float64,float64
[ 2023-04-28 21:44:41,482 ] 87 root - INFO -  Hypothesis cc_000:float64,float64
[ 2023-04-28 21:44:41,497 ] 87 root - INFO -  Hypothesis cd_000:float64,float64
[ 2023-04-28 21:44:41,506 ] 87 root - INFO -  Hypothesis ce_000:float64,float64
[ 2023-04-28 21:44:41,563 ] 87 root - INFO -  Hypothesis ci_000:float64,float64
[ 2023-04-28 21:44:41,578 ] 87 root - INFO -  Hypothesis cj_000:float64,float64
[ 2023-04-28 21:44:41,588 ] 87 root - INFO -  Hypothesis ck_000:float64,float64
[ 2023-04-28 21:44:41,603 ] 87 root - INFO -  Hypothesis cl_000:float64,float64
[ 2023-04-28 21:44:41,653 ] 87 root - INFO -  Hypothesis cm_000:float64,float64
[ 2023-04-28 21:44:41,665 ] 87 root - INFO -  Hypothesis cn_000:float64,float64
[ 2023-04-28 21:44:41,714 ] 87 root - INFO -  Hypothesis cn_001:float64,float64
[ 2023-04-28 21:44:41,768 ] 87 root - INFO -  Hypothesis cn_002:float64,float64
[ 2023-04-28 21:44:41,780 ] 87 root - INFO -  Hypothesis cn_003:float64,float64
[ 2023-04-28 21:44:41,838 ] 87 root - INFO -  Hypothesis cn_004:float64,float64
[ 2023-04-28 21:44:41,853 ] 87 root - INFO -  Hypothesis cn_005:float64,float64
[ 2023-04-28 21:44:41,868 ] 87 root - INFO -  Hypothesis cn_006:float64,float64
[ 2023-04-28 21:44:41,882 ] 87 root - INFO -  Hypothesis cn_007:float64,float64
[ 2023-04-28 21:44:41,896 ] 87 root - INFO -  Hypothesis cn_008:float64,float64
[ 2023-04-28 21:44:41,909 ] 87 root - INFO -  Hypothesis cn_009:float64,float64
[ 2023-04-28 21:44:41,921 ] 87 root - INFO -  Hypothesis cp_000:float64,float64
[ 2023-04-28 21:44:41,933 ] 87 root - INFO -  Hypothesis cq_000:float64,float64
[ 2023-04-28 21:44:41,948 ] 87 root - INFO -  Hypothesis cs_000:float64,float64
[ 2023-04-28 21:44:41,963 ] 87 root - INFO -  Hypothesis cs_001:float64,float64
[ 2023-04-28 21:44:41,976 ] 87 root - INFO -  Hypothesis cs_002:float64,float64
[ 2023-04-28 21:44:41,990 ] 87 root - INFO -  Hypothesis cs_003:float64,float64
[ 2023-04-28 21:44:42,005 ] 87 root - INFO -  Hypothesis cs_004:float64,float64
[ 2023-04-28 21:44:42,020 ] 87 root - INFO -  Hypothesis cs_005:float64,float64
[ 2023-04-28 21:44:42,035 ] 87 root - INFO -  Hypothesis cs_006:float64,float64
[ 2023-04-28 21:44:42,050 ] 87 root - INFO -  Hypothesis cs_007:float64,float64
[ 2023-04-28 21:44:42,106 ] 87 root - INFO -  Hypothesis cs_008:float64,float64
[ 2023-04-28 21:44:42,160 ] 87 root - INFO -  Hypothesis cs_009:float64,float64
[ 2023-04-28 21:44:42,210 ] 87 root - INFO -  Hypothesis dd_000:float64,float64
[ 2023-04-28 21:44:42,267 ] 87 root - INFO -  Hypothesis de_000:float64,float64
[ 2023-04-28 21:44:42,280 ] 87 root - INFO -  Hypothesis df_000:float64,float64
[ 2023-04-28 21:44:42,330 ] 87 root - INFO -  Hypothesis dg_000:float64,float64
[ 2023-04-28 21:44:42,381 ] 87 root - INFO -  Hypothesis dh_000:float64,float64
[ 2023-04-28 21:44:42,432 ] 87 root - INFO -  Hypothesis di_000:float64,float64
[ 2023-04-28 21:44:42,442 ] 87 root - INFO -  Hypothesis dj_000:float64,float64
[ 2023-04-28 21:44:42,493 ] 87 root - INFO -  Hypothesis dk_000:float64,float64
[ 2023-04-28 21:44:42,542 ] 87 root - INFO -  Hypothesis dl_000:float64,float64
[ 2023-04-28 21:44:42,592 ] 87 root - INFO -  Hypothesis dm_000:float64,float64
[ 2023-04-28 21:44:42,645 ] 87 root - INFO -  Hypothesis dn_000:float64,float64
[ 2023-04-28 21:44:42,660 ] 87 root - INFO -  Hypothesis do_000:float64,float64
[ 2023-04-28 21:44:42,674 ] 87 root - INFO -  Hypothesis dp_000:float64,float64
[ 2023-04-28 21:44:42,688 ] 87 root - INFO -  Hypothesis dq_000:float64,float64
[ 2023-04-28 21:44:42,741 ] 87 root - INFO -  Hypothesis dr_000:float64,float64
[ 2023-04-28 21:44:42,794 ] 87 root - INFO -  Hypothesis ds_000:float64,float64
[ 2023-04-28 21:44:42,851 ] 87 root - INFO -  Hypothesis dt_000:float64,float64
[ 2023-04-28 21:44:42,908 ] 87 root - INFO -  Hypothesis du_000:float64,float64
[ 2023-04-28 21:44:42,965 ] 87 root - INFO -  Hypothesis dv_000:float64,float64
[ 2023-04-28 21:44:43,021 ] 87 root - INFO -  Hypothesis dx_000:float64,float64
[ 2023-04-28 21:44:43,075 ] 87 root - INFO -  Hypothesis dy_000:float64,float64
[ 2023-04-28 21:44:43,128 ] 87 root - INFO -  Hypothesis dz_000:float64,float64
[ 2023-04-28 21:44:43,178 ] 87 root - INFO -  Hypothesis ea_000:float64,float64
[ 2023-04-28 21:44:43,228 ] 87 root - INFO -  Hypothesis eb_000:float64,float64
[ 2023-04-28 21:44:43,241 ] 87 root - INFO -  Hypothesis ec_00:float64,float64
[ 2023-04-28 21:44:43,255 ] 87 root - INFO -  Hypothesis ed_000:float64,float64
[ 2023-04-28 21:44:43,268 ] 87 root - INFO -  Hypothesis ee_000:float64,float64
[ 2023-04-28 21:44:43,282 ] 87 root - INFO -  Hypothesis ee_001:float64,float64
[ 2023-04-28 21:44:43,297 ] 87 root - INFO -  Hypothesis ee_002:float64,float64
[ 2023-04-28 21:44:43,312 ] 87 root - INFO -  Hypothesis ee_003:float64,float64
[ 2023-04-28 21:44:43,326 ] 87 root - INFO -  Hypothesis ee_004:float64,float64
[ 2023-04-28 21:44:43,341 ] 87 root - INFO -  Hypothesis ee_005:float64,float64
[ 2023-04-28 21:44:43,355 ] 87 root - INFO -  Hypothesis ee_006:float64,float64
[ 2023-04-28 21:44:43,370 ] 87 root - INFO -  Hypothesis ee_007:float64,float64
[ 2023-04-28 21:44:43,384 ] 87 root - INFO -  Hypothesis ee_008:float64,float64
[ 2023-04-28 21:44:43,397 ] 87 root - INFO -  Hypothesis ee_009:float64,float64
[ 2023-04-28 21:44:43,453 ] 87 root - INFO -  Hypothesis ef_000:float64,float64
[ 2023-04-28 21:44:43,503 ] 87 root - INFO -  Hypothesis eg_000:float64,float64
[ 2023-04-28 21:44:43,554 ] 148 root - INFO - as all column are available in test hence detecting data drift
[ 2023-04-28 21:44:43,555 ] 87 root - INFO -  Hypothesis class:object,object
[ 2023-04-28 21:44:43,666 ] 87 root - INFO -  Hypothesis aa_000:float64,float64
[ 2023-04-28 21:44:43,676 ] 87 root - INFO -  Hypothesis ac_000:float64,float64
[ 2023-04-28 21:44:43,685 ] 87 root - INFO -  Hypothesis ae_000:float64,float64
[ 2023-04-28 21:44:43,708 ] 87 root - INFO -  Hypothesis af_000:float64,float64
[ 2023-04-28 21:44:43,730 ] 87 root - INFO -  Hypothesis ag_000:float64,float64
[ 2023-04-28 21:44:43,752 ] 87 root - INFO -  Hypothesis ag_001:float64,float64
[ 2023-04-28 21:44:43,774 ] 87 root - INFO -  Hypothesis ag_002:float64,float64
[ 2023-04-28 21:44:43,796 ] 87 root - INFO -  Hypothesis ag_003:float64,float64
[ 2023-04-28 21:44:43,803 ] 87 root - INFO -  Hypothesis ag_004:float64,float64
[ 2023-04-28 21:44:43,813 ] 87 root - INFO -  Hypothesis ag_005:float64,float64
[ 2023-04-28 21:44:43,824 ] 87 root - INFO -  Hypothesis ag_006:float64,float64
[ 2023-04-28 21:44:43,834 ] 87 root - INFO -  Hypothesis ag_007:float64,float64
[ 2023-04-28 21:44:43,844 ] 87 root - INFO -  Hypothesis ag_008:float64,float64
[ 2023-04-28 21:44:43,853 ] 87 root - INFO -  Hypothesis ag_009:float64,float64
[ 2023-04-28 21:44:43,861 ] 87 root - INFO -  Hypothesis ah_000:float64,float64
[ 2023-04-28 21:44:43,871 ] 87 root - INFO -  Hypothesis ai_000:float64,float64
[ 2023-04-28 21:44:43,878 ] 87 root - INFO -  Hypothesis aj_000:float64,float64
[ 2023-04-28 21:44:43,885 ] 87 root - INFO -  Hypothesis ak_000:float64,float64
[ 2023-04-28 21:44:43,907 ] 87 root - INFO -  Hypothesis al_000:float64,float64
[ 2023-04-28 21:44:43,915 ] 87 root - INFO -  Hypothesis am_0:float64,float64
[ 2023-04-28 21:44:43,923 ] 87 root - INFO -  Hypothesis an_000:float64,float64
[ 2023-04-28 21:44:43,934 ] 87 root - INFO -  Hypothesis ao_000:float64,float64
[ 2023-04-28 21:44:43,944 ] 87 root - INFO -  Hypothesis ap_000:float64,float64
[ 2023-04-28 21:44:43,954 ] 87 root - INFO -  Hypothesis aq_000:float64,float64
[ 2023-04-28 21:44:43,965 ] 87 root - INFO -  Hypothesis ar_000:float64,float64
[ 2023-04-28 21:44:43,971 ] 87 root - INFO -  Hypothesis as_000:float64,float64
[ 2023-04-28 21:44:43,993 ] 87 root - INFO -  Hypothesis at_000:float64,float64
[ 2023-04-28 21:44:43,999 ] 87 root - INFO -  Hypothesis au_000:float64,float64
[ 2023-04-28 21:44:44,021 ] 87 root - INFO -  Hypothesis av_000:float64,float64
[ 2023-04-28 21:44:44,030 ] 87 root - INFO -  Hypothesis ax_000:float64,float64
[ 2023-04-28 21:44:44,038 ] 87 root - INFO -  Hypothesis ay_000:float64,float64
[ 2023-04-28 21:44:44,060 ] 87 root - INFO -  Hypothesis ay_001:float64,float64
[ 2023-04-28 21:44:44,081 ] 87 root - INFO -  Hypothesis ay_002:float64,float64
[ 2023-04-28 21:44:44,103 ] 87 root - INFO -  Hypothesis ay_003:float64,float64
[ 2023-04-28 21:44:44,125 ] 87 root - INFO -  Hypothesis ay_004:float64,float64
[ 2023-04-28 21:44:44,147 ] 87 root - INFO -  Hypothesis ay_005:float64,float64
[ 2023-04-28 21:44:44,156 ] 87 root - INFO -  Hypothesis ay_006:float64,float64
[ 2023-04-28 21:44:44,165 ] 87 root - INFO -  Hypothesis ay_007:float64,float64
[ 2023-04-28 21:44:44,175 ] 87 root - INFO -  Hypothesis ay_008:float64,float64
[ 2023-04-28 21:44:44,185 ] 87 root - INFO -  Hypothesis ay_009:float64,float64
[ 2023-04-28 21:44:44,207 ] 87 root - INFO -  Hypothesis az_000:float64,float64
[ 2023-04-28 21:44:44,217 ] 87 root - INFO -  Hypothesis az_001:float64,float64
[ 2023-04-28 21:44:44,227 ] 87 root - INFO -  Hypothesis az_002:float64,float64
[ 2023-04-28 21:44:44,237 ] 87 root - INFO -  Hypothesis az_003:float64,float64
[ 2023-04-28 21:44:44,247 ] 87 root - INFO -  Hypothesis az_004:float64,float64
[ 2023-04-28 21:44:44,257 ] 87 root - INFO -  Hypothesis az_005:float64,float64
[ 2023-04-28 21:44:44,270 ] 87 root - INFO -  Hypothesis az_006:float64,float64
[ 2023-04-28 21:44:44,280 ] 87 root - INFO -  Hypothesis az_007:float64,float64
[ 2023-04-28 21:44:44,287 ] 87 root - INFO -  Hypothesis az_008:float64,float64
[ 2023-04-28 21:44:44,294 ] 87 root - INFO -  Hypothesis az_009:float64,float64
[ 2023-04-28 21:44:44,316 ] 87 root - INFO -  Hypothesis ba_000:float64,float64
[ 2023-04-28 21:44:44,326 ] 87 root - INFO -  Hypothesis ba_001:float64,float64
[ 2023-04-28 21:44:44,336 ] 87 root - INFO -  Hypothesis ba_002:float64,float64
[ 2023-04-28 21:44:44,346 ] 87 root - INFO -  Hypothesis ba_003:float64,float64
[ 2023-04-28 21:44:44,357 ] 87 root - INFO -  Hypothesis ba_004:float64,float64
[ 2023-04-28 21:44:44,367 ] 87 root - INFO -  Hypothesis ba_005:float64,float64
[ 2023-04-28 21:44:44,377 ] 87 root - INFO -  Hypothesis ba_006:float64,float64
[ 2023-04-28 21:44:44,387 ] 87 root - INFO -  Hypothesis ba_007:float64,float64
[ 2023-04-28 21:44:44,397 ] 87 root - INFO -  Hypothesis ba_008:float64,float64
[ 2023-04-28 21:44:44,405 ] 87 root - INFO -  Hypothesis ba_009:float64,float64
[ 2023-04-28 21:44:44,413 ] 87 root - INFO -  Hypothesis bb_000:float64,float64
[ 2023-04-28 21:44:44,423 ] 87 root - INFO -  Hypothesis bc_000:float64,float64
[ 2023-04-28 21:44:44,432 ] 87 root - INFO -  Hypothesis bd_000:float64,float64
[ 2023-04-28 21:44:44,441 ] 87 root - INFO -  Hypothesis be_000:float64,float64
[ 2023-04-28 21:44:44,449 ] 87 root - INFO -  Hypothesis bf_000:float64,float64
[ 2023-04-28 21:44:44,457 ] 87 root - INFO -  Hypothesis bg_000:float64,float64
[ 2023-04-28 21:44:44,467 ] 87 root - INFO -  Hypothesis bh_000:float64,float64
[ 2023-04-28 21:44:44,477 ] 87 root - INFO -  Hypothesis bi_000:float64,float64
[ 2023-04-28 21:44:44,488 ] 87 root - INFO -  Hypothesis bj_000:float64,float64
[ 2023-04-28 21:44:44,498 ] 87 root - INFO -  Hypothesis bs_000:float64,float64
[ 2023-04-28 21:44:44,508 ] 87 root - INFO -  Hypothesis bt_000:float64,float64
[ 2023-04-28 21:44:44,519 ] 87 root - INFO -  Hypothesis bu_000:float64,float64
[ 2023-04-28 21:44:44,529 ] 87 root - INFO -  Hypothesis bv_000:float64,float64
[ 2023-04-28 21:44:44,539 ] 87 root - INFO -  Hypothesis bx_000:float64,float64
[ 2023-04-28 21:44:44,549 ] 87 root - INFO -  Hypothesis by_000:float64,float64
[ 2023-04-28 21:44:44,560 ] 87 root - INFO -  Hypothesis bz_000:float64,float64
[ 2023-04-28 21:44:44,569 ] 87 root - INFO -  Hypothesis ca_000:float64,float64
[ 2023-04-28 21:44:44,579 ] 87 root - INFO -  Hypothesis cb_000:float64,float64
[ 2023-04-28 21:44:44,590 ] 87 root - INFO -  Hypothesis cc_000:float64,float64
[ 2023-04-28 21:44:44,600 ] 87 root - INFO -  Hypothesis cd_000:float64,float64
[ 2023-04-28 21:44:44,623 ] 87 root - INFO -  Hypothesis ce_000:float64,float64
[ 2023-04-28 21:44:44,632 ] 87 root - INFO -  Hypothesis ci_000:float64,float64
[ 2023-04-28 21:44:44,643 ] 87 root - INFO -  Hypothesis cj_000:float64,float64
[ 2023-04-28 21:44:44,650 ] 87 root - INFO -  Hypothesis ck_000:float64,float64
[ 2023-04-28 21:44:44,661 ] 87 root - INFO -  Hypothesis cl_000:float64,float64
[ 2023-04-28 21:44:44,668 ] 87 root - INFO -  Hypothesis cm_000:float64,float64
[ 2023-04-28 21:44:44,676 ] 87 root - INFO -  Hypothesis cn_000:float64,float64
[ 2023-04-28 21:44:44,699 ] 87 root - INFO -  Hypothesis cn_001:float64,float64
[ 2023-04-28 21:44:44,706 ] 87 root - INFO -  Hypothesis cn_002:float64,float64
[ 2023-04-28 21:44:44,714 ] 87 root - INFO -  Hypothesis cn_003:float64,float64
[ 2023-04-28 21:44:44,724 ] 87 root - INFO -  Hypothesis cn_004:float64,float64
[ 2023-04-28 21:44:44,735 ] 87 root - INFO -  Hypothesis cn_005:float64,float64
[ 2023-04-28 21:44:44,745 ] 87 root - INFO -  Hypothesis cn_006:float64,float64
[ 2023-04-28 21:44:44,755 ] 87 root - INFO -  Hypothesis cn_007:float64,float64
[ 2023-04-28 21:44:44,765 ] 87 root - INFO -  Hypothesis cn_008:float64,float64
[ 2023-04-28 21:44:44,774 ] 87 root - INFO -  Hypothesis cn_009:float64,float64
[ 2023-04-28 21:44:44,782 ] 87 root - INFO -  Hypothesis cp_000:float64,float64
[ 2023-04-28 21:44:44,791 ] 87 root - INFO -  Hypothesis cq_000:float64,float64
[ 2023-04-28 21:44:44,801 ] 87 root - INFO -  Hypothesis cs_000:float64,float64
[ 2023-04-28 21:44:44,811 ] 87 root - INFO -  Hypothesis cs_001:float64,float64
[ 2023-04-28 21:44:44,820 ] 87 root - INFO -  Hypothesis cs_002:float64,float64
[ 2023-04-28 21:44:44,830 ] 87 root - INFO -  Hypothesis cs_003:float64,float64
[ 2023-04-28 21:44:44,840 ] 87 root - INFO -  Hypothesis cs_004:float64,float64
[ 2023-04-28 21:44:44,851 ] 87 root - INFO -  Hypothesis cs_005:float64,float64
[ 2023-04-28 21:44:44,861 ] 87 root - INFO -  Hypothesis cs_006:float64,float64
[ 2023-04-28 21:44:44,871 ] 87 root - INFO -  Hypothesis cs_007:float64,float64
[ 2023-04-28 21:44:44,881 ] 87 root - INFO -  Hypothesis cs_008:float64,float64
[ 2023-04-28 21:44:44,890 ] 87 root - INFO -  Hypothesis cs_009:float64,float64
[ 2023-04-28 21:44:44,912 ] 87 root - INFO -  Hypothesis dd_000:float64,float64
[ 2023-04-28 21:44:44,921 ] 87 root - INFO -  Hypothesis de_000:float64,float64
[ 2023-04-28 21:44:44,930 ] 87 root - INFO -  Hypothesis df_000:float64,float64
[ 2023-04-28 21:44:44,953 ] 87 root - INFO -  Hypothesis dg_000:float64,float64
[ 2023-04-28 21:44:44,976 ] 87 root - INFO -  Hypothesis dh_000:float64,float64
[ 2023-04-28 21:44:44,982 ] 87 root - INFO -  Hypothesis di_000:float64,float64
[ 2023-04-28 21:44:44,989 ] 87 root - INFO -  Hypothesis dj_000:float64,float64
[ 2023-04-28 21:44:45,012 ] 87 root - INFO -  Hypothesis dk_000:float64,float64
[ 2023-04-28 21:44:45,034 ] 87 root - INFO -  Hypothesis dl_000:float64,float64
[ 2023-04-28 21:44:45,057 ] 87 root - INFO -  Hypothesis dm_000:float64,float64
[ 2023-04-28 21:44:45,079 ] 87 root - INFO -  Hypothesis dn_000:float64,float64
[ 2023-04-28 21:44:45,090 ] 87 root - INFO -  Hypothesis do_000:float64,float64
[ 2023-04-28 21:44:45,099 ] 87 root - INFO -  Hypothesis dp_000:float64,float64
[ 2023-04-28 21:44:45,108 ] 87 root - INFO -  Hypothesis dq_000:float64,float64
[ 2023-04-28 21:44:45,116 ] 87 root - INFO -  Hypothesis dr_000:float64,float64
[ 2023-04-28 21:44:45,123 ] 87 root - INFO -  Hypothesis ds_000:float64,float64
[ 2023-04-28 21:44:45,133 ] 87 root - INFO -  Hypothesis dt_000:float64,float64
[ 2023-04-28 21:44:45,143 ] 87 root - INFO -  Hypothesis du_000:float64,float64
[ 2023-04-28 21:44:45,153 ] 87 root - INFO -  Hypothesis dv_000:float64,float64
[ 2023-04-28 21:44:45,163 ] 87 root - INFO -  Hypothesis dx_000:float64,float64
[ 2023-04-28 21:44:45,171 ] 87 root - INFO -  Hypothesis dy_000:float64,float64
[ 2023-04-28 21:44:45,179 ] 87 root - INFO -  Hypothesis dz_000:float64,float64
[ 2023-04-28 21:44:45,201 ] 87 root - INFO -  Hypothesis ea_000:float64,float64
[ 2023-04-28 21:44:45,223 ] 87 root - INFO -  Hypothesis eb_000:float64,float64
[ 2023-04-28 21:44:45,232 ] 87 root - INFO -  Hypothesis ec_00:float64,float64
[ 2023-04-28 21:44:45,242 ] 87 root - INFO -  Hypothesis ed_000:float64,float64
[ 2023-04-28 21:44:45,251 ] 87 root - INFO -  Hypothesis ee_000:float64,float64
[ 2023-04-28 21:44:45,261 ] 87 root - INFO -  Hypothesis ee_001:float64,float64
[ 2023-04-28 21:44:45,271 ] 87 root - INFO -  Hypothesis ee_002:float64,float64
[ 2023-04-28 21:44:45,281 ] 87 root - INFO -  Hypothesis ee_003:float64,float64
[ 2023-04-28 21:44:45,291 ] 87 root - INFO -  Hypothesis ee_004:float64,float64
[ 2023-04-28 21:44:45,301 ] 87 root - INFO -  Hypothesis ee_005:float64,float64
[ 2023-04-28 21:44:45,312 ] 87 root - INFO -  Hypothesis ee_006:float64,float64
[ 2023-04-28 21:44:45,321 ] 87 root - INFO -  Hypothesis ee_007:float64,float64
[ 2023-04-28 21:44:45,331 ] 87 root - INFO -  Hypothesis ee_008:float64,float64
[ 2023-04-28 21:44:45,340 ] 87 root - INFO -  Hypothesis ee_009:float64,float64
[ 2023-04-28 21:44:45,348 ] 87 root - INFO -  Hypothesis ef_000:float64,float64
[ 2023-04-28 21:44:45,370 ] 87 root - INFO -  Hypothesis eg_000:float64,float64
[ 2023-04-28 21:44:45,376 ] 152 root - INFO - writing report in yaml file
[ 2023-04-28 21:44:45,490 ] 157 root - INFO - Data validation artifact:DataValidationArtifact(report_file_path='/config/workspace/artifact/04282023__214409/data_validation/report.yaml') 
[ 2023-04-28 21:44:47,140 ] 62 root - INFO - Before resampling in Training set input :(28950, 170) Target:(28950,)
[ 2023-04-28 21:45:03,368 ] 64 root - INFO - After resampling in Training set input :(56114, 170) Target:(56114,)
[ 2023-04-28 21:45:03,369 ] 66 root - INFO - Before resampling in Testing set input :(7238, 170) Target:(7238,)
[ 2023-04-28 21:45:06,193 ] 68 root - INFO - After resampling in Testing set input :(56114, 170) Target:(56114,)
[ 2023-04-28 21:45:06,429 ] 54 root - INFO - Entered the save_object method of utils
[ 2023-04-28 21:45:06,434 ] 58 root - INFO - Exited the save_object method of utils
