[ 2023-04-28 21:45:57,014 ] 15 root - INFO - >>>>>>>>>>>>>>>>>>>>>>>>>>>>>>>>>>>>>>>> Data Ingestion <<<<<<<<<<<<<<<<<<<<<<<<<<<<<<<<<<<<<<<<
[ 2023-04-28 21:45:57,014 ] 22 root - INFO - Exporting collection data as pandas dataframe
[ 2023-04-28 21:45:57,014 ] 21 root - INFO - Reading data from database:aps and collection sensor
[ 2023-04-28 21:46:04,423 ] 23 root - INFO - Found columns:Index(['_id', 'class', 'aa_000', 'ab_000', 'ac_000', 'ad_000', 'ae_000',
       'af_000', 'ag_000', 'ag_001',
       ...
       'ee_002', 'ee_003', 'ee_004', 'ee_005', 'ee_006', 'ee_007', 'ee_008',
       'ee_009', 'ef_000', 'eg_000'],
      dtype='object', length=172)
[ 2023-04-28 21:46:04,424 ] 25 root - INFO - dropping column :_id
[ 2023-04-28 21:46:05,175 ] 27 root - INFO - row and col in df:(36188, 171)
[ 2023-04-28 21:46:05,175 ] 28 root - INFO - Save data in feature store
[ 2023-04-28 21:46:08,382 ] 32 root - INFO - Create feature store folder if not available
[ 2023-04-28 21:46:08,383 ] 38 root - INFO - Save df to feature store folder
[ 2023-04-28 21:46:11,730 ] 42 root - INFO - split dataset into train and test set
[ 2023-04-28 21:46:12,435 ] 46 root - INFO - create dataset directory folder if not available
[ 2023-04-28 21:46:12,435 ] 51 root - INFO - Save df to feature store folder
[ 2023-04-28 21:46:16,140 ] 63 root - INFO - Data ingestion artifact: DataIngestionArtifact(feature_store_file_path='/config/workspace/artifact/04282023__214557/data_ingestion/feature_store/sensor.csv', train_file_path='/config/workspace/artifact/04282023__214557/data_ingestion/dataset/train.csv', test_file_path='/config/workspace/artifact/04282023__214557/data_ingestion/dataset/test.csv')
[ 2023-04-28 21:46:17,155 ] 18 root - INFO - >>>>>>>>>>>>>>>>>>>>>>>>>>>>>>>>>>>>>>>> Data Validation <<<<<<<<<<<<<<<<<<<<<<<<<<<<<<<<<<<<<<<<
[ 2023-04-28 21:46:17,156 ] 113 root - INFO - Reading base dataframe
[ 2023-04-28 21:46:21,700 ] 116 root - INFO - Replace na values in dataframe
[ 2023-04-28 21:46:21,701 ] 119 root - INFO - drop null values from base dataframe
[ 2023-04-28 21:46:22,055 ] 40 root - INFO - selecting column name which contains null above to 0.2
[ 2023-04-28 21:46:22,056 ] 43 root - INFO - columns to drop: ['ab_000', 'ad_000', 'bk_000', 'bl_000', 'bm_000', 'bn_000', 'bo_000', 'bp_000', 'bq_000', 'br_000', 'cf_000', 'cg_000', 'ch_000', 'co_000', 'cr_000', 'ct_000', 'cu_000', 'cv_000', 'cx_000', 'cy_000', 'cz_000', 'da_000', 'db_000', 'dc_000']
[ 2023-04-28 21:46:22,204 ] 122 root - INFO - Reading train dataframe
[ 2023-04-28 21:46:22,817 ] 124 root - INFO - Reading test dataframe
[ 2023-04-28 21:46:22,980 ] 127 root - INFO - drop null values from train dataframe
[ 2023-04-28 21:46:22,996 ] 40 root - INFO - selecting column name which contains null above to 0.2
[ 2023-04-28 21:46:22,997 ] 43 root - INFO - columns to drop: ['ab_000', 'ad_000', 'bk_000', 'bl_000', 'bm_000', 'bn_000', 'bo_000', 'bp_000', 'bq_000', 'br_000', 'cf_000', 'cg_000', 'ch_000', 'co_000', 'cr_000', 'ct_000', 'cu_000', 'cv_000', 'cx_000', 'cy_000', 'cz_000', 'da_000', 'db_000', 'dc_000']
[ 2023-04-28 21:46:23,017 ] 129 root - INFO - drop null values from test dataframe
[ 2023-04-28 21:46:23,023 ] 40 root - INFO - selecting column name which contains null above to 0.2
[ 2023-04-28 21:46:23,024 ] 43 root - INFO - columns to drop: ['ab_000', 'ad_000', 'bk_000', 'bl_000', 'bm_000', 'bn_000', 'bo_000', 'bp_000', 'bq_000', 'br_000', 'cf_000', 'cg_000', 'ch_000', 'co_000', 'cr_000', 'ct_000', 'cu_000', 'cv_000', 'cx_000', 'cy_000', 'cz_000', 'da_000', 'db_000', 'dc_000']
[ 2023-04-28 21:46:24,362 ] 139 root - INFO - is all required columns present in train df 
[ 2023-04-28 21:46:24,362 ] 141 root - INFO - is all required columns present in test df 
[ 2023-04-28 21:46:24,362 ] 145 root - INFO - as all column are available in train hence detecting data drift
[ 2023-04-28 21:46:24,363 ] 87 root - INFO -  Hypothesis class:object,object
[ 2023-04-28 21:46:24,558 ] 87 root - INFO -  Hypothesis aa_000:float64,float64
[ 2023-04-28 21:46:24,573 ] 87 root - INFO -  Hypothesis ac_000:float64,float64
[ 2023-04-28 21:46:24,628 ] 87 root - INFO -  Hypothesis ae_000:float64,float64
[ 2023-04-28 21:46:24,677 ] 87 root - INFO -  Hypothesis af_000:float64,float64
[ 2023-04-28 21:46:24,727 ] 87 root - INFO -  Hypothesis ag_000:float64,float64
[ 2023-04-28 21:46:24,775 ] 87 root - INFO -  Hypothesis ag_001:float64,float64
[ 2023-04-28 21:46:24,824 ] 87 root - INFO -  Hypothesis ag_002:float64,float64
[ 2023-04-28 21:46:24,873 ] 87 root - INFO -  Hypothesis ag_003:float64,float64
[ 2023-04-28 21:46:24,923 ] 87 root - INFO -  Hypothesis ag_004:float64,float64
[ 2023-04-28 21:46:24,937 ] 87 root - INFO -  Hypothesis ag_005:float64,float64
[ 2023-04-28 21:46:24,994 ] 87 root - INFO -  Hypothesis ag_006:float64,float64
[ 2023-04-28 21:46:25,009 ] 87 root - INFO -  Hypothesis ag_007:float64,float64
[ 2023-04-28 21:46:25,066 ] 87 root - INFO -  Hypothesis ag_008:float64,float64
[ 2023-04-28 21:46:25,120 ] 87 root - INFO -  Hypothesis ag_009:float64,float64
[ 2023-04-28 21:46:25,171 ] 87 root - INFO -  Hypothesis ah_000:float64,float64
[ 2023-04-28 21:46:25,228 ] 87 root - INFO -  Hypothesis ai_000:float64,float64
[ 2023-04-28 21:46:25,277 ] 87 root - INFO -  Hypothesis aj_000:float64,float64
[ 2023-04-28 21:46:25,328 ] 87 root - INFO -  Hypothesis ak_000:float64,float64
[ 2023-04-28 21:46:25,378 ] 87 root - INFO -  Hypothesis al_000:float64,float64
[ 2023-04-28 21:46:25,431 ] 87 root - INFO -  Hypothesis am_0:float64,float64
[ 2023-04-28 21:46:25,484 ] 87 root - INFO -  Hypothesis an_000:float64,float64
[ 2023-04-28 21:46:25,541 ] 87 root - INFO -  Hypothesis ao_000:float64,float64
[ 2023-04-28 21:46:25,556 ] 87 root - INFO -  Hypothesis ap_000:float64,float64
[ 2023-04-28 21:46:25,614 ] 87 root - INFO -  Hypothesis aq_000:float64,float64
[ 2023-04-28 21:46:25,670 ] 87 root - INFO -  Hypothesis ar_000:float64,float64
[ 2023-04-28 21:46:25,719 ] 87 root - INFO -  Hypothesis as_000:float64,float64
[ 2023-04-28 21:46:25,768 ] 87 root - INFO -  Hypothesis at_000:float64,float64
[ 2023-04-28 21:46:25,818 ] 87 root - INFO -  Hypothesis au_000:float64,float64
[ 2023-04-28 21:46:25,867 ] 87 root - INFO -  Hypothesis av_000:float64,float64
[ 2023-04-28 21:46:25,922 ] 87 root - INFO -  Hypothesis ax_000:float64,float64
[ 2023-04-28 21:46:25,983 ] 87 root - INFO -  Hypothesis ay_000:float64,float64
[ 2023-04-28 21:46:26,033 ] 87 root - INFO -  Hypothesis ay_001:float64,float64
[ 2023-04-28 21:46:26,083 ] 87 root - INFO -  Hypothesis ay_002:float64,float64
[ 2023-04-28 21:46:26,132 ] 87 root - INFO -  Hypothesis ay_003:float64,float64
[ 2023-04-28 21:46:26,181 ] 87 root - INFO -  Hypothesis ay_004:float64,float64
[ 2023-04-28 21:46:26,230 ] 87 root - INFO -  Hypothesis ay_005:float64,float64
[ 2023-04-28 21:46:26,284 ] 87 root - INFO -  Hypothesis ay_006:float64,float64
[ 2023-04-28 21:46:26,338 ] 87 root - INFO -  Hypothesis ay_007:float64,float64
[ 2023-04-28 21:46:26,353 ] 87 root - INFO -  Hypothesis ay_008:float64,float64
[ 2023-04-28 21:46:26,367 ] 87 root - INFO -  Hypothesis ay_009:float64,float64
[ 2023-04-28 21:46:26,415 ] 87 root - INFO -  Hypothesis az_000:float64,float64
[ 2023-04-28 21:46:26,429 ] 87 root - INFO -  Hypothesis az_001:float64,float64
[ 2023-04-28 21:46:26,484 ] 87 root - INFO -  Hypothesis az_002:float64,float64
[ 2023-04-28 21:46:26,541 ] 87 root - INFO -  Hypothesis az_003:float64,float64
[ 2023-04-28 21:46:26,555 ] 87 root - INFO -  Hypothesis az_004:float64,float64
[ 2023-04-28 21:46:26,611 ] 87 root - INFO -  Hypothesis az_005:float64,float64
[ 2023-04-28 21:46:26,626 ] 87 root - INFO -  Hypothesis az_006:float64,float64
[ 2023-04-28 21:46:26,639 ] 87 root - INFO -  Hypothesis az_007:float64,float64
[ 2023-04-28 21:46:26,692 ] 87 root - INFO -  Hypothesis az_008:float64,float64
[ 2023-04-28 21:46:26,742 ] 87 root - INFO -  Hypothesis az_009:float64,float64
[ 2023-04-28 21:46:26,792 ] 87 root - INFO -  Hypothesis ba_000:float64,float64
[ 2023-04-28 21:46:26,807 ] 87 root - INFO -  Hypothesis ba_001:float64,float64
[ 2023-04-28 21:46:26,863 ] 87 root - INFO -  Hypothesis ba_002:float64,float64
[ 2023-04-28 21:46:26,878 ] 87 root - INFO -  Hypothesis ba_003:float64,float64
[ 2023-04-28 21:46:26,935 ] 87 root - INFO -  Hypothesis ba_004:float64,float64
[ 2023-04-28 21:46:26,993 ] 87 root - INFO -  Hypothesis ba_005:float64,float64
[ 2023-04-28 21:46:27,050 ] 87 root - INFO -  Hypothesis ba_006:float64,float64
[ 2023-04-28 21:46:27,108 ] 87 root - INFO -  Hypothesis ba_007:float64,float64
[ 2023-04-28 21:46:27,163 ] 87 root - INFO -  Hypothesis ba_008:float64,float64
[ 2023-04-28 21:46:27,216 ] 87 root - INFO -  Hypothesis ba_009:float64,float64
[ 2023-04-28 21:46:27,269 ] 87 root - INFO -  Hypothesis bb_000:float64,float64
[ 2023-04-28 21:46:27,285 ] 87 root - INFO -  Hypothesis bc_000:float64,float64
[ 2023-04-28 21:46:27,297 ] 87 root - INFO -  Hypothesis bd_000:float64,float64
[ 2023-04-28 21:46:27,354 ] 87 root - INFO -  Hypothesis be_000:float64,float64
[ 2023-04-28 21:46:27,411 ] 87 root - INFO -  Hypothesis bf_000:float64,float64
[ 2023-04-28 21:46:27,464 ] 87 root - INFO -  Hypothesis bg_000:float64,float64
[ 2023-04-28 21:46:27,522 ] 87 root - INFO -  Hypothesis bh_000:float64,float64
[ 2023-04-28 21:46:27,581 ] 87 root - INFO -  Hypothesis bi_000:float64,float64
[ 2023-04-28 21:46:27,638 ] 87 root - INFO -  Hypothesis bj_000:float64,float64
[ 2023-04-28 21:46:27,696 ] 87 root - INFO -  Hypothesis bs_000:float64,float64
[ 2023-04-28 21:46:27,754 ] 87 root - INFO -  Hypothesis bt_000:float64,float64
[ 2023-04-28 21:46:27,814 ] 87 root - INFO -  Hypothesis bu_000:float64,float64
[ 2023-04-28 21:46:27,829 ] 87 root - INFO -  Hypothesis bv_000:float64,float64
[ 2023-04-28 21:46:27,843 ] 87 root - INFO -  Hypothesis bx_000:float64,float64
[ 2023-04-28 21:46:27,901 ] 87 root - INFO -  Hypothesis by_000:float64,float64
[ 2023-04-28 21:46:27,957 ] 87 root - INFO -  Hypothesis bz_000:float64,float64
[ 2023-04-28 21:46:27,970 ] 87 root - INFO -  Hypothesis ca_000:float64,float64
[ 2023-04-28 21:46:27,985 ] 87 root - INFO -  Hypothesis cb_000:float64,float64
[ 2023-04-28 21:46:28,000 ] 87 root - INFO -  Hypothesis cc_000:float64,float64
[ 2023-04-28 21:46:28,055 ] 87 root - INFO -  Hypothesis cd_000:float64,float64
[ 2023-04-28 21:46:28,106 ] 87 root - INFO -  Hypothesis ce_000:float64,float64
[ 2023-04-28 21:46:28,161 ] 87 root - INFO -  Hypothesis ci_000:float64,float64
[ 2023-04-28 21:46:28,218 ] 87 root - INFO -  Hypothesis cj_000:float64,float64
[ 2023-04-28 21:46:28,269 ] 87 root - INFO -  Hypothesis ck_000:float64,float64
[ 2023-04-28 21:46:28,325 ] 87 root - INFO -  Hypothesis cl_000:float64,float64
[ 2023-04-28 21:46:28,334 ] 87 root - INFO -  Hypothesis cm_000:float64,float64
[ 2023-04-28 21:46:28,389 ] 87 root - INFO -  Hypothesis cn_000:float64,float64
[ 2023-04-28 21:46:28,439 ] 87 root - INFO -  Hypothesis cn_001:float64,float64
[ 2023-04-28 21:46:28,491 ] 87 root - INFO -  Hypothesis cn_002:float64,float64
[ 2023-04-28 21:46:28,503 ] 87 root - INFO -  Hypothesis cn_003:float64,float64
[ 2023-04-28 21:46:28,558 ] 87 root - INFO -  Hypothesis cn_004:float64,float64
[ 2023-04-28 21:46:28,617 ] 87 root - INFO -  Hypothesis cn_005:float64,float64
[ 2023-04-28 21:46:28,631 ] 87 root - INFO -  Hypothesis cn_006:float64,float64
[ 2023-04-28 21:46:28,645 ] 87 root - INFO -  Hypothesis cn_007:float64,float64
[ 2023-04-28 21:46:28,660 ] 87 root - INFO -  Hypothesis cn_008:float64,float64
[ 2023-04-28 21:46:28,673 ] 87 root - INFO -  Hypothesis cn_009:float64,float64
[ 2023-04-28 21:46:28,685 ] 87 root - INFO -  Hypothesis cp_000:float64,float64
[ 2023-04-28 21:46:28,740 ] 87 root - INFO -  Hypothesis cq_000:float64,float64
[ 2023-04-28 21:46:28,754 ] 87 root - INFO -  Hypothesis cs_000:float64,float64
[ 2023-04-28 21:46:28,768 ] 87 root - INFO -  Hypothesis cs_001:float64,float64
[ 2023-04-28 21:46:28,781 ] 87 root - INFO -  Hypothesis cs_002:float64,float64
[ 2023-04-28 21:46:28,795 ] 87 root - INFO -  Hypothesis cs_003:float64,float64
[ 2023-04-28 21:46:28,854 ] 87 root - INFO -  Hypothesis cs_004:float64,float64
[ 2023-04-28 21:46:28,911 ] 87 root - INFO -  Hypothesis cs_005:float64,float64
[ 2023-04-28 21:46:28,968 ] 87 root - INFO -  Hypothesis cs_006:float64,float64
[ 2023-04-28 21:46:29,024 ] 87 root - INFO -  Hypothesis cs_007:float64,float64
[ 2023-04-28 21:46:29,081 ] 87 root - INFO -  Hypothesis cs_008:float64,float64
[ 2023-04-28 21:46:29,135 ] 87 root - INFO -  Hypothesis cs_009:float64,float64
[ 2023-04-28 21:46:29,183 ] 87 root - INFO -  Hypothesis dd_000:float64,float64
[ 2023-04-28 21:46:29,239 ] 87 root - INFO -  Hypothesis de_000:float64,float64
[ 2023-04-28 21:46:29,293 ] 87 root - INFO -  Hypothesis df_000:float64,float64
[ 2023-04-28 21:46:29,342 ] 87 root - INFO -  Hypothesis dg_000:float64,float64
[ 2023-04-28 21:46:29,391 ] 87 root - INFO -  Hypothesis dh_000:float64,float64
[ 2023-04-28 21:46:29,440 ] 87 root - INFO -  Hypothesis di_000:float64,float64
[ 2023-04-28 21:46:29,491 ] 87 root - INFO -  Hypothesis dj_000:float64,float64
[ 2023-04-28 21:46:29,540 ] 87 root - INFO -  Hypothesis dk_000:float64,float64
[ 2023-04-28 21:46:29,589 ] 87 root - INFO -  Hypothesis dl_000:float64,float64
[ 2023-04-28 21:46:29,639 ] 87 root - INFO -  Hypothesis dm_000:float64,float64
[ 2023-04-28 21:46:29,689 ] 87 root - INFO -  Hypothesis dn_000:float64,float64
[ 2023-04-28 21:46:29,746 ] 87 root - INFO -  Hypothesis do_000:float64,float64
[ 2023-04-28 21:46:29,760 ] 87 root - INFO -  Hypothesis dp_000:float64,float64
[ 2023-04-28 21:46:29,774 ] 87 root - INFO -  Hypothesis dq_000:float64,float64
[ 2023-04-28 21:46:29,826 ] 87 root - INFO -  Hypothesis dr_000:float64,float64
[ 2023-04-28 21:46:29,881 ] 87 root - INFO -  Hypothesis ds_000:float64,float64
[ 2023-04-28 21:46:29,896 ] 87 root - INFO -  Hypothesis dt_000:float64,float64
[ 2023-04-28 21:46:29,910 ] 87 root - INFO -  Hypothesis du_000:float64,float64
[ 2023-04-28 21:46:29,966 ] 87 root - INFO -  Hypothesis dv_000:float64,float64
[ 2023-04-28 21:46:30,024 ] 87 root - INFO -  Hypothesis dx_000:float64,float64
[ 2023-04-28 21:46:30,077 ] 87 root - INFO -  Hypothesis dy_000:float64,float64
[ 2023-04-28 21:46:30,088 ] 87 root - INFO -  Hypothesis dz_000:float64,float64
[ 2023-04-28 21:46:30,137 ] 87 root - INFO -  Hypothesis ea_000:float64,float64
[ 2023-04-28 21:46:30,187 ] 87 root - INFO -  Hypothesis eb_000:float64,float64
[ 2023-04-28 21:46:30,242 ] 87 root - INFO -  Hypothesis ec_00:float64,float64
[ 2023-04-28 21:46:30,301 ] 87 root - INFO -  Hypothesis ed_000:float64,float64
[ 2023-04-28 21:46:30,356 ] 87 root - INFO -  Hypothesis ee_000:float64,float64
[ 2023-04-28 21:46:30,414 ] 87 root - INFO -  Hypothesis ee_001:float64,float64
[ 2023-04-28 21:46:30,472 ] 87 root - INFO -  Hypothesis ee_002:float64,float64
[ 2023-04-28 21:46:30,487 ] 87 root - INFO -  Hypothesis ee_003:float64,float64
[ 2023-04-28 21:46:30,502 ] 87 root - INFO -  Hypothesis ee_004:float64,float64
[ 2023-04-28 21:46:30,517 ] 87 root - INFO -  Hypothesis ee_005:float64,float64
[ 2023-04-28 21:46:30,576 ] 87 root - INFO -  Hypothesis ee_006:float64,float64
[ 2023-04-28 21:46:30,590 ] 87 root - INFO -  Hypothesis ee_007:float64,float64
[ 2023-04-28 21:46:30,647 ] 87 root - INFO -  Hypothesis ee_008:float64,float64
[ 2023-04-28 21:46:30,661 ] 87 root - INFO -  Hypothesis ee_009:float64,float64
[ 2023-04-28 21:46:30,716 ] 87 root - INFO -  Hypothesis ef_000:float64,float64
[ 2023-04-28 21:46:30,766 ] 87 root - INFO -  Hypothesis eg_000:float64,float64
[ 2023-04-28 21:46:30,816 ] 148 root - INFO - as all column are available in test hence detecting data drift
[ 2023-04-28 21:46:30,816 ] 87 root - INFO -  Hypothesis class:object,object
[ 2023-04-28 21:46:30,928 ] 87 root - INFO -  Hypothesis aa_000:float64,float64
[ 2023-04-28 21:46:30,938 ] 87 root - INFO -  Hypothesis ac_000:float64,float64
[ 2023-04-28 21:46:30,946 ] 87 root - INFO -  Hypothesis ae_000:float64,float64
[ 2023-04-28 21:46:30,968 ] 87 root - INFO -  Hypothesis af_000:float64,float64
[ 2023-04-28 21:46:30,990 ] 87 root - INFO -  Hypothesis ag_000:float64,float64
[ 2023-04-28 21:46:31,012 ] 87 root - INFO -  Hypothesis ag_001:float64,float64
[ 2023-04-28 21:46:31,033 ] 87 root - INFO -  Hypothesis ag_002:float64,float64
[ 2023-04-28 21:46:31,055 ] 87 root - INFO -  Hypothesis ag_003:float64,float64
[ 2023-04-28 21:46:31,082 ] 87 root - INFO -  Hypothesis ag_004:float64,float64
[ 2023-04-28 21:46:31,093 ] 87 root - INFO -  Hypothesis ag_005:float64,float64
[ 2023-04-28 21:46:31,103 ] 87 root - INFO -  Hypothesis ag_006:float64,float64
[ 2023-04-28 21:46:31,113 ] 87 root - INFO -  Hypothesis ag_007:float64,float64
[ 2023-04-28 21:46:31,123 ] 87 root - INFO -  Hypothesis ag_008:float64,float64
[ 2023-04-28 21:46:31,132 ] 87 root - INFO -  Hypothesis ag_009:float64,float64
[ 2023-04-28 21:46:31,156 ] 87 root - INFO -  Hypothesis ah_000:float64,float64
[ 2023-04-28 21:46:31,166 ] 87 root - INFO -  Hypothesis ai_000:float64,float64
[ 2023-04-28 21:46:31,189 ] 87 root - INFO -  Hypothesis aj_000:float64,float64
[ 2023-04-28 21:46:31,212 ] 87 root - INFO -  Hypothesis ak_000:float64,float64
[ 2023-04-28 21:46:31,234 ] 87 root - INFO -  Hypothesis al_000:float64,float64
[ 2023-04-28 21:46:31,242 ] 87 root - INFO -  Hypothesis am_0:float64,float64
[ 2023-04-28 21:46:31,250 ] 87 root - INFO -  Hypothesis an_000:float64,float64
[ 2023-04-28 21:46:31,260 ] 87 root - INFO -  Hypothesis ao_000:float64,float64
[ 2023-04-28 21:46:31,270 ] 87 root - INFO -  Hypothesis ap_000:float64,float64
[ 2023-04-28 21:46:31,281 ] 87 root - INFO -  Hypothesis aq_000:float64,float64
[ 2023-04-28 21:46:31,291 ] 87 root - INFO -  Hypothesis ar_000:float64,float64
[ 2023-04-28 21:46:31,313 ] 87 root - INFO -  Hypothesis as_000:float64,float64
[ 2023-04-28 21:46:31,335 ] 87 root - INFO -  Hypothesis at_000:float64,float64
[ 2023-04-28 21:46:31,357 ] 87 root - INFO -  Hypothesis au_000:float64,float64
[ 2023-04-28 21:46:31,379 ] 87 root - INFO -  Hypothesis av_000:float64,float64
[ 2023-04-28 21:46:31,388 ] 87 root - INFO -  Hypothesis ax_000:float64,float64
[ 2023-04-28 21:46:31,397 ] 87 root - INFO -  Hypothesis ay_000:float64,float64
[ 2023-04-28 21:46:31,418 ] 87 root - INFO -  Hypothesis ay_001:float64,float64
[ 2023-04-28 21:46:31,440 ] 87 root - INFO -  Hypothesis ay_002:float64,float64
[ 2023-04-28 21:46:31,462 ] 87 root - INFO -  Hypothesis ay_003:float64,float64
[ 2023-04-28 21:46:31,484 ] 87 root - INFO -  Hypothesis ay_004:float64,float64
[ 2023-04-28 21:46:31,507 ] 87 root - INFO -  Hypothesis ay_005:float64,float64
[ 2023-04-28 21:46:31,516 ] 87 root - INFO -  Hypothesis ay_006:float64,float64
[ 2023-04-28 21:46:31,542 ] 87 root - INFO -  Hypothesis ay_007:float64,float64
[ 2023-04-28 21:46:31,552 ] 87 root - INFO -  Hypothesis ay_008:float64,float64
[ 2023-04-28 21:46:31,562 ] 87 root - INFO -  Hypothesis ay_009:float64,float64
[ 2023-04-28 21:46:31,584 ] 87 root - INFO -  Hypothesis az_000:float64,float64
[ 2023-04-28 21:46:31,594 ] 87 root - INFO -  Hypothesis az_001:float64,float64
[ 2023-04-28 21:46:31,604 ] 87 root - INFO -  Hypothesis az_002:float64,float64
[ 2023-04-28 21:46:31,614 ] 87 root - INFO -  Hypothesis az_003:float64,float64
[ 2023-04-28 21:46:31,626 ] 87 root - INFO -  Hypothesis az_004:float64,float64
[ 2023-04-28 21:46:31,636 ] 87 root - INFO -  Hypothesis az_005:float64,float64
[ 2023-04-28 21:46:31,646 ] 87 root - INFO -  Hypothesis az_006:float64,float64
[ 2023-04-28 21:46:31,655 ] 87 root - INFO -  Hypothesis az_007:float64,float64
[ 2023-04-28 21:46:31,662 ] 87 root - INFO -  Hypothesis az_008:float64,float64
[ 2023-04-28 21:46:31,669 ] 87 root - INFO -  Hypothesis az_009:float64,float64
[ 2023-04-28 21:46:31,691 ] 87 root - INFO -  Hypothesis ba_000:float64,float64
[ 2023-04-28 21:46:31,702 ] 87 root - INFO -  Hypothesis ba_001:float64,float64
[ 2023-04-28 21:46:31,712 ] 87 root - INFO -  Hypothesis ba_002:float64,float64
[ 2023-04-28 21:46:31,722 ] 87 root - INFO -  Hypothesis ba_003:float64,float64
[ 2023-04-28 21:46:31,733 ] 87 root - INFO -  Hypothesis ba_004:float64,float64
[ 2023-04-28 21:46:31,743 ] 87 root - INFO -  Hypothesis ba_005:float64,float64
[ 2023-04-28 21:46:31,753 ] 87 root - INFO -  Hypothesis ba_006:float64,float64
[ 2023-04-28 21:46:31,763 ] 87 root - INFO -  Hypothesis ba_007:float64,float64
[ 2023-04-28 21:46:31,773 ] 87 root - INFO -  Hypothesis ba_008:float64,float64
[ 2023-04-28 21:46:31,781 ] 87 root - INFO -  Hypothesis ba_009:float64,float64
[ 2023-04-28 21:46:31,789 ] 87 root - INFO -  Hypothesis bb_000:float64,float64
[ 2023-04-28 21:46:31,799 ] 87 root - INFO -  Hypothesis bc_000:float64,float64
[ 2023-04-28 21:46:31,808 ] 87 root - INFO -  Hypothesis bd_000:float64,float64
[ 2023-04-28 21:46:31,817 ] 87 root - INFO -  Hypothesis be_000:float64,float64
[ 2023-04-28 21:46:31,826 ] 87 root - INFO -  Hypothesis bf_000:float64,float64
[ 2023-04-28 21:46:31,834 ] 87 root - INFO -  Hypothesis bg_000:float64,float64
[ 2023-04-28 21:46:31,844 ] 87 root - INFO -  Hypothesis bh_000:float64,float64
[ 2023-04-28 21:46:31,854 ] 87 root - INFO -  Hypothesis bi_000:float64,float64
[ 2023-04-28 21:46:31,865 ] 87 root - INFO -  Hypothesis bj_000:float64,float64
[ 2023-04-28 21:46:31,875 ] 87 root - INFO -  Hypothesis bs_000:float64,float64
[ 2023-04-28 21:46:31,885 ] 87 root - INFO -  Hypothesis bt_000:float64,float64
[ 2023-04-28 21:46:31,896 ] 87 root - INFO -  Hypothesis bu_000:float64,float64
[ 2023-04-28 21:46:31,906 ] 87 root - INFO -  Hypothesis bv_000:float64,float64
[ 2023-04-28 21:46:31,916 ] 87 root - INFO -  Hypothesis bx_000:float64,float64
[ 2023-04-28 21:46:31,926 ] 87 root - INFO -  Hypothesis by_000:float64,float64
[ 2023-04-28 21:46:31,937 ] 87 root - INFO -  Hypothesis bz_000:float64,float64
[ 2023-04-28 21:46:31,946 ] 87 root - INFO -  Hypothesis ca_000:float64,float64
[ 2023-04-28 21:46:31,956 ] 87 root - INFO -  Hypothesis cb_000:float64,float64
[ 2023-04-28 21:46:31,966 ] 87 root - INFO -  Hypothesis cc_000:float64,float64
[ 2023-04-28 21:46:31,977 ] 87 root - INFO -  Hypothesis cd_000:float64,float64
[ 2023-04-28 21:46:31,999 ] 87 root - INFO -  Hypothesis ce_000:float64,float64
[ 2023-04-28 21:46:32,009 ] 87 root - INFO -  Hypothesis ci_000:float64,float64
[ 2023-04-28 21:46:32,019 ] 87 root - INFO -  Hypothesis cj_000:float64,float64
[ 2023-04-28 21:46:32,026 ] 87 root - INFO -  Hypothesis ck_000:float64,float64
[ 2023-04-28 21:46:32,037 ] 87 root - INFO -  Hypothesis cl_000:float64,float64
[ 2023-04-28 21:46:32,044 ] 87 root - INFO -  Hypothesis cm_000:float64,float64
[ 2023-04-28 21:46:32,052 ] 87 root - INFO -  Hypothesis cn_000:float64,float64
[ 2023-04-28 21:46:32,074 ] 87 root - INFO -  Hypothesis cn_001:float64,float64
[ 2023-04-28 21:46:32,097 ] 87 root - INFO -  Hypothesis cn_002:float64,float64
[ 2023-04-28 21:46:32,106 ] 87 root - INFO -  Hypothesis cn_003:float64,float64
[ 2023-04-28 21:46:32,116 ] 87 root - INFO -  Hypothesis cn_004:float64,float64
[ 2023-04-28 21:46:32,126 ] 87 root - INFO -  Hypothesis cn_005:float64,float64
[ 2023-04-28 21:46:32,136 ] 87 root - INFO -  Hypothesis cn_006:float64,float64
[ 2023-04-28 21:46:32,146 ] 87 root - INFO -  Hypothesis cn_007:float64,float64
[ 2023-04-28 21:46:32,156 ] 87 root - INFO -  Hypothesis cn_008:float64,float64
[ 2023-04-28 21:46:32,165 ] 87 root - INFO -  Hypothesis cn_009:float64,float64
[ 2023-04-28 21:46:32,173 ] 87 root - INFO -  Hypothesis cp_000:float64,float64
[ 2023-04-28 21:46:32,181 ] 87 root - INFO -  Hypothesis cq_000:float64,float64
[ 2023-04-28 21:46:32,192 ] 87 root - INFO -  Hypothesis cs_000:float64,float64
[ 2023-04-28 21:46:32,201 ] 87 root - INFO -  Hypothesis cs_001:float64,float64
[ 2023-04-28 21:46:32,210 ] 87 root - INFO -  Hypothesis cs_002:float64,float64
[ 2023-04-28 21:46:32,221 ] 87 root - INFO -  Hypothesis cs_003:float64,float64
[ 2023-04-28 21:46:32,231 ] 87 root - INFO -  Hypothesis cs_004:float64,float64
[ 2023-04-28 21:46:32,241 ] 87 root - INFO -  Hypothesis cs_005:float64,float64
[ 2023-04-28 21:46:32,251 ] 87 root - INFO -  Hypothesis cs_006:float64,float64
[ 2023-04-28 21:46:32,261 ] 87 root - INFO -  Hypothesis cs_007:float64,float64
[ 2023-04-28 21:46:32,272 ] 87 root - INFO -  Hypothesis cs_008:float64,float64
[ 2023-04-28 21:46:32,280 ] 87 root - INFO -  Hypothesis cs_009:float64,float64
[ 2023-04-28 21:46:32,302 ] 87 root - INFO -  Hypothesis dd_000:float64,float64
[ 2023-04-28 21:46:32,311 ] 87 root - INFO -  Hypothesis de_000:float64,float64
[ 2023-04-28 21:46:32,337 ] 87 root - INFO -  Hypothesis df_000:float64,float64
[ 2023-04-28 21:46:32,359 ] 87 root - INFO -  Hypothesis dg_000:float64,float64
[ 2023-04-28 21:46:32,381 ] 87 root - INFO -  Hypothesis dh_000:float64,float64
[ 2023-04-28 21:46:32,404 ] 87 root - INFO -  Hypothesis di_000:float64,float64
[ 2023-04-28 21:46:32,427 ] 87 root - INFO -  Hypothesis dj_000:float64,float64
[ 2023-04-28 21:46:32,450 ] 87 root - INFO -  Hypothesis dk_000:float64,float64
[ 2023-04-28 21:46:32,472 ] 87 root - INFO -  Hypothesis dl_000:float64,float64
[ 2023-04-28 21:46:32,494 ] 87 root - INFO -  Hypothesis dm_000:float64,float64
[ 2023-04-28 21:46:32,516 ] 87 root - INFO -  Hypothesis dn_000:float64,float64
[ 2023-04-28 21:46:32,526 ] 87 root - INFO -  Hypothesis do_000:float64,float64
[ 2023-04-28 21:46:32,535 ] 87 root - INFO -  Hypothesis dp_000:float64,float64
[ 2023-04-28 21:46:32,545 ] 87 root - INFO -  Hypothesis dq_000:float64,float64
[ 2023-04-28 21:46:32,553 ] 87 root - INFO -  Hypothesis dr_000:float64,float64
[ 2023-04-28 21:46:32,560 ] 87 root - INFO -  Hypothesis ds_000:float64,float64
[ 2023-04-28 21:46:32,570 ] 87 root - INFO -  Hypothesis dt_000:float64,float64
[ 2023-04-28 21:46:32,580 ] 87 root - INFO -  Hypothesis du_000:float64,float64
[ 2023-04-28 21:46:32,590 ] 87 root - INFO -  Hypothesis dv_000:float64,float64
[ 2023-04-28 21:46:32,600 ] 87 root - INFO -  Hypothesis dx_000:float64,float64
[ 2023-04-28 21:46:32,608 ] 87 root - INFO -  Hypothesis dy_000:float64,float64
[ 2023-04-28 21:46:32,615 ] 87 root - INFO -  Hypothesis dz_000:float64,float64
[ 2023-04-28 21:46:32,638 ] 87 root - INFO -  Hypothesis ea_000:float64,float64
[ 2023-04-28 21:46:32,660 ] 87 root - INFO -  Hypothesis eb_000:float64,float64
[ 2023-04-28 21:46:32,669 ] 87 root - INFO -  Hypothesis ec_00:float64,float64
[ 2023-04-28 21:46:32,679 ] 87 root - INFO -  Hypothesis ed_000:float64,float64
[ 2023-04-28 21:46:32,689 ] 87 root - INFO -  Hypothesis ee_000:float64,float64
[ 2023-04-28 21:46:32,699 ] 87 root - INFO -  Hypothesis ee_001:float64,float64
[ 2023-04-28 21:46:32,709 ] 87 root - INFO -  Hypothesis ee_002:float64,float64
[ 2023-04-28 21:46:32,720 ] 87 root - INFO -  Hypothesis ee_003:float64,float64
[ 2023-04-28 21:46:32,730 ] 87 root - INFO -  Hypothesis ee_004:float64,float64
[ 2023-04-28 21:46:32,740 ] 87 root - INFO -  Hypothesis ee_005:float64,float64
[ 2023-04-28 21:46:32,750 ] 87 root - INFO -  Hypothesis ee_006:float64,float64
[ 2023-04-28 21:46:32,760 ] 87 root - INFO -  Hypothesis ee_007:float64,float64
[ 2023-04-28 21:46:32,770 ] 87 root - INFO -  Hypothesis ee_008:float64,float64
[ 2023-04-28 21:46:32,779 ] 87 root - INFO -  Hypothesis ee_009:float64,float64
[ 2023-04-28 21:46:32,788 ] 87 root - INFO -  Hypothesis ef_000:float64,float64
[ 2023-04-28 21:46:32,809 ] 87 root - INFO -  Hypothesis eg_000:float64,float64
[ 2023-04-28 21:46:32,830 ] 152 root - INFO - writing report in yaml file
[ 2023-04-28 21:46:32,944 ] 157 root - INFO - Data validation artifact:DataValidationArtifact(report_file_path='/config/workspace/artifact/04282023__214557/data_validation/report.yaml') 
[ 2023-04-28 21:46:34,607 ] 62 root - INFO - Before resampling in Training set input :(28950, 170) Target:(28950,)
[ 2023-04-28 21:46:53,154 ] 64 root - INFO - After resampling in Training set input :(56152, 170) Target:(56152,)
[ 2023-04-28 21:46:53,154 ] 66 root - INFO - Before resampling in Testing set input :(7238, 170) Target:(7238,)
[ 2023-04-28 21:46:56,290 ] 68 root - INFO - After resampling in Testing set input :(56152, 170) Target:(56152,)
[ 2023-04-28 21:46:56,530 ] 54 root - INFO - Entered the save_object method of utils
[ 2023-04-28 21:46:56,538 ] 58 root - INFO - Exited the save_object method of utils
