[ 2023-04-28 21:25:53,178 ] 15 root - INFO - >>>>>>>>>>>>>>>>>>>>>>>>>>>>>>>>>>>>>>>> Data Ingestion <<<<<<<<<<<<<<<<<<<<<<<<<<<<<<<<<<<<<<<<
[ 2023-04-28 21:25:53,179 ] 22 root - INFO - Exporting collection data as pandas dataframe
[ 2023-04-28 21:25:53,179 ] 21 root - INFO - Reading data from database:aps and collection sensor
[ 2023-04-28 21:26:00,882 ] 23 root - INFO - Found columns:Index(['_id', 'class', 'aa_000', 'ab_000', 'ac_000', 'ad_000', 'ae_000',
       'af_000', 'ag_000', 'ag_001',
       ...
       'ee_002', 'ee_003', 'ee_004', 'ee_005', 'ee_006', 'ee_007', 'ee_008',
       'ee_009', 'ef_000', 'eg_000'],
      dtype='object', length=172)
[ 2023-04-28 21:26:00,882 ] 25 root - INFO - dropping column :_id
[ 2023-04-28 21:26:01,654 ] 27 root - INFO - row and col in df:(36188, 171)
[ 2023-04-28 21:26:01,655 ] 28 root - INFO - Save data in feature store
[ 2023-04-28 21:26:04,750 ] 32 root - INFO - Create feature store folder if not available
[ 2023-04-28 21:26:04,751 ] 38 root - INFO - Save df to feature store folder
[ 2023-04-28 21:26:08,277 ] 42 root - INFO - split dataset into train and test set
[ 2023-04-28 21:26:09,078 ] 46 root - INFO - create dataset directory folder if not available
[ 2023-04-28 21:26:09,078 ] 51 root - INFO - Save df to feature store folder
[ 2023-04-28 21:26:12,716 ] 63 root - INFO - Data ingestion artifact: DataIngestionArtifact(feature_store_file_path='/config/workspace/artifact/04282023__212553/data_ingestion/feature_store/sensor.csv', train_file_path='/config/workspace/artifact/04282023__212553/data_ingestion/dataset/train.csv', test_file_path='/config/workspace/artifact/04282023__212553/data_ingestion/dataset/test.csv')
[ 2023-04-28 21:26:13,854 ] 18 root - INFO - >>>>>>>>>>>>>>>>>>>>>>>>>>>>>>>>>>>>>>>> Data Validation <<<<<<<<<<<<<<<<<<<<<<<<<<<<<<<<<<<<<<<<
[ 2023-04-28 21:26:13,854 ] 113 root - INFO - Reading base dataframe
[ 2023-04-28 21:26:18,490 ] 116 root - INFO - Replace na values in dataframe
[ 2023-04-28 21:26:18,490 ] 119 root - INFO - drop null values from base dataframe
[ 2023-04-28 21:26:18,863 ] 40 root - INFO - selecting column name which contains null above to 0.2
[ 2023-04-28 21:26:18,864 ] 43 root - INFO - columns to drop: ['ab_000', 'ad_000', 'bk_000', 'bl_000', 'bm_000', 'bn_000', 'bo_000', 'bp_000', 'bq_000', 'br_000', 'cf_000', 'cg_000', 'ch_000', 'co_000', 'cr_000', 'ct_000', 'cu_000', 'cv_000', 'cx_000', 'cy_000', 'cz_000', 'da_000', 'db_000', 'dc_000']
[ 2023-04-28 21:26:19,012 ] 122 root - INFO - Reading train dataframe
[ 2023-04-28 21:26:19,638 ] 124 root - INFO - Reading test dataframe
[ 2023-04-28 21:26:19,804 ] 127 root - INFO - drop null values from train dataframe
[ 2023-04-28 21:26:19,821 ] 40 root - INFO - selecting column name which contains null above to 0.2
[ 2023-04-28 21:26:19,822 ] 43 root - INFO - columns to drop: ['ab_000', 'ad_000', 'bk_000', 'bl_000', 'bm_000', 'bn_000', 'bo_000', 'bp_000', 'bq_000', 'br_000', 'cf_000', 'cg_000', 'ch_000', 'co_000', 'cr_000', 'ct_000', 'cu_000', 'cv_000', 'cx_000', 'cy_000', 'cz_000', 'da_000', 'db_000', 'dc_000']
[ 2023-04-28 21:26:19,844 ] 129 root - INFO - drop null values from test dataframe
[ 2023-04-28 21:26:19,850 ] 40 root - INFO - selecting column name which contains null above to 0.2
[ 2023-04-28 21:26:19,851 ] 43 root - INFO - columns to drop: ['ab_000', 'ad_000', 'bk_000', 'bl_000', 'bm_000', 'bn_000', 'bo_000', 'bp_000', 'bq_000', 'br_000', 'cf_000', 'cg_000', 'ch_000', 'co_000', 'cr_000', 'ct_000', 'cu_000', 'cv_000', 'cx_000', 'cy_000', 'cz_000', 'da_000', 'db_000', 'dc_000']
[ 2023-04-28 21:26:21,216 ] 139 root - INFO - is all required columns present in train df 
[ 2023-04-28 21:26:21,217 ] 141 root - INFO - is all required columns present in test df 
[ 2023-04-28 21:26:21,217 ] 145 root - INFO - as all column are available in train hence detecting data drift
[ 2023-04-28 21:26:21,218 ] 87 root - INFO -  Hypothesis class:object,object
[ 2023-04-28 21:26:21,415 ] 87 root - INFO -  Hypothesis aa_000:float64,float64
[ 2023-04-28 21:26:21,471 ] 87 root - INFO -  Hypothesis ac_000:float64,float64
[ 2023-04-28 21:26:21,526 ] 87 root - INFO -  Hypothesis ae_000:float64,float64
[ 2023-04-28 21:26:21,576 ] 87 root - INFO -  Hypothesis af_000:float64,float64
[ 2023-04-28 21:26:21,627 ] 87 root - INFO -  Hypothesis ag_000:float64,float64
[ 2023-04-28 21:26:21,676 ] 87 root - INFO -  Hypothesis ag_001:float64,float64
[ 2023-04-28 21:26:21,725 ] 87 root - INFO -  Hypothesis ag_002:float64,float64
[ 2023-04-28 21:26:21,775 ] 87 root - INFO -  Hypothesis ag_003:float64,float64
[ 2023-04-28 21:26:21,828 ] 87 root - INFO -  Hypothesis ag_004:float64,float64
[ 2023-04-28 21:26:21,842 ] 87 root - INFO -  Hypothesis ag_005:float64,float64
[ 2023-04-28 21:26:21,857 ] 87 root - INFO -  Hypothesis ag_006:float64,float64
[ 2023-04-28 21:26:21,914 ] 87 root - INFO -  Hypothesis ag_007:float64,float64
[ 2023-04-28 21:26:21,928 ] 87 root - INFO -  Hypothesis ag_008:float64,float64
[ 2023-04-28 21:26:21,982 ] 87 root - INFO -  Hypothesis ag_009:float64,float64
[ 2023-04-28 21:26:22,034 ] 87 root - INFO -  Hypothesis ah_000:float64,float64
[ 2023-04-28 21:26:22,091 ] 87 root - INFO -  Hypothesis ai_000:float64,float64
[ 2023-04-28 21:26:22,141 ] 87 root - INFO -  Hypothesis aj_000:float64,float64
[ 2023-04-28 21:26:22,192 ] 87 root - INFO -  Hypothesis ak_000:float64,float64
[ 2023-04-28 21:26:22,241 ] 87 root - INFO -  Hypothesis al_000:float64,float64
[ 2023-04-28 21:26:22,295 ] 87 root - INFO -  Hypothesis am_0:float64,float64
[ 2023-04-28 21:26:22,358 ] 87 root - INFO -  Hypothesis an_000:float64,float64
[ 2023-04-28 21:26:22,415 ] 87 root - INFO -  Hypothesis ao_000:float64,float64
[ 2023-04-28 21:26:22,471 ] 87 root - INFO -  Hypothesis ap_000:float64,float64
[ 2023-04-28 21:26:22,528 ] 87 root - INFO -  Hypothesis aq_000:float64,float64
[ 2023-04-28 21:26:22,584 ] 87 root - INFO -  Hypothesis ar_000:float64,float64
[ 2023-04-28 21:26:22,633 ] 87 root - INFO -  Hypothesis as_000:float64,float64
[ 2023-04-28 21:26:22,682 ] 87 root - INFO -  Hypothesis at_000:float64,float64
[ 2023-04-28 21:26:22,733 ] 87 root - INFO -  Hypothesis au_000:float64,float64
[ 2023-04-28 21:26:22,780 ] 87 root - INFO -  Hypothesis av_000:float64,float64
[ 2023-04-28 21:26:22,835 ] 87 root - INFO -  Hypothesis ax_000:float64,float64
[ 2023-04-28 21:26:22,889 ] 87 root - INFO -  Hypothesis ay_000:float64,float64
[ 2023-04-28 21:26:22,937 ] 87 root - INFO -  Hypothesis ay_001:float64,float64
[ 2023-04-28 21:26:22,986 ] 87 root - INFO -  Hypothesis ay_002:float64,float64
[ 2023-04-28 21:26:23,034 ] 87 root - INFO -  Hypothesis ay_003:float64,float64
[ 2023-04-28 21:26:23,084 ] 87 root - INFO -  Hypothesis ay_004:float64,float64
[ 2023-04-28 21:26:23,133 ] 87 root - INFO -  Hypothesis ay_005:float64,float64
[ 2023-04-28 21:26:23,188 ] 87 root - INFO -  Hypothesis ay_006:float64,float64
[ 2023-04-28 21:26:23,242 ] 87 root - INFO -  Hypothesis ay_007:float64,float64
[ 2023-04-28 21:26:23,298 ] 87 root - INFO -  Hypothesis ay_008:float64,float64
[ 2023-04-28 21:26:23,354 ] 87 root - INFO -  Hypothesis ay_009:float64,float64
[ 2023-04-28 21:26:23,404 ] 87 root - INFO -  Hypothesis az_000:float64,float64
[ 2023-04-28 21:26:23,418 ] 87 root - INFO -  Hypothesis az_001:float64,float64
[ 2023-04-28 21:26:23,475 ] 87 root - INFO -  Hypothesis az_002:float64,float64
[ 2023-04-28 21:26:23,532 ] 87 root - INFO -  Hypothesis az_003:float64,float64
[ 2023-04-28 21:26:23,589 ] 87 root - INFO -  Hypothesis az_004:float64,float64
[ 2023-04-28 21:26:23,644 ] 87 root - INFO -  Hypothesis az_005:float64,float64
[ 2023-04-28 21:26:23,700 ] 87 root - INFO -  Hypothesis az_006:float64,float64
[ 2023-04-28 21:26:23,714 ] 87 root - INFO -  Hypothesis az_007:float64,float64
[ 2023-04-28 21:26:23,724 ] 87 root - INFO -  Hypothesis az_008:float64,float64
[ 2023-04-28 21:26:23,774 ] 87 root - INFO -  Hypothesis az_009:float64,float64
[ 2023-04-28 21:26:23,824 ] 87 root - INFO -  Hypothesis ba_000:float64,float64
[ 2023-04-28 21:26:23,880 ] 87 root - INFO -  Hypothesis ba_001:float64,float64
[ 2023-04-28 21:26:23,936 ] 87 root - INFO -  Hypothesis ba_002:float64,float64
[ 2023-04-28 21:26:23,992 ] 87 root - INFO -  Hypothesis ba_003:float64,float64
[ 2023-04-28 21:26:24,048 ] 87 root - INFO -  Hypothesis ba_004:float64,float64
[ 2023-04-28 21:26:24,104 ] 87 root - INFO -  Hypothesis ba_005:float64,float64
[ 2023-04-28 21:26:24,119 ] 87 root - INFO -  Hypothesis ba_006:float64,float64
[ 2023-04-28 21:26:24,133 ] 87 root - INFO -  Hypothesis ba_007:float64,float64
[ 2023-04-28 21:26:24,188 ] 87 root - INFO -  Hypothesis ba_008:float64,float64
[ 2023-04-28 21:26:24,243 ] 87 root - INFO -  Hypothesis ba_009:float64,float64
[ 2023-04-28 21:26:24,254 ] 87 root - INFO -  Hypothesis bb_000:float64,float64
[ 2023-04-28 21:26:24,310 ] 87 root - INFO -  Hypothesis bc_000:float64,float64
[ 2023-04-28 21:26:24,366 ] 87 root - INFO -  Hypothesis bd_000:float64,float64
[ 2023-04-28 21:26:24,422 ] 87 root - INFO -  Hypothesis be_000:float64,float64
[ 2023-04-28 21:26:24,436 ] 87 root - INFO -  Hypothesis bf_000:float64,float64
[ 2023-04-28 21:26:24,488 ] 87 root - INFO -  Hypothesis bg_000:float64,float64
[ 2023-04-28 21:26:24,544 ] 87 root - INFO -  Hypothesis bh_000:float64,float64
[ 2023-04-28 21:26:24,600 ] 87 root - INFO -  Hypothesis bi_000:float64,float64
[ 2023-04-28 21:26:24,656 ] 87 root - INFO -  Hypothesis bj_000:float64,float64
[ 2023-04-28 21:26:24,714 ] 87 root - INFO -  Hypothesis bs_000:float64,float64
[ 2023-04-28 21:26:24,772 ] 87 root - INFO -  Hypothesis bt_000:float64,float64
[ 2023-04-28 21:26:24,828 ] 87 root - INFO -  Hypothesis bu_000:float64,float64
[ 2023-04-28 21:26:24,884 ] 87 root - INFO -  Hypothesis bv_000:float64,float64
[ 2023-04-28 21:26:24,940 ] 87 root - INFO -  Hypothesis bx_000:float64,float64
[ 2023-04-28 21:26:24,996 ] 87 root - INFO -  Hypothesis by_000:float64,float64
[ 2023-04-28 21:26:25,052 ] 87 root - INFO -  Hypothesis bz_000:float64,float64
[ 2023-04-28 21:26:25,066 ] 87 root - INFO -  Hypothesis ca_000:float64,float64
[ 2023-04-28 21:26:25,123 ] 87 root - INFO -  Hypothesis cb_000:float64,float64
[ 2023-04-28 21:26:25,182 ] 87 root - INFO -  Hypothesis cc_000:float64,float64
[ 2023-04-28 21:26:25,239 ] 87 root - INFO -  Hypothesis cd_000:float64,float64
[ 2023-04-28 21:26:25,289 ] 87 root - INFO -  Hypothesis ce_000:float64,float64
[ 2023-04-28 21:26:25,345 ] 87 root - INFO -  Hypothesis ci_000:float64,float64
[ 2023-04-28 21:26:25,403 ] 87 root - INFO -  Hypothesis cj_000:float64,float64
[ 2023-04-28 21:26:25,455 ] 87 root - INFO -  Hypothesis ck_000:float64,float64
[ 2023-04-28 21:26:25,513 ] 87 root - INFO -  Hypothesis cl_000:float64,float64
[ 2023-04-28 21:26:25,564 ] 87 root - INFO -  Hypothesis cm_000:float64,float64
[ 2023-04-28 21:26:25,615 ] 87 root - INFO -  Hypothesis cn_000:float64,float64
[ 2023-04-28 21:26:25,664 ] 87 root - INFO -  Hypothesis cn_001:float64,float64
[ 2023-04-28 21:26:25,716 ] 87 root - INFO -  Hypothesis cn_002:float64,float64
[ 2023-04-28 21:26:25,728 ] 87 root - INFO -  Hypothesis cn_003:float64,float64
[ 2023-04-28 21:26:25,743 ] 87 root - INFO -  Hypothesis cn_004:float64,float64
[ 2023-04-28 21:26:25,799 ] 87 root - INFO -  Hypothesis cn_005:float64,float64
[ 2023-04-28 21:26:25,856 ] 87 root - INFO -  Hypothesis cn_006:float64,float64
[ 2023-04-28 21:26:25,911 ] 87 root - INFO -  Hypothesis cn_007:float64,float64
[ 2023-04-28 21:26:25,966 ] 87 root - INFO -  Hypothesis cn_008:float64,float64
[ 2023-04-28 21:26:26,021 ] 87 root - INFO -  Hypothesis cn_009:float64,float64
[ 2023-04-28 21:26:26,033 ] 87 root - INFO -  Hypothesis cp_000:float64,float64
[ 2023-04-28 21:26:26,087 ] 87 root - INFO -  Hypothesis cq_000:float64,float64
[ 2023-04-28 21:26:26,142 ] 87 root - INFO -  Hypothesis cs_000:float64,float64
[ 2023-04-28 21:26:26,157 ] 87 root - INFO -  Hypothesis cs_001:float64,float64
[ 2023-04-28 21:26:26,212 ] 87 root - INFO -  Hypothesis cs_002:float64,float64
[ 2023-04-28 21:26:26,268 ] 87 root - INFO -  Hypothesis cs_003:float64,float64
[ 2023-04-28 21:26:26,325 ] 87 root - INFO -  Hypothesis cs_004:float64,float64
[ 2023-04-28 21:26:26,340 ] 87 root - INFO -  Hypothesis cs_005:float64,float64
[ 2023-04-28 21:26:26,396 ] 87 root - INFO -  Hypothesis cs_006:float64,float64
[ 2023-04-28 21:26:26,453 ] 87 root - INFO -  Hypothesis cs_007:float64,float64
[ 2023-04-28 21:26:26,514 ] 87 root - INFO -  Hypothesis cs_008:float64,float64
[ 2023-04-28 21:26:26,527 ] 87 root - INFO -  Hypothesis cs_009:float64,float64
[ 2023-04-28 21:26:26,577 ] 87 root - INFO -  Hypothesis dd_000:float64,float64
[ 2023-04-28 21:26:26,634 ] 87 root - INFO -  Hypothesis de_000:float64,float64
[ 2023-04-28 21:26:26,647 ] 87 root - INFO -  Hypothesis df_000:float64,float64
[ 2023-04-28 21:26:26,698 ] 87 root - INFO -  Hypothesis dg_000:float64,float64
[ 2023-04-28 21:26:26,748 ] 87 root - INFO -  Hypothesis dh_000:float64,float64
[ 2023-04-28 21:26:26,799 ] 87 root - INFO -  Hypothesis di_000:float64,float64
[ 2023-04-28 21:26:26,851 ] 87 root - INFO -  Hypothesis dj_000:float64,float64
[ 2023-04-28 21:26:26,900 ] 87 root - INFO -  Hypothesis dk_000:float64,float64
[ 2023-04-28 21:26:26,950 ] 87 root - INFO -  Hypothesis dl_000:float64,float64
[ 2023-04-28 21:26:27,000 ] 87 root - INFO -  Hypothesis dm_000:float64,float64
[ 2023-04-28 21:26:27,050 ] 87 root - INFO -  Hypothesis dn_000:float64,float64
[ 2023-04-28 21:26:27,106 ] 87 root - INFO -  Hypothesis do_000:float64,float64
[ 2023-04-28 21:26:27,162 ] 87 root - INFO -  Hypothesis dp_000:float64,float64
[ 2023-04-28 21:26:27,217 ] 87 root - INFO -  Hypothesis dq_000:float64,float64
[ 2023-04-28 21:26:27,268 ] 87 root - INFO -  Hypothesis dr_000:float64,float64
[ 2023-04-28 21:26:27,320 ] 87 root - INFO -  Hypothesis ds_000:float64,float64
[ 2023-04-28 21:26:27,375 ] 87 root - INFO -  Hypothesis dt_000:float64,float64
[ 2023-04-28 21:26:27,432 ] 87 root - INFO -  Hypothesis du_000:float64,float64
[ 2023-04-28 21:26:27,489 ] 87 root - INFO -  Hypothesis dv_000:float64,float64
[ 2023-04-28 21:26:27,546 ] 87 root - INFO -  Hypothesis dx_000:float64,float64
[ 2023-04-28 21:26:27,600 ] 87 root - INFO -  Hypothesis dy_000:float64,float64
[ 2023-04-28 21:26:27,652 ] 87 root - INFO -  Hypothesis dz_000:float64,float64
[ 2023-04-28 21:26:27,702 ] 87 root - INFO -  Hypothesis ea_000:float64,float64
[ 2023-04-28 21:26:27,752 ] 87 root - INFO -  Hypothesis eb_000:float64,float64
[ 2023-04-28 21:26:27,808 ] 87 root - INFO -  Hypothesis ec_00:float64,float64
[ 2023-04-28 21:26:27,822 ] 87 root - INFO -  Hypothesis ed_000:float64,float64
[ 2023-04-28 21:26:27,877 ] 87 root - INFO -  Hypothesis ee_000:float64,float64
[ 2023-04-28 21:26:27,935 ] 87 root - INFO -  Hypothesis ee_001:float64,float64
[ 2023-04-28 21:26:27,991 ] 87 root - INFO -  Hypothesis ee_002:float64,float64
[ 2023-04-28 21:26:28,048 ] 87 root - INFO -  Hypothesis ee_003:float64,float64
[ 2023-04-28 21:26:28,104 ] 87 root - INFO -  Hypothesis ee_004:float64,float64
[ 2023-04-28 21:26:28,162 ] 87 root - INFO -  Hypothesis ee_005:float64,float64
[ 2023-04-28 21:26:28,217 ] 87 root - INFO -  Hypothesis ee_006:float64,float64
[ 2023-04-28 21:26:28,274 ] 87 root - INFO -  Hypothesis ee_007:float64,float64
[ 2023-04-28 21:26:28,330 ] 87 root - INFO -  Hypothesis ee_008:float64,float64
[ 2023-04-28 21:26:28,344 ] 87 root - INFO -  Hypothesis ee_009:float64,float64
[ 2023-04-28 21:26:28,356 ] 87 root - INFO -  Hypothesis ef_000:float64,float64
[ 2023-04-28 21:26:28,406 ] 87 root - INFO -  Hypothesis eg_000:float64,float64
[ 2023-04-28 21:26:28,456 ] 148 root - INFO - as all column are available in test hence detecting data drift
[ 2023-04-28 21:26:28,456 ] 87 root - INFO -  Hypothesis class:object,object
[ 2023-04-28 21:26:28,566 ] 87 root - INFO -  Hypothesis aa_000:float64,float64
[ 2023-04-28 21:26:28,577 ] 87 root - INFO -  Hypothesis ac_000:float64,float64
[ 2023-04-28 21:26:28,585 ] 87 root - INFO -  Hypothesis ae_000:float64,float64
[ 2023-04-28 21:26:28,610 ] 87 root - INFO -  Hypothesis af_000:float64,float64
[ 2023-04-28 21:26:28,632 ] 87 root - INFO -  Hypothesis ag_000:float64,float64
[ 2023-04-28 21:26:28,653 ] 87 root - INFO -  Hypothesis ag_001:float64,float64
[ 2023-04-28 21:26:28,675 ] 87 root - INFO -  Hypothesis ag_002:float64,float64
[ 2023-04-28 21:26:28,697 ] 87 root - INFO -  Hypothesis ag_003:float64,float64
[ 2023-04-28 21:26:28,704 ] 87 root - INFO -  Hypothesis ag_004:float64,float64
[ 2023-04-28 21:26:28,714 ] 87 root - INFO -  Hypothesis ag_005:float64,float64
[ 2023-04-28 21:26:28,728 ] 87 root - INFO -  Hypothesis ag_006:float64,float64
[ 2023-04-28 21:26:28,739 ] 87 root - INFO -  Hypothesis ag_007:float64,float64
[ 2023-04-28 21:26:28,748 ] 87 root - INFO -  Hypothesis ag_008:float64,float64
[ 2023-04-28 21:26:28,757 ] 87 root - INFO -  Hypothesis ag_009:float64,float64
[ 2023-04-28 21:26:28,765 ] 87 root - INFO -  Hypothesis ah_000:float64,float64
[ 2023-04-28 21:26:28,775 ] 87 root - INFO -  Hypothesis ai_000:float64,float64
[ 2023-04-28 21:26:28,782 ] 87 root - INFO -  Hypothesis aj_000:float64,float64
[ 2023-04-28 21:26:28,805 ] 87 root - INFO -  Hypothesis ak_000:float64,float64
[ 2023-04-28 21:26:28,828 ] 87 root - INFO -  Hypothesis al_000:float64,float64
[ 2023-04-28 21:26:28,836 ] 87 root - INFO -  Hypothesis am_0:float64,float64
[ 2023-04-28 21:26:28,845 ] 87 root - INFO -  Hypothesis an_000:float64,float64
[ 2023-04-28 21:26:28,855 ] 87 root - INFO -  Hypothesis ao_000:float64,float64
[ 2023-04-28 21:26:28,882 ] 87 root - INFO -  Hypothesis ap_000:float64,float64
[ 2023-04-28 21:26:28,893 ] 87 root - INFO -  Hypothesis aq_000:float64,float64
[ 2023-04-28 21:26:28,904 ] 87 root - INFO -  Hypothesis ar_000:float64,float64
[ 2023-04-28 21:26:28,926 ] 87 root - INFO -  Hypothesis as_000:float64,float64
[ 2023-04-28 21:26:28,948 ] 87 root - INFO -  Hypothesis at_000:float64,float64
[ 2023-04-28 21:26:28,955 ] 87 root - INFO -  Hypothesis au_000:float64,float64
[ 2023-04-28 21:26:28,976 ] 87 root - INFO -  Hypothesis av_000:float64,float64
[ 2023-04-28 21:26:28,985 ] 87 root - INFO -  Hypothesis ax_000:float64,float64
[ 2023-04-28 21:26:28,994 ] 87 root - INFO -  Hypothesis ay_000:float64,float64
[ 2023-04-28 21:26:29,016 ] 87 root - INFO -  Hypothesis ay_001:float64,float64
[ 2023-04-28 21:26:29,038 ] 87 root - INFO -  Hypothesis ay_002:float64,float64
[ 2023-04-28 21:26:29,061 ] 87 root - INFO -  Hypothesis ay_003:float64,float64
[ 2023-04-28 21:26:29,082 ] 87 root - INFO -  Hypothesis ay_004:float64,float64
[ 2023-04-28 21:26:29,105 ] 87 root - INFO -  Hypothesis ay_005:float64,float64
[ 2023-04-28 21:26:29,113 ] 87 root - INFO -  Hypothesis ay_006:float64,float64
[ 2023-04-28 21:26:29,123 ] 87 root - INFO -  Hypothesis ay_007:float64,float64
[ 2023-04-28 21:26:29,133 ] 87 root - INFO -  Hypothesis ay_008:float64,float64
[ 2023-04-28 21:26:29,143 ] 87 root - INFO -  Hypothesis ay_009:float64,float64
[ 2023-04-28 21:26:29,164 ] 87 root - INFO -  Hypothesis az_000:float64,float64
[ 2023-04-28 21:26:29,174 ] 87 root - INFO -  Hypothesis az_001:float64,float64
[ 2023-04-28 21:26:29,184 ] 87 root - INFO -  Hypothesis az_002:float64,float64
[ 2023-04-28 21:26:29,193 ] 87 root - INFO -  Hypothesis az_003:float64,float64
[ 2023-04-28 21:26:29,204 ] 87 root - INFO -  Hypothesis az_004:float64,float64
[ 2023-04-28 21:26:29,214 ] 87 root - INFO -  Hypothesis az_005:float64,float64
[ 2023-04-28 21:26:29,224 ] 87 root - INFO -  Hypothesis az_006:float64,float64
[ 2023-04-28 21:26:29,234 ] 87 root - INFO -  Hypothesis az_007:float64,float64
[ 2023-04-28 21:26:29,241 ] 87 root - INFO -  Hypothesis az_008:float64,float64
[ 2023-04-28 21:26:29,247 ] 87 root - INFO -  Hypothesis az_009:float64,float64
[ 2023-04-28 21:26:29,269 ] 87 root - INFO -  Hypothesis ba_000:float64,float64
[ 2023-04-28 21:26:29,280 ] 87 root - INFO -  Hypothesis ba_001:float64,float64
[ 2023-04-28 21:26:29,290 ] 87 root - INFO -  Hypothesis ba_002:float64,float64
[ 2023-04-28 21:26:29,300 ] 87 root - INFO -  Hypothesis ba_003:float64,float64
[ 2023-04-28 21:26:29,310 ] 87 root - INFO -  Hypothesis ba_004:float64,float64
[ 2023-04-28 21:26:29,321 ] 87 root - INFO -  Hypothesis ba_005:float64,float64
[ 2023-04-28 21:26:29,331 ] 87 root - INFO -  Hypothesis ba_006:float64,float64
[ 2023-04-28 21:26:29,341 ] 87 root - INFO -  Hypothesis ba_007:float64,float64
[ 2023-04-28 21:26:29,350 ] 87 root - INFO -  Hypothesis ba_008:float64,float64
[ 2023-04-28 21:26:29,359 ] 87 root - INFO -  Hypothesis ba_009:float64,float64
[ 2023-04-28 21:26:29,367 ] 87 root - INFO -  Hypothesis bb_000:float64,float64
[ 2023-04-28 21:26:29,377 ] 87 root - INFO -  Hypothesis bc_000:float64,float64
[ 2023-04-28 21:26:29,385 ] 87 root - INFO -  Hypothesis bd_000:float64,float64
[ 2023-04-28 21:26:29,394 ] 87 root - INFO -  Hypothesis be_000:float64,float64
[ 2023-04-28 21:26:29,404 ] 87 root - INFO -  Hypothesis bf_000:float64,float64
[ 2023-04-28 21:26:29,412 ] 87 root - INFO -  Hypothesis bg_000:float64,float64
[ 2023-04-28 21:26:29,422 ] 87 root - INFO -  Hypothesis bh_000:float64,float64
[ 2023-04-28 21:26:29,432 ] 87 root - INFO -  Hypothesis bi_000:float64,float64
[ 2023-04-28 21:26:29,442 ] 87 root - INFO -  Hypothesis bj_000:float64,float64
[ 2023-04-28 21:26:29,453 ] 87 root - INFO -  Hypothesis bs_000:float64,float64
[ 2023-04-28 21:26:29,464 ] 87 root - INFO -  Hypothesis bt_000:float64,float64
[ 2023-04-28 21:26:29,474 ] 87 root - INFO -  Hypothesis bu_000:float64,float64
[ 2023-04-28 21:26:29,485 ] 87 root - INFO -  Hypothesis bv_000:float64,float64
[ 2023-04-28 21:26:29,495 ] 87 root - INFO -  Hypothesis bx_000:float64,float64
[ 2023-04-28 21:26:29,505 ] 87 root - INFO -  Hypothesis by_000:float64,float64
[ 2023-04-28 21:26:29,515 ] 87 root - INFO -  Hypothesis bz_000:float64,float64
[ 2023-04-28 21:26:29,525 ] 87 root - INFO -  Hypothesis ca_000:float64,float64
[ 2023-04-28 21:26:29,535 ] 87 root - INFO -  Hypothesis cb_000:float64,float64
[ 2023-04-28 21:26:29,546 ] 87 root - INFO -  Hypothesis cc_000:float64,float64
[ 2023-04-28 21:26:29,556 ] 87 root - INFO -  Hypothesis cd_000:float64,float64
[ 2023-04-28 21:26:29,578 ] 87 root - INFO -  Hypothesis ce_000:float64,float64
[ 2023-04-28 21:26:29,587 ] 87 root - INFO -  Hypothesis ci_000:float64,float64
[ 2023-04-28 21:26:29,597 ] 87 root - INFO -  Hypothesis cj_000:float64,float64
[ 2023-04-28 21:26:29,605 ] 87 root - INFO -  Hypothesis ck_000:float64,float64
[ 2023-04-28 21:26:29,631 ] 87 root - INFO -  Hypothesis cl_000:float64,float64
[ 2023-04-28 21:26:29,638 ] 87 root - INFO -  Hypothesis cm_000:float64,float64
[ 2023-04-28 21:26:29,646 ] 87 root - INFO -  Hypothesis cn_000:float64,float64
[ 2023-04-28 21:26:29,671 ] 87 root - INFO -  Hypothesis cn_001:float64,float64
[ 2023-04-28 21:26:29,694 ] 87 root - INFO -  Hypothesis cn_002:float64,float64
[ 2023-04-28 21:26:29,703 ] 87 root - INFO -  Hypothesis cn_003:float64,float64
[ 2023-04-28 21:26:29,713 ] 87 root - INFO -  Hypothesis cn_004:float64,float64
[ 2023-04-28 21:26:29,723 ] 87 root - INFO -  Hypothesis cn_005:float64,float64
[ 2023-04-28 21:26:29,734 ] 87 root - INFO -  Hypothesis cn_006:float64,float64
[ 2023-04-28 21:26:29,744 ] 87 root - INFO -  Hypothesis cn_007:float64,float64
[ 2023-04-28 21:26:29,753 ] 87 root - INFO -  Hypothesis cn_008:float64,float64
[ 2023-04-28 21:26:29,762 ] 87 root - INFO -  Hypothesis cn_009:float64,float64
[ 2023-04-28 21:26:29,771 ] 87 root - INFO -  Hypothesis cp_000:float64,float64
[ 2023-04-28 21:26:29,779 ] 87 root - INFO -  Hypothesis cq_000:float64,float64
[ 2023-04-28 21:26:29,789 ] 87 root - INFO -  Hypothesis cs_000:float64,float64
[ 2023-04-28 21:26:29,799 ] 87 root - INFO -  Hypothesis cs_001:float64,float64
[ 2023-04-28 21:26:29,808 ] 87 root - INFO -  Hypothesis cs_002:float64,float64
[ 2023-04-28 21:26:29,818 ] 87 root - INFO -  Hypothesis cs_003:float64,float64
[ 2023-04-28 21:26:29,828 ] 87 root - INFO -  Hypothesis cs_004:float64,float64
[ 2023-04-28 21:26:29,841 ] 87 root - INFO -  Hypothesis cs_005:float64,float64
[ 2023-04-28 21:26:29,852 ] 87 root - INFO -  Hypothesis cs_006:float64,float64
[ 2023-04-28 21:26:29,862 ] 87 root - INFO -  Hypothesis cs_007:float64,float64
[ 2023-04-28 21:26:29,872 ] 87 root - INFO -  Hypothesis cs_008:float64,float64
[ 2023-04-28 21:26:29,881 ] 87 root - INFO -  Hypothesis cs_009:float64,float64
[ 2023-04-28 21:26:29,902 ] 87 root - INFO -  Hypothesis dd_000:float64,float64
[ 2023-04-28 21:26:29,912 ] 87 root - INFO -  Hypothesis de_000:float64,float64
[ 2023-04-28 21:26:29,921 ] 87 root - INFO -  Hypothesis df_000:float64,float64
[ 2023-04-28 21:26:29,944 ] 87 root - INFO -  Hypothesis dg_000:float64,float64
[ 2023-04-28 21:26:29,966 ] 87 root - INFO -  Hypothesis dh_000:float64,float64
[ 2023-04-28 21:26:29,973 ] 87 root - INFO -  Hypothesis di_000:float64,float64
[ 2023-04-28 21:26:29,980 ] 87 root - INFO -  Hypothesis dj_000:float64,float64
[ 2023-04-28 21:26:30,003 ] 87 root - INFO -  Hypothesis dk_000:float64,float64
[ 2023-04-28 21:26:30,009 ] 87 root - INFO -  Hypothesis dl_000:float64,float64
[ 2023-04-28 21:26:30,032 ] 87 root - INFO -  Hypothesis dm_000:float64,float64
[ 2023-04-28 21:26:30,055 ] 87 root - INFO -  Hypothesis dn_000:float64,float64
[ 2023-04-28 21:26:30,065 ] 87 root - INFO -  Hypothesis do_000:float64,float64
[ 2023-04-28 21:26:30,074 ] 87 root - INFO -  Hypothesis dp_000:float64,float64
[ 2023-04-28 21:26:30,084 ] 87 root - INFO -  Hypothesis dq_000:float64,float64
[ 2023-04-28 21:26:30,091 ] 87 root - INFO -  Hypothesis dr_000:float64,float64
[ 2023-04-28 21:26:30,098 ] 87 root - INFO -  Hypothesis ds_000:float64,float64
[ 2023-04-28 21:26:30,108 ] 87 root - INFO -  Hypothesis dt_000:float64,float64
[ 2023-04-28 21:26:30,118 ] 87 root - INFO -  Hypothesis du_000:float64,float64
[ 2023-04-28 21:26:30,128 ] 87 root - INFO -  Hypothesis dv_000:float64,float64
[ 2023-04-28 21:26:30,138 ] 87 root - INFO -  Hypothesis dx_000:float64,float64
[ 2023-04-28 21:26:30,145 ] 87 root - INFO -  Hypothesis dy_000:float64,float64
[ 2023-04-28 21:26:30,153 ] 87 root - INFO -  Hypothesis dz_000:float64,float64
[ 2023-04-28 21:26:30,175 ] 87 root - INFO -  Hypothesis ea_000:float64,float64
[ 2023-04-28 21:26:30,197 ] 87 root - INFO -  Hypothesis eb_000:float64,float64
[ 2023-04-28 21:26:30,206 ] 87 root - INFO -  Hypothesis ec_00:float64,float64
[ 2023-04-28 21:26:30,216 ] 87 root - INFO -  Hypothesis ed_000:float64,float64
[ 2023-04-28 21:26:30,225 ] 87 root - INFO -  Hypothesis ee_000:float64,float64
[ 2023-04-28 21:26:30,235 ] 87 root - INFO -  Hypothesis ee_001:float64,float64
[ 2023-04-28 21:26:30,262 ] 87 root - INFO -  Hypothesis ee_002:float64,float64
[ 2023-04-28 21:26:30,272 ] 87 root - INFO -  Hypothesis ee_003:float64,float64
[ 2023-04-28 21:26:30,282 ] 87 root - INFO -  Hypothesis ee_004:float64,float64
[ 2023-04-28 21:26:30,292 ] 87 root - INFO -  Hypothesis ee_005:float64,float64
[ 2023-04-28 21:26:30,302 ] 87 root - INFO -  Hypothesis ee_006:float64,float64
[ 2023-04-28 21:26:30,312 ] 87 root - INFO -  Hypothesis ee_007:float64,float64
[ 2023-04-28 21:26:30,322 ] 87 root - INFO -  Hypothesis ee_008:float64,float64
[ 2023-04-28 21:26:30,331 ] 87 root - INFO -  Hypothesis ee_009:float64,float64
[ 2023-04-28 21:26:30,340 ] 87 root - INFO -  Hypothesis ef_000:float64,float64
[ 2023-04-28 21:26:30,362 ] 87 root - INFO -  Hypothesis eg_000:float64,float64
[ 2023-04-28 21:26:30,384 ] 152 root - INFO - writing report in yaml file
[ 2023-04-28 21:26:30,500 ] 157 root - INFO - Data validation artifact:DataValidationArtifact(report_file_path='/config/workspace/artifact/04282023__212553/data_validation/report.yaml') 
[ 2023-04-28 21:26:32,126 ] 62 root - INFO - Before resampling in Training set input :(28950, 170) Target:(28950,)
[ 2023-04-28 21:26:48,177 ] 64 root - INFO - After resampling in Training set input :(56172, 170) Target:(56172,)
[ 2023-04-28 21:26:48,178 ] 66 root - INFO - Before resampling in Testing set input :(7238, 170) Target:(7238,)
[ 2023-04-28 21:26:51,123 ] 68 root - INFO - After resampling in Testing set input :(56172, 170) Target:(56172,)
