[ 2023-04-28 20:54:15,737 ] 15 root - INFO - >>>>>>>>>>>>>>>>>>>>>>>>>>>>>>>>>>>>>>>> Data Ingestion <<<<<<<<<<<<<<<<<<<<<<<<<<<<<<<<<<<<<<<<
[ 2023-04-28 20:54:15,738 ] 22 root - INFO - Exporting collection data as pandas dataframe
[ 2023-04-28 20:54:15,738 ] 21 root - INFO - Reading data from database:aps and collection sensor
[ 2023-04-28 20:54:24,771 ] 23 root - INFO - Found columns:Index(['_id', 'class', 'aa_000', 'ab_000', 'ac_000', 'ad_000', 'ae_000',
       'af_000', 'ag_000', 'ag_001',
       ...
       'ee_002', 'ee_003', 'ee_004', 'ee_005', 'ee_006', 'ee_007', 'ee_008',
       'ee_009', 'ef_000', 'eg_000'],
      dtype='object', length=172)
[ 2023-04-28 20:54:24,773 ] 25 root - INFO - dropping column :_id
[ 2023-04-28 20:54:25,587 ] 27 root - INFO - row and col in df:(36188, 171)
[ 2023-04-28 20:54:25,588 ] 28 root - INFO - Save data in feature store
[ 2023-04-28 20:54:29,211 ] 32 root - INFO - Create feature store folder if not available
[ 2023-04-28 20:54:29,212 ] 38 root - INFO - Save df to feature store folder
[ 2023-04-28 20:54:32,572 ] 42 root - INFO - split dataset into train and test set
[ 2023-04-28 20:54:33,469 ] 46 root - INFO - create dataset directory folder if not available
[ 2023-04-28 20:54:33,470 ] 51 root - INFO - Save df to feature store folder
[ 2023-04-28 20:54:37,147 ] 63 root - INFO - Data ingestion artifact: DataIngestionArtifact(feature_store_file_path='/config/workspace/artifact/04282023__205415/data_ingestion/feature_store/sensor.csv', train_file_path='/config/workspace/artifact/04282023__205415/data_ingestion/dataset/train.csv', test_file_path='/config/workspace/artifact/04282023__205415/data_ingestion/dataset/test.csv')
[ 2023-04-28 20:54:38,350 ] 18 root - INFO - >>>>>>>>>>>>>>>>>>>>>>>>>>>>>>>>>>>>>>>> Data Validation <<<<<<<<<<<<<<<<<<<<<<<<<<<<<<<<<<<<<<<<
[ 2023-04-28 20:54:38,351 ] 113 root - INFO - Reading base dataframe
[ 2023-04-28 20:54:42,842 ] 116 root - INFO - Replace na values in dataframe
[ 2023-04-28 20:54:42,843 ] 119 root - INFO - drop null values from base dataframe
[ 2023-04-28 20:54:43,261 ] 40 root - INFO - selecting column name which contains null above to 0.2
[ 2023-04-28 20:54:43,262 ] 43 root - INFO - columns to drop: ['ab_000', 'ad_000', 'bk_000', 'bl_000', 'bm_000', 'bn_000', 'bo_000', 'bp_000', 'bq_000', 'br_000', 'cf_000', 'cg_000', 'ch_000', 'co_000', 'cr_000', 'ct_000', 'cu_000', 'cv_000', 'cx_000', 'cy_000', 'cz_000', 'da_000', 'db_000', 'dc_000']
[ 2023-04-28 20:54:43,425 ] 122 root - INFO - Reading train dataframe
[ 2023-04-28 20:54:44,047 ] 124 root - INFO - Reading test dataframe
[ 2023-04-28 20:54:44,212 ] 127 root - INFO - drop null values from train dataframe
[ 2023-04-28 20:54:44,228 ] 40 root - INFO - selecting column name which contains null above to 0.2
[ 2023-04-28 20:54:44,229 ] 43 root - INFO - columns to drop: ['ab_000', 'ad_000', 'bk_000', 'bl_000', 'bm_000', 'bn_000', 'bo_000', 'bp_000', 'bq_000', 'br_000', 'cf_000', 'cg_000', 'ch_000', 'co_000', 'cr_000', 'ct_000', 'cu_000', 'cv_000', 'cx_000', 'cy_000', 'cz_000', 'da_000', 'db_000', 'dc_000']
[ 2023-04-28 20:54:44,248 ] 129 root - INFO - drop null values from test dataframe
[ 2023-04-28 20:54:44,254 ] 40 root - INFO - selecting column name which contains null above to 0.2
[ 2023-04-28 20:54:44,254 ] 43 root - INFO - columns to drop: ['ab_000', 'ad_000', 'bk_000', 'bl_000', 'bm_000', 'bn_000', 'bo_000', 'bp_000', 'bq_000', 'br_000', 'cf_000', 'cg_000', 'ch_000', 'co_000', 'cr_000', 'ct_000', 'cu_000', 'cv_000', 'cx_000', 'cy_000', 'cz_000', 'da_000', 'db_000', 'dc_000']
[ 2023-04-28 20:54:45,606 ] 139 root - INFO - is all required columns present in train df 
[ 2023-04-28 20:54:45,607 ] 141 root - INFO - is all required columns present in test df 
[ 2023-04-28 20:54:45,607 ] 145 root - INFO - as all column are available in train hence detecting data drift
[ 2023-04-28 20:54:45,608 ] 87 root - INFO -  Hypothesis class:object,object
[ 2023-04-28 20:54:45,803 ] 87 root - INFO -  Hypothesis aa_000:float64,float64
[ 2023-04-28 20:54:45,817 ] 87 root - INFO -  Hypothesis ac_000:float64,float64
[ 2023-04-28 20:54:45,830 ] 87 root - INFO -  Hypothesis ae_000:float64,float64
[ 2023-04-28 20:54:45,879 ] 87 root - INFO -  Hypothesis af_000:float64,float64
[ 2023-04-28 20:54:45,927 ] 87 root - INFO -  Hypothesis ag_000:float64,float64
[ 2023-04-28 20:54:45,976 ] 87 root - INFO -  Hypothesis ag_001:float64,float64
[ 2023-04-28 20:54:46,025 ] 87 root - INFO -  Hypothesis ag_002:float64,float64
[ 2023-04-28 20:54:46,075 ] 87 root - INFO -  Hypothesis ag_003:float64,float64
[ 2023-04-28 20:54:46,126 ] 87 root - INFO -  Hypothesis ag_004:float64,float64
[ 2023-04-28 20:54:46,184 ] 87 root - INFO -  Hypothesis ag_005:float64,float64
[ 2023-04-28 20:54:46,199 ] 87 root - INFO -  Hypothesis ag_006:float64,float64
[ 2023-04-28 20:54:46,214 ] 87 root - INFO -  Hypothesis ag_007:float64,float64
[ 2023-04-28 20:54:46,227 ] 87 root - INFO -  Hypothesis ag_008:float64,float64
[ 2023-04-28 20:54:46,240 ] 87 root - INFO -  Hypothesis ag_009:float64,float64
[ 2023-04-28 20:54:46,251 ] 87 root - INFO -  Hypothesis ah_000:float64,float64
[ 2023-04-28 20:54:46,266 ] 87 root - INFO -  Hypothesis ai_000:float64,float64
[ 2023-04-28 20:54:46,274 ] 87 root - INFO -  Hypothesis aj_000:float64,float64
[ 2023-04-28 20:54:46,326 ] 87 root - INFO -  Hypothesis ak_000:float64,float64
[ 2023-04-28 20:54:46,377 ] 87 root - INFO -  Hypothesis al_000:float64,float64
[ 2023-04-28 20:54:46,430 ] 87 root - INFO -  Hypothesis am_0:float64,float64
[ 2023-04-28 20:54:46,484 ] 87 root - INFO -  Hypothesis an_000:float64,float64
[ 2023-04-28 20:54:46,499 ] 87 root - INFO -  Hypothesis ao_000:float64,float64
[ 2023-04-28 20:54:46,513 ] 87 root - INFO -  Hypothesis ap_000:float64,float64
[ 2023-04-28 20:54:46,528 ] 87 root - INFO -  Hypothesis aq_000:float64,float64
[ 2023-04-28 20:54:46,552 ] 87 root - INFO -  Hypothesis ar_000:float64,float64
[ 2023-04-28 20:54:46,602 ] 87 root - INFO -  Hypothesis as_000:float64,float64
[ 2023-04-28 20:54:46,651 ] 87 root - INFO -  Hypothesis at_000:float64,float64
[ 2023-04-28 20:54:46,701 ] 87 root - INFO -  Hypothesis au_000:float64,float64
[ 2023-04-28 20:54:46,750 ] 87 root - INFO -  Hypothesis av_000:float64,float64
[ 2023-04-28 20:54:46,762 ] 87 root - INFO -  Hypothesis ax_000:float64,float64
[ 2023-04-28 20:54:46,775 ] 87 root - INFO -  Hypothesis ay_000:float64,float64
[ 2023-04-28 20:54:46,824 ] 87 root - INFO -  Hypothesis ay_001:float64,float64
[ 2023-04-28 20:54:46,872 ] 87 root - INFO -  Hypothesis ay_002:float64,float64
[ 2023-04-28 20:54:46,921 ] 87 root - INFO -  Hypothesis ay_003:float64,float64
[ 2023-04-28 20:54:46,970 ] 87 root - INFO -  Hypothesis ay_004:float64,float64
[ 2023-04-28 20:54:47,020 ] 87 root - INFO -  Hypothesis ay_005:float64,float64
[ 2023-04-28 20:54:47,074 ] 87 root - INFO -  Hypothesis ay_006:float64,float64
[ 2023-04-28 20:54:47,088 ] 87 root - INFO -  Hypothesis ay_007:float64,float64
[ 2023-04-28 20:54:47,144 ] 87 root - INFO -  Hypothesis ay_008:float64,float64
[ 2023-04-28 20:54:47,200 ] 87 root - INFO -  Hypothesis ay_009:float64,float64
[ 2023-04-28 20:54:47,249 ] 87 root - INFO -  Hypothesis az_000:float64,float64
[ 2023-04-28 20:54:47,306 ] 87 root - INFO -  Hypothesis az_001:float64,float64
[ 2023-04-28 20:54:47,320 ] 87 root - INFO -  Hypothesis az_002:float64,float64
[ 2023-04-28 20:54:47,377 ] 87 root - INFO -  Hypothesis az_003:float64,float64
[ 2023-04-28 20:54:47,392 ] 87 root - INFO -  Hypothesis az_004:float64,float64
[ 2023-04-28 20:54:47,406 ] 87 root - INFO -  Hypothesis az_005:float64,float64
[ 2023-04-28 20:54:47,464 ] 87 root - INFO -  Hypothesis az_006:float64,float64
[ 2023-04-28 20:54:47,478 ] 87 root - INFO -  Hypothesis az_007:float64,float64
[ 2023-04-28 20:54:47,530 ] 87 root - INFO -  Hypothesis az_008:float64,float64
[ 2023-04-28 20:54:47,580 ] 87 root - INFO -  Hypothesis az_009:float64,float64
[ 2023-04-28 20:54:47,631 ] 87 root - INFO -  Hypothesis ba_000:float64,float64
[ 2023-04-28 20:54:47,646 ] 87 root - INFO -  Hypothesis ba_001:float64,float64
[ 2023-04-28 20:54:47,661 ] 87 root - INFO -  Hypothesis ba_002:float64,float64
[ 2023-04-28 20:54:47,676 ] 87 root - INFO -  Hypothesis ba_003:float64,float64
[ 2023-04-28 20:54:47,690 ] 87 root - INFO -  Hypothesis ba_004:float64,float64
[ 2023-04-28 20:54:47,705 ] 87 root - INFO -  Hypothesis ba_005:float64,float64
[ 2023-04-28 20:54:47,720 ] 87 root - INFO -  Hypothesis ba_006:float64,float64
[ 2023-04-28 20:54:47,734 ] 87 root - INFO -  Hypothesis ba_007:float64,float64
[ 2023-04-28 20:54:47,748 ] 87 root - INFO -  Hypothesis ba_008:float64,float64
[ 2023-04-28 20:54:47,760 ] 87 root - INFO -  Hypothesis ba_009:float64,float64
[ 2023-04-28 20:54:47,771 ] 87 root - INFO -  Hypothesis bb_000:float64,float64
[ 2023-04-28 20:54:47,786 ] 87 root - INFO -  Hypothesis bc_000:float64,float64
[ 2023-04-28 20:54:47,838 ] 87 root - INFO -  Hypothesis bd_000:float64,float64
[ 2023-04-28 20:54:47,892 ] 87 root - INFO -  Hypothesis be_000:float64,float64
[ 2023-04-28 20:54:47,905 ] 87 root - INFO -  Hypothesis bf_000:float64,float64
[ 2023-04-28 20:54:47,916 ] 87 root - INFO -  Hypothesis bg_000:float64,float64
[ 2023-04-28 20:54:47,931 ] 87 root - INFO -  Hypothesis bh_000:float64,float64
[ 2023-04-28 20:54:47,945 ] 87 root - INFO -  Hypothesis bi_000:float64,float64
[ 2023-04-28 20:54:48,004 ] 87 root - INFO -  Hypothesis bj_000:float64,float64
[ 2023-04-28 20:54:48,018 ] 87 root - INFO -  Hypothesis bs_000:float64,float64
[ 2023-04-28 20:54:48,033 ] 87 root - INFO -  Hypothesis bt_000:float64,float64
[ 2023-04-28 20:54:48,048 ] 87 root - INFO -  Hypothesis bu_000:float64,float64
[ 2023-04-28 20:54:48,062 ] 87 root - INFO -  Hypothesis bv_000:float64,float64
[ 2023-04-28 20:54:48,077 ] 87 root - INFO -  Hypothesis bx_000:float64,float64
[ 2023-04-28 20:54:48,135 ] 87 root - INFO -  Hypothesis by_000:float64,float64
[ 2023-04-28 20:54:48,149 ] 87 root - INFO -  Hypothesis bz_000:float64,float64
[ 2023-04-28 20:54:48,205 ] 87 root - INFO -  Hypothesis ca_000:float64,float64
[ 2023-04-28 20:54:48,220 ] 87 root - INFO -  Hypothesis cb_000:float64,float64
[ 2023-04-28 20:54:48,234 ] 87 root - INFO -  Hypothesis cc_000:float64,float64
[ 2023-04-28 20:54:48,249 ] 87 root - INFO -  Hypothesis cd_000:float64,float64
[ 2023-04-28 20:54:48,258 ] 87 root - INFO -  Hypothesis ce_000:float64,float64
[ 2023-04-28 20:54:48,271 ] 87 root - INFO -  Hypothesis ci_000:float64,float64
[ 2023-04-28 20:54:48,286 ] 87 root - INFO -  Hypothesis cj_000:float64,float64
[ 2023-04-28 20:54:48,337 ] 87 root - INFO -  Hypothesis ck_000:float64,float64
[ 2023-04-28 20:54:48,352 ] 87 root - INFO -  Hypothesis cl_000:float64,float64
[ 2023-04-28 20:54:48,403 ] 87 root - INFO -  Hypothesis cm_000:float64,float64
[ 2023-04-28 20:54:48,456 ] 87 root - INFO -  Hypothesis cn_000:float64,float64
[ 2023-04-28 20:54:48,505 ] 87 root - INFO -  Hypothesis cn_001:float64,float64
[ 2023-04-28 20:54:48,555 ] 87 root - INFO -  Hypothesis cn_002:float64,float64
[ 2023-04-28 20:54:48,614 ] 87 root - INFO -  Hypothesis cn_003:float64,float64
[ 2023-04-28 20:54:48,629 ] 87 root - INFO -  Hypothesis cn_004:float64,float64
[ 2023-04-28 20:54:48,644 ] 87 root - INFO -  Hypothesis cn_005:float64,float64
[ 2023-04-28 20:54:48,658 ] 87 root - INFO -  Hypothesis cn_006:float64,float64
[ 2023-04-28 20:54:48,673 ] 87 root - INFO -  Hypothesis cn_007:float64,float64
[ 2023-04-28 20:54:48,687 ] 87 root - INFO -  Hypothesis cn_008:float64,float64
[ 2023-04-28 20:54:48,700 ] 87 root - INFO -  Hypothesis cn_009:float64,float64
[ 2023-04-28 20:54:48,712 ] 87 root - INFO -  Hypothesis cp_000:float64,float64
[ 2023-04-28 20:54:48,767 ] 87 root - INFO -  Hypothesis cq_000:float64,float64
[ 2023-04-28 20:54:48,782 ] 87 root - INFO -  Hypothesis cs_000:float64,float64
[ 2023-04-28 20:54:48,840 ] 87 root - INFO -  Hypothesis cs_001:float64,float64
[ 2023-04-28 20:54:48,896 ] 87 root - INFO -  Hypothesis cs_002:float64,float64
[ 2023-04-28 20:54:48,910 ] 87 root - INFO -  Hypothesis cs_003:float64,float64
[ 2023-04-28 20:54:48,924 ] 87 root - INFO -  Hypothesis cs_004:float64,float64
[ 2023-04-28 20:54:48,939 ] 87 root - INFO -  Hypothesis cs_005:float64,float64
[ 2023-04-28 20:54:48,953 ] 87 root - INFO -  Hypothesis cs_006:float64,float64
[ 2023-04-28 20:54:48,968 ] 87 root - INFO -  Hypothesis cs_007:float64,float64
[ 2023-04-28 20:54:48,982 ] 87 root - INFO -  Hypothesis cs_008:float64,float64
[ 2023-04-28 20:54:48,994 ] 87 root - INFO -  Hypothesis cs_009:float64,float64
[ 2023-04-28 20:54:49,044 ] 87 root - INFO -  Hypothesis dd_000:float64,float64
[ 2023-04-28 20:54:49,057 ] 87 root - INFO -  Hypothesis de_000:float64,float64
[ 2023-04-28 20:54:49,112 ] 87 root - INFO -  Hypothesis df_000:float64,float64
[ 2023-04-28 20:54:49,162 ] 87 root - INFO -  Hypothesis dg_000:float64,float64
[ 2023-04-28 20:54:49,212 ] 87 root - INFO -  Hypothesis dh_000:float64,float64
[ 2023-04-28 20:54:49,264 ] 87 root - INFO -  Hypothesis di_000:float64,float64
[ 2023-04-28 20:54:49,274 ] 87 root - INFO -  Hypothesis dj_000:float64,float64
[ 2023-04-28 20:54:49,324 ] 87 root - INFO -  Hypothesis dk_000:float64,float64
[ 2023-04-28 20:54:49,374 ] 87 root - INFO -  Hypothesis dl_000:float64,float64
[ 2023-04-28 20:54:49,424 ] 87 root - INFO -  Hypothesis dm_000:float64,float64
[ 2023-04-28 20:54:49,473 ] 87 root - INFO -  Hypothesis dn_000:float64,float64
[ 2023-04-28 20:54:49,488 ] 87 root - INFO -  Hypothesis do_000:float64,float64
[ 2023-04-28 20:54:49,502 ] 87 root - INFO -  Hypothesis dp_000:float64,float64
[ 2023-04-28 20:54:49,558 ] 87 root - INFO -  Hypothesis dq_000:float64,float64
[ 2023-04-28 20:54:49,612 ] 87 root - INFO -  Hypothesis dr_000:float64,float64
[ 2023-04-28 20:54:49,667 ] 87 root - INFO -  Hypothesis ds_000:float64,float64
[ 2023-04-28 20:54:49,724 ] 87 root - INFO -  Hypothesis dt_000:float64,float64
[ 2023-04-28 20:54:49,738 ] 87 root - INFO -  Hypothesis du_000:float64,float64
[ 2023-04-28 20:54:49,795 ] 87 root - INFO -  Hypothesis dv_000:float64,float64
[ 2023-04-28 20:54:49,852 ] 87 root - INFO -  Hypothesis dx_000:float64,float64
[ 2023-04-28 20:54:49,905 ] 87 root - INFO -  Hypothesis dy_000:float64,float64
[ 2023-04-28 20:54:49,916 ] 87 root - INFO -  Hypothesis dz_000:float64,float64
[ 2023-04-28 20:54:49,966 ] 87 root - INFO -  Hypothesis ea_000:float64,float64
[ 2023-04-28 20:54:50,016 ] 87 root - INFO -  Hypothesis eb_000:float64,float64
[ 2023-04-28 20:54:50,028 ] 87 root - INFO -  Hypothesis ec_00:float64,float64
[ 2023-04-28 20:54:50,042 ] 87 root - INFO -  Hypothesis ed_000:float64,float64
[ 2023-04-28 20:54:50,097 ] 87 root - INFO -  Hypothesis ee_000:float64,float64
[ 2023-04-28 20:54:50,112 ] 87 root - INFO -  Hypothesis ee_001:float64,float64
[ 2023-04-28 20:54:50,127 ] 87 root - INFO -  Hypothesis ee_002:float64,float64
[ 2023-04-28 20:54:50,141 ] 87 root - INFO -  Hypothesis ee_003:float64,float64
[ 2023-04-28 20:54:50,156 ] 87 root - INFO -  Hypothesis ee_004:float64,float64
[ 2023-04-28 20:54:50,170 ] 87 root - INFO -  Hypothesis ee_005:float64,float64
[ 2023-04-28 20:54:50,185 ] 87 root - INFO -  Hypothesis ee_006:float64,float64
[ 2023-04-28 20:54:50,199 ] 87 root - INFO -  Hypothesis ee_007:float64,float64
[ 2023-04-28 20:54:50,213 ] 87 root - INFO -  Hypothesis ee_008:float64,float64
[ 2023-04-28 20:54:50,226 ] 87 root - INFO -  Hypothesis ee_009:float64,float64
[ 2023-04-28 20:54:50,238 ] 87 root - INFO -  Hypothesis ef_000:float64,float64
[ 2023-04-28 20:54:50,287 ] 87 root - INFO -  Hypothesis eg_000:float64,float64
[ 2023-04-28 20:54:50,336 ] 148 root - INFO - as all column are available in test hence detecting data drift
[ 2023-04-28 20:54:50,337 ] 87 root - INFO -  Hypothesis class:object,object
[ 2023-04-28 20:54:50,447 ] 87 root - INFO -  Hypothesis aa_000:float64,float64
[ 2023-04-28 20:54:50,457 ] 87 root - INFO -  Hypothesis ac_000:float64,float64
[ 2023-04-28 20:54:50,466 ] 87 root - INFO -  Hypothesis ae_000:float64,float64
[ 2023-04-28 20:54:50,488 ] 87 root - INFO -  Hypothesis af_000:float64,float64
[ 2023-04-28 20:54:50,510 ] 87 root - INFO -  Hypothesis ag_000:float64,float64
[ 2023-04-28 20:54:50,531 ] 87 root - INFO -  Hypothesis ag_001:float64,float64
[ 2023-04-28 20:54:50,554 ] 87 root - INFO -  Hypothesis ag_002:float64,float64
[ 2023-04-28 20:54:50,576 ] 87 root - INFO -  Hypothesis ag_003:float64,float64
[ 2023-04-28 20:54:50,599 ] 87 root - INFO -  Hypothesis ag_004:float64,float64
[ 2023-04-28 20:54:50,609 ] 87 root - INFO -  Hypothesis ag_005:float64,float64
[ 2023-04-28 20:54:50,620 ] 87 root - INFO -  Hypothesis ag_006:float64,float64
[ 2023-04-28 20:54:50,630 ] 87 root - INFO -  Hypothesis ag_007:float64,float64
[ 2023-04-28 20:54:50,639 ] 87 root - INFO -  Hypothesis ag_008:float64,float64
[ 2023-04-28 20:54:50,648 ] 87 root - INFO -  Hypothesis ag_009:float64,float64
[ 2023-04-28 20:54:50,656 ] 87 root - INFO -  Hypothesis ah_000:float64,float64
[ 2023-04-28 20:54:50,666 ] 87 root - INFO -  Hypothesis ai_000:float64,float64
[ 2023-04-28 20:54:50,673 ] 87 root - INFO -  Hypothesis aj_000:float64,float64
[ 2023-04-28 20:54:50,698 ] 87 root - INFO -  Hypothesis ak_000:float64,float64
[ 2023-04-28 20:54:50,705 ] 87 root - INFO -  Hypothesis al_000:float64,float64
[ 2023-04-28 20:54:50,713 ] 87 root - INFO -  Hypothesis am_0:float64,float64
[ 2023-04-28 20:54:50,721 ] 87 root - INFO -  Hypothesis an_000:float64,float64
[ 2023-04-28 20:54:50,731 ] 87 root - INFO -  Hypothesis ao_000:float64,float64
[ 2023-04-28 20:54:50,742 ] 87 root - INFO -  Hypothesis ap_000:float64,float64
[ 2023-04-28 20:54:50,752 ] 87 root - INFO -  Hypothesis aq_000:float64,float64
[ 2023-04-28 20:54:50,763 ] 87 root - INFO -  Hypothesis ar_000:float64,float64
[ 2023-04-28 20:54:50,785 ] 87 root - INFO -  Hypothesis as_000:float64,float64
[ 2023-04-28 20:54:50,807 ] 87 root - INFO -  Hypothesis at_000:float64,float64
[ 2023-04-28 20:54:50,814 ] 87 root - INFO -  Hypothesis au_000:float64,float64
[ 2023-04-28 20:54:50,836 ] 87 root - INFO -  Hypothesis av_000:float64,float64
[ 2023-04-28 20:54:50,845 ] 87 root - INFO -  Hypothesis ax_000:float64,float64
[ 2023-04-28 20:54:50,853 ] 87 root - INFO -  Hypothesis ay_000:float64,float64
[ 2023-04-28 20:54:50,875 ] 87 root - INFO -  Hypothesis ay_001:float64,float64
[ 2023-04-28 20:54:50,897 ] 87 root - INFO -  Hypothesis ay_002:float64,float64
[ 2023-04-28 20:54:50,918 ] 87 root - INFO -  Hypothesis ay_003:float64,float64
[ 2023-04-28 20:54:50,940 ] 87 root - INFO -  Hypothesis ay_004:float64,float64
[ 2023-04-28 20:54:50,962 ] 87 root - INFO -  Hypothesis ay_005:float64,float64
[ 2023-04-28 20:54:50,971 ] 87 root - INFO -  Hypothesis ay_006:float64,float64
[ 2023-04-28 20:54:50,981 ] 87 root - INFO -  Hypothesis ay_007:float64,float64
[ 2023-04-28 20:54:50,990 ] 87 root - INFO -  Hypothesis ay_008:float64,float64
[ 2023-04-28 20:54:51,001 ] 87 root - INFO -  Hypothesis ay_009:float64,float64
[ 2023-04-28 20:54:51,022 ] 87 root - INFO -  Hypothesis az_000:float64,float64
[ 2023-04-28 20:54:51,032 ] 87 root - INFO -  Hypothesis az_001:float64,float64
[ 2023-04-28 20:54:51,042 ] 87 root - INFO -  Hypothesis az_002:float64,float64
[ 2023-04-28 20:54:51,052 ] 87 root - INFO -  Hypothesis az_003:float64,float64
[ 2023-04-28 20:54:51,062 ] 87 root - INFO -  Hypothesis az_004:float64,float64
[ 2023-04-28 20:54:51,072 ] 87 root - INFO -  Hypothesis az_005:float64,float64
[ 2023-04-28 20:54:51,083 ] 87 root - INFO -  Hypothesis az_006:float64,float64
[ 2023-04-28 20:54:51,092 ] 87 root - INFO -  Hypothesis az_007:float64,float64
[ 2023-04-28 20:54:51,099 ] 87 root - INFO -  Hypothesis az_008:float64,float64
[ 2023-04-28 20:54:51,106 ] 87 root - INFO -  Hypothesis az_009:float64,float64
[ 2023-04-28 20:54:51,128 ] 87 root - INFO -  Hypothesis ba_000:float64,float64
[ 2023-04-28 20:54:51,138 ] 87 root - INFO -  Hypothesis ba_001:float64,float64
[ 2023-04-28 20:54:51,149 ] 87 root - INFO -  Hypothesis ba_002:float64,float64
[ 2023-04-28 20:54:51,159 ] 87 root - INFO -  Hypothesis ba_003:float64,float64
[ 2023-04-28 20:54:51,169 ] 87 root - INFO -  Hypothesis ba_004:float64,float64
[ 2023-04-28 20:54:51,179 ] 87 root - INFO -  Hypothesis ba_005:float64,float64
[ 2023-04-28 20:54:51,189 ] 87 root - INFO -  Hypothesis ba_006:float64,float64
[ 2023-04-28 20:54:51,200 ] 87 root - INFO -  Hypothesis ba_007:float64,float64
[ 2023-04-28 20:54:51,209 ] 87 root - INFO -  Hypothesis ba_008:float64,float64
[ 2023-04-28 20:54:51,218 ] 87 root - INFO -  Hypothesis ba_009:float64,float64
[ 2023-04-28 20:54:51,226 ] 87 root - INFO -  Hypothesis bb_000:float64,float64
[ 2023-04-28 20:54:51,236 ] 87 root - INFO -  Hypothesis bc_000:float64,float64
[ 2023-04-28 20:54:51,245 ] 87 root - INFO -  Hypothesis bd_000:float64,float64
[ 2023-04-28 20:54:51,254 ] 87 root - INFO -  Hypothesis be_000:float64,float64
[ 2023-04-28 20:54:51,263 ] 87 root - INFO -  Hypothesis bf_000:float64,float64
[ 2023-04-28 20:54:51,270 ] 87 root - INFO -  Hypothesis bg_000:float64,float64
[ 2023-04-28 20:54:51,281 ] 87 root - INFO -  Hypothesis bh_000:float64,float64
[ 2023-04-28 20:54:51,291 ] 87 root - INFO -  Hypothesis bi_000:float64,float64
[ 2023-04-28 20:54:51,302 ] 87 root - INFO -  Hypothesis bj_000:float64,float64
[ 2023-04-28 20:54:51,312 ] 87 root - INFO -  Hypothesis bs_000:float64,float64
[ 2023-04-28 20:54:51,322 ] 87 root - INFO -  Hypothesis bt_000:float64,float64
[ 2023-04-28 20:54:51,333 ] 87 root - INFO -  Hypothesis bu_000:float64,float64
[ 2023-04-28 20:54:51,343 ] 87 root - INFO -  Hypothesis bv_000:float64,float64
[ 2023-04-28 20:54:51,353 ] 87 root - INFO -  Hypothesis bx_000:float64,float64
[ 2023-04-28 20:54:51,364 ] 87 root - INFO -  Hypothesis by_000:float64,float64
[ 2023-04-28 20:54:51,374 ] 87 root - INFO -  Hypothesis bz_000:float64,float64
[ 2023-04-28 20:54:51,383 ] 87 root - INFO -  Hypothesis ca_000:float64,float64
[ 2023-04-28 20:54:51,393 ] 87 root - INFO -  Hypothesis cb_000:float64,float64
[ 2023-04-28 20:54:51,404 ] 87 root - INFO -  Hypothesis cc_000:float64,float64
[ 2023-04-28 20:54:51,414 ] 87 root - INFO -  Hypothesis cd_000:float64,float64
[ 2023-04-28 20:54:51,436 ] 87 root - INFO -  Hypothesis ce_000:float64,float64
[ 2023-04-28 20:54:51,446 ] 87 root - INFO -  Hypothesis ci_000:float64,float64
[ 2023-04-28 20:54:51,457 ] 87 root - INFO -  Hypothesis cj_000:float64,float64
[ 2023-04-28 20:54:51,464 ] 87 root - INFO -  Hypothesis ck_000:float64,float64
[ 2023-04-28 20:54:51,474 ] 87 root - INFO -  Hypothesis cl_000:float64,float64
[ 2023-04-28 20:54:51,482 ] 87 root - INFO -  Hypothesis cm_000:float64,float64
[ 2023-04-28 20:54:51,490 ] 87 root - INFO -  Hypothesis cn_000:float64,float64
[ 2023-04-28 20:54:51,512 ] 87 root - INFO -  Hypothesis cn_001:float64,float64
[ 2023-04-28 20:54:51,535 ] 87 root - INFO -  Hypothesis cn_002:float64,float64
[ 2023-04-28 20:54:51,543 ] 87 root - INFO -  Hypothesis cn_003:float64,float64
[ 2023-04-28 20:54:51,553 ] 87 root - INFO -  Hypothesis cn_004:float64,float64
[ 2023-04-28 20:54:51,564 ] 87 root - INFO -  Hypothesis cn_005:float64,float64
[ 2023-04-28 20:54:51,574 ] 87 root - INFO -  Hypothesis cn_006:float64,float64
[ 2023-04-28 20:54:51,585 ] 87 root - INFO -  Hypothesis cn_007:float64,float64
[ 2023-04-28 20:54:51,595 ] 87 root - INFO -  Hypothesis cn_008:float64,float64
[ 2023-04-28 20:54:51,604 ] 87 root - INFO -  Hypothesis cn_009:float64,float64
[ 2023-04-28 20:54:51,613 ] 87 root - INFO -  Hypothesis cp_000:float64,float64
[ 2023-04-28 20:54:51,621 ] 87 root - INFO -  Hypothesis cq_000:float64,float64
[ 2023-04-28 20:54:51,632 ] 87 root - INFO -  Hypothesis cs_000:float64,float64
[ 2023-04-28 20:54:51,642 ] 87 root - INFO -  Hypothesis cs_001:float64,float64
[ 2023-04-28 20:54:51,652 ] 87 root - INFO -  Hypothesis cs_002:float64,float64
[ 2023-04-28 20:54:51,662 ] 87 root - INFO -  Hypothesis cs_003:float64,float64
[ 2023-04-28 20:54:51,672 ] 87 root - INFO -  Hypothesis cs_004:float64,float64
[ 2023-04-28 20:54:51,682 ] 87 root - INFO -  Hypothesis cs_005:float64,float64
[ 2023-04-28 20:54:51,692 ] 87 root - INFO -  Hypothesis cs_006:float64,float64
[ 2023-04-28 20:54:51,703 ] 87 root - INFO -  Hypothesis cs_007:float64,float64
[ 2023-04-28 20:54:51,713 ] 87 root - INFO -  Hypothesis cs_008:float64,float64
[ 2023-04-28 20:54:51,721 ] 87 root - INFO -  Hypothesis cs_009:float64,float64
[ 2023-04-28 20:54:51,744 ] 87 root - INFO -  Hypothesis dd_000:float64,float64
[ 2023-04-28 20:54:51,753 ] 87 root - INFO -  Hypothesis de_000:float64,float64
[ 2023-04-28 20:54:51,762 ] 87 root - INFO -  Hypothesis df_000:float64,float64
[ 2023-04-28 20:54:51,784 ] 87 root - INFO -  Hypothesis dg_000:float64,float64
[ 2023-04-28 20:54:51,807 ] 87 root - INFO -  Hypothesis dh_000:float64,float64
[ 2023-04-28 20:54:51,813 ] 87 root - INFO -  Hypothesis di_000:float64,float64
[ 2023-04-28 20:54:51,820 ] 87 root - INFO -  Hypothesis dj_000:float64,float64
[ 2023-04-28 20:54:51,842 ] 87 root - INFO -  Hypothesis dk_000:float64,float64
[ 2023-04-28 20:54:51,864 ] 87 root - INFO -  Hypothesis dl_000:float64,float64
[ 2023-04-28 20:54:51,886 ] 87 root - INFO -  Hypothesis dm_000:float64,float64
[ 2023-04-28 20:54:51,908 ] 87 root - INFO -  Hypothesis dn_000:float64,float64
[ 2023-04-28 20:54:51,918 ] 87 root - INFO -  Hypothesis do_000:float64,float64
[ 2023-04-28 20:54:51,928 ] 87 root - INFO -  Hypothesis dp_000:float64,float64
[ 2023-04-28 20:54:51,937 ] 87 root - INFO -  Hypothesis dq_000:float64,float64
[ 2023-04-28 20:54:51,945 ] 87 root - INFO -  Hypothesis dr_000:float64,float64
[ 2023-04-28 20:54:51,952 ] 87 root - INFO -  Hypothesis ds_000:float64,float64
[ 2023-04-28 20:54:51,962 ] 87 root - INFO -  Hypothesis dt_000:float64,float64
[ 2023-04-28 20:54:51,972 ] 87 root - INFO -  Hypothesis du_000:float64,float64
[ 2023-04-28 20:54:51,982 ] 87 root - INFO -  Hypothesis dv_000:float64,float64
[ 2023-04-28 20:54:51,992 ] 87 root - INFO -  Hypothesis dx_000:float64,float64
[ 2023-04-28 20:54:52,000 ] 87 root - INFO -  Hypothesis dy_000:float64,float64
[ 2023-04-28 20:54:52,007 ] 87 root - INFO -  Hypothesis dz_000:float64,float64
[ 2023-04-28 20:54:52,029 ] 87 root - INFO -  Hypothesis ea_000:float64,float64
[ 2023-04-28 20:54:52,051 ] 87 root - INFO -  Hypothesis eb_000:float64,float64
[ 2023-04-28 20:54:52,060 ] 87 root - INFO -  Hypothesis ec_00:float64,float64
[ 2023-04-28 20:54:52,069 ] 87 root - INFO -  Hypothesis ed_000:float64,float64
[ 2023-04-28 20:54:52,078 ] 87 root - INFO -  Hypothesis ee_000:float64,float64
[ 2023-04-28 20:54:52,089 ] 87 root - INFO -  Hypothesis ee_001:float64,float64
[ 2023-04-28 20:54:52,099 ] 87 root - INFO -  Hypothesis ee_002:float64,float64
[ 2023-04-28 20:54:52,109 ] 87 root - INFO -  Hypothesis ee_003:float64,float64
[ 2023-04-28 20:54:52,119 ] 87 root - INFO -  Hypothesis ee_004:float64,float64
[ 2023-04-28 20:54:52,129 ] 87 root - INFO -  Hypothesis ee_005:float64,float64
[ 2023-04-28 20:54:52,139 ] 87 root - INFO -  Hypothesis ee_006:float64,float64
[ 2023-04-28 20:54:52,149 ] 87 root - INFO -  Hypothesis ee_007:float64,float64
[ 2023-04-28 20:54:52,158 ] 87 root - INFO -  Hypothesis ee_008:float64,float64
[ 2023-04-28 20:54:52,167 ] 87 root - INFO -  Hypothesis ee_009:float64,float64
[ 2023-04-28 20:54:52,176 ] 87 root - INFO -  Hypothesis ef_000:float64,float64
[ 2023-04-28 20:54:52,197 ] 87 root - INFO -  Hypothesis eg_000:float64,float64
[ 2023-04-28 20:54:52,218 ] 152 root - INFO - writing report in yaml file
[ 2023-04-28 20:54:52,335 ] 157 root - INFO - Data validation artifact:DataValidationArtifact(report_file_path='/config/workspace/artifact/04282023__205415/data_validation/report.yaml') 
