[ 2023-04-28 20:59:49,303 ] 15 root - INFO - >>>>>>>>>>>>>>>>>>>>>>>>>>>>>>>>>>>>>>>> Data Ingestion <<<<<<<<<<<<<<<<<<<<<<<<<<<<<<<<<<<<<<<<
[ 2023-04-28 20:59:49,304 ] 22 root - INFO - Exporting collection data as pandas dataframe
[ 2023-04-28 20:59:49,304 ] 21 root - INFO - Reading data from database:aps and collection sensor
[ 2023-04-28 20:59:56,829 ] 23 root - INFO - Found columns:Index(['_id', 'class', 'aa_000', 'ab_000', 'ac_000', 'ad_000', 'ae_000',
       'af_000', 'ag_000', 'ag_001',
       ...
       'ee_002', 'ee_003', 'ee_004', 'ee_005', 'ee_006', 'ee_007', 'ee_008',
       'ee_009', 'ef_000', 'eg_000'],
      dtype='object', length=172)
[ 2023-04-28 20:59:56,830 ] 25 root - INFO - dropping column :_id
[ 2023-04-28 20:59:57,571 ] 27 root - INFO - row and col in df:(36188, 171)
[ 2023-04-28 20:59:57,571 ] 28 root - INFO - Save data in feature store
[ 2023-04-28 21:00:00,740 ] 32 root - INFO - Create feature store folder if not available
[ 2023-04-28 21:00:00,741 ] 38 root - INFO - Save df to feature store folder
[ 2023-04-28 21:00:04,228 ] 42 root - INFO - split dataset into train and test set
[ 2023-04-28 21:00:05,013 ] 46 root - INFO - create dataset directory folder if not available
[ 2023-04-28 21:00:05,013 ] 51 root - INFO - Save df to feature store folder
[ 2023-04-28 21:00:08,661 ] 63 root - INFO - Data ingestion artifact: DataIngestionArtifact(feature_store_file_path='/config/workspace/artifact/04282023__205949/data_ingestion/feature_store/sensor.csv', train_file_path='/config/workspace/artifact/04282023__205949/data_ingestion/dataset/train.csv', test_file_path='/config/workspace/artifact/04282023__205949/data_ingestion/dataset/test.csv')
[ 2023-04-28 21:00:09,821 ] 18 root - INFO - >>>>>>>>>>>>>>>>>>>>>>>>>>>>>>>>>>>>>>>> Data Validation <<<<<<<<<<<<<<<<<<<<<<<<<<<<<<<<<<<<<<<<
[ 2023-04-28 21:00:09,822 ] 113 root - INFO - Reading base dataframe
[ 2023-04-28 21:00:14,436 ] 116 root - INFO - Replace na values in dataframe
[ 2023-04-28 21:00:14,437 ] 119 root - INFO - drop null values from base dataframe
[ 2023-04-28 21:00:14,801 ] 40 root - INFO - selecting column name which contains null above to 0.2
[ 2023-04-28 21:00:14,802 ] 43 root - INFO - columns to drop: ['ab_000', 'ad_000', 'bk_000', 'bl_000', 'bm_000', 'bn_000', 'bo_000', 'bp_000', 'bq_000', 'br_000', 'cf_000', 'cg_000', 'ch_000', 'co_000', 'cr_000', 'ct_000', 'cu_000', 'cv_000', 'cx_000', 'cy_000', 'cz_000', 'da_000', 'db_000', 'dc_000']
[ 2023-04-28 21:00:14,965 ] 122 root - INFO - Reading train dataframe
[ 2023-04-28 21:00:15,572 ] 124 root - INFO - Reading test dataframe
[ 2023-04-28 21:00:15,734 ] 127 root - INFO - drop null values from train dataframe
[ 2023-04-28 21:00:15,750 ] 40 root - INFO - selecting column name which contains null above to 0.2
[ 2023-04-28 21:00:15,751 ] 43 root - INFO - columns to drop: ['ab_000', 'ad_000', 'bk_000', 'bl_000', 'bm_000', 'bn_000', 'bo_000', 'bp_000', 'bq_000', 'br_000', 'cf_000', 'cg_000', 'ch_000', 'co_000', 'cr_000', 'ct_000', 'cu_000', 'cv_000', 'cx_000', 'cy_000', 'cz_000', 'da_000', 'db_000', 'dc_000']
[ 2023-04-28 21:00:15,772 ] 129 root - INFO - drop null values from test dataframe
[ 2023-04-28 21:00:15,778 ] 40 root - INFO - selecting column name which contains null above to 0.2
[ 2023-04-28 21:00:15,779 ] 43 root - INFO - columns to drop: ['ab_000', 'ad_000', 'bk_000', 'bl_000', 'bm_000', 'bn_000', 'bo_000', 'bp_000', 'bq_000', 'br_000', 'cf_000', 'cg_000', 'ch_000', 'co_000', 'cr_000', 'ct_000', 'cu_000', 'cv_000', 'cx_000', 'cy_000', 'cz_000', 'da_000', 'db_000', 'dc_000']
[ 2023-04-28 21:00:17,145 ] 139 root - INFO - is all required columns present in train df 
[ 2023-04-28 21:00:17,145 ] 141 root - INFO - is all required columns present in test df 
[ 2023-04-28 21:00:17,146 ] 145 root - INFO - as all column are available in train hence detecting data drift
[ 2023-04-28 21:00:17,146 ] 87 root - INFO -  Hypothesis class:object,object
[ 2023-04-28 21:00:17,346 ] 87 root - INFO -  Hypothesis aa_000:float64,float64
[ 2023-04-28 21:00:17,403 ] 87 root - INFO -  Hypothesis ac_000:float64,float64
[ 2023-04-28 21:00:17,458 ] 87 root - INFO -  Hypothesis ae_000:float64,float64
[ 2023-04-28 21:00:17,509 ] 87 root - INFO -  Hypothesis af_000:float64,float64
[ 2023-04-28 21:00:17,560 ] 87 root - INFO -  Hypothesis ag_000:float64,float64
[ 2023-04-28 21:00:17,610 ] 87 root - INFO -  Hypothesis ag_001:float64,float64
[ 2023-04-28 21:00:17,661 ] 87 root - INFO -  Hypothesis ag_002:float64,float64
[ 2023-04-28 21:00:17,711 ] 87 root - INFO -  Hypothesis ag_003:float64,float64
[ 2023-04-28 21:00:17,764 ] 87 root - INFO -  Hypothesis ag_004:float64,float64
[ 2023-04-28 21:00:17,778 ] 87 root - INFO -  Hypothesis ag_005:float64,float64
[ 2023-04-28 21:00:17,793 ] 87 root - INFO -  Hypothesis ag_006:float64,float64
[ 2023-04-28 21:00:17,852 ] 87 root - INFO -  Hypothesis ag_007:float64,float64
[ 2023-04-28 21:00:17,908 ] 87 root - INFO -  Hypothesis ag_008:float64,float64
[ 2023-04-28 21:00:17,964 ] 87 root - INFO -  Hypothesis ag_009:float64,float64
[ 2023-04-28 21:00:18,019 ] 87 root - INFO -  Hypothesis ah_000:float64,float64
[ 2023-04-28 21:00:18,077 ] 87 root - INFO -  Hypothesis ai_000:float64,float64
[ 2023-04-28 21:00:18,128 ] 87 root - INFO -  Hypothesis aj_000:float64,float64
[ 2023-04-28 21:00:18,182 ] 87 root - INFO -  Hypothesis ak_000:float64,float64
[ 2023-04-28 21:00:18,232 ] 87 root - INFO -  Hypothesis al_000:float64,float64
[ 2023-04-28 21:00:18,244 ] 87 root - INFO -  Hypothesis am_0:float64,float64
[ 2023-04-28 21:00:18,255 ] 87 root - INFO -  Hypothesis an_000:float64,float64
[ 2023-04-28 21:00:18,313 ] 87 root - INFO -  Hypothesis ao_000:float64,float64
[ 2023-04-28 21:00:18,372 ] 87 root - INFO -  Hypothesis ap_000:float64,float64
[ 2023-04-28 21:00:18,438 ] 87 root - INFO -  Hypothesis aq_000:float64,float64
[ 2023-04-28 21:00:18,496 ] 87 root - INFO -  Hypothesis ar_000:float64,float64
[ 2023-04-28 21:00:18,546 ] 87 root - INFO -  Hypothesis as_000:float64,float64
[ 2023-04-28 21:00:18,595 ] 87 root - INFO -  Hypothesis at_000:float64,float64
[ 2023-04-28 21:00:18,647 ] 87 root - INFO -  Hypothesis au_000:float64,float64
[ 2023-04-28 21:00:18,698 ] 87 root - INFO -  Hypothesis av_000:float64,float64
[ 2023-04-28 21:00:18,710 ] 87 root - INFO -  Hypothesis ax_000:float64,float64
[ 2023-04-28 21:00:18,766 ] 87 root - INFO -  Hypothesis ay_000:float64,float64
[ 2023-04-28 21:00:18,817 ] 87 root - INFO -  Hypothesis ay_001:float64,float64
[ 2023-04-28 21:00:18,868 ] 87 root - INFO -  Hypothesis ay_002:float64,float64
[ 2023-04-28 21:00:18,919 ] 87 root - INFO -  Hypothesis ay_003:float64,float64
[ 2023-04-28 21:00:18,969 ] 87 root - INFO -  Hypothesis ay_004:float64,float64
[ 2023-04-28 21:00:19,020 ] 87 root - INFO -  Hypothesis ay_005:float64,float64
[ 2023-04-28 21:00:19,075 ] 87 root - INFO -  Hypothesis ay_006:float64,float64
[ 2023-04-28 21:00:19,089 ] 87 root - INFO -  Hypothesis ay_007:float64,float64
[ 2023-04-28 21:00:19,103 ] 87 root - INFO -  Hypothesis ay_008:float64,float64
[ 2023-04-28 21:00:19,117 ] 87 root - INFO -  Hypothesis ay_009:float64,float64
[ 2023-04-28 21:00:19,168 ] 87 root - INFO -  Hypothesis az_000:float64,float64
[ 2023-04-28 21:00:19,182 ] 87 root - INFO -  Hypothesis az_001:float64,float64
[ 2023-04-28 21:00:19,238 ] 87 root - INFO -  Hypothesis az_002:float64,float64
[ 2023-04-28 21:00:19,295 ] 87 root - INFO -  Hypothesis az_003:float64,float64
[ 2023-04-28 21:00:19,309 ] 87 root - INFO -  Hypothesis az_004:float64,float64
[ 2023-04-28 21:00:19,366 ] 87 root - INFO -  Hypothesis az_005:float64,float64
[ 2023-04-28 21:00:19,424 ] 87 root - INFO -  Hypothesis az_006:float64,float64
[ 2023-04-28 21:00:19,437 ] 87 root - INFO -  Hypothesis az_007:float64,float64
[ 2023-04-28 21:00:19,447 ] 87 root - INFO -  Hypothesis az_008:float64,float64
[ 2023-04-28 21:00:19,499 ] 87 root - INFO -  Hypothesis az_009:float64,float64
[ 2023-04-28 21:00:19,549 ] 87 root - INFO -  Hypothesis ba_000:float64,float64
[ 2023-04-28 21:00:19,608 ] 87 root - INFO -  Hypothesis ba_001:float64,float64
[ 2023-04-28 21:00:19,665 ] 87 root - INFO -  Hypothesis ba_002:float64,float64
[ 2023-04-28 21:00:19,724 ] 87 root - INFO -  Hypothesis ba_003:float64,float64
[ 2023-04-28 21:00:19,784 ] 87 root - INFO -  Hypothesis ba_004:float64,float64
[ 2023-04-28 21:00:19,842 ] 87 root - INFO -  Hypothesis ba_005:float64,float64
[ 2023-04-28 21:00:19,858 ] 87 root - INFO -  Hypothesis ba_006:float64,float64
[ 2023-04-28 21:00:19,915 ] 87 root - INFO -  Hypothesis ba_007:float64,float64
[ 2023-04-28 21:00:19,973 ] 87 root - INFO -  Hypothesis ba_008:float64,float64
[ 2023-04-28 21:00:20,027 ] 87 root - INFO -  Hypothesis ba_009:float64,float64
[ 2023-04-28 21:00:20,081 ] 87 root - INFO -  Hypothesis bb_000:float64,float64
[ 2023-04-28 21:00:20,139 ] 87 root - INFO -  Hypothesis bc_000:float64,float64
[ 2023-04-28 21:00:20,192 ] 87 root - INFO -  Hypothesis bd_000:float64,float64
[ 2023-04-28 21:00:20,248 ] 87 root - INFO -  Hypothesis be_000:float64,float64
[ 2023-04-28 21:00:20,305 ] 87 root - INFO -  Hypothesis bf_000:float64,float64
[ 2023-04-28 21:00:20,359 ] 87 root - INFO -  Hypothesis bg_000:float64,float64
[ 2023-04-28 21:00:20,420 ] 87 root - INFO -  Hypothesis bh_000:float64,float64
[ 2023-04-28 21:00:20,480 ] 87 root - INFO -  Hypothesis bi_000:float64,float64
[ 2023-04-28 21:00:20,538 ] 87 root - INFO -  Hypothesis bj_000:float64,float64
[ 2023-04-28 21:00:20,598 ] 87 root - INFO -  Hypothesis bs_000:float64,float64
[ 2023-04-28 21:00:20,657 ] 87 root - INFO -  Hypothesis bt_000:float64,float64
[ 2023-04-28 21:00:20,717 ] 87 root - INFO -  Hypothesis bu_000:float64,float64
[ 2023-04-28 21:00:20,774 ] 87 root - INFO -  Hypothesis bv_000:float64,float64
[ 2023-04-28 21:00:20,833 ] 87 root - INFO -  Hypothesis bx_000:float64,float64
[ 2023-04-28 21:00:20,890 ] 87 root - INFO -  Hypothesis by_000:float64,float64
[ 2023-04-28 21:00:20,948 ] 87 root - INFO -  Hypothesis bz_000:float64,float64
[ 2023-04-28 21:00:21,006 ] 87 root - INFO -  Hypothesis ca_000:float64,float64
[ 2023-04-28 21:00:21,064 ] 87 root - INFO -  Hypothesis cb_000:float64,float64
[ 2023-04-28 21:00:21,122 ] 87 root - INFO -  Hypothesis cc_000:float64,float64
[ 2023-04-28 21:00:21,180 ] 87 root - INFO -  Hypothesis cd_000:float64,float64
[ 2023-04-28 21:00:21,189 ] 87 root - INFO -  Hypothesis ce_000:float64,float64
[ 2023-04-28 21:00:21,246 ] 87 root - INFO -  Hypothesis ci_000:float64,float64
[ 2023-04-28 21:00:21,304 ] 87 root - INFO -  Hypothesis cj_000:float64,float64
[ 2023-04-28 21:00:21,356 ] 87 root - INFO -  Hypothesis ck_000:float64,float64
[ 2023-04-28 21:00:21,415 ] 87 root - INFO -  Hypothesis cl_000:float64,float64
[ 2023-04-28 21:00:21,468 ] 87 root - INFO -  Hypothesis cm_000:float64,float64
[ 2023-04-28 21:00:21,479 ] 87 root - INFO -  Hypothesis cn_000:float64,float64
[ 2023-04-28 21:00:21,530 ] 87 root - INFO -  Hypothesis cn_001:float64,float64
[ 2023-04-28 21:00:21,582 ] 87 root - INFO -  Hypothesis cn_002:float64,float64
[ 2023-04-28 21:00:21,594 ] 87 root - INFO -  Hypothesis cn_003:float64,float64
[ 2023-04-28 21:00:21,651 ] 87 root - INFO -  Hypothesis cn_004:float64,float64
[ 2023-04-28 21:00:21,710 ] 87 root - INFO -  Hypothesis cn_005:float64,float64
[ 2023-04-28 21:00:21,769 ] 87 root - INFO -  Hypothesis cn_006:float64,float64
[ 2023-04-28 21:00:21,827 ] 87 root - INFO -  Hypothesis cn_007:float64,float64
[ 2023-04-28 21:00:21,884 ] 87 root - INFO -  Hypothesis cn_008:float64,float64
[ 2023-04-28 21:00:21,938 ] 87 root - INFO -  Hypothesis cn_009:float64,float64
[ 2023-04-28 21:00:21,993 ] 87 root - INFO -  Hypothesis cp_000:float64,float64
[ 2023-04-28 21:00:22,049 ] 87 root - INFO -  Hypothesis cq_000:float64,float64
[ 2023-04-28 21:00:22,108 ] 87 root - INFO -  Hypothesis cs_000:float64,float64
[ 2023-04-28 21:00:22,166 ] 87 root - INFO -  Hypothesis cs_001:float64,float64
[ 2023-04-28 21:00:22,222 ] 87 root - INFO -  Hypothesis cs_002:float64,float64
[ 2023-04-28 21:00:22,237 ] 87 root - INFO -  Hypothesis cs_003:float64,float64
[ 2023-04-28 21:00:22,296 ] 87 root - INFO -  Hypothesis cs_004:float64,float64
[ 2023-04-28 21:00:22,354 ] 87 root - INFO -  Hypothesis cs_005:float64,float64
[ 2023-04-28 21:00:22,369 ] 87 root - INFO -  Hypothesis cs_006:float64,float64
[ 2023-04-28 21:00:22,427 ] 87 root - INFO -  Hypothesis cs_007:float64,float64
[ 2023-04-28 21:00:22,485 ] 87 root - INFO -  Hypothesis cs_008:float64,float64
[ 2023-04-28 21:00:22,544 ] 87 root - INFO -  Hypothesis cs_009:float64,float64
[ 2023-04-28 21:00:22,595 ] 87 root - INFO -  Hypothesis dd_000:float64,float64
[ 2023-04-28 21:00:22,653 ] 87 root - INFO -  Hypothesis de_000:float64,float64
[ 2023-04-28 21:00:22,709 ] 87 root - INFO -  Hypothesis df_000:float64,float64
[ 2023-04-28 21:00:22,759 ] 87 root - INFO -  Hypothesis dg_000:float64,float64
[ 2023-04-28 21:00:22,811 ] 87 root - INFO -  Hypothesis dh_000:float64,float64
[ 2023-04-28 21:00:22,863 ] 87 root - INFO -  Hypothesis di_000:float64,float64
[ 2023-04-28 21:00:22,915 ] 87 root - INFO -  Hypothesis dj_000:float64,float64
[ 2023-04-28 21:00:22,966 ] 87 root - INFO -  Hypothesis dk_000:float64,float64
[ 2023-04-28 21:00:23,016 ] 87 root - INFO -  Hypothesis dl_000:float64,float64
[ 2023-04-28 21:00:23,065 ] 87 root - INFO -  Hypothesis dm_000:float64,float64
[ 2023-04-28 21:00:23,117 ] 87 root - INFO -  Hypothesis dn_000:float64,float64
[ 2023-04-28 21:00:23,178 ] 87 root - INFO -  Hypothesis do_000:float64,float64
[ 2023-04-28 21:00:23,191 ] 87 root - INFO -  Hypothesis dp_000:float64,float64
[ 2023-04-28 21:00:23,205 ] 87 root - INFO -  Hypothesis dq_000:float64,float64
[ 2023-04-28 21:00:23,215 ] 87 root - INFO -  Hypothesis dr_000:float64,float64
[ 2023-04-28 21:00:23,226 ] 87 root - INFO -  Hypothesis ds_000:float64,float64
[ 2023-04-28 21:00:23,240 ] 87 root - INFO -  Hypothesis dt_000:float64,float64
[ 2023-04-28 21:00:23,255 ] 87 root - INFO -  Hypothesis du_000:float64,float64
[ 2023-04-28 21:00:23,313 ] 87 root - INFO -  Hypothesis dv_000:float64,float64
[ 2023-04-28 21:00:23,372 ] 87 root - INFO -  Hypothesis dx_000:float64,float64
[ 2023-04-28 21:00:23,427 ] 87 root - INFO -  Hypothesis dy_000:float64,float64
[ 2023-04-28 21:00:23,482 ] 87 root - INFO -  Hypothesis dz_000:float64,float64
[ 2023-04-28 21:00:23,533 ] 87 root - INFO -  Hypothesis ea_000:float64,float64
[ 2023-04-28 21:00:23,584 ] 87 root - INFO -  Hypothesis eb_000:float64,float64
[ 2023-04-28 21:00:23,640 ] 87 root - INFO -  Hypothesis ec_00:float64,float64
[ 2023-04-28 21:00:23,654 ] 87 root - INFO -  Hypothesis ed_000:float64,float64
[ 2023-04-28 21:00:23,711 ] 87 root - INFO -  Hypothesis ee_000:float64,float64
[ 2023-04-28 21:00:23,770 ] 87 root - INFO -  Hypothesis ee_001:float64,float64
[ 2023-04-28 21:00:23,829 ] 87 root - INFO -  Hypothesis ee_002:float64,float64
[ 2023-04-28 21:00:23,887 ] 87 root - INFO -  Hypothesis ee_003:float64,float64
[ 2023-04-28 21:00:23,945 ] 87 root - INFO -  Hypothesis ee_004:float64,float64
[ 2023-04-28 21:00:24,003 ] 87 root - INFO -  Hypothesis ee_005:float64,float64
[ 2023-04-28 21:00:24,060 ] 87 root - INFO -  Hypothesis ee_006:float64,float64
[ 2023-04-28 21:00:24,119 ] 87 root - INFO -  Hypothesis ee_007:float64,float64
[ 2023-04-28 21:00:24,133 ] 87 root - INFO -  Hypothesis ee_008:float64,float64
[ 2023-04-28 21:00:24,189 ] 87 root - INFO -  Hypothesis ee_009:float64,float64
[ 2023-04-28 21:00:24,201 ] 87 root - INFO -  Hypothesis ef_000:float64,float64
[ 2023-04-28 21:00:24,253 ] 87 root - INFO -  Hypothesis eg_000:float64,float64
[ 2023-04-28 21:00:24,303 ] 148 root - INFO - as all column are available in test hence detecting data drift
[ 2023-04-28 21:00:24,304 ] 87 root - INFO -  Hypothesis class:object,object
[ 2023-04-28 21:00:24,415 ] 87 root - INFO -  Hypothesis aa_000:float64,float64
[ 2023-04-28 21:00:24,426 ] 87 root - INFO -  Hypothesis ac_000:float64,float64
[ 2023-04-28 21:00:24,434 ] 87 root - INFO -  Hypothesis ae_000:float64,float64
[ 2023-04-28 21:00:24,457 ] 87 root - INFO -  Hypothesis af_000:float64,float64
[ 2023-04-28 21:00:24,481 ] 87 root - INFO -  Hypothesis ag_000:float64,float64
[ 2023-04-28 21:00:24,502 ] 87 root - INFO -  Hypothesis ag_001:float64,float64
[ 2023-04-28 21:00:24,525 ] 87 root - INFO -  Hypothesis ag_002:float64,float64
[ 2023-04-28 21:00:24,548 ] 87 root - INFO -  Hypothesis ag_003:float64,float64
[ 2023-04-28 21:00:24,556 ] 87 root - INFO -  Hypothesis ag_004:float64,float64
[ 2023-04-28 21:00:24,566 ] 87 root - INFO -  Hypothesis ag_005:float64,float64
[ 2023-04-28 21:00:24,577 ] 87 root - INFO -  Hypothesis ag_006:float64,float64
[ 2023-04-28 21:00:24,588 ] 87 root - INFO -  Hypothesis ag_007:float64,float64
[ 2023-04-28 21:00:24,597 ] 87 root - INFO -  Hypothesis ag_008:float64,float64
[ 2023-04-28 21:00:24,623 ] 87 root - INFO -  Hypothesis ag_009:float64,float64
[ 2023-04-28 21:00:24,632 ] 87 root - INFO -  Hypothesis ah_000:float64,float64
[ 2023-04-28 21:00:24,643 ] 87 root - INFO -  Hypothesis ai_000:float64,float64
[ 2023-04-28 21:00:24,649 ] 87 root - INFO -  Hypothesis aj_000:float64,float64
[ 2023-04-28 21:00:24,656 ] 87 root - INFO -  Hypothesis ak_000:float64,float64
[ 2023-04-28 21:00:24,679 ] 87 root - INFO -  Hypothesis al_000:float64,float64
[ 2023-04-28 21:00:24,688 ] 87 root - INFO -  Hypothesis am_0:float64,float64
[ 2023-04-28 21:00:24,696 ] 87 root - INFO -  Hypothesis an_000:float64,float64
[ 2023-04-28 21:00:24,707 ] 87 root - INFO -  Hypothesis ao_000:float64,float64
[ 2023-04-28 21:00:24,717 ] 87 root - INFO -  Hypothesis ap_000:float64,float64
[ 2023-04-28 21:00:24,728 ] 87 root - INFO -  Hypothesis aq_000:float64,float64
[ 2023-04-28 21:00:24,738 ] 87 root - INFO -  Hypothesis ar_000:float64,float64
[ 2023-04-28 21:00:24,761 ] 87 root - INFO -  Hypothesis as_000:float64,float64
[ 2023-04-28 21:00:24,783 ] 87 root - INFO -  Hypothesis at_000:float64,float64
[ 2023-04-28 21:00:24,790 ] 87 root - INFO -  Hypothesis au_000:float64,float64
[ 2023-04-28 21:00:24,812 ] 87 root - INFO -  Hypothesis av_000:float64,float64
[ 2023-04-28 21:00:24,821 ] 87 root - INFO -  Hypothesis ax_000:float64,float64
[ 2023-04-28 21:00:24,830 ] 87 root - INFO -  Hypothesis ay_000:float64,float64
[ 2023-04-28 21:00:24,852 ] 87 root - INFO -  Hypothesis ay_001:float64,float64
[ 2023-04-28 21:00:24,875 ] 87 root - INFO -  Hypothesis ay_002:float64,float64
[ 2023-04-28 21:00:24,897 ] 87 root - INFO -  Hypothesis ay_003:float64,float64
[ 2023-04-28 21:00:24,903 ] 87 root - INFO -  Hypothesis ay_004:float64,float64
[ 2023-04-28 21:00:24,926 ] 87 root - INFO -  Hypothesis ay_005:float64,float64
[ 2023-04-28 21:00:24,934 ] 87 root - INFO -  Hypothesis ay_006:float64,float64
[ 2023-04-28 21:00:24,944 ] 87 root - INFO -  Hypothesis ay_007:float64,float64
[ 2023-04-28 21:00:24,954 ] 87 root - INFO -  Hypothesis ay_008:float64,float64
[ 2023-04-28 21:00:24,964 ] 87 root - INFO -  Hypothesis ay_009:float64,float64
[ 2023-04-28 21:00:24,986 ] 87 root - INFO -  Hypothesis az_000:float64,float64
[ 2023-04-28 21:00:24,996 ] 87 root - INFO -  Hypothesis az_001:float64,float64
[ 2023-04-28 21:00:25,006 ] 87 root - INFO -  Hypothesis az_002:float64,float64
[ 2023-04-28 21:00:25,016 ] 87 root - INFO -  Hypothesis az_003:float64,float64
[ 2023-04-28 21:00:25,026 ] 87 root - INFO -  Hypothesis az_004:float64,float64
[ 2023-04-28 21:00:25,036 ] 87 root - INFO -  Hypothesis az_005:float64,float64
[ 2023-04-28 21:00:25,046 ] 87 root - INFO -  Hypothesis az_006:float64,float64
[ 2023-04-28 21:00:25,056 ] 87 root - INFO -  Hypothesis az_007:float64,float64
[ 2023-04-28 21:00:25,063 ] 87 root - INFO -  Hypothesis az_008:float64,float64
[ 2023-04-28 21:00:25,069 ] 87 root - INFO -  Hypothesis az_009:float64,float64
[ 2023-04-28 21:00:25,092 ] 87 root - INFO -  Hypothesis ba_000:float64,float64
[ 2023-04-28 21:00:25,102 ] 87 root - INFO -  Hypothesis ba_001:float64,float64
[ 2023-04-28 21:00:25,112 ] 87 root - INFO -  Hypothesis ba_002:float64,float64
[ 2023-04-28 21:00:25,122 ] 87 root - INFO -  Hypothesis ba_003:float64,float64
[ 2023-04-28 21:00:25,133 ] 87 root - INFO -  Hypothesis ba_004:float64,float64
[ 2023-04-28 21:00:25,143 ] 87 root - INFO -  Hypothesis ba_005:float64,float64
[ 2023-04-28 21:00:25,153 ] 87 root - INFO -  Hypothesis ba_006:float64,float64
[ 2023-04-28 21:00:25,163 ] 87 root - INFO -  Hypothesis ba_007:float64,float64
[ 2023-04-28 21:00:25,173 ] 87 root - INFO -  Hypothesis ba_008:float64,float64
[ 2023-04-28 21:00:25,181 ] 87 root - INFO -  Hypothesis ba_009:float64,float64
[ 2023-04-28 21:00:25,206 ] 87 root - INFO -  Hypothesis bb_000:float64,float64
[ 2023-04-28 21:00:25,216 ] 87 root - INFO -  Hypothesis bc_000:float64,float64
[ 2023-04-28 21:00:25,225 ] 87 root - INFO -  Hypothesis bd_000:float64,float64
[ 2023-04-28 21:00:25,234 ] 87 root - INFO -  Hypothesis be_000:float64,float64
[ 2023-04-28 21:00:25,243 ] 87 root - INFO -  Hypothesis bf_000:float64,float64
[ 2023-04-28 21:00:25,267 ] 87 root - INFO -  Hypothesis bg_000:float64,float64
[ 2023-04-28 21:00:25,277 ] 87 root - INFO -  Hypothesis bh_000:float64,float64
[ 2023-04-28 21:00:25,287 ] 87 root - INFO -  Hypothesis bi_000:float64,float64
[ 2023-04-28 21:00:25,298 ] 87 root - INFO -  Hypothesis bj_000:float64,float64
[ 2023-04-28 21:00:25,308 ] 87 root - INFO -  Hypothesis bs_000:float64,float64
[ 2023-04-28 21:00:25,318 ] 87 root - INFO -  Hypothesis bt_000:float64,float64
[ 2023-04-28 21:00:25,329 ] 87 root - INFO -  Hypothesis bu_000:float64,float64
[ 2023-04-28 21:00:25,339 ] 87 root - INFO -  Hypothesis bv_000:float64,float64
[ 2023-04-28 21:00:25,349 ] 87 root - INFO -  Hypothesis bx_000:float64,float64
[ 2023-04-28 21:00:25,359 ] 87 root - INFO -  Hypothesis by_000:float64,float64
[ 2023-04-28 21:00:25,369 ] 87 root - INFO -  Hypothesis bz_000:float64,float64
[ 2023-04-28 21:00:25,379 ] 87 root - INFO -  Hypothesis ca_000:float64,float64
[ 2023-04-28 21:00:25,389 ] 87 root - INFO -  Hypothesis cb_000:float64,float64
[ 2023-04-28 21:00:25,400 ] 87 root - INFO -  Hypothesis cc_000:float64,float64
[ 2023-04-28 21:00:25,410 ] 87 root - INFO -  Hypothesis cd_000:float64,float64
[ 2023-04-28 21:00:25,433 ] 87 root - INFO -  Hypothesis ce_000:float64,float64
[ 2023-04-28 21:00:25,443 ] 87 root - INFO -  Hypothesis ci_000:float64,float64
[ 2023-04-28 21:00:25,453 ] 87 root - INFO -  Hypothesis cj_000:float64,float64
[ 2023-04-28 21:00:25,460 ] 87 root - INFO -  Hypothesis ck_000:float64,float64
[ 2023-04-28 21:00:25,471 ] 87 root - INFO -  Hypothesis cl_000:float64,float64
[ 2023-04-28 21:00:25,478 ] 87 root - INFO -  Hypothesis cm_000:float64,float64
[ 2023-04-28 21:00:25,486 ] 87 root - INFO -  Hypothesis cn_000:float64,float64
[ 2023-04-28 21:00:25,508 ] 87 root - INFO -  Hypothesis cn_001:float64,float64
[ 2023-04-28 21:00:25,532 ] 87 root - INFO -  Hypothesis cn_002:float64,float64
[ 2023-04-28 21:00:25,540 ] 87 root - INFO -  Hypothesis cn_003:float64,float64
[ 2023-04-28 21:00:25,551 ] 87 root - INFO -  Hypothesis cn_004:float64,float64
[ 2023-04-28 21:00:25,561 ] 87 root - INFO -  Hypothesis cn_005:float64,float64
[ 2023-04-28 21:00:25,571 ] 87 root - INFO -  Hypothesis cn_006:float64,float64
[ 2023-04-28 21:00:25,581 ] 87 root - INFO -  Hypothesis cn_007:float64,float64
[ 2023-04-28 21:00:25,591 ] 87 root - INFO -  Hypothesis cn_008:float64,float64
[ 2023-04-28 21:00:25,600 ] 87 root - INFO -  Hypothesis cn_009:float64,float64
[ 2023-04-28 21:00:25,609 ] 87 root - INFO -  Hypothesis cp_000:float64,float64
[ 2023-04-28 21:00:25,617 ] 87 root - INFO -  Hypothesis cq_000:float64,float64
[ 2023-04-28 21:00:25,628 ] 87 root - INFO -  Hypothesis cs_000:float64,float64
[ 2023-04-28 21:00:25,638 ] 87 root - INFO -  Hypothesis cs_001:float64,float64
[ 2023-04-28 21:00:25,647 ] 87 root - INFO -  Hypothesis cs_002:float64,float64
[ 2023-04-28 21:00:25,657 ] 87 root - INFO -  Hypothesis cs_003:float64,float64
[ 2023-04-28 21:00:25,667 ] 87 root - INFO -  Hypothesis cs_004:float64,float64
[ 2023-04-28 21:00:25,678 ] 87 root - INFO -  Hypothesis cs_005:float64,float64
[ 2023-04-28 21:00:25,688 ] 87 root - INFO -  Hypothesis cs_006:float64,float64
[ 2023-04-28 21:00:25,698 ] 87 root - INFO -  Hypothesis cs_007:float64,float64
[ 2023-04-28 21:00:25,709 ] 87 root - INFO -  Hypothesis cs_008:float64,float64
[ 2023-04-28 21:00:25,717 ] 87 root - INFO -  Hypothesis cs_009:float64,float64
[ 2023-04-28 21:00:25,740 ] 87 root - INFO -  Hypothesis dd_000:float64,float64
[ 2023-04-28 21:00:25,749 ] 87 root - INFO -  Hypothesis de_000:float64,float64
[ 2023-04-28 21:00:25,758 ] 87 root - INFO -  Hypothesis df_000:float64,float64
[ 2023-04-28 21:00:25,781 ] 87 root - INFO -  Hypothesis dg_000:float64,float64
[ 2023-04-28 21:00:25,803 ] 87 root - INFO -  Hypothesis dh_000:float64,float64
[ 2023-04-28 21:00:25,810 ] 87 root - INFO -  Hypothesis di_000:float64,float64
[ 2023-04-28 21:00:25,817 ] 87 root - INFO -  Hypothesis dj_000:float64,float64
[ 2023-04-28 21:00:25,839 ] 87 root - INFO -  Hypothesis dk_000:float64,float64
[ 2023-04-28 21:00:25,862 ] 87 root - INFO -  Hypothesis dl_000:float64,float64
[ 2023-04-28 21:00:25,885 ] 87 root - INFO -  Hypothesis dm_000:float64,float64
[ 2023-04-28 21:00:25,908 ] 87 root - INFO -  Hypothesis dn_000:float64,float64
[ 2023-04-28 21:00:25,918 ] 87 root - INFO -  Hypothesis do_000:float64,float64
[ 2023-04-28 21:00:25,927 ] 87 root - INFO -  Hypothesis dp_000:float64,float64
[ 2023-04-28 21:00:25,937 ] 87 root - INFO -  Hypothesis dq_000:float64,float64
[ 2023-04-28 21:00:25,944 ] 87 root - INFO -  Hypothesis dr_000:float64,float64
[ 2023-04-28 21:00:25,952 ] 87 root - INFO -  Hypothesis ds_000:float64,float64
[ 2023-04-28 21:00:25,961 ] 87 root - INFO -  Hypothesis dt_000:float64,float64
[ 2023-04-28 21:00:25,971 ] 87 root - INFO -  Hypothesis du_000:float64,float64
[ 2023-04-28 21:00:25,981 ] 87 root - INFO -  Hypothesis dv_000:float64,float64
[ 2023-04-28 21:00:25,991 ] 87 root - INFO -  Hypothesis dx_000:float64,float64
[ 2023-04-28 21:00:25,999 ] 87 root - INFO -  Hypothesis dy_000:float64,float64
[ 2023-04-28 21:00:26,006 ] 87 root - INFO -  Hypothesis dz_000:float64,float64
[ 2023-04-28 21:00:26,029 ] 87 root - INFO -  Hypothesis ea_000:float64,float64
[ 2023-04-28 21:00:26,050 ] 87 root - INFO -  Hypothesis eb_000:float64,float64
[ 2023-04-28 21:00:26,059 ] 87 root - INFO -  Hypothesis ec_00:float64,float64
[ 2023-04-28 21:00:26,069 ] 87 root - INFO -  Hypothesis ed_000:float64,float64
[ 2023-04-28 21:00:26,078 ] 87 root - INFO -  Hypothesis ee_000:float64,float64
[ 2023-04-28 21:00:26,089 ] 87 root - INFO -  Hypothesis ee_001:float64,float64
[ 2023-04-28 21:00:26,099 ] 87 root - INFO -  Hypothesis ee_002:float64,float64
[ 2023-04-28 21:00:26,109 ] 87 root - INFO -  Hypothesis ee_003:float64,float64
[ 2023-04-28 21:00:26,119 ] 87 root - INFO -  Hypothesis ee_004:float64,float64
[ 2023-04-28 21:00:26,129 ] 87 root - INFO -  Hypothesis ee_005:float64,float64
[ 2023-04-28 21:00:26,139 ] 87 root - INFO -  Hypothesis ee_006:float64,float64
[ 2023-04-28 21:00:26,149 ] 87 root - INFO -  Hypothesis ee_007:float64,float64
[ 2023-04-28 21:00:26,159 ] 87 root - INFO -  Hypothesis ee_008:float64,float64
[ 2023-04-28 21:00:26,168 ] 87 root - INFO -  Hypothesis ee_009:float64,float64
[ 2023-04-28 21:00:26,177 ] 87 root - INFO -  Hypothesis ef_000:float64,float64
[ 2023-04-28 21:00:26,199 ] 87 root - INFO -  Hypothesis eg_000:float64,float64
[ 2023-04-28 21:00:26,221 ] 152 root - INFO - writing report in yaml file
[ 2023-04-28 21:00:26,335 ] 157 root - INFO - Data validation artifact:DataValidationArtifact(report_file_path='/config/workspace/artifact/04282023__205949/data_validation/report.yaml') 
