[ 2023-04-29 12:15:47,487 ] 15 root - INFO - >>>>>>>>>>>>>>>>>>>>>>>>>>>>>>>>>>>>>>>> Data Ingestion <<<<<<<<<<<<<<<<<<<<<<<<<<<<<<<<<<<<<<<<
[ 2023-04-29 12:15:47,487 ] 22 root - INFO - Exporting collection data as pandas dataframe
[ 2023-04-29 12:15:47,487 ] 21 root - INFO - Reading data from database:aps and collection sensor
[ 2023-04-29 12:15:56,030 ] 23 root - INFO - Found columns:Index(['_id', 'class', 'aa_000', 'ab_000', 'ac_000', 'ad_000', 'ae_000',
       'af_000', 'ag_000', 'ag_001',
       ...
       'ee_002', 'ee_003', 'ee_004', 'ee_005', 'ee_006', 'ee_007', 'ee_008',
       'ee_009', 'ef_000', 'eg_000'],
      dtype='object', length=172)
[ 2023-04-29 12:15:56,031 ] 25 root - INFO - dropping column :_id
[ 2023-04-29 12:15:56,893 ] 27 root - INFO - row and col in df:(36188, 171)
[ 2023-04-29 12:15:56,894 ] 28 root - INFO - Save data in feature store
[ 2023-04-29 12:16:00,690 ] 32 root - INFO - Create feature store folder if not available
[ 2023-04-29 12:16:00,691 ] 38 root - INFO - Save df to feature store folder
[ 2023-04-29 12:16:04,435 ] 42 root - INFO - split dataset into train and test set
[ 2023-04-29 12:16:05,236 ] 46 root - INFO - create dataset directory folder if not available
[ 2023-04-29 12:16:05,236 ] 51 root - INFO - Save df to feature store folder
[ 2023-04-29 12:16:08,994 ] 63 root - INFO - Data ingestion artifact: DataIngestionArtifact(feature_store_file_path='/config/workspace/artifact/04292023__121547/data_ingestion/feature_store/sensor.csv', train_file_path='/config/workspace/artifact/04292023__121547/data_ingestion/dataset/train.csv', test_file_path='/config/workspace/artifact/04292023__121547/data_ingestion/dataset/test.csv')
[ 2023-04-29 12:16:10,213 ] 18 root - INFO - >>>>>>>>>>>>>>>>>>>>>>>>>>>>>>>>>>>>>>>> Data Validation <<<<<<<<<<<<<<<<<<<<<<<<<<<<<<<<<<<<<<<<
[ 2023-04-29 12:16:10,214 ] 113 root - INFO - Reading base dataframe
[ 2023-04-29 12:16:15,524 ] 116 root - INFO - Replace na values in dataframe
[ 2023-04-29 12:16:15,525 ] 119 root - INFO - drop null values from base dataframe
[ 2023-04-29 12:16:15,947 ] 40 root - INFO - selecting column name which contains null above to 0.2
[ 2023-04-29 12:16:15,949 ] 43 root - INFO - columns to drop: ['ab_000', 'ad_000', 'bk_000', 'bl_000', 'bm_000', 'bn_000', 'bo_000', 'bp_000', 'bq_000', 'br_000', 'cf_000', 'cg_000', 'ch_000', 'co_000', 'cr_000', 'ct_000', 'cu_000', 'cv_000', 'cx_000', 'cy_000', 'cz_000', 'da_000', 'db_000', 'dc_000']
[ 2023-04-29 12:16:16,122 ] 122 root - INFO - Reading train dataframe
[ 2023-04-29 12:16:16,886 ] 124 root - INFO - Reading test dataframe
[ 2023-04-29 12:16:17,122 ] 127 root - INFO - drop null values from train dataframe
[ 2023-04-29 12:16:17,145 ] 40 root - INFO - selecting column name which contains null above to 0.2
[ 2023-04-29 12:16:17,146 ] 43 root - INFO - columns to drop: ['ab_000', 'ad_000', 'bk_000', 'bl_000', 'bm_000', 'bn_000', 'bo_000', 'bp_000', 'bq_000', 'br_000', 'cf_000', 'cg_000', 'ch_000', 'co_000', 'cr_000', 'ct_000', 'cu_000', 'cv_000', 'cx_000', 'cy_000', 'cz_000', 'da_000', 'db_000', 'dc_000']
[ 2023-04-29 12:16:17,174 ] 129 root - INFO - drop null values from test dataframe
[ 2023-04-29 12:16:17,179 ] 40 root - INFO - selecting column name which contains null above to 0.2
[ 2023-04-29 12:16:17,180 ] 43 root - INFO - columns to drop: ['ab_000', 'ad_000', 'bk_000', 'bl_000', 'bm_000', 'bn_000', 'bo_000', 'bp_000', 'bq_000', 'br_000', 'cf_000', 'cg_000', 'ch_000', 'co_000', 'cr_000', 'ct_000', 'cu_000', 'cv_000', 'cx_000', 'cy_000', 'cz_000', 'da_000', 'db_000', 'dc_000']
[ 2023-04-29 12:16:19,152 ] 139 root - INFO - is all required columns present in train df 
[ 2023-04-29 12:16:19,153 ] 141 root - INFO - is all required columns present in test df 
[ 2023-04-29 12:16:19,153 ] 145 root - INFO - as all column are available in train hence detecting data drift
[ 2023-04-29 12:16:19,153 ] 87 root - INFO -  Hypothesis class:object,object
[ 2023-04-29 12:16:19,390 ] 87 root - INFO -  Hypothesis aa_000:float64,float64
[ 2023-04-29 12:16:19,410 ] 87 root - INFO -  Hypothesis ac_000:float64,float64
[ 2023-04-29 12:16:19,424 ] 87 root - INFO -  Hypothesis ae_000:float64,float64
[ 2023-04-29 12:16:19,480 ] 87 root - INFO -  Hypothesis af_000:float64,float64
[ 2023-04-29 12:16:19,549 ] 87 root - INFO -  Hypothesis ag_000:float64,float64
[ 2023-04-29 12:16:19,603 ] 87 root - INFO -  Hypothesis ag_001:float64,float64
[ 2023-04-29 12:16:19,658 ] 87 root - INFO -  Hypothesis ag_002:float64,float64
[ 2023-04-29 12:16:19,723 ] 87 root - INFO -  Hypothesis ag_003:float64,float64
[ 2023-04-29 12:16:19,785 ] 87 root - INFO -  Hypothesis ag_004:float64,float64
[ 2023-04-29 12:16:19,850 ] 87 root - INFO -  Hypothesis ag_005:float64,float64
[ 2023-04-29 12:16:19,923 ] 87 root - INFO -  Hypothesis ag_006:float64,float64
[ 2023-04-29 12:16:19,947 ] 87 root - INFO -  Hypothesis ag_007:float64,float64
[ 2023-04-29 12:16:19,961 ] 87 root - INFO -  Hypothesis ag_008:float64,float64
[ 2023-04-29 12:16:19,976 ] 87 root - INFO -  Hypothesis ag_009:float64,float64
[ 2023-04-29 12:16:20,041 ] 87 root - INFO -  Hypothesis ah_000:float64,float64
[ 2023-04-29 12:16:20,060 ] 87 root - INFO -  Hypothesis ai_000:float64,float64
[ 2023-04-29 12:16:20,121 ] 87 root - INFO -  Hypothesis aj_000:float64,float64
[ 2023-04-29 12:16:20,184 ] 87 root - INFO -  Hypothesis ak_000:float64,float64
[ 2023-04-29 12:16:20,240 ] 87 root - INFO -  Hypothesis al_000:float64,float64
[ 2023-04-29 12:16:20,311 ] 87 root - INFO -  Hypothesis am_0:float64,float64
[ 2023-04-29 12:16:20,385 ] 87 root - INFO -  Hypothesis an_000:float64,float64
[ 2023-04-29 12:16:20,400 ] 87 root - INFO -  Hypothesis ao_000:float64,float64
[ 2023-04-29 12:16:20,416 ] 87 root - INFO -  Hypothesis ap_000:float64,float64
[ 2023-04-29 12:16:20,439 ] 87 root - INFO -  Hypothesis aq_000:float64,float64
[ 2023-04-29 12:16:20,467 ] 87 root - INFO -  Hypothesis ar_000:float64,float64
[ 2023-04-29 12:16:20,538 ] 87 root - INFO -  Hypothesis as_000:float64,float64
[ 2023-04-29 12:16:20,547 ] 87 root - INFO -  Hypothesis at_000:float64,float64
[ 2023-04-29 12:16:20,604 ] 87 root - INFO -  Hypothesis au_000:float64,float64
[ 2023-04-29 12:16:20,670 ] 87 root - INFO -  Hypothesis av_000:float64,float64
[ 2023-04-29 12:16:20,743 ] 87 root - INFO -  Hypothesis ax_000:float64,float64
[ 2023-04-29 12:16:20,761 ] 87 root - INFO -  Hypothesis ay_000:float64,float64
[ 2023-04-29 12:16:20,828 ] 87 root - INFO -  Hypothesis ay_001:float64,float64
[ 2023-04-29 12:16:20,888 ] 87 root - INFO -  Hypothesis ay_002:float64,float64
[ 2023-04-29 12:16:20,950 ] 87 root - INFO -  Hypothesis ay_003:float64,float64
[ 2023-04-29 12:16:21,017 ] 87 root - INFO -  Hypothesis ay_004:float64,float64
[ 2023-04-29 12:16:21,073 ] 87 root - INFO -  Hypothesis ay_005:float64,float64
[ 2023-04-29 12:16:21,131 ] 87 root - INFO -  Hypothesis ay_006:float64,float64
[ 2023-04-29 12:16:21,145 ] 87 root - INFO -  Hypothesis ay_007:float64,float64
[ 2023-04-29 12:16:21,160 ] 87 root - INFO -  Hypothesis ay_008:float64,float64
[ 2023-04-29 12:16:21,222 ] 87 root - INFO -  Hypothesis ay_009:float64,float64
[ 2023-04-29 12:16:21,281 ] 87 root - INFO -  Hypothesis az_000:float64,float64
[ 2023-04-29 12:16:21,295 ] 87 root - INFO -  Hypothesis az_001:float64,float64
[ 2023-04-29 12:16:21,359 ] 87 root - INFO -  Hypothesis az_002:float64,float64
[ 2023-04-29 12:16:21,372 ] 87 root - INFO -  Hypothesis az_003:float64,float64
[ 2023-04-29 12:16:21,436 ] 87 root - INFO -  Hypothesis az_004:float64,float64
[ 2023-04-29 12:16:21,495 ] 87 root - INFO -  Hypothesis az_005:float64,float64
[ 2023-04-29 12:16:21,514 ] 87 root - INFO -  Hypothesis az_006:float64,float64
[ 2023-04-29 12:16:21,528 ] 87 root - INFO -  Hypothesis az_007:float64,float64
[ 2023-04-29 12:16:21,584 ] 87 root - INFO -  Hypothesis az_008:float64,float64
[ 2023-04-29 12:16:21,636 ] 87 root - INFO -  Hypothesis az_009:float64,float64
[ 2023-04-29 12:16:21,689 ] 87 root - INFO -  Hypothesis ba_000:float64,float64
[ 2023-04-29 12:16:21,706 ] 87 root - INFO -  Hypothesis ba_001:float64,float64
[ 2023-04-29 12:16:21,721 ] 87 root - INFO -  Hypothesis ba_002:float64,float64
[ 2023-04-29 12:16:21,741 ] 87 root - INFO -  Hypothesis ba_003:float64,float64
[ 2023-04-29 12:16:21,756 ] 87 root - INFO -  Hypothesis ba_004:float64,float64
[ 2023-04-29 12:16:21,819 ] 87 root - INFO -  Hypothesis ba_005:float64,float64
[ 2023-04-29 12:16:21,834 ] 87 root - INFO -  Hypothesis ba_006:float64,float64
[ 2023-04-29 12:16:21,894 ] 87 root - INFO -  Hypothesis ba_007:float64,float64
[ 2023-04-29 12:16:21,908 ] 87 root - INFO -  Hypothesis ba_008:float64,float64
[ 2023-04-29 12:16:21,972 ] 87 root - INFO -  Hypothesis ba_009:float64,float64
[ 2023-04-29 12:16:22,043 ] 87 root - INFO -  Hypothesis bb_000:float64,float64
[ 2023-04-29 12:16:22,062 ] 87 root - INFO -  Hypothesis bc_000:float64,float64
[ 2023-04-29 12:16:22,146 ] 87 root - INFO -  Hypothesis bd_000:float64,float64
[ 2023-04-29 12:16:22,163 ] 87 root - INFO -  Hypothesis be_000:float64,float64
[ 2023-04-29 12:16:22,189 ] 87 root - INFO -  Hypothesis bf_000:float64,float64
[ 2023-04-29 12:16:22,276 ] 87 root - INFO -  Hypothesis bg_000:float64,float64
[ 2023-04-29 12:16:22,303 ] 87 root - INFO -  Hypothesis bh_000:float64,float64
[ 2023-04-29 12:16:22,323 ] 87 root - INFO -  Hypothesis bi_000:float64,float64
[ 2023-04-29 12:16:22,418 ] 87 root - INFO -  Hypothesis bj_000:float64,float64
[ 2023-04-29 12:16:22,446 ] 87 root - INFO -  Hypothesis bs_000:float64,float64
[ 2023-04-29 12:16:22,470 ] 87 root - INFO -  Hypothesis bt_000:float64,float64
[ 2023-04-29 12:16:22,494 ] 87 root - INFO -  Hypothesis bu_000:float64,float64
[ 2023-04-29 12:16:22,513 ] 87 root - INFO -  Hypothesis bv_000:float64,float64
[ 2023-04-29 12:16:22,536 ] 87 root - INFO -  Hypothesis bx_000:float64,float64
[ 2023-04-29 12:16:22,563 ] 87 root - INFO -  Hypothesis by_000:float64,float64
[ 2023-04-29 12:16:22,583 ] 87 root - INFO -  Hypothesis bz_000:float64,float64
[ 2023-04-29 12:16:22,600 ] 87 root - INFO -  Hypothesis ca_000:float64,float64
[ 2023-04-29 12:16:22,616 ] 87 root - INFO -  Hypothesis cb_000:float64,float64
[ 2023-04-29 12:16:22,697 ] 87 root - INFO -  Hypothesis cc_000:float64,float64
[ 2023-04-29 12:16:22,718 ] 87 root - INFO -  Hypothesis cd_000:float64,float64
[ 2023-04-29 12:16:22,727 ] 87 root - INFO -  Hypothesis ce_000:float64,float64
[ 2023-04-29 12:16:22,809 ] 87 root - INFO -  Hypothesis ci_000:float64,float64
[ 2023-04-29 12:16:22,824 ] 87 root - INFO -  Hypothesis cj_000:float64,float64
[ 2023-04-29 12:16:22,898 ] 87 root - INFO -  Hypothesis ck_000:float64,float64
[ 2023-04-29 12:16:22,918 ] 87 root - INFO -  Hypothesis cl_000:float64,float64
[ 2023-04-29 12:16:22,994 ] 87 root - INFO -  Hypothesis cm_000:float64,float64
[ 2023-04-29 12:16:23,074 ] 87 root - INFO -  Hypothesis cn_000:float64,float64
[ 2023-04-29 12:16:23,138 ] 87 root - INFO -  Hypothesis cn_001:float64,float64
[ 2023-04-29 12:16:23,201 ] 87 root - INFO -  Hypothesis cn_002:float64,float64
[ 2023-04-29 12:16:23,270 ] 87 root - INFO -  Hypothesis cn_003:float64,float64
[ 2023-04-29 12:16:23,332 ] 87 root - INFO -  Hypothesis cn_004:float64,float64
[ 2023-04-29 12:16:23,402 ] 87 root - INFO -  Hypothesis cn_005:float64,float64
[ 2023-04-29 12:16:23,422 ] 87 root - INFO -  Hypothesis cn_006:float64,float64
[ 2023-04-29 12:16:23,496 ] 87 root - INFO -  Hypothesis cn_007:float64,float64
[ 2023-04-29 12:16:23,567 ] 87 root - INFO -  Hypothesis cn_008:float64,float64
[ 2023-04-29 12:16:23,630 ] 87 root - INFO -  Hypothesis cn_009:float64,float64
[ 2023-04-29 12:16:23,642 ] 87 root - INFO -  Hypothesis cp_000:float64,float64
[ 2023-04-29 12:16:23,703 ] 87 root - INFO -  Hypothesis cq_000:float64,float64
[ 2023-04-29 12:16:23,726 ] 87 root - INFO -  Hypothesis cs_000:float64,float64
[ 2023-04-29 12:16:23,740 ] 87 root - INFO -  Hypothesis cs_001:float64,float64
[ 2023-04-29 12:16:23,804 ] 87 root - INFO -  Hypothesis cs_002:float64,float64
[ 2023-04-29 12:16:23,818 ] 87 root - INFO -  Hypothesis cs_003:float64,float64
[ 2023-04-29 12:16:23,838 ] 87 root - INFO -  Hypothesis cs_004:float64,float64
[ 2023-04-29 12:16:23,906 ] 87 root - INFO -  Hypothesis cs_005:float64,float64
[ 2023-04-29 12:16:23,925 ] 87 root - INFO -  Hypothesis cs_006:float64,float64
[ 2023-04-29 12:16:23,940 ] 87 root - INFO -  Hypothesis cs_007:float64,float64
[ 2023-04-29 12:16:24,015 ] 87 root - INFO -  Hypothesis cs_008:float64,float64
[ 2023-04-29 12:16:24,078 ] 87 root - INFO -  Hypothesis cs_009:float64,float64
[ 2023-04-29 12:16:24,138 ] 87 root - INFO -  Hypothesis dd_000:float64,float64
[ 2023-04-29 12:16:24,153 ] 87 root - INFO -  Hypothesis de_000:float64,float64
[ 2023-04-29 12:16:24,166 ] 87 root - INFO -  Hypothesis df_000:float64,float64
[ 2023-04-29 12:16:24,227 ] 87 root - INFO -  Hypothesis dg_000:float64,float64
[ 2023-04-29 12:16:24,292 ] 87 root - INFO -  Hypothesis dh_000:float64,float64
[ 2023-04-29 12:16:24,354 ] 87 root - INFO -  Hypothesis di_000:float64,float64
[ 2023-04-29 12:16:24,418 ] 87 root - INFO -  Hypothesis dj_000:float64,float64
[ 2023-04-29 12:16:24,475 ] 87 root - INFO -  Hypothesis dk_000:float64,float64
[ 2023-04-29 12:16:24,534 ] 87 root - INFO -  Hypothesis dl_000:float64,float64
[ 2023-04-29 12:16:24,591 ] 87 root - INFO -  Hypothesis dm_000:float64,float64
[ 2023-04-29 12:16:24,648 ] 87 root - INFO -  Hypothesis dn_000:float64,float64
[ 2023-04-29 12:16:24,666 ] 87 root - INFO -  Hypothesis do_000:float64,float64
[ 2023-04-29 12:16:24,728 ] 87 root - INFO -  Hypothesis dp_000:float64,float64
[ 2023-04-29 12:16:24,798 ] 87 root - INFO -  Hypothesis dq_000:float64,float64
[ 2023-04-29 12:16:24,862 ] 87 root - INFO -  Hypothesis dr_000:float64,float64
[ 2023-04-29 12:16:24,923 ] 87 root - INFO -  Hypothesis ds_000:float64,float64
[ 2023-04-29 12:16:24,943 ] 87 root - INFO -  Hypothesis dt_000:float64,float64
[ 2023-04-29 12:16:24,959 ] 87 root - INFO -  Hypothesis du_000:float64,float64
[ 2023-04-29 12:16:24,981 ] 87 root - INFO -  Hypothesis dv_000:float64,float64
[ 2023-04-29 12:16:25,000 ] 87 root - INFO -  Hypothesis dx_000:float64,float64
[ 2023-04-29 12:16:25,063 ] 87 root - INFO -  Hypothesis dy_000:float64,float64
[ 2023-04-29 12:16:25,126 ] 87 root - INFO -  Hypothesis dz_000:float64,float64
[ 2023-04-29 12:16:25,190 ] 87 root - INFO -  Hypothesis ea_000:float64,float64
[ 2023-04-29 12:16:25,246 ] 87 root - INFO -  Hypothesis eb_000:float64,float64
[ 2023-04-29 12:16:25,311 ] 87 root - INFO -  Hypothesis ec_00:float64,float64
[ 2023-04-29 12:16:25,334 ] 87 root - INFO -  Hypothesis ed_000:float64,float64
[ 2023-04-29 12:16:25,399 ] 87 root - INFO -  Hypothesis ee_000:float64,float64
[ 2023-04-29 12:16:25,414 ] 87 root - INFO -  Hypothesis ee_001:float64,float64
[ 2023-04-29 12:16:25,481 ] 87 root - INFO -  Hypothesis ee_002:float64,float64
[ 2023-04-29 12:16:25,559 ] 87 root - INFO -  Hypothesis ee_003:float64,float64
[ 2023-04-29 12:16:25,578 ] 87 root - INFO -  Hypothesis ee_004:float64,float64
[ 2023-04-29 12:16:25,592 ] 87 root - INFO -  Hypothesis ee_005:float64,float64
[ 2023-04-29 12:16:25,607 ] 87 root - INFO -  Hypothesis ee_006:float64,float64
[ 2023-04-29 12:16:25,677 ] 87 root - INFO -  Hypothesis ee_007:float64,float64
[ 2023-04-29 12:16:25,741 ] 87 root - INFO -  Hypothesis ee_008:float64,float64
[ 2023-04-29 12:16:25,803 ] 87 root - INFO -  Hypothesis ee_009:float64,float64
[ 2023-04-29 12:16:25,876 ] 87 root - INFO -  Hypothesis ef_000:float64,float64
[ 2023-04-29 12:16:25,945 ] 87 root - INFO -  Hypothesis eg_000:float64,float64
[ 2023-04-29 12:16:26,012 ] 148 root - INFO - as all column are available in test hence detecting data drift
[ 2023-04-29 12:16:26,013 ] 87 root - INFO -  Hypothesis class:object,object
[ 2023-04-29 12:16:26,162 ] 87 root - INFO -  Hypothesis aa_000:float64,float64
[ 2023-04-29 12:16:26,172 ] 87 root - INFO -  Hypothesis ac_000:float64,float64
[ 2023-04-29 12:16:26,181 ] 87 root - INFO -  Hypothesis ae_000:float64,float64
[ 2023-04-29 12:16:26,204 ] 87 root - INFO -  Hypothesis af_000:float64,float64
[ 2023-04-29 12:16:26,231 ] 87 root - INFO -  Hypothesis ag_000:float64,float64
[ 2023-04-29 12:16:26,257 ] 87 root - INFO -  Hypothesis ag_001:float64,float64
[ 2023-04-29 12:16:26,281 ] 87 root - INFO -  Hypothesis ag_002:float64,float64
[ 2023-04-29 12:16:26,287 ] 87 root - INFO -  Hypothesis ag_003:float64,float64
[ 2023-04-29 12:16:26,294 ] 87 root - INFO -  Hypothesis ag_004:float64,float64
[ 2023-04-29 12:16:26,312 ] 87 root - INFO -  Hypothesis ag_005:float64,float64
[ 2023-04-29 12:16:26,323 ] 87 root - INFO -  Hypothesis ag_006:float64,float64
[ 2023-04-29 12:16:26,333 ] 87 root - INFO -  Hypothesis ag_007:float64,float64
[ 2023-04-29 12:16:26,343 ] 87 root - INFO -  Hypothesis ag_008:float64,float64
[ 2023-04-29 12:16:26,352 ] 87 root - INFO -  Hypothesis ag_009:float64,float64
[ 2023-04-29 12:16:26,360 ] 87 root - INFO -  Hypothesis ah_000:float64,float64
[ 2023-04-29 12:16:26,382 ] 87 root - INFO -  Hypothesis ai_000:float64,float64
[ 2023-04-29 12:16:26,410 ] 87 root - INFO -  Hypothesis aj_000:float64,float64
[ 2023-04-29 12:16:26,434 ] 87 root - INFO -  Hypothesis ak_000:float64,float64
[ 2023-04-29 12:16:26,440 ] 87 root - INFO -  Hypothesis al_000:float64,float64
[ 2023-04-29 12:16:26,469 ] 87 root - INFO -  Hypothesis am_0:float64,float64
[ 2023-04-29 12:16:26,502 ] 87 root - INFO -  Hypothesis an_000:float64,float64
[ 2023-04-29 12:16:26,513 ] 87 root - INFO -  Hypothesis ao_000:float64,float64
[ 2023-04-29 12:16:26,523 ] 87 root - INFO -  Hypothesis ap_000:float64,float64
[ 2023-04-29 12:16:26,538 ] 87 root - INFO -  Hypothesis aq_000:float64,float64
[ 2023-04-29 12:16:26,549 ] 87 root - INFO -  Hypothesis ar_000:float64,float64
[ 2023-04-29 12:16:26,556 ] 87 root - INFO -  Hypothesis as_000:float64,float64
[ 2023-04-29 12:16:26,583 ] 87 root - INFO -  Hypothesis at_000:float64,float64
[ 2023-04-29 12:16:26,607 ] 87 root - INFO -  Hypothesis au_000:float64,float64
[ 2023-04-29 12:16:26,633 ] 87 root - INFO -  Hypothesis av_000:float64,float64
[ 2023-04-29 12:16:26,643 ] 87 root - INFO -  Hypothesis ax_000:float64,float64
[ 2023-04-29 12:16:26,664 ] 87 root - INFO -  Hypothesis ay_000:float64,float64
[ 2023-04-29 12:16:26,686 ] 87 root - INFO -  Hypothesis ay_001:float64,float64
[ 2023-04-29 12:16:26,709 ] 87 root - INFO -  Hypothesis ay_002:float64,float64
[ 2023-04-29 12:16:26,731 ] 87 root - INFO -  Hypothesis ay_003:float64,float64
[ 2023-04-29 12:16:26,760 ] 87 root - INFO -  Hypothesis ay_004:float64,float64
[ 2023-04-29 12:16:26,788 ] 87 root - INFO -  Hypothesis ay_005:float64,float64
[ 2023-04-29 12:16:26,797 ] 87 root - INFO -  Hypothesis ay_006:float64,float64
[ 2023-04-29 12:16:26,807 ] 87 root - INFO -  Hypothesis ay_007:float64,float64
[ 2023-04-29 12:16:26,817 ] 87 root - INFO -  Hypothesis ay_008:float64,float64
[ 2023-04-29 12:16:26,827 ] 87 root - INFO -  Hypothesis ay_009:float64,float64
[ 2023-04-29 12:16:26,850 ] 87 root - INFO -  Hypothesis az_000:float64,float64
[ 2023-04-29 12:16:26,860 ] 87 root - INFO -  Hypothesis az_001:float64,float64
[ 2023-04-29 12:16:26,871 ] 87 root - INFO -  Hypothesis az_002:float64,float64
[ 2023-04-29 12:16:26,882 ] 87 root - INFO -  Hypothesis az_003:float64,float64
[ 2023-04-29 12:16:26,892 ] 87 root - INFO -  Hypothesis az_004:float64,float64
[ 2023-04-29 12:16:26,907 ] 87 root - INFO -  Hypothesis az_005:float64,float64
[ 2023-04-29 12:16:26,917 ] 87 root - INFO -  Hypothesis az_006:float64,float64
[ 2023-04-29 12:16:26,935 ] 87 root - INFO -  Hypothesis az_007:float64,float64
[ 2023-04-29 12:16:26,942 ] 87 root - INFO -  Hypothesis az_008:float64,float64
[ 2023-04-29 12:16:26,948 ] 87 root - INFO -  Hypothesis az_009:float64,float64
[ 2023-04-29 12:16:26,975 ] 87 root - INFO -  Hypothesis ba_000:float64,float64
[ 2023-04-29 12:16:26,986 ] 87 root - INFO -  Hypothesis ba_001:float64,float64
[ 2023-04-29 12:16:27,001 ] 87 root - INFO -  Hypothesis ba_002:float64,float64
[ 2023-04-29 12:16:27,015 ] 87 root - INFO -  Hypothesis ba_003:float64,float64
[ 2023-04-29 12:16:27,026 ] 87 root - INFO -  Hypothesis ba_004:float64,float64
[ 2023-04-29 12:16:27,036 ] 87 root - INFO -  Hypothesis ba_005:float64,float64
[ 2023-04-29 12:16:27,047 ] 87 root - INFO -  Hypothesis ba_006:float64,float64
[ 2023-04-29 12:16:27,057 ] 87 root - INFO -  Hypothesis ba_007:float64,float64
[ 2023-04-29 12:16:27,067 ] 87 root - INFO -  Hypothesis ba_008:float64,float64
[ 2023-04-29 12:16:27,075 ] 87 root - INFO -  Hypothesis ba_009:float64,float64
[ 2023-04-29 12:16:27,083 ] 87 root - INFO -  Hypothesis bb_000:float64,float64
[ 2023-04-29 12:16:27,098 ] 87 root - INFO -  Hypothesis bc_000:float64,float64
[ 2023-04-29 12:16:27,107 ] 87 root - INFO -  Hypothesis bd_000:float64,float64
[ 2023-04-29 12:16:27,117 ] 87 root - INFO -  Hypothesis be_000:float64,float64
[ 2023-04-29 12:16:27,127 ] 87 root - INFO -  Hypothesis bf_000:float64,float64
[ 2023-04-29 12:16:27,139 ] 87 root - INFO -  Hypothesis bg_000:float64,float64
[ 2023-04-29 12:16:27,150 ] 87 root - INFO -  Hypothesis bh_000:float64,float64
[ 2023-04-29 12:16:27,160 ] 87 root - INFO -  Hypothesis bi_000:float64,float64
[ 2023-04-29 12:16:27,171 ] 87 root - INFO -  Hypothesis bj_000:float64,float64
[ 2023-04-29 12:16:27,183 ] 87 root - INFO -  Hypothesis bs_000:float64,float64
[ 2023-04-29 12:16:27,197 ] 87 root - INFO -  Hypothesis bt_000:float64,float64
[ 2023-04-29 12:16:27,208 ] 87 root - INFO -  Hypothesis bu_000:float64,float64
[ 2023-04-29 12:16:27,223 ] 87 root - INFO -  Hypothesis bv_000:float64,float64
[ 2023-04-29 12:16:27,233 ] 87 root - INFO -  Hypothesis bx_000:float64,float64
[ 2023-04-29 12:16:27,248 ] 87 root - INFO -  Hypothesis by_000:float64,float64
[ 2023-04-29 12:16:27,259 ] 87 root - INFO -  Hypothesis bz_000:float64,float64
[ 2023-04-29 12:16:27,273 ] 87 root - INFO -  Hypothesis ca_000:float64,float64
[ 2023-04-29 12:16:27,283 ] 87 root - INFO -  Hypothesis cb_000:float64,float64
[ 2023-04-29 12:16:27,297 ] 87 root - INFO -  Hypothesis cc_000:float64,float64
[ 2023-04-29 12:16:27,312 ] 87 root - INFO -  Hypothesis cd_000:float64,float64
[ 2023-04-29 12:16:27,338 ] 87 root - INFO -  Hypothesis ce_000:float64,float64
[ 2023-04-29 12:16:27,369 ] 87 root - INFO -  Hypothesis ci_000:float64,float64
[ 2023-04-29 12:16:27,379 ] 87 root - INFO -  Hypothesis cj_000:float64,float64
[ 2023-04-29 12:16:27,398 ] 87 root - INFO -  Hypothesis ck_000:float64,float64
[ 2023-04-29 12:16:27,410 ] 87 root - INFO -  Hypothesis cl_000:float64,float64
[ 2023-04-29 12:16:27,446 ] 87 root - INFO -  Hypothesis cm_000:float64,float64
[ 2023-04-29 12:16:27,454 ] 87 root - INFO -  Hypothesis cn_000:float64,float64
[ 2023-04-29 12:16:27,476 ] 87 root - INFO -  Hypothesis cn_001:float64,float64
[ 2023-04-29 12:16:27,487 ] 87 root - INFO -  Hypothesis cn_002:float64,float64
[ 2023-04-29 12:16:27,496 ] 87 root - INFO -  Hypothesis cn_003:float64,float64
[ 2023-04-29 12:16:27,514 ] 87 root - INFO -  Hypothesis cn_004:float64,float64
[ 2023-04-29 12:16:27,524 ] 87 root - INFO -  Hypothesis cn_005:float64,float64
[ 2023-04-29 12:16:27,539 ] 87 root - INFO -  Hypothesis cn_006:float64,float64
[ 2023-04-29 12:16:27,558 ] 87 root - INFO -  Hypothesis cn_007:float64,float64
[ 2023-04-29 12:16:27,583 ] 87 root - INFO -  Hypothesis cn_008:float64,float64
[ 2023-04-29 12:16:27,601 ] 87 root - INFO -  Hypothesis cn_009:float64,float64
[ 2023-04-29 12:16:27,610 ] 87 root - INFO -  Hypothesis cp_000:float64,float64
[ 2023-04-29 12:16:27,631 ] 87 root - INFO -  Hypothesis cq_000:float64,float64
[ 2023-04-29 12:16:27,642 ] 87 root - INFO -  Hypothesis cs_000:float64,float64
[ 2023-04-29 12:16:27,662 ] 87 root - INFO -  Hypothesis cs_001:float64,float64
[ 2023-04-29 12:16:27,672 ] 87 root - INFO -  Hypothesis cs_002:float64,float64
[ 2023-04-29 12:16:27,697 ] 87 root - INFO -  Hypothesis cs_003:float64,float64
[ 2023-04-29 12:16:27,719 ] 87 root - INFO -  Hypothesis cs_004:float64,float64
[ 2023-04-29 12:16:27,733 ] 87 root - INFO -  Hypothesis cs_005:float64,float64
[ 2023-04-29 12:16:27,751 ] 87 root - INFO -  Hypothesis cs_006:float64,float64
[ 2023-04-29 12:16:27,766 ] 87 root - INFO -  Hypothesis cs_007:float64,float64
[ 2023-04-29 12:16:27,780 ] 87 root - INFO -  Hypothesis cs_008:float64,float64
[ 2023-04-29 12:16:27,796 ] 87 root - INFO -  Hypothesis cs_009:float64,float64
[ 2023-04-29 12:16:27,827 ] 87 root - INFO -  Hypothesis dd_000:float64,float64
[ 2023-04-29 12:16:27,840 ] 87 root - INFO -  Hypothesis de_000:float64,float64
[ 2023-04-29 12:16:27,853 ] 87 root - INFO -  Hypothesis df_000:float64,float64
[ 2023-04-29 12:16:27,860 ] 87 root - INFO -  Hypothesis dg_000:float64,float64
[ 2023-04-29 12:16:27,870 ] 87 root - INFO -  Hypothesis dh_000:float64,float64
[ 2023-04-29 12:16:27,906 ] 87 root - INFO -  Hypothesis di_000:float64,float64
[ 2023-04-29 12:16:27,938 ] 87 root - INFO -  Hypothesis dj_000:float64,float64
[ 2023-04-29 12:16:27,966 ] 87 root - INFO -  Hypothesis dk_000:float64,float64
[ 2023-04-29 12:16:27,997 ] 87 root - INFO -  Hypothesis dl_000:float64,float64
[ 2023-04-29 12:16:28,033 ] 87 root - INFO -  Hypothesis dm_000:float64,float64
[ 2023-04-29 12:16:28,057 ] 87 root - INFO -  Hypothesis dn_000:float64,float64
[ 2023-04-29 12:16:28,068 ] 87 root - INFO -  Hypothesis do_000:float64,float64
[ 2023-04-29 12:16:28,082 ] 87 root - INFO -  Hypothesis dp_000:float64,float64
[ 2023-04-29 12:16:28,092 ] 87 root - INFO -  Hypothesis dq_000:float64,float64
[ 2023-04-29 12:16:28,121 ] 87 root - INFO -  Hypothesis dr_000:float64,float64
[ 2023-04-29 12:16:28,133 ] 87 root - INFO -  Hypothesis ds_000:float64,float64
[ 2023-04-29 12:16:28,143 ] 87 root - INFO -  Hypothesis dt_000:float64,float64
[ 2023-04-29 12:16:28,154 ] 87 root - INFO -  Hypothesis du_000:float64,float64
[ 2023-04-29 12:16:28,168 ] 87 root - INFO -  Hypothesis dv_000:float64,float64
[ 2023-04-29 12:16:28,179 ] 87 root - INFO -  Hypothesis dx_000:float64,float64
[ 2023-04-29 12:16:28,208 ] 87 root - INFO -  Hypothesis dy_000:float64,float64
[ 2023-04-29 12:16:28,216 ] 87 root - INFO -  Hypothesis dz_000:float64,float64
[ 2023-04-29 12:16:28,239 ] 87 root - INFO -  Hypothesis ea_000:float64,float64
[ 2023-04-29 12:16:28,266 ] 87 root - INFO -  Hypothesis eb_000:float64,float64
[ 2023-04-29 12:16:28,275 ] 87 root - INFO -  Hypothesis ec_00:float64,float64
[ 2023-04-29 12:16:28,290 ] 87 root - INFO -  Hypothesis ed_000:float64,float64
[ 2023-04-29 12:16:28,299 ] 87 root - INFO -  Hypothesis ee_000:float64,float64
[ 2023-04-29 12:16:28,318 ] 87 root - INFO -  Hypothesis ee_001:float64,float64
[ 2023-04-29 12:16:28,328 ] 87 root - INFO -  Hypothesis ee_002:float64,float64
[ 2023-04-29 12:16:28,338 ] 87 root - INFO -  Hypothesis ee_003:float64,float64
[ 2023-04-29 12:16:28,353 ] 87 root - INFO -  Hypothesis ee_004:float64,float64
[ 2023-04-29 12:16:28,363 ] 87 root - INFO -  Hypothesis ee_005:float64,float64
[ 2023-04-29 12:16:28,373 ] 87 root - INFO -  Hypothesis ee_006:float64,float64
[ 2023-04-29 12:16:28,383 ] 87 root - INFO -  Hypothesis ee_007:float64,float64
[ 2023-04-29 12:16:28,393 ] 87 root - INFO -  Hypothesis ee_008:float64,float64
[ 2023-04-29 12:16:28,407 ] 87 root - INFO -  Hypothesis ee_009:float64,float64
[ 2023-04-29 12:16:28,415 ] 87 root - INFO -  Hypothesis ef_000:float64,float64
[ 2023-04-29 12:16:28,443 ] 87 root - INFO -  Hypothesis eg_000:float64,float64
[ 2023-04-29 12:16:28,466 ] 152 root - INFO - writing report in yaml file
[ 2023-04-29 12:16:28,590 ] 157 root - INFO - Data validation artifact:DataValidationArtifact(report_file_path='/config/workspace/artifact/04292023__121547/data_validation/report.yaml') 
[ 2023-04-29 12:16:30,539 ] 62 root - INFO - Before resampling in Training set input :(28950, 170) Target:(28950,)
[ 2023-04-29 12:17:37,203 ] 64 root - INFO - After resampling in Training set input :(56236, 170) Target:(56236,)
[ 2023-04-29 12:17:37,204 ] 66 root - INFO - Before resampling in Testing set input :(7238, 170) Target:(7238,)
[ 2023-04-29 12:17:46,508 ] 68 root - INFO - After resampling in Testing set input :(56236, 170) Target:(56236,)
[ 2023-04-29 12:17:46,882 ] 54 root - INFO - Entered the save_object method of utils
[ 2023-04-29 12:17:46,888 ] 58 root - INFO - Exited the save_object method of utils
[ 2023-04-29 12:17:46,888 ] 54 root - INFO - Entered the save_object method of utils
[ 2023-04-29 12:17:46,889 ] 58 root - INFO - Exited the save_object method of utils
[ 2023-04-29 12:17:46,890 ] 92 root - INFO - Data transformation objectDataTransformationArtifact(transform_object_path='/config/workspace/artifact/04292023__121547/data_transformation/transformer/transform.pkl', transformed_train_path='/config/workspace/artifact/04292023__121547/data_transformation/transformed/train.npz', transformed_test_path='/config/workspace/artifact/04292023__121547/data_transformation/transformed/test.npz', target_encoder_path='/config/workspace/artifact/04292023__121547/data_transformation/target_encoder/target_encoder.pkl')
[ 2023-04-29 12:17:46,892 ] 33 root - INFO - Loading train and test array
[ 2023-04-29 12:17:46,970 ] 37 root - INFO - splitting target and input feature from  both train and tesy array
[ 2023-04-29 12:17:46,970 ] 41 root - INFO - Train the model
[ 2023-04-29 12:22:07,923 ] 44 root - INFO - calculating f1 train score
[ 2023-04-29 12:22:08,155 ] 48 root - INFO - calculating f1 test score
[ 2023-04-29 12:22:08,264 ] 52 root - INFO - train score: 1.0and test score 0.9852316115553634
[ 2023-04-29 12:22:08,264 ] 54 root - INFO - checking our model is underfitted or not
[ 2023-04-29 12:22:08,264 ] 58 root - INFO - checking our model is overfitted or not
[ 2023-04-29 12:22:08,264 ] 65 root - INFO - saving model object
[ 2023-04-29 12:22:08,264 ] 54 root - INFO - Entered the save_object method of utils
[ 2023-04-29 12:22:08,308 ] 58 root - INFO - Exited the save_object method of utils
[ 2023-04-29 12:22:08,308 ] 69 root - INFO - prepare the artifact
[ 2023-04-29 12:22:08,308 ] 72 root - INFO - model_trainer_artifact:ModelTrainerArtifact(model_path='/config/workspace/artifact/04292023__121547/model_trainer/model/model.pkl', f1_train_score=1.0, f1_test_score=0.9852316115553634)
