[ 2023-04-29 11:31:42,497 ] 15 root - INFO - >>>>>>>>>>>>>>>>>>>>>>>>>>>>>>>>>>>>>>>> Data Ingestion <<<<<<<<<<<<<<<<<<<<<<<<<<<<<<<<<<<<<<<<
[ 2023-04-29 11:31:42,497 ] 22 root - INFO - Exporting collection data as pandas dataframe
[ 2023-04-29 11:31:42,497 ] 21 root - INFO - Reading data from database:aps and collection sensor
[ 2023-04-29 11:31:46,813 ] 23 root - INFO - Found columns:Index(['_id', 'class', 'aa_000', 'ab_000', 'ac_000', 'ad_000', 'ae_000',
       'af_000', 'ag_000', 'ag_001',
       ...
       'ee_002', 'ee_003', 'ee_004', 'ee_005', 'ee_006', 'ee_007', 'ee_008',
       'ee_009', 'ef_000', 'eg_000'],
      dtype='object', length=172)
[ 2023-04-29 11:31:46,814 ] 25 root - INFO - dropping column :_id
[ 2023-04-29 11:31:47,043 ] 27 root - INFO - row and col in df:(36188, 171)
[ 2023-04-29 11:31:47,043 ] 28 root - INFO - Save data in feature store
[ 2023-04-29 11:31:48,556 ] 32 root - INFO - Create feature store folder if not available
[ 2023-04-29 11:31:48,556 ] 38 root - INFO - Save df to feature store folder
[ 2023-04-29 11:31:50,373 ] 42 root - INFO - split dataset into train and test set
[ 2023-04-29 11:31:50,780 ] 46 root - INFO - create dataset directory folder if not available
[ 2023-04-29 11:31:50,780 ] 51 root - INFO - Save df to feature store folder
[ 2023-04-29 11:31:52,716 ] 63 root - INFO - Data ingestion artifact: DataIngestionArtifact(feature_store_file_path='/config/workspace/artifact/04292023__113142/data_ingestion/feature_store/sensor.csv', train_file_path='/config/workspace/artifact/04292023__113142/data_ingestion/dataset/train.csv', test_file_path='/config/workspace/artifact/04292023__113142/data_ingestion/dataset/test.csv')
[ 2023-04-29 11:31:53,501 ] 18 root - INFO - >>>>>>>>>>>>>>>>>>>>>>>>>>>>>>>>>>>>>>>> Data Validation <<<<<<<<<<<<<<<<<<<<<<<<<<<<<<<<<<<<<<<<
[ 2023-04-29 11:31:53,501 ] 113 root - INFO - Reading base dataframe
[ 2023-04-29 11:31:55,715 ] 116 root - INFO - Replace na values in dataframe
[ 2023-04-29 11:31:55,715 ] 119 root - INFO - drop null values from base dataframe
[ 2023-04-29 11:31:55,934 ] 40 root - INFO - selecting column name which contains null above to 0.2
[ 2023-04-29 11:31:55,934 ] 43 root - INFO - columns to drop: ['ab_000', 'ad_000', 'bk_000', 'bl_000', 'bm_000', 'bn_000', 'bo_000', 'bp_000', 'bq_000', 'br_000', 'cf_000', 'cg_000', 'ch_000', 'co_000', 'cr_000', 'ct_000', 'cu_000', 'cv_000', 'cx_000', 'cy_000', 'cz_000', 'da_000', 'db_000', 'dc_000']
[ 2023-04-29 11:31:56,017 ] 122 root - INFO - Reading train dataframe
[ 2023-04-29 11:31:56,408 ] 124 root - INFO - Reading test dataframe
[ 2023-04-29 11:31:56,513 ] 127 root - INFO - drop null values from train dataframe
[ 2023-04-29 11:31:56,521 ] 40 root - INFO - selecting column name which contains null above to 0.2
[ 2023-04-29 11:31:56,522 ] 43 root - INFO - columns to drop: ['ab_000', 'ad_000', 'bk_000', 'bl_000', 'bm_000', 'bn_000', 'bo_000', 'bp_000', 'bq_000', 'br_000', 'cf_000', 'cg_000', 'ch_000', 'co_000', 'cr_000', 'ct_000', 'cu_000', 'cv_000', 'cx_000', 'cy_000', 'cz_000', 'da_000', 'db_000', 'dc_000']
[ 2023-04-29 11:31:56,535 ] 129 root - INFO - drop null values from test dataframe
[ 2023-04-29 11:31:56,539 ] 40 root - INFO - selecting column name which contains null above to 0.2
[ 2023-04-29 11:31:56,539 ] 43 root - INFO - columns to drop: ['ab_000', 'ad_000', 'bk_000', 'bl_000', 'bm_000', 'bn_000', 'bo_000', 'bp_000', 'bq_000', 'br_000', 'cf_000', 'cg_000', 'ch_000', 'co_000', 'cr_000', 'ct_000', 'cu_000', 'cv_000', 'cx_000', 'cy_000', 'cz_000', 'da_000', 'db_000', 'dc_000']
[ 2023-04-29 11:31:57,344 ] 139 root - INFO - is all required columns present in train df 
[ 2023-04-29 11:31:57,344 ] 141 root - INFO - is all required columns present in test df 
[ 2023-04-29 11:31:57,345 ] 145 root - INFO - as all column are available in train hence detecting data drift
[ 2023-04-29 11:31:57,345 ] 87 root - INFO -  Hypothesis class:object,object
[ 2023-04-29 11:31:57,481 ] 87 root - INFO -  Hypothesis aa_000:float64,float64
[ 2023-04-29 11:31:57,492 ] 87 root - INFO -  Hypothesis ac_000:float64,float64
[ 2023-04-29 11:31:57,534 ] 87 root - INFO -  Hypothesis ae_000:float64,float64
[ 2023-04-29 11:31:57,572 ] 87 root - INFO -  Hypothesis af_000:float64,float64
[ 2023-04-29 11:31:57,609 ] 87 root - INFO -  Hypothesis ag_000:float64,float64
[ 2023-04-29 11:31:57,645 ] 87 root - INFO -  Hypothesis ag_001:float64,float64
[ 2023-04-29 11:31:57,680 ] 87 root - INFO -  Hypothesis ag_002:float64,float64
[ 2023-04-29 11:31:57,717 ] 87 root - INFO -  Hypothesis ag_003:float64,float64
[ 2023-04-29 11:31:57,755 ] 87 root - INFO -  Hypothesis ag_004:float64,float64
[ 2023-04-29 11:31:57,765 ] 87 root - INFO -  Hypothesis ag_005:float64,float64
[ 2023-04-29 11:31:57,775 ] 87 root - INFO -  Hypothesis ag_006:float64,float64
[ 2023-04-29 11:31:57,786 ] 87 root - INFO -  Hypothesis ag_007:float64,float64
[ 2023-04-29 11:31:57,795 ] 87 root - INFO -  Hypothesis ag_008:float64,float64
[ 2023-04-29 11:31:57,835 ] 87 root - INFO -  Hypothesis ag_009:float64,float64
[ 2023-04-29 11:31:57,874 ] 87 root - INFO -  Hypothesis ah_000:float64,float64
[ 2023-04-29 11:31:57,884 ] 87 root - INFO -  Hypothesis ai_000:float64,float64
[ 2023-04-29 11:31:57,921 ] 87 root - INFO -  Hypothesis aj_000:float64,float64
[ 2023-04-29 11:31:57,960 ] 87 root - INFO -  Hypothesis ak_000:float64,float64
[ 2023-04-29 11:31:57,997 ] 87 root - INFO -  Hypothesis al_000:float64,float64
[ 2023-04-29 11:31:58,036 ] 87 root - INFO -  Hypothesis am_0:float64,float64
[ 2023-04-29 11:31:58,076 ] 87 root - INFO -  Hypothesis an_000:float64,float64
[ 2023-04-29 11:31:58,087 ] 87 root - INFO -  Hypothesis ao_000:float64,float64
[ 2023-04-29 11:31:58,098 ] 87 root - INFO -  Hypothesis ap_000:float64,float64
[ 2023-04-29 11:31:58,108 ] 87 root - INFO -  Hypothesis aq_000:float64,float64
[ 2023-04-29 11:31:58,119 ] 87 root - INFO -  Hypothesis ar_000:float64,float64
[ 2023-04-29 11:31:58,155 ] 87 root - INFO -  Hypothesis as_000:float64,float64
[ 2023-04-29 11:31:58,159 ] 87 root - INFO -  Hypothesis at_000:float64,float64
[ 2023-04-29 11:31:58,197 ] 87 root - INFO -  Hypothesis au_000:float64,float64
[ 2023-04-29 11:31:58,234 ] 87 root - INFO -  Hypothesis av_000:float64,float64
[ 2023-04-29 11:31:58,243 ] 87 root - INFO -  Hypothesis ax_000:float64,float64
[ 2023-04-29 11:31:58,284 ] 87 root - INFO -  Hypothesis ay_000:float64,float64
[ 2023-04-29 11:31:58,320 ] 87 root - INFO -  Hypothesis ay_001:float64,float64
[ 2023-04-29 11:31:58,356 ] 87 root - INFO -  Hypothesis ay_002:float64,float64
[ 2023-04-29 11:31:58,392 ] 87 root - INFO -  Hypothesis ay_003:float64,float64
[ 2023-04-29 11:31:58,436 ] 87 root - INFO -  Hypothesis ay_004:float64,float64
[ 2023-04-29 11:31:58,473 ] 87 root - INFO -  Hypothesis ay_005:float64,float64
[ 2023-04-29 11:31:58,514 ] 87 root - INFO -  Hypothesis ay_006:float64,float64
[ 2023-04-29 11:31:58,524 ] 87 root - INFO -  Hypothesis ay_007:float64,float64
[ 2023-04-29 11:31:58,534 ] 87 root - INFO -  Hypothesis ay_008:float64,float64
[ 2023-04-29 11:31:58,545 ] 87 root - INFO -  Hypothesis ay_009:float64,float64
[ 2023-04-29 11:31:58,581 ] 87 root - INFO -  Hypothesis az_000:float64,float64
[ 2023-04-29 11:31:58,591 ] 87 root - INFO -  Hypothesis az_001:float64,float64
[ 2023-04-29 11:31:58,600 ] 87 root - INFO -  Hypothesis az_002:float64,float64
[ 2023-04-29 11:31:58,610 ] 87 root - INFO -  Hypothesis az_003:float64,float64
[ 2023-04-29 11:31:58,619 ] 87 root - INFO -  Hypothesis az_004:float64,float64
[ 2023-04-29 11:31:58,630 ] 87 root - INFO -  Hypothesis az_005:float64,float64
[ 2023-04-29 11:31:58,640 ] 87 root - INFO -  Hypothesis az_006:float64,float64
[ 2023-04-29 11:31:58,649 ] 87 root - INFO -  Hypothesis az_007:float64,float64
[ 2023-04-29 11:31:58,687 ] 87 root - INFO -  Hypothesis az_008:float64,float64
[ 2023-04-29 11:31:58,724 ] 87 root - INFO -  Hypothesis az_009:float64,float64
[ 2023-04-29 11:31:58,761 ] 87 root - INFO -  Hypothesis ba_000:float64,float64
[ 2023-04-29 11:31:58,771 ] 87 root - INFO -  Hypothesis ba_001:float64,float64
[ 2023-04-29 11:31:58,782 ] 87 root - INFO -  Hypothesis ba_002:float64,float64
[ 2023-04-29 11:31:58,792 ] 87 root - INFO -  Hypothesis ba_003:float64,float64
[ 2023-04-29 11:31:58,802 ] 87 root - INFO -  Hypothesis ba_004:float64,float64
[ 2023-04-29 11:31:58,812 ] 87 root - INFO -  Hypothesis ba_005:float64,float64
[ 2023-04-29 11:31:58,823 ] 87 root - INFO -  Hypothesis ba_006:float64,float64
[ 2023-04-29 11:31:58,833 ] 87 root - INFO -  Hypothesis ba_007:float64,float64
[ 2023-04-29 11:31:58,875 ] 87 root - INFO -  Hypothesis ba_008:float64,float64
[ 2023-04-29 11:31:58,883 ] 87 root - INFO -  Hypothesis ba_009:float64,float64
[ 2023-04-29 11:31:58,890 ] 87 root - INFO -  Hypothesis bb_000:float64,float64
[ 2023-04-29 11:31:58,900 ] 87 root - INFO -  Hypothesis bc_000:float64,float64
[ 2023-04-29 11:31:58,939 ] 87 root - INFO -  Hypothesis bd_000:float64,float64
[ 2023-04-29 11:31:58,948 ] 87 root - INFO -  Hypothesis be_000:float64,float64
[ 2023-04-29 11:31:58,987 ] 87 root - INFO -  Hypothesis bf_000:float64,float64
[ 2023-04-29 11:31:59,027 ] 87 root - INFO -  Hypothesis bg_000:float64,float64
[ 2023-04-29 11:31:59,037 ] 87 root - INFO -  Hypothesis bh_000:float64,float64
[ 2023-04-29 11:31:59,048 ] 87 root - INFO -  Hypothesis bi_000:float64,float64
[ 2023-04-29 11:31:59,058 ] 87 root - INFO -  Hypothesis bj_000:float64,float64
[ 2023-04-29 11:31:59,069 ] 87 root - INFO -  Hypothesis bs_000:float64,float64
[ 2023-04-29 11:31:59,079 ] 87 root - INFO -  Hypothesis bt_000:float64,float64
[ 2023-04-29 11:31:59,090 ] 87 root - INFO -  Hypothesis bu_000:float64,float64
[ 2023-04-29 11:31:59,100 ] 87 root - INFO -  Hypothesis bv_000:float64,float64
[ 2023-04-29 11:31:59,110 ] 87 root - INFO -  Hypothesis bx_000:float64,float64
[ 2023-04-29 11:31:59,121 ] 87 root - INFO -  Hypothesis by_000:float64,float64
[ 2023-04-29 11:31:59,131 ] 87 root - INFO -  Hypothesis bz_000:float64,float64
[ 2023-04-29 11:31:59,140 ] 87 root - INFO -  Hypothesis ca_000:float64,float64
[ 2023-04-29 11:31:59,150 ] 87 root - INFO -  Hypothesis cb_000:float64,float64
[ 2023-04-29 11:31:59,161 ] 87 root - INFO -  Hypothesis cc_000:float64,float64
[ 2023-04-29 11:31:59,171 ] 87 root - INFO -  Hypothesis cd_000:float64,float64
[ 2023-04-29 11:31:59,207 ] 87 root - INFO -  Hypothesis ce_000:float64,float64
[ 2023-04-29 11:31:59,217 ] 87 root - INFO -  Hypothesis ci_000:float64,float64
[ 2023-04-29 11:31:59,227 ] 87 root - INFO -  Hypothesis cj_000:float64,float64
[ 2023-04-29 11:31:59,266 ] 87 root - INFO -  Hypothesis ck_000:float64,float64
[ 2023-04-29 11:31:59,277 ] 87 root - INFO -  Hypothesis cl_000:float64,float64
[ 2023-04-29 11:31:59,319 ] 87 root - INFO -  Hypothesis cm_000:float64,float64
[ 2023-04-29 11:31:59,359 ] 87 root - INFO -  Hypothesis cn_000:float64,float64
[ 2023-04-29 11:31:59,397 ] 87 root - INFO -  Hypothesis cn_001:float64,float64
[ 2023-04-29 11:31:59,437 ] 87 root - INFO -  Hypothesis cn_002:float64,float64
[ 2023-04-29 11:31:59,478 ] 87 root - INFO -  Hypothesis cn_003:float64,float64
[ 2023-04-29 11:31:59,489 ] 87 root - INFO -  Hypothesis cn_004:float64,float64
[ 2023-04-29 11:31:59,500 ] 87 root - INFO -  Hypothesis cn_005:float64,float64
[ 2023-04-29 11:31:59,510 ] 87 root - INFO -  Hypothesis cn_006:float64,float64
[ 2023-04-29 11:31:59,520 ] 87 root - INFO -  Hypothesis cn_007:float64,float64
[ 2023-04-29 11:31:59,530 ] 87 root - INFO -  Hypothesis cn_008:float64,float64
[ 2023-04-29 11:31:59,540 ] 87 root - INFO -  Hypothesis cn_009:float64,float64
[ 2023-04-29 11:31:59,580 ] 87 root - INFO -  Hypothesis cp_000:float64,float64
[ 2023-04-29 11:31:59,620 ] 87 root - INFO -  Hypothesis cq_000:float64,float64
[ 2023-04-29 11:31:59,631 ] 87 root - INFO -  Hypothesis cs_000:float64,float64
[ 2023-04-29 11:31:59,641 ] 87 root - INFO -  Hypothesis cs_001:float64,float64
[ 2023-04-29 11:31:59,649 ] 87 root - INFO -  Hypothesis cs_002:float64,float64
[ 2023-04-29 11:31:59,694 ] 87 root - INFO -  Hypothesis cs_003:float64,float64
[ 2023-04-29 11:31:59,704 ] 87 root - INFO -  Hypothesis cs_004:float64,float64
[ 2023-04-29 11:31:59,714 ] 87 root - INFO -  Hypothesis cs_005:float64,float64
[ 2023-04-29 11:31:59,725 ] 87 root - INFO -  Hypothesis cs_006:float64,float64
[ 2023-04-29 11:31:59,735 ] 87 root - INFO -  Hypothesis cs_007:float64,float64
[ 2023-04-29 11:31:59,778 ] 87 root - INFO -  Hypothesis cs_008:float64,float64
[ 2023-04-29 11:31:59,786 ] 87 root - INFO -  Hypothesis cs_009:float64,float64
[ 2023-04-29 11:31:59,822 ] 87 root - INFO -  Hypothesis dd_000:float64,float64
[ 2023-04-29 11:31:59,831 ] 87 root - INFO -  Hypothesis de_000:float64,float64
[ 2023-04-29 11:31:59,839 ] 87 root - INFO -  Hypothesis df_000:float64,float64
[ 2023-04-29 11:31:59,875 ] 87 root - INFO -  Hypothesis dg_000:float64,float64
[ 2023-04-29 11:31:59,912 ] 87 root - INFO -  Hypothesis dh_000:float64,float64
[ 2023-04-29 11:31:59,950 ] 87 root - INFO -  Hypothesis di_000:float64,float64
[ 2023-04-29 11:31:59,988 ] 87 root - INFO -  Hypothesis dj_000:float64,float64
[ 2023-04-29 11:32:00,026 ] 87 root - INFO -  Hypothesis dk_000:float64,float64
[ 2023-04-29 11:32:00,062 ] 87 root - INFO -  Hypothesis dl_000:float64,float64
[ 2023-04-29 11:32:00,099 ] 87 root - INFO -  Hypothesis dm_000:float64,float64
[ 2023-04-29 11:32:00,135 ] 87 root - INFO -  Hypothesis dn_000:float64,float64
[ 2023-04-29 11:32:00,145 ] 87 root - INFO -  Hypothesis do_000:float64,float64
[ 2023-04-29 11:32:00,155 ] 87 root - INFO -  Hypothesis dp_000:float64,float64
[ 2023-04-29 11:32:00,164 ] 87 root - INFO -  Hypothesis dq_000:float64,float64
[ 2023-04-29 11:32:00,203 ] 87 root - INFO -  Hypothesis dr_000:float64,float64
[ 2023-04-29 11:32:00,243 ] 87 root - INFO -  Hypothesis ds_000:float64,float64
[ 2023-04-29 11:32:00,253 ] 87 root - INFO -  Hypothesis dt_000:float64,float64
[ 2023-04-29 11:32:00,263 ] 87 root - INFO -  Hypothesis du_000:float64,float64
[ 2023-04-29 11:32:00,273 ] 87 root - INFO -  Hypothesis dv_000:float64,float64
[ 2023-04-29 11:32:00,283 ] 87 root - INFO -  Hypothesis dx_000:float64,float64
[ 2023-04-29 11:32:00,290 ] 87 root - INFO -  Hypothesis dy_000:float64,float64
[ 2023-04-29 11:32:00,297 ] 87 root - INFO -  Hypothesis dz_000:float64,float64
[ 2023-04-29 11:32:00,334 ] 87 root - INFO -  Hypothesis ea_000:float64,float64
[ 2023-04-29 11:32:00,371 ] 87 root - INFO -  Hypothesis eb_000:float64,float64
[ 2023-04-29 11:32:00,415 ] 87 root - INFO -  Hypothesis ec_00:float64,float64
[ 2023-04-29 11:32:00,425 ] 87 root - INFO -  Hypothesis ed_000:float64,float64
[ 2023-04-29 11:32:00,434 ] 87 root - INFO -  Hypothesis ee_000:float64,float64
[ 2023-04-29 11:32:00,446 ] 87 root - INFO -  Hypothesis ee_001:float64,float64
[ 2023-04-29 11:32:00,456 ] 87 root - INFO -  Hypothesis ee_002:float64,float64
[ 2023-04-29 11:32:00,467 ] 87 root - INFO -  Hypothesis ee_003:float64,float64
[ 2023-04-29 11:32:00,478 ] 87 root - INFO -  Hypothesis ee_004:float64,float64
[ 2023-04-29 11:32:00,488 ] 87 root - INFO -  Hypothesis ee_005:float64,float64
[ 2023-04-29 11:32:00,498 ] 87 root - INFO -  Hypothesis ee_006:float64,float64
[ 2023-04-29 11:32:00,508 ] 87 root - INFO -  Hypothesis ee_007:float64,float64
[ 2023-04-29 11:32:00,518 ] 87 root - INFO -  Hypothesis ee_008:float64,float64
[ 2023-04-29 11:32:00,527 ] 87 root - INFO -  Hypothesis ee_009:float64,float64
[ 2023-04-29 11:32:00,568 ] 87 root - INFO -  Hypothesis ef_000:float64,float64
[ 2023-04-29 11:32:00,605 ] 87 root - INFO -  Hypothesis eg_000:float64,float64
[ 2023-04-29 11:32:00,641 ] 148 root - INFO - as all column are available in test hence detecting data drift
[ 2023-04-29 11:32:00,641 ] 87 root - INFO -  Hypothesis class:object,object
[ 2023-04-29 11:32:00,716 ] 87 root - INFO -  Hypothesis aa_000:float64,float64
[ 2023-04-29 11:32:00,722 ] 87 root - INFO -  Hypothesis ac_000:float64,float64
[ 2023-04-29 11:32:00,728 ] 87 root - INFO -  Hypothesis ae_000:float64,float64
[ 2023-04-29 11:32:00,731 ] 87 root - INFO -  Hypothesis af_000:float64,float64
[ 2023-04-29 11:32:00,734 ] 87 root - INFO -  Hypothesis ag_000:float64,float64
[ 2023-04-29 11:32:00,750 ] 87 root - INFO -  Hypothesis ag_001:float64,float64
[ 2023-04-29 11:32:00,765 ] 87 root - INFO -  Hypothesis ag_002:float64,float64
[ 2023-04-29 11:32:00,768 ] 87 root - INFO -  Hypothesis ag_003:float64,float64
[ 2023-04-29 11:32:00,784 ] 87 root - INFO -  Hypothesis ag_004:float64,float64
[ 2023-04-29 11:32:00,791 ] 87 root - INFO -  Hypothesis ag_005:float64,float64
[ 2023-04-29 11:32:00,798 ] 87 root - INFO -  Hypothesis ag_006:float64,float64
[ 2023-04-29 11:32:00,805 ] 87 root - INFO -  Hypothesis ag_007:float64,float64
[ 2023-04-29 11:32:00,811 ] 87 root - INFO -  Hypothesis ag_008:float64,float64
[ 2023-04-29 11:32:00,817 ] 87 root - INFO -  Hypothesis ag_009:float64,float64
[ 2023-04-29 11:32:00,822 ] 87 root - INFO -  Hypothesis ah_000:float64,float64
[ 2023-04-29 11:32:00,829 ] 87 root - INFO -  Hypothesis ai_000:float64,float64
[ 2023-04-29 11:32:00,833 ] 87 root - INFO -  Hypothesis aj_000:float64,float64
[ 2023-04-29 11:32:00,837 ] 87 root - INFO -  Hypothesis ak_000:float64,float64
[ 2023-04-29 11:32:00,852 ] 87 root - INFO -  Hypothesis al_000:float64,float64
[ 2023-04-29 11:32:00,857 ] 87 root - INFO -  Hypothesis am_0:float64,float64
[ 2023-04-29 11:32:00,862 ] 87 root - INFO -  Hypothesis an_000:float64,float64
[ 2023-04-29 11:32:00,869 ] 87 root - INFO -  Hypothesis ao_000:float64,float64
[ 2023-04-29 11:32:00,876 ] 87 root - INFO -  Hypothesis ap_000:float64,float64
[ 2023-04-29 11:32:00,883 ] 87 root - INFO -  Hypothesis aq_000:float64,float64
[ 2023-04-29 11:32:00,890 ] 87 root - INFO -  Hypothesis ar_000:float64,float64
[ 2023-04-29 11:32:00,905 ] 87 root - INFO -  Hypothesis as_000:float64,float64
[ 2023-04-29 11:32:00,908 ] 87 root - INFO -  Hypothesis at_000:float64,float64
[ 2023-04-29 11:32:00,924 ] 87 root - INFO -  Hypothesis au_000:float64,float64
[ 2023-04-29 11:32:00,939 ] 87 root - INFO -  Hypothesis av_000:float64,float64
[ 2023-04-29 11:32:00,945 ] 87 root - INFO -  Hypothesis ax_000:float64,float64
[ 2023-04-29 11:32:00,950 ] 87 root - INFO -  Hypothesis ay_000:float64,float64
[ 2023-04-29 11:32:00,965 ] 87 root - INFO -  Hypothesis ay_001:float64,float64
[ 2023-04-29 11:32:00,981 ] 87 root - INFO -  Hypothesis ay_002:float64,float64
[ 2023-04-29 11:32:00,996 ] 87 root - INFO -  Hypothesis ay_003:float64,float64
[ 2023-04-29 11:32:01,011 ] 87 root - INFO -  Hypothesis ay_004:float64,float64
[ 2023-04-29 11:32:01,015 ] 87 root - INFO -  Hypothesis ay_005:float64,float64
[ 2023-04-29 11:32:01,020 ] 87 root - INFO -  Hypothesis ay_006:float64,float64
[ 2023-04-29 11:32:01,026 ] 87 root - INFO -  Hypothesis ay_007:float64,float64
[ 2023-04-29 11:32:01,033 ] 87 root - INFO -  Hypothesis ay_008:float64,float64
[ 2023-04-29 11:32:01,039 ] 87 root - INFO -  Hypothesis ay_009:float64,float64
[ 2023-04-29 11:32:01,054 ] 87 root - INFO -  Hypothesis az_000:float64,float64
[ 2023-04-29 11:32:01,061 ] 87 root - INFO -  Hypothesis az_001:float64,float64
[ 2023-04-29 11:32:01,067 ] 87 root - INFO -  Hypothesis az_002:float64,float64
[ 2023-04-29 11:32:01,073 ] 87 root - INFO -  Hypothesis az_003:float64,float64
[ 2023-04-29 11:32:01,080 ] 87 root - INFO -  Hypothesis az_004:float64,float64
[ 2023-04-29 11:32:01,087 ] 87 root - INFO -  Hypothesis az_005:float64,float64
[ 2023-04-29 11:32:01,094 ] 87 root - INFO -  Hypothesis az_006:float64,float64
[ 2023-04-29 11:32:01,100 ] 87 root - INFO -  Hypothesis az_007:float64,float64
[ 2023-04-29 11:32:01,104 ] 87 root - INFO -  Hypothesis az_008:float64,float64
[ 2023-04-29 11:32:01,108 ] 87 root - INFO -  Hypothesis az_009:float64,float64
[ 2023-04-29 11:32:01,123 ] 87 root - INFO -  Hypothesis ba_000:float64,float64
[ 2023-04-29 11:32:01,130 ] 87 root - INFO -  Hypothesis ba_001:float64,float64
[ 2023-04-29 11:32:01,137 ] 87 root - INFO -  Hypothesis ba_002:float64,float64
[ 2023-04-29 11:32:01,144 ] 87 root - INFO -  Hypothesis ba_003:float64,float64
[ 2023-04-29 11:32:01,151 ] 87 root - INFO -  Hypothesis ba_004:float64,float64
[ 2023-04-29 11:32:01,158 ] 87 root - INFO -  Hypothesis ba_005:float64,float64
[ 2023-04-29 11:32:01,164 ] 87 root - INFO -  Hypothesis ba_006:float64,float64
[ 2023-04-29 11:32:01,171 ] 87 root - INFO -  Hypothesis ba_007:float64,float64
[ 2023-04-29 11:32:01,177 ] 87 root - INFO -  Hypothesis ba_008:float64,float64
[ 2023-04-29 11:32:01,183 ] 87 root - INFO -  Hypothesis ba_009:float64,float64
[ 2023-04-29 11:32:01,187 ] 87 root - INFO -  Hypothesis bb_000:float64,float64
[ 2023-04-29 11:32:01,194 ] 87 root - INFO -  Hypothesis bc_000:float64,float64
[ 2023-04-29 11:32:01,199 ] 87 root - INFO -  Hypothesis bd_000:float64,float64
[ 2023-04-29 11:32:01,205 ] 87 root - INFO -  Hypothesis be_000:float64,float64
[ 2023-04-29 11:32:01,211 ] 87 root - INFO -  Hypothesis bf_000:float64,float64
[ 2023-04-29 11:32:01,215 ] 87 root - INFO -  Hypothesis bg_000:float64,float64
[ 2023-04-29 11:32:01,222 ] 87 root - INFO -  Hypothesis bh_000:float64,float64
[ 2023-04-29 11:32:01,229 ] 87 root - INFO -  Hypothesis bi_000:float64,float64
[ 2023-04-29 11:32:01,236 ] 87 root - INFO -  Hypothesis bj_000:float64,float64
[ 2023-04-29 11:32:01,244 ] 87 root - INFO -  Hypothesis bs_000:float64,float64
[ 2023-04-29 11:32:01,251 ] 87 root - INFO -  Hypothesis bt_000:float64,float64
[ 2023-04-29 11:32:01,258 ] 87 root - INFO -  Hypothesis bu_000:float64,float64
[ 2023-04-29 11:32:01,264 ] 87 root - INFO -  Hypothesis bv_000:float64,float64
[ 2023-04-29 11:32:01,273 ] 87 root - INFO -  Hypothesis bx_000:float64,float64
[ 2023-04-29 11:32:01,280 ] 87 root - INFO -  Hypothesis by_000:float64,float64
[ 2023-04-29 11:32:01,287 ] 87 root - INFO -  Hypothesis bz_000:float64,float64
[ 2023-04-29 11:32:01,293 ] 87 root - INFO -  Hypothesis ca_000:float64,float64
[ 2023-04-29 11:32:01,300 ] 87 root - INFO -  Hypothesis cb_000:float64,float64
[ 2023-04-29 11:32:01,307 ] 87 root - INFO -  Hypothesis cc_000:float64,float64
[ 2023-04-29 11:32:01,314 ] 87 root - INFO -  Hypothesis cd_000:float64,float64
[ 2023-04-29 11:32:01,329 ] 87 root - INFO -  Hypothesis ce_000:float64,float64
[ 2023-04-29 11:32:01,336 ] 87 root - INFO -  Hypothesis ci_000:float64,float64
[ 2023-04-29 11:32:01,343 ] 87 root - INFO -  Hypothesis cj_000:float64,float64
[ 2023-04-29 11:32:01,347 ] 87 root - INFO -  Hypothesis ck_000:float64,float64
[ 2023-04-29 11:32:01,354 ] 87 root - INFO -  Hypothesis cl_000:float64,float64
[ 2023-04-29 11:32:01,371 ] 87 root - INFO -  Hypothesis cm_000:float64,float64
[ 2023-04-29 11:32:01,378 ] 87 root - INFO -  Hypothesis cn_000:float64,float64
[ 2023-04-29 11:32:01,393 ] 87 root - INFO -  Hypothesis cn_001:float64,float64
[ 2023-04-29 11:32:01,397 ] 87 root - INFO -  Hypothesis cn_002:float64,float64
[ 2023-04-29 11:32:01,402 ] 87 root - INFO -  Hypothesis cn_003:float64,float64
[ 2023-04-29 11:32:01,409 ] 87 root - INFO -  Hypothesis cn_004:float64,float64
[ 2023-04-29 11:32:01,416 ] 87 root - INFO -  Hypothesis cn_005:float64,float64
[ 2023-04-29 11:32:01,423 ] 87 root - INFO -  Hypothesis cn_006:float64,float64
[ 2023-04-29 11:32:01,430 ] 87 root - INFO -  Hypothesis cn_007:float64,float64
[ 2023-04-29 11:32:01,437 ] 87 root - INFO -  Hypothesis cn_008:float64,float64
[ 2023-04-29 11:32:01,443 ] 87 root - INFO -  Hypothesis cn_009:float64,float64
[ 2023-04-29 11:32:01,448 ] 87 root - INFO -  Hypothesis cp_000:float64,float64
[ 2023-04-29 11:32:01,453 ] 87 root - INFO -  Hypothesis cq_000:float64,float64
[ 2023-04-29 11:32:01,460 ] 87 root - INFO -  Hypothesis cs_000:float64,float64
[ 2023-04-29 11:32:01,467 ] 87 root - INFO -  Hypothesis cs_001:float64,float64
[ 2023-04-29 11:32:01,473 ] 87 root - INFO -  Hypothesis cs_002:float64,float64
[ 2023-04-29 11:32:01,479 ] 87 root - INFO -  Hypothesis cs_003:float64,float64
[ 2023-04-29 11:32:01,486 ] 87 root - INFO -  Hypothesis cs_004:float64,float64
[ 2023-04-29 11:32:01,493 ] 87 root - INFO -  Hypothesis cs_005:float64,float64
[ 2023-04-29 11:32:01,500 ] 87 root - INFO -  Hypothesis cs_006:float64,float64
[ 2023-04-29 11:32:01,507 ] 87 root - INFO -  Hypothesis cs_007:float64,float64
[ 2023-04-29 11:32:01,514 ] 87 root - INFO -  Hypothesis cs_008:float64,float64
[ 2023-04-29 11:32:01,519 ] 87 root - INFO -  Hypothesis cs_009:float64,float64
[ 2023-04-29 11:32:01,536 ] 87 root - INFO -  Hypothesis dd_000:float64,float64
[ 2023-04-29 11:32:01,543 ] 87 root - INFO -  Hypothesis de_000:float64,float64
[ 2023-04-29 11:32:01,549 ] 87 root - INFO -  Hypothesis df_000:float64,float64
[ 2023-04-29 11:32:01,566 ] 87 root - INFO -  Hypothesis dg_000:float64,float64
[ 2023-04-29 11:32:01,582 ] 87 root - INFO -  Hypothesis dh_000:float64,float64
[ 2023-04-29 11:32:01,585 ] 87 root - INFO -  Hypothesis di_000:float64,float64
[ 2023-04-29 11:32:01,589 ] 87 root - INFO -  Hypothesis dj_000:float64,float64
[ 2023-04-29 11:32:01,605 ] 87 root - INFO -  Hypothesis dk_000:float64,float64
[ 2023-04-29 11:32:01,620 ] 87 root - INFO -  Hypothesis dl_000:float64,float64
[ 2023-04-29 11:32:01,635 ] 87 root - INFO -  Hypothesis dm_000:float64,float64
[ 2023-04-29 11:32:01,650 ] 87 root - INFO -  Hypothesis dn_000:float64,float64
[ 2023-04-29 11:32:01,657 ] 87 root - INFO -  Hypothesis do_000:float64,float64
[ 2023-04-29 11:32:01,663 ] 87 root - INFO -  Hypothesis dp_000:float64,float64
[ 2023-04-29 11:32:01,669 ] 87 root - INFO -  Hypothesis dq_000:float64,float64
[ 2023-04-29 11:32:01,686 ] 87 root - INFO -  Hypothesis dr_000:float64,float64
[ 2023-04-29 11:32:01,690 ] 87 root - INFO -  Hypothesis ds_000:float64,float64
[ 2023-04-29 11:32:01,697 ] 87 root - INFO -  Hypothesis dt_000:float64,float64
[ 2023-04-29 11:32:01,704 ] 87 root - INFO -  Hypothesis du_000:float64,float64
[ 2023-04-29 11:32:01,711 ] 87 root - INFO -  Hypothesis dv_000:float64,float64
[ 2023-04-29 11:32:01,717 ] 87 root - INFO -  Hypothesis dx_000:float64,float64
[ 2023-04-29 11:32:01,722 ] 87 root - INFO -  Hypothesis dy_000:float64,float64
[ 2023-04-29 11:32:01,727 ] 87 root - INFO -  Hypothesis dz_000:float64,float64
[ 2023-04-29 11:32:01,742 ] 87 root - INFO -  Hypothesis ea_000:float64,float64
[ 2023-04-29 11:32:01,757 ] 87 root - INFO -  Hypothesis eb_000:float64,float64
[ 2023-04-29 11:32:01,763 ] 87 root - INFO -  Hypothesis ec_00:float64,float64
[ 2023-04-29 11:32:01,770 ] 87 root - INFO -  Hypothesis ed_000:float64,float64
[ 2023-04-29 11:32:01,776 ] 87 root - INFO -  Hypothesis ee_000:float64,float64
[ 2023-04-29 11:32:01,783 ] 87 root - INFO -  Hypothesis ee_001:float64,float64
[ 2023-04-29 11:32:01,790 ] 87 root - INFO -  Hypothesis ee_002:float64,float64
[ 2023-04-29 11:32:01,797 ] 87 root - INFO -  Hypothesis ee_003:float64,float64
[ 2023-04-29 11:32:01,804 ] 87 root - INFO -  Hypothesis ee_004:float64,float64
[ 2023-04-29 11:32:01,810 ] 87 root - INFO -  Hypothesis ee_005:float64,float64
[ 2023-04-29 11:32:01,817 ] 87 root - INFO -  Hypothesis ee_006:float64,float64
[ 2023-04-29 11:32:01,824 ] 87 root - INFO -  Hypothesis ee_007:float64,float64
[ 2023-04-29 11:32:01,830 ] 87 root - INFO -  Hypothesis ee_008:float64,float64
[ 2023-04-29 11:32:01,836 ] 87 root - INFO -  Hypothesis ee_009:float64,float64
[ 2023-04-29 11:32:01,842 ] 87 root - INFO -  Hypothesis ef_000:float64,float64
[ 2023-04-29 11:32:01,857 ] 87 root - INFO -  Hypothesis eg_000:float64,float64
[ 2023-04-29 11:32:01,872 ] 152 root - INFO - writing report in yaml file
[ 2023-04-29 11:32:01,941 ] 157 root - INFO - Data validation artifact:DataValidationArtifact(report_file_path='/config/workspace/artifact/04292023__113142/data_validation/report.yaml') 
[ 2023-04-29 11:32:02,936 ] 62 root - INFO - Before resampling in Training set input :(28950, 170) Target:(28950,)
[ 2023-04-29 11:32:08,104 ] 64 root - INFO - After resampling in Training set input :(56200, 170) Target:(56200,)
[ 2023-04-29 11:32:08,104 ] 66 root - INFO - Before resampling in Testing set input :(7238, 170) Target:(7238,)
[ 2023-04-29 11:32:08,664 ] 68 root - INFO - After resampling in Testing set input :(56200, 170) Target:(56200,)
[ 2023-04-29 11:32:08,774 ] 54 root - INFO - Entered the save_object method of utils
[ 2023-04-29 11:32:08,777 ] 58 root - INFO - Exited the save_object method of utils
[ 2023-04-29 11:32:08,777 ] 54 root - INFO - Entered the save_object method of utils
[ 2023-04-29 11:32:08,778 ] 58 root - INFO - Exited the save_object method of utils
[ 2023-04-29 11:32:08,778 ] 92 root - INFO - Data transformation objectDataTransformationArtifact(transform_object_path='/config/workspace/artifact/04292023__113142/data_transformation/transformer/transform.pkl', transformed_train_path='/config/workspace/artifact/04292023__113142/data_transformation/transformed/train.npz', transformed_test_path='/config/workspace/artifact/04292023__113142/data_transformation/transformed/test.npz', target_encoder_path='/config/workspace/artifact/04292023__113142/data_transformation/target_encoder/target_encoder.pkl')
[ 2023-04-29 11:32:08,779 ] 33 root - INFO - Loading train and test array
[ 2023-04-29 11:32:08,809 ] 37 root - INFO - splitting target and input feature from  both train and tesy array
[ 2023-04-29 11:32:08,810 ] 41 root - INFO - Train the model
