[ 2023-04-29 11:06:30,684 ] 15 root - INFO - >>>>>>>>>>>>>>>>>>>>>>>>>>>>>>>>>>>>>>>> Data Ingestion <<<<<<<<<<<<<<<<<<<<<<<<<<<<<<<<<<<<<<<<
[ 2023-04-29 11:06:30,684 ] 22 root - INFO - Exporting collection data as pandas dataframe
[ 2023-04-29 11:06:30,684 ] 21 root - INFO - Reading data from database:aps and collection sensor
[ 2023-04-29 11:06:34,157 ] 23 root - INFO - Found columns:Index(['_id', 'class', 'aa_000', 'ab_000', 'ac_000', 'ad_000', 'ae_000',
       'af_000', 'ag_000', 'ag_001',
       ...
       'ee_002', 'ee_003', 'ee_004', 'ee_005', 'ee_006', 'ee_007', 'ee_008',
       'ee_009', 'ef_000', 'eg_000'],
      dtype='object', length=172)
[ 2023-04-29 11:06:34,158 ] 25 root - INFO - dropping column :_id
[ 2023-04-29 11:06:34,350 ] 27 root - INFO - row and col in df:(36188, 171)
[ 2023-04-29 11:06:34,350 ] 28 root - INFO - Save data in feature store
[ 2023-04-29 11:06:35,687 ] 32 root - INFO - Create feature store folder if not available
[ 2023-04-29 11:06:35,688 ] 38 root - INFO - Save df to feature store folder
[ 2023-04-29 11:06:37,399 ] 42 root - INFO - split dataset into train and test set
[ 2023-04-29 11:06:37,703 ] 46 root - INFO - create dataset directory folder if not available
[ 2023-04-29 11:06:37,704 ] 51 root - INFO - Save df to feature store folder
[ 2023-04-29 11:06:39,559 ] 63 root - INFO - Data ingestion artifact: DataIngestionArtifact(feature_store_file_path='/config/workspace/artifact/04292023__110630/data_ingestion/feature_store/sensor.csv', train_file_path='/config/workspace/artifact/04292023__110630/data_ingestion/dataset/train.csv', test_file_path='/config/workspace/artifact/04292023__110630/data_ingestion/dataset/test.csv')
[ 2023-04-29 11:06:39,937 ] 18 root - INFO - >>>>>>>>>>>>>>>>>>>>>>>>>>>>>>>>>>>>>>>> Data Validation <<<<<<<<<<<<<<<<<<<<<<<<<<<<<<<<<<<<<<<<
[ 2023-04-29 11:06:39,937 ] 113 root - INFO - Reading base dataframe
[ 2023-04-29 11:06:42,179 ] 116 root - INFO - Replace na values in dataframe
[ 2023-04-29 11:06:42,180 ] 119 root - INFO - drop null values from base dataframe
[ 2023-04-29 11:06:42,407 ] 40 root - INFO - selecting column name which contains null above to 0.2
[ 2023-04-29 11:06:42,408 ] 43 root - INFO - columns to drop: ['ab_000', 'ad_000', 'bk_000', 'bl_000', 'bm_000', 'bn_000', 'bo_000', 'bp_000', 'bq_000', 'br_000', 'cf_000', 'cg_000', 'ch_000', 'co_000', 'cr_000', 'ct_000', 'cu_000', 'cv_000', 'cx_000', 'cy_000', 'cz_000', 'da_000', 'db_000', 'dc_000']
[ 2023-04-29 11:06:42,496 ] 122 root - INFO - Reading train dataframe
[ 2023-04-29 11:06:42,872 ] 124 root - INFO - Reading test dataframe
[ 2023-04-29 11:06:42,971 ] 127 root - INFO - drop null values from train dataframe
[ 2023-04-29 11:06:42,979 ] 40 root - INFO - selecting column name which contains null above to 0.2
[ 2023-04-29 11:06:42,979 ] 43 root - INFO - columns to drop: ['ab_000', 'ad_000', 'bk_000', 'bl_000', 'bm_000', 'bn_000', 'bo_000', 'bp_000', 'bq_000', 'br_000', 'cf_000', 'cg_000', 'ch_000', 'co_000', 'cr_000', 'ct_000', 'cu_000', 'cv_000', 'cx_000', 'cy_000', 'cz_000', 'da_000', 'db_000', 'dc_000']
[ 2023-04-29 11:06:42,992 ] 129 root - INFO - drop null values from test dataframe
[ 2023-04-29 11:06:42,995 ] 40 root - INFO - selecting column name which contains null above to 0.2
[ 2023-04-29 11:06:42,996 ] 43 root - INFO - columns to drop: ['ab_000', 'ad_000', 'bk_000', 'bl_000', 'bm_000', 'bn_000', 'bo_000', 'bp_000', 'bq_000', 'br_000', 'cf_000', 'cg_000', 'ch_000', 'co_000', 'cr_000', 'ct_000', 'cu_000', 'cv_000', 'cx_000', 'cy_000', 'cz_000', 'da_000', 'db_000', 'dc_000']
[ 2023-04-29 11:06:43,789 ] 139 root - INFO - is all required columns present in train df 
[ 2023-04-29 11:06:43,789 ] 141 root - INFO - is all required columns present in test df 
[ 2023-04-29 11:06:43,789 ] 145 root - INFO - as all column are available in train hence detecting data drift
[ 2023-04-29 11:06:43,789 ] 87 root - INFO -  Hypothesis class:object,object
[ 2023-04-29 11:06:43,924 ] 87 root - INFO -  Hypothesis aa_000:float64,float64
[ 2023-04-29 11:06:43,935 ] 87 root - INFO -  Hypothesis ac_000:float64,float64
[ 2023-04-29 11:06:43,943 ] 87 root - INFO -  Hypothesis ae_000:float64,float64
[ 2023-04-29 11:06:43,979 ] 87 root - INFO -  Hypothesis af_000:float64,float64
[ 2023-04-29 11:06:44,015 ] 87 root - INFO -  Hypothesis ag_000:float64,float64
[ 2023-04-29 11:06:44,051 ] 87 root - INFO -  Hypothesis ag_001:float64,float64
[ 2023-04-29 11:06:44,088 ] 87 root - INFO -  Hypothesis ag_002:float64,float64
[ 2023-04-29 11:06:44,125 ] 87 root - INFO -  Hypothesis ag_003:float64,float64
[ 2023-04-29 11:06:44,163 ] 87 root - INFO -  Hypothesis ag_004:float64,float64
[ 2023-04-29 11:06:44,173 ] 87 root - INFO -  Hypothesis ag_005:float64,float64
[ 2023-04-29 11:06:44,183 ] 87 root - INFO -  Hypothesis ag_006:float64,float64
[ 2023-04-29 11:06:44,194 ] 87 root - INFO -  Hypothesis ag_007:float64,float64
[ 2023-04-29 11:06:44,203 ] 87 root - INFO -  Hypothesis ag_008:float64,float64
[ 2023-04-29 11:06:44,244 ] 87 root - INFO -  Hypothesis ag_009:float64,float64
[ 2023-04-29 11:06:44,283 ] 87 root - INFO -  Hypothesis ah_000:float64,float64
[ 2023-04-29 11:06:44,294 ] 87 root - INFO -  Hypothesis ai_000:float64,float64
[ 2023-04-29 11:06:44,331 ] 87 root - INFO -  Hypothesis aj_000:float64,float64
[ 2023-04-29 11:06:44,338 ] 87 root - INFO -  Hypothesis ak_000:float64,float64
[ 2023-04-29 11:06:44,377 ] 87 root - INFO -  Hypothesis al_000:float64,float64
[ 2023-04-29 11:06:44,416 ] 87 root - INFO -  Hypothesis am_0:float64,float64
[ 2023-04-29 11:06:44,457 ] 87 root - INFO -  Hypothesis an_000:float64,float64
[ 2023-04-29 11:06:44,468 ] 87 root - INFO -  Hypothesis ao_000:float64,float64
[ 2023-04-29 11:06:44,478 ] 87 root - INFO -  Hypothesis ap_000:float64,float64
[ 2023-04-29 11:06:44,489 ] 87 root - INFO -  Hypothesis aq_000:float64,float64
[ 2023-04-29 11:06:44,499 ] 87 root - INFO -  Hypothesis ar_000:float64,float64
[ 2023-04-29 11:06:44,536 ] 87 root - INFO -  Hypothesis as_000:float64,float64
[ 2023-04-29 11:06:44,573 ] 87 root - INFO -  Hypothesis at_000:float64,float64
[ 2023-04-29 11:06:44,611 ] 87 root - INFO -  Hypothesis au_000:float64,float64
[ 2023-04-29 11:06:44,647 ] 87 root - INFO -  Hypothesis av_000:float64,float64
[ 2023-04-29 11:06:44,687 ] 87 root - INFO -  Hypothesis ax_000:float64,float64
[ 2023-04-29 11:06:44,696 ] 87 root - INFO -  Hypothesis ay_000:float64,float64
[ 2023-04-29 11:06:44,733 ] 87 root - INFO -  Hypothesis ay_001:float64,float64
[ 2023-04-29 11:06:44,769 ] 87 root - INFO -  Hypothesis ay_002:float64,float64
[ 2023-04-29 11:06:44,805 ] 87 root - INFO -  Hypothesis ay_003:float64,float64
[ 2023-04-29 11:06:44,841 ] 87 root - INFO -  Hypothesis ay_004:float64,float64
[ 2023-04-29 11:06:44,878 ] 87 root - INFO -  Hypothesis ay_005:float64,float64
[ 2023-04-29 11:06:44,886 ] 87 root - INFO -  Hypothesis ay_006:float64,float64
[ 2023-04-29 11:06:44,895 ] 87 root - INFO -  Hypothesis ay_007:float64,float64
[ 2023-04-29 11:06:44,904 ] 87 root - INFO -  Hypothesis ay_008:float64,float64
[ 2023-04-29 11:06:44,914 ] 87 root - INFO -  Hypothesis ay_009:float64,float64
[ 2023-04-29 11:06:44,950 ] 87 root - INFO -  Hypothesis az_000:float64,float64
[ 2023-04-29 11:06:44,960 ] 87 root - INFO -  Hypothesis az_001:float64,float64
[ 2023-04-29 11:06:44,969 ] 87 root - INFO -  Hypothesis az_002:float64,float64
[ 2023-04-29 11:06:44,978 ] 87 root - INFO -  Hypothesis az_003:float64,float64
[ 2023-04-29 11:06:45,021 ] 87 root - INFO -  Hypothesis az_004:float64,float64
[ 2023-04-29 11:06:45,031 ] 87 root - INFO -  Hypothesis az_005:float64,float64
[ 2023-04-29 11:06:45,042 ] 87 root - INFO -  Hypothesis az_006:float64,float64
[ 2023-04-29 11:06:45,051 ] 87 root - INFO -  Hypothesis az_007:float64,float64
[ 2023-04-29 11:06:45,088 ] 87 root - INFO -  Hypothesis az_008:float64,float64
[ 2023-04-29 11:06:45,124 ] 87 root - INFO -  Hypothesis az_009:float64,float64
[ 2023-04-29 11:06:45,160 ] 87 root - INFO -  Hypothesis ba_000:float64,float64
[ 2023-04-29 11:06:45,171 ] 87 root - INFO -  Hypothesis ba_001:float64,float64
[ 2023-04-29 11:06:45,181 ] 87 root - INFO -  Hypothesis ba_002:float64,float64
[ 2023-04-29 11:06:45,191 ] 87 root - INFO -  Hypothesis ba_003:float64,float64
[ 2023-04-29 11:06:45,234 ] 87 root - INFO -  Hypothesis ba_004:float64,float64
[ 2023-04-29 11:06:45,244 ] 87 root - INFO -  Hypothesis ba_005:float64,float64
[ 2023-04-29 11:06:45,254 ] 87 root - INFO -  Hypothesis ba_006:float64,float64
[ 2023-04-29 11:06:45,264 ] 87 root - INFO -  Hypothesis ba_007:float64,float64
[ 2023-04-29 11:06:45,275 ] 87 root - INFO -  Hypothesis ba_008:float64,float64
[ 2023-04-29 11:06:45,315 ] 87 root - INFO -  Hypothesis ba_009:float64,float64
[ 2023-04-29 11:06:45,355 ] 87 root - INFO -  Hypothesis bb_000:float64,float64
[ 2023-04-29 11:06:45,365 ] 87 root - INFO -  Hypothesis bc_000:float64,float64
[ 2023-04-29 11:06:45,406 ] 87 root - INFO -  Hypothesis bd_000:float64,float64
[ 2023-04-29 11:06:45,448 ] 87 root - INFO -  Hypothesis be_000:float64,float64
[ 2023-04-29 11:06:45,488 ] 87 root - INFO -  Hypothesis bf_000:float64,float64
[ 2023-04-29 11:06:45,495 ] 87 root - INFO -  Hypothesis bg_000:float64,float64
[ 2023-04-29 11:06:45,506 ] 87 root - INFO -  Hypothesis bh_000:float64,float64
[ 2023-04-29 11:06:45,516 ] 87 root - INFO -  Hypothesis bi_000:float64,float64
[ 2023-04-29 11:06:45,527 ] 87 root - INFO -  Hypothesis bj_000:float64,float64
[ 2023-04-29 11:06:45,537 ] 87 root - INFO -  Hypothesis bs_000:float64,float64
[ 2023-04-29 11:06:45,548 ] 87 root - INFO -  Hypothesis bt_000:float64,float64
[ 2023-04-29 11:06:45,559 ] 87 root - INFO -  Hypothesis bu_000:float64,float64
[ 2023-04-29 11:06:45,569 ] 87 root - INFO -  Hypothesis bv_000:float64,float64
[ 2023-04-29 11:06:45,580 ] 87 root - INFO -  Hypothesis bx_000:float64,float64
[ 2023-04-29 11:06:45,590 ] 87 root - INFO -  Hypothesis by_000:float64,float64
[ 2023-04-29 11:06:45,600 ] 87 root - INFO -  Hypothesis bz_000:float64,float64
[ 2023-04-29 11:06:45,609 ] 87 root - INFO -  Hypothesis ca_000:float64,float64
[ 2023-04-29 11:06:45,620 ] 87 root - INFO -  Hypothesis cb_000:float64,float64
[ 2023-04-29 11:06:45,631 ] 87 root - INFO -  Hypothesis cc_000:float64,float64
[ 2023-04-29 11:06:45,641 ] 87 root - INFO -  Hypothesis cd_000:float64,float64
[ 2023-04-29 11:06:45,677 ] 87 root - INFO -  Hypothesis ce_000:float64,float64
[ 2023-04-29 11:06:45,687 ] 87 root - INFO -  Hypothesis ci_000:float64,float64
[ 2023-04-29 11:06:45,697 ] 87 root - INFO -  Hypothesis cj_000:float64,float64
[ 2023-04-29 11:06:45,735 ] 87 root - INFO -  Hypothesis ck_000:float64,float64
[ 2023-04-29 11:06:45,746 ] 87 root - INFO -  Hypothesis cl_000:float64,float64
[ 2023-04-29 11:06:45,752 ] 87 root - INFO -  Hypothesis cm_000:float64,float64
[ 2023-04-29 11:06:45,791 ] 87 root - INFO -  Hypothesis cn_000:float64,float64
[ 2023-04-29 11:06:45,827 ] 87 root - INFO -  Hypothesis cn_001:float64,float64
[ 2023-04-29 11:06:45,865 ] 87 root - INFO -  Hypothesis cn_002:float64,float64
[ 2023-04-29 11:06:45,905 ] 87 root - INFO -  Hypothesis cn_003:float64,float64
[ 2023-04-29 11:06:45,915 ] 87 root - INFO -  Hypothesis cn_004:float64,float64
[ 2023-04-29 11:06:45,926 ] 87 root - INFO -  Hypothesis cn_005:float64,float64
[ 2023-04-29 11:06:45,936 ] 87 root - INFO -  Hypothesis cn_006:float64,float64
[ 2023-04-29 11:06:45,946 ] 87 root - INFO -  Hypothesis cn_007:float64,float64
[ 2023-04-29 11:06:45,956 ] 87 root - INFO -  Hypothesis cn_008:float64,float64
[ 2023-04-29 11:06:45,965 ] 87 root - INFO -  Hypothesis cn_009:float64,float64
[ 2023-04-29 11:06:45,972 ] 87 root - INFO -  Hypothesis cp_000:float64,float64
[ 2023-04-29 11:06:46,013 ] 87 root - INFO -  Hypothesis cq_000:float64,float64
[ 2023-04-29 11:06:46,024 ] 87 root - INFO -  Hypothesis cs_000:float64,float64
[ 2023-04-29 11:06:46,034 ] 87 root - INFO -  Hypothesis cs_001:float64,float64
[ 2023-04-29 11:06:46,043 ] 87 root - INFO -  Hypothesis cs_002:float64,float64
[ 2023-04-29 11:06:46,053 ] 87 root - INFO -  Hypothesis cs_003:float64,float64
[ 2023-04-29 11:06:46,063 ] 87 root - INFO -  Hypothesis cs_004:float64,float64
[ 2023-04-29 11:06:46,073 ] 87 root - INFO -  Hypothesis cs_005:float64,float64
[ 2023-04-29 11:06:46,084 ] 87 root - INFO -  Hypothesis cs_006:float64,float64
[ 2023-04-29 11:06:46,094 ] 87 root - INFO -  Hypothesis cs_007:float64,float64
[ 2023-04-29 11:06:46,105 ] 87 root - INFO -  Hypothesis cs_008:float64,float64
[ 2023-04-29 11:06:46,143 ] 87 root - INFO -  Hypothesis cs_009:float64,float64
[ 2023-04-29 11:06:46,179 ] 87 root - INFO -  Hypothesis dd_000:float64,float64
[ 2023-04-29 11:06:46,221 ] 87 root - INFO -  Hypothesis de_000:float64,float64
[ 2023-04-29 11:06:46,262 ] 87 root - INFO -  Hypothesis df_000:float64,float64
[ 2023-04-29 11:06:46,297 ] 87 root - INFO -  Hypothesis dg_000:float64,float64
[ 2023-04-29 11:06:46,340 ] 87 root - INFO -  Hypothesis dh_000:float64,float64
[ 2023-04-29 11:06:46,379 ] 87 root - INFO -  Hypothesis di_000:float64,float64
[ 2023-04-29 11:06:46,417 ] 87 root - INFO -  Hypothesis dj_000:float64,float64
[ 2023-04-29 11:06:46,456 ] 87 root - INFO -  Hypothesis dk_000:float64,float64
[ 2023-04-29 11:06:46,492 ] 87 root - INFO -  Hypothesis dl_000:float64,float64
[ 2023-04-29 11:06:46,528 ] 87 root - INFO -  Hypothesis dm_000:float64,float64
[ 2023-04-29 11:06:46,565 ] 87 root - INFO -  Hypothesis dn_000:float64,float64
[ 2023-04-29 11:06:46,575 ] 87 root - INFO -  Hypothesis do_000:float64,float64
[ 2023-04-29 11:06:46,585 ] 87 root - INFO -  Hypothesis dp_000:float64,float64
[ 2023-04-29 11:06:46,598 ] 87 root - INFO -  Hypothesis dq_000:float64,float64
[ 2023-04-29 11:06:46,637 ] 87 root - INFO -  Hypothesis dr_000:float64,float64
[ 2023-04-29 11:06:46,676 ] 87 root - INFO -  Hypothesis ds_000:float64,float64
[ 2023-04-29 11:06:46,686 ] 87 root - INFO -  Hypothesis dt_000:float64,float64
[ 2023-04-29 11:06:46,696 ] 87 root - INFO -  Hypothesis du_000:float64,float64
[ 2023-04-29 11:06:46,706 ] 87 root - INFO -  Hypothesis dv_000:float64,float64
[ 2023-04-29 11:06:46,716 ] 87 root - INFO -  Hypothesis dx_000:float64,float64
[ 2023-04-29 11:06:46,723 ] 87 root - INFO -  Hypothesis dy_000:float64,float64
[ 2023-04-29 11:06:46,762 ] 87 root - INFO -  Hypothesis dz_000:float64,float64
[ 2023-04-29 11:06:46,798 ] 87 root - INFO -  Hypothesis ea_000:float64,float64
[ 2023-04-29 11:06:46,834 ] 87 root - INFO -  Hypothesis eb_000:float64,float64
[ 2023-04-29 11:06:46,875 ] 87 root - INFO -  Hypothesis ec_00:float64,float64
[ 2023-04-29 11:06:46,885 ] 87 root - INFO -  Hypothesis ed_000:float64,float64
[ 2023-04-29 11:06:46,925 ] 87 root - INFO -  Hypothesis ee_000:float64,float64
[ 2023-04-29 11:06:46,936 ] 87 root - INFO -  Hypothesis ee_001:float64,float64
[ 2023-04-29 11:06:46,947 ] 87 root - INFO -  Hypothesis ee_002:float64,float64
[ 2023-04-29 11:06:46,957 ] 87 root - INFO -  Hypothesis ee_003:float64,float64
[ 2023-04-29 11:06:46,967 ] 87 root - INFO -  Hypothesis ee_004:float64,float64
[ 2023-04-29 11:06:46,978 ] 87 root - INFO -  Hypothesis ee_005:float64,float64
[ 2023-04-29 11:06:46,988 ] 87 root - INFO -  Hypothesis ee_006:float64,float64
[ 2023-04-29 11:06:46,998 ] 87 root - INFO -  Hypothesis ee_007:float64,float64
[ 2023-04-29 11:06:47,007 ] 87 root - INFO -  Hypothesis ee_008:float64,float64
[ 2023-04-29 11:06:47,016 ] 87 root - INFO -  Hypothesis ee_009:float64,float64
[ 2023-04-29 11:06:47,024 ] 87 root - INFO -  Hypothesis ef_000:float64,float64
[ 2023-04-29 11:06:47,060 ] 87 root - INFO -  Hypothesis eg_000:float64,float64
[ 2023-04-29 11:06:47,096 ] 148 root - INFO - as all column are available in test hence detecting data drift
[ 2023-04-29 11:06:47,096 ] 87 root - INFO -  Hypothesis class:object,object
[ 2023-04-29 11:06:47,171 ] 87 root - INFO -  Hypothesis aa_000:float64,float64
[ 2023-04-29 11:06:47,177 ] 87 root - INFO -  Hypothesis ac_000:float64,float64
[ 2023-04-29 11:06:47,183 ] 87 root - INFO -  Hypothesis ae_000:float64,float64
[ 2023-04-29 11:06:47,198 ] 87 root - INFO -  Hypothesis af_000:float64,float64
[ 2023-04-29 11:06:47,213 ] 87 root - INFO -  Hypothesis ag_000:float64,float64
[ 2023-04-29 11:06:47,228 ] 87 root - INFO -  Hypothesis ag_001:float64,float64
[ 2023-04-29 11:06:47,243 ] 87 root - INFO -  Hypothesis ag_002:float64,float64
[ 2023-04-29 11:06:47,259 ] 87 root - INFO -  Hypothesis ag_003:float64,float64
[ 2023-04-29 11:06:47,263 ] 87 root - INFO -  Hypothesis ag_004:float64,float64
[ 2023-04-29 11:06:47,270 ] 87 root - INFO -  Hypothesis ag_005:float64,float64
[ 2023-04-29 11:06:47,277 ] 87 root - INFO -  Hypothesis ag_006:float64,float64
[ 2023-04-29 11:06:47,284 ] 87 root - INFO -  Hypothesis ag_007:float64,float64
[ 2023-04-29 11:06:47,290 ] 87 root - INFO -  Hypothesis ag_008:float64,float64
[ 2023-04-29 11:06:47,296 ] 87 root - INFO -  Hypothesis ag_009:float64,float64
[ 2023-04-29 11:06:47,300 ] 87 root - INFO -  Hypothesis ah_000:float64,float64
[ 2023-04-29 11:06:47,307 ] 87 root - INFO -  Hypothesis ai_000:float64,float64
[ 2023-04-29 11:06:47,311 ] 87 root - INFO -  Hypothesis aj_000:float64,float64
[ 2023-04-29 11:06:47,315 ] 87 root - INFO -  Hypothesis ak_000:float64,float64
[ 2023-04-29 11:06:47,319 ] 87 root - INFO -  Hypothesis al_000:float64,float64
[ 2023-04-29 11:06:47,324 ] 87 root - INFO -  Hypothesis am_0:float64,float64
[ 2023-04-29 11:06:47,330 ] 87 root - INFO -  Hypothesis an_000:float64,float64
[ 2023-04-29 11:06:47,337 ] 87 root - INFO -  Hypothesis ao_000:float64,float64
[ 2023-04-29 11:06:47,345 ] 87 root - INFO -  Hypothesis ap_000:float64,float64
[ 2023-04-29 11:06:47,353 ] 87 root - INFO -  Hypothesis aq_000:float64,float64
[ 2023-04-29 11:06:47,360 ] 87 root - INFO -  Hypothesis ar_000:float64,float64
[ 2023-04-29 11:06:47,376 ] 87 root - INFO -  Hypothesis as_000:float64,float64
[ 2023-04-29 11:06:47,391 ] 87 root - INFO -  Hypothesis at_000:float64,float64
[ 2023-04-29 11:06:47,395 ] 87 root - INFO -  Hypothesis au_000:float64,float64
[ 2023-04-29 11:06:47,412 ] 87 root - INFO -  Hypothesis av_000:float64,float64
[ 2023-04-29 11:06:47,418 ] 87 root - INFO -  Hypothesis ax_000:float64,float64
[ 2023-04-29 11:06:47,423 ] 87 root - INFO -  Hypothesis ay_000:float64,float64
[ 2023-04-29 11:06:47,438 ] 87 root - INFO -  Hypothesis ay_001:float64,float64
[ 2023-04-29 11:06:47,442 ] 87 root - INFO -  Hypothesis ay_002:float64,float64
[ 2023-04-29 11:06:47,445 ] 87 root - INFO -  Hypothesis ay_003:float64,float64
[ 2023-04-29 11:06:47,448 ] 87 root - INFO -  Hypothesis ay_004:float64,float64
[ 2023-04-29 11:06:47,451 ] 87 root - INFO -  Hypothesis ay_005:float64,float64
[ 2023-04-29 11:06:47,456 ] 87 root - INFO -  Hypothesis ay_006:float64,float64
[ 2023-04-29 11:06:47,463 ] 87 root - INFO -  Hypothesis ay_007:float64,float64
[ 2023-04-29 11:06:47,469 ] 87 root - INFO -  Hypothesis ay_008:float64,float64
[ 2023-04-29 11:06:47,476 ] 87 root - INFO -  Hypothesis ay_009:float64,float64
[ 2023-04-29 11:06:47,491 ] 87 root - INFO -  Hypothesis az_000:float64,float64
[ 2023-04-29 11:06:47,498 ] 87 root - INFO -  Hypothesis az_001:float64,float64
[ 2023-04-29 11:06:47,504 ] 87 root - INFO -  Hypothesis az_002:float64,float64
[ 2023-04-29 11:06:47,510 ] 87 root - INFO -  Hypothesis az_003:float64,float64
[ 2023-04-29 11:06:47,517 ] 87 root - INFO -  Hypothesis az_004:float64,float64
[ 2023-04-29 11:06:47,524 ] 87 root - INFO -  Hypothesis az_005:float64,float64
[ 2023-04-29 11:06:47,531 ] 87 root - INFO -  Hypothesis az_006:float64,float64
[ 2023-04-29 11:06:47,537 ] 87 root - INFO -  Hypothesis az_007:float64,float64
[ 2023-04-29 11:06:47,542 ] 87 root - INFO -  Hypothesis az_008:float64,float64
[ 2023-04-29 11:06:47,557 ] 87 root - INFO -  Hypothesis az_009:float64,float64
[ 2023-04-29 11:06:47,573 ] 87 root - INFO -  Hypothesis ba_000:float64,float64
[ 2023-04-29 11:06:47,580 ] 87 root - INFO -  Hypothesis ba_001:float64,float64
[ 2023-04-29 11:06:47,587 ] 87 root - INFO -  Hypothesis ba_002:float64,float64
[ 2023-04-29 11:06:47,594 ] 87 root - INFO -  Hypothesis ba_003:float64,float64
[ 2023-04-29 11:06:47,600 ] 87 root - INFO -  Hypothesis ba_004:float64,float64
[ 2023-04-29 11:06:47,607 ] 87 root - INFO -  Hypothesis ba_005:float64,float64
[ 2023-04-29 11:06:47,614 ] 87 root - INFO -  Hypothesis ba_006:float64,float64
[ 2023-04-29 11:06:47,621 ] 87 root - INFO -  Hypothesis ba_007:float64,float64
[ 2023-04-29 11:06:47,627 ] 87 root - INFO -  Hypothesis ba_008:float64,float64
[ 2023-04-29 11:06:47,633 ] 87 root - INFO -  Hypothesis ba_009:float64,float64
[ 2023-04-29 11:06:47,637 ] 87 root - INFO -  Hypothesis bb_000:float64,float64
[ 2023-04-29 11:06:47,645 ] 87 root - INFO -  Hypothesis bc_000:float64,float64
[ 2023-04-29 11:06:47,650 ] 87 root - INFO -  Hypothesis bd_000:float64,float64
[ 2023-04-29 11:06:47,656 ] 87 root - INFO -  Hypothesis be_000:float64,float64
[ 2023-04-29 11:06:47,661 ] 87 root - INFO -  Hypothesis bf_000:float64,float64
[ 2023-04-29 11:06:47,666 ] 87 root - INFO -  Hypothesis bg_000:float64,float64
[ 2023-04-29 11:06:47,673 ] 87 root - INFO -  Hypothesis bh_000:float64,float64
[ 2023-04-29 11:06:47,680 ] 87 root - INFO -  Hypothesis bi_000:float64,float64
[ 2023-04-29 11:06:47,687 ] 87 root - INFO -  Hypothesis bj_000:float64,float64
[ 2023-04-29 11:06:47,694 ] 87 root - INFO -  Hypothesis bs_000:float64,float64
[ 2023-04-29 11:06:47,701 ] 87 root - INFO -  Hypothesis bt_000:float64,float64
[ 2023-04-29 11:06:47,709 ] 87 root - INFO -  Hypothesis bu_000:float64,float64
[ 2023-04-29 11:06:47,716 ] 87 root - INFO -  Hypothesis bv_000:float64,float64
[ 2023-04-29 11:06:47,723 ] 87 root - INFO -  Hypothesis bx_000:float64,float64
[ 2023-04-29 11:06:47,730 ] 87 root - INFO -  Hypothesis by_000:float64,float64
[ 2023-04-29 11:06:47,736 ] 87 root - INFO -  Hypothesis bz_000:float64,float64
[ 2023-04-29 11:06:47,743 ] 87 root - INFO -  Hypothesis ca_000:float64,float64
[ 2023-04-29 11:06:47,749 ] 87 root - INFO -  Hypothesis cb_000:float64,float64
[ 2023-04-29 11:06:47,757 ] 87 root - INFO -  Hypothesis cc_000:float64,float64
[ 2023-04-29 11:06:47,764 ] 87 root - INFO -  Hypothesis cd_000:float64,float64
[ 2023-04-29 11:06:47,779 ] 87 root - INFO -  Hypothesis ce_000:float64,float64
[ 2023-04-29 11:06:47,785 ] 87 root - INFO -  Hypothesis ci_000:float64,float64
[ 2023-04-29 11:06:47,792 ] 87 root - INFO -  Hypothesis cj_000:float64,float64
[ 2023-04-29 11:06:47,796 ] 87 root - INFO -  Hypothesis ck_000:float64,float64
[ 2023-04-29 11:06:47,803 ] 87 root - INFO -  Hypothesis cl_000:float64,float64
[ 2023-04-29 11:06:47,808 ] 87 root - INFO -  Hypothesis cm_000:float64,float64
[ 2023-04-29 11:06:47,812 ] 87 root - INFO -  Hypothesis cn_000:float64,float64
[ 2023-04-29 11:06:47,827 ] 87 root - INFO -  Hypothesis cn_001:float64,float64
[ 2023-04-29 11:06:47,843 ] 87 root - INFO -  Hypothesis cn_002:float64,float64
[ 2023-04-29 11:06:47,849 ] 87 root - INFO -  Hypothesis cn_003:float64,float64
[ 2023-04-29 11:06:47,856 ] 87 root - INFO -  Hypothesis cn_004:float64,float64
[ 2023-04-29 11:06:47,863 ] 87 root - INFO -  Hypothesis cn_005:float64,float64
[ 2023-04-29 11:06:47,870 ] 87 root - INFO -  Hypothesis cn_006:float64,float64
[ 2023-04-29 11:06:47,876 ] 87 root - INFO -  Hypothesis cn_007:float64,float64
[ 2023-04-29 11:06:47,883 ] 87 root - INFO -  Hypothesis cn_008:float64,float64
[ 2023-04-29 11:06:47,889 ] 87 root - INFO -  Hypothesis cn_009:float64,float64
[ 2023-04-29 11:06:47,894 ] 87 root - INFO -  Hypothesis cp_000:float64,float64
[ 2023-04-29 11:06:47,899 ] 87 root - INFO -  Hypothesis cq_000:float64,float64
[ 2023-04-29 11:06:47,906 ] 87 root - INFO -  Hypothesis cs_000:float64,float64
[ 2023-04-29 11:06:47,913 ] 87 root - INFO -  Hypothesis cs_001:float64,float64
[ 2023-04-29 11:06:47,919 ] 87 root - INFO -  Hypothesis cs_002:float64,float64
[ 2023-04-29 11:06:47,926 ] 87 root - INFO -  Hypothesis cs_003:float64,float64
[ 2023-04-29 11:06:47,933 ] 87 root - INFO -  Hypothesis cs_004:float64,float64
[ 2023-04-29 11:06:47,940 ] 87 root - INFO -  Hypothesis cs_005:float64,float64
[ 2023-04-29 11:06:47,947 ] 87 root - INFO -  Hypothesis cs_006:float64,float64
[ 2023-04-29 11:06:47,954 ] 87 root - INFO -  Hypothesis cs_007:float64,float64
[ 2023-04-29 11:06:47,961 ] 87 root - INFO -  Hypothesis cs_008:float64,float64
[ 2023-04-29 11:06:47,966 ] 87 root - INFO -  Hypothesis cs_009:float64,float64
[ 2023-04-29 11:06:47,981 ] 87 root - INFO -  Hypothesis dd_000:float64,float64
[ 2023-04-29 11:06:47,988 ] 87 root - INFO -  Hypothesis de_000:float64,float64
[ 2023-04-29 11:06:47,993 ] 87 root - INFO -  Hypothesis df_000:float64,float64
[ 2023-04-29 11:06:48,009 ] 87 root - INFO -  Hypothesis dg_000:float64,float64
[ 2023-04-29 11:06:48,025 ] 87 root - INFO -  Hypothesis dh_000:float64,float64
[ 2023-04-29 11:06:48,028 ] 87 root - INFO -  Hypothesis di_000:float64,float64
[ 2023-04-29 11:06:48,033 ] 87 root - INFO -  Hypothesis dj_000:float64,float64
[ 2023-04-29 11:06:48,048 ] 87 root - INFO -  Hypothesis dk_000:float64,float64
[ 2023-04-29 11:06:48,064 ] 87 root - INFO -  Hypothesis dl_000:float64,float64
[ 2023-04-29 11:06:48,079 ] 87 root - INFO -  Hypothesis dm_000:float64,float64
[ 2023-04-29 11:06:48,095 ] 87 root - INFO -  Hypothesis dn_000:float64,float64
[ 2023-04-29 11:06:48,102 ] 87 root - INFO -  Hypothesis do_000:float64,float64
[ 2023-04-29 11:06:48,108 ] 87 root - INFO -  Hypothesis dp_000:float64,float64
[ 2023-04-29 11:06:48,114 ] 87 root - INFO -  Hypothesis dq_000:float64,float64
[ 2023-04-29 11:06:48,119 ] 87 root - INFO -  Hypothesis dr_000:float64,float64
[ 2023-04-29 11:06:48,123 ] 87 root - INFO -  Hypothesis ds_000:float64,float64
[ 2023-04-29 11:06:48,129 ] 87 root - INFO -  Hypothesis dt_000:float64,float64
[ 2023-04-29 11:06:48,136 ] 87 root - INFO -  Hypothesis du_000:float64,float64
[ 2023-04-29 11:06:48,143 ] 87 root - INFO -  Hypothesis dv_000:float64,float64
[ 2023-04-29 11:06:48,150 ] 87 root - INFO -  Hypothesis dx_000:float64,float64
[ 2023-04-29 11:06:48,154 ] 87 root - INFO -  Hypothesis dy_000:float64,float64
[ 2023-04-29 11:06:48,159 ] 87 root - INFO -  Hypothesis dz_000:float64,float64
[ 2023-04-29 11:06:48,174 ] 87 root - INFO -  Hypothesis ea_000:float64,float64
[ 2023-04-29 11:06:48,190 ] 87 root - INFO -  Hypothesis eb_000:float64,float64
[ 2023-04-29 11:06:48,195 ] 87 root - INFO -  Hypothesis ec_00:float64,float64
[ 2023-04-29 11:06:48,202 ] 87 root - INFO -  Hypothesis ed_000:float64,float64
[ 2023-04-29 11:06:48,208 ] 87 root - INFO -  Hypothesis ee_000:float64,float64
[ 2023-04-29 11:06:48,215 ] 87 root - INFO -  Hypothesis ee_001:float64,float64
[ 2023-04-29 11:06:48,222 ] 87 root - INFO -  Hypothesis ee_002:float64,float64
[ 2023-04-29 11:06:48,229 ] 87 root - INFO -  Hypothesis ee_003:float64,float64
[ 2023-04-29 11:06:48,235 ] 87 root - INFO -  Hypothesis ee_004:float64,float64
[ 2023-04-29 11:06:48,242 ] 87 root - INFO -  Hypothesis ee_005:float64,float64
[ 2023-04-29 11:06:48,249 ] 87 root - INFO -  Hypothesis ee_006:float64,float64
[ 2023-04-29 11:06:48,256 ] 87 root - INFO -  Hypothesis ee_007:float64,float64
[ 2023-04-29 11:06:48,262 ] 87 root - INFO -  Hypothesis ee_008:float64,float64
[ 2023-04-29 11:06:48,268 ] 87 root - INFO -  Hypothesis ee_009:float64,float64
[ 2023-04-29 11:06:48,273 ] 87 root - INFO -  Hypothesis ef_000:float64,float64
[ 2023-04-29 11:06:48,289 ] 87 root - INFO -  Hypothesis eg_000:float64,float64
[ 2023-04-29 11:06:48,304 ] 152 root - INFO - writing report in yaml file
[ 2023-04-29 11:06:48,378 ] 157 root - INFO - Data validation artifact:DataValidationArtifact(report_file_path='/config/workspace/artifact/04292023__110630/data_validation/report.yaml') 
[ 2023-04-29 11:06:49,329 ] 62 root - INFO - Before resampling in Training set input :(28950, 170) Target:(28950,)
[ 2023-04-29 11:06:54,419 ] 64 root - INFO - After resampling in Training set input :(56154, 170) Target:(56154,)
[ 2023-04-29 11:06:54,420 ] 66 root - INFO - Before resampling in Testing set input :(7238, 170) Target:(7238,)
[ 2023-04-29 11:06:54,982 ] 68 root - INFO - After resampling in Testing set input :(56154, 170) Target:(56154,)
[ 2023-04-29 11:06:55,090 ] 54 root - INFO - Entered the save_object method of utils
[ 2023-04-29 11:06:55,093 ] 58 root - INFO - Exited the save_object method of utils
