[ 2023-04-29 12:06:17,014 ] 15 root - INFO - >>>>>>>>>>>>>>>>>>>>>>>>>>>>>>>>>>>>>>>> Data Ingestion <<<<<<<<<<<<<<<<<<<<<<<<<<<<<<<<<<<<<<<<
[ 2023-04-29 12:06:17,014 ] 22 root - INFO - Exporting collection data as pandas dataframe
[ 2023-04-29 12:06:17,015 ] 21 root - INFO - Reading data from database:aps and collection sensor
[ 2023-04-29 12:06:26,770 ] 23 root - INFO - Found columns:Index(['_id', 'class', 'aa_000', 'ab_000', 'ac_000', 'ad_000', 'ae_000',
       'af_000', 'ag_000', 'ag_001',
       ...
       'ee_002', 'ee_003', 'ee_004', 'ee_005', 'ee_006', 'ee_007', 'ee_008',
       'ee_009', 'ef_000', 'eg_000'],
      dtype='object', length=172)
[ 2023-04-29 12:06:26,771 ] 25 root - INFO - dropping column :_id
[ 2023-04-29 12:06:27,629 ] 27 root - INFO - row and col in df:(36188, 171)
[ 2023-04-29 12:06:27,630 ] 28 root - INFO - Save data in feature store
[ 2023-04-29 12:06:31,794 ] 32 root - INFO - Create feature store folder if not available
[ 2023-04-29 12:06:31,795 ] 38 root - INFO - Save df to feature store folder
[ 2023-04-29 12:06:35,672 ] 42 root - INFO - split dataset into train and test set
[ 2023-04-29 12:06:36,843 ] 46 root - INFO - create dataset directory folder if not available
[ 2023-04-29 12:06:36,844 ] 51 root - INFO - Save df to feature store folder
[ 2023-04-29 12:06:42,054 ] 63 root - INFO - Data ingestion artifact: DataIngestionArtifact(feature_store_file_path='/config/workspace/artifact/04292023__120617/data_ingestion/feature_store/sensor.csv', train_file_path='/config/workspace/artifact/04292023__120617/data_ingestion/dataset/train.csv', test_file_path='/config/workspace/artifact/04292023__120617/data_ingestion/dataset/test.csv')
[ 2023-04-29 12:06:43,809 ] 18 root - INFO - >>>>>>>>>>>>>>>>>>>>>>>>>>>>>>>>>>>>>>>> Data Validation <<<<<<<<<<<<<<<<<<<<<<<<<<<<<<<<<<<<<<<<
[ 2023-04-29 12:06:43,809 ] 113 root - INFO - Reading base dataframe
[ 2023-04-29 12:06:49,525 ] 116 root - INFO - Replace na values in dataframe
[ 2023-04-29 12:06:49,525 ] 119 root - INFO - drop null values from base dataframe
[ 2023-04-29 12:06:49,959 ] 40 root - INFO - selecting column name which contains null above to 0.2
[ 2023-04-29 12:06:49,960 ] 43 root - INFO - columns to drop: ['ab_000', 'ad_000', 'bk_000', 'bl_000', 'bm_000', 'bn_000', 'bo_000', 'bp_000', 'bq_000', 'br_000', 'cf_000', 'cg_000', 'ch_000', 'co_000', 'cr_000', 'ct_000', 'cu_000', 'cv_000', 'cx_000', 'cy_000', 'cz_000', 'da_000', 'db_000', 'dc_000']
[ 2023-04-29 12:06:50,100 ] 122 root - INFO - Reading train dataframe
[ 2023-04-29 12:06:50,835 ] 124 root - INFO - Reading test dataframe
[ 2023-04-29 12:06:51,023 ] 127 root - INFO - drop null values from train dataframe
[ 2023-04-29 12:06:51,037 ] 40 root - INFO - selecting column name which contains null above to 0.2
[ 2023-04-29 12:06:51,038 ] 43 root - INFO - columns to drop: ['ab_000', 'ad_000', 'bk_000', 'bl_000', 'bm_000', 'bn_000', 'bo_000', 'bp_000', 'bq_000', 'br_000', 'cf_000', 'cg_000', 'ch_000', 'co_000', 'cr_000', 'ct_000', 'cu_000', 'cv_000', 'cx_000', 'cy_000', 'cz_000', 'da_000', 'db_000', 'dc_000']
[ 2023-04-29 12:06:51,055 ] 129 root - INFO - drop null values from test dataframe
[ 2023-04-29 12:06:51,061 ] 40 root - INFO - selecting column name which contains null above to 0.2
[ 2023-04-29 12:06:51,062 ] 43 root - INFO - columns to drop: ['ab_000', 'ad_000', 'bk_000', 'bl_000', 'bm_000', 'bn_000', 'bo_000', 'bp_000', 'bq_000', 'br_000', 'cf_000', 'cg_000', 'ch_000', 'co_000', 'cr_000', 'ct_000', 'cu_000', 'cv_000', 'cx_000', 'cy_000', 'cz_000', 'da_000', 'db_000', 'dc_000']
[ 2023-04-29 12:06:52,505 ] 139 root - INFO - is all required columns present in train df 
[ 2023-04-29 12:06:52,505 ] 141 root - INFO - is all required columns present in test df 
[ 2023-04-29 12:06:52,506 ] 145 root - INFO - as all column are available in train hence detecting data drift
[ 2023-04-29 12:06:52,506 ] 87 root - INFO -  Hypothesis class:object,object
[ 2023-04-29 12:06:52,675 ] 87 root - INFO -  Hypothesis aa_000:float64,float64
[ 2023-04-29 12:06:52,690 ] 87 root - INFO -  Hypothesis ac_000:float64,float64
[ 2023-04-29 12:06:52,707 ] 87 root - INFO -  Hypothesis ae_000:float64,float64
[ 2023-04-29 12:06:52,758 ] 87 root - INFO -  Hypothesis af_000:float64,float64
[ 2023-04-29 12:06:52,819 ] 87 root - INFO -  Hypothesis ag_000:float64,float64
[ 2023-04-29 12:06:52,873 ] 87 root - INFO -  Hypothesis ag_001:float64,float64
[ 2023-04-29 12:06:52,930 ] 87 root - INFO -  Hypothesis ag_002:float64,float64
[ 2023-04-29 12:06:52,993 ] 87 root - INFO -  Hypothesis ag_003:float64,float64
[ 2023-04-29 12:06:53,071 ] 87 root - INFO -  Hypothesis ag_004:float64,float64
[ 2023-04-29 12:06:53,086 ] 87 root - INFO -  Hypothesis ag_005:float64,float64
[ 2023-04-29 12:06:53,100 ] 87 root - INFO -  Hypothesis ag_006:float64,float64
[ 2023-04-29 12:06:53,116 ] 87 root - INFO -  Hypothesis ag_007:float64,float64
[ 2023-04-29 12:06:53,139 ] 87 root - INFO -  Hypothesis ag_008:float64,float64
[ 2023-04-29 12:06:53,155 ] 87 root - INFO -  Hypothesis ag_009:float64,float64
[ 2023-04-29 12:06:53,166 ] 87 root - INFO -  Hypothesis ah_000:float64,float64
[ 2023-04-29 12:06:53,185 ] 87 root - INFO -  Hypothesis ai_000:float64,float64
[ 2023-04-29 12:06:53,241 ] 87 root - INFO -  Hypothesis aj_000:float64,float64
[ 2023-04-29 12:06:53,302 ] 87 root - INFO -  Hypothesis ak_000:float64,float64
[ 2023-04-29 12:06:53,363 ] 87 root - INFO -  Hypothesis al_000:float64,float64
[ 2023-04-29 12:06:53,374 ] 87 root - INFO -  Hypothesis am_0:float64,float64
[ 2023-04-29 12:06:53,390 ] 87 root - INFO -  Hypothesis an_000:float64,float64
[ 2023-04-29 12:06:53,413 ] 87 root - INFO -  Hypothesis ao_000:float64,float64
[ 2023-04-29 12:06:53,433 ] 87 root - INFO -  Hypothesis ap_000:float64,float64
[ 2023-04-29 12:06:53,448 ] 87 root - INFO -  Hypothesis aq_000:float64,float64
[ 2023-04-29 12:06:53,464 ] 87 root - INFO -  Hypothesis ar_000:float64,float64
[ 2023-04-29 12:06:53,545 ] 87 root - INFO -  Hypothesis as_000:float64,float64
[ 2023-04-29 12:06:53,614 ] 87 root - INFO -  Hypothesis at_000:float64,float64
[ 2023-04-29 12:06:53,684 ] 87 root - INFO -  Hypothesis au_000:float64,float64
[ 2023-04-29 12:06:53,755 ] 87 root - INFO -  Hypothesis av_000:float64,float64
[ 2023-04-29 12:06:53,841 ] 87 root - INFO -  Hypothesis ax_000:float64,float64
[ 2023-04-29 12:06:53,914 ] 87 root - INFO -  Hypothesis ay_000:float64,float64
[ 2023-04-29 12:06:53,983 ] 87 root - INFO -  Hypothesis ay_001:float64,float64
[ 2023-04-29 12:06:54,050 ] 87 root - INFO -  Hypothesis ay_002:float64,float64
[ 2023-04-29 12:06:54,123 ] 87 root - INFO -  Hypothesis ay_003:float64,float64
[ 2023-04-29 12:06:54,182 ] 87 root - INFO -  Hypothesis ay_004:float64,float64
[ 2023-04-29 12:06:54,252 ] 87 root - INFO -  Hypothesis ay_005:float64,float64
[ 2023-04-29 12:06:54,265 ] 87 root - INFO -  Hypothesis ay_006:float64,float64
[ 2023-04-29 12:06:54,283 ] 87 root - INFO -  Hypothesis ay_007:float64,float64
[ 2023-04-29 12:06:54,311 ] 87 root - INFO -  Hypothesis ay_008:float64,float64
[ 2023-04-29 12:06:54,338 ] 87 root - INFO -  Hypothesis ay_009:float64,float64
[ 2023-04-29 12:06:54,399 ] 87 root - INFO -  Hypothesis az_000:float64,float64
[ 2023-04-29 12:06:54,417 ] 87 root - INFO -  Hypothesis az_001:float64,float64
[ 2023-04-29 12:06:54,431 ] 87 root - INFO -  Hypothesis az_002:float64,float64
[ 2023-04-29 12:06:54,445 ] 87 root - INFO -  Hypothesis az_003:float64,float64
[ 2023-04-29 12:06:54,468 ] 87 root - INFO -  Hypothesis az_004:float64,float64
[ 2023-04-29 12:06:54,487 ] 87 root - INFO -  Hypothesis az_005:float64,float64
[ 2023-04-29 12:06:54,511 ] 87 root - INFO -  Hypothesis az_006:float64,float64
[ 2023-04-29 12:06:54,528 ] 87 root - INFO -  Hypothesis az_007:float64,float64
[ 2023-04-29 12:06:54,594 ] 87 root - INFO -  Hypothesis az_008:float64,float64
[ 2023-04-29 12:06:54,662 ] 87 root - INFO -  Hypothesis az_009:float64,float64
[ 2023-04-29 12:06:54,734 ] 87 root - INFO -  Hypothesis ba_000:float64,float64
[ 2023-04-29 12:06:54,753 ] 87 root - INFO -  Hypothesis ba_001:float64,float64
[ 2023-04-29 12:06:54,776 ] 87 root - INFO -  Hypothesis ba_002:float64,float64
[ 2023-04-29 12:06:54,794 ] 87 root - INFO -  Hypothesis ba_003:float64,float64
[ 2023-04-29 12:06:54,820 ] 87 root - INFO -  Hypothesis ba_004:float64,float64
[ 2023-04-29 12:06:54,834 ] 87 root - INFO -  Hypothesis ba_005:float64,float64
[ 2023-04-29 12:06:54,853 ] 87 root - INFO -  Hypothesis ba_006:float64,float64
[ 2023-04-29 12:06:54,871 ] 87 root - INFO -  Hypothesis ba_007:float64,float64
[ 2023-04-29 12:06:54,893 ] 87 root - INFO -  Hypothesis ba_008:float64,float64
[ 2023-04-29 12:06:54,963 ] 87 root - INFO -  Hypothesis ba_009:float64,float64
[ 2023-04-29 12:06:55,042 ] 87 root - INFO -  Hypothesis bb_000:float64,float64
[ 2023-04-29 12:06:55,065 ] 87 root - INFO -  Hypothesis bc_000:float64,float64
[ 2023-04-29 12:06:55,076 ] 87 root - INFO -  Hypothesis bd_000:float64,float64
[ 2023-04-29 12:06:55,093 ] 87 root - INFO -  Hypothesis be_000:float64,float64
[ 2023-04-29 12:06:55,111 ] 87 root - INFO -  Hypothesis bf_000:float64,float64
[ 2023-04-29 12:06:55,134 ] 87 root - INFO -  Hypothesis bg_000:float64,float64
[ 2023-04-29 12:06:55,157 ] 87 root - INFO -  Hypothesis bh_000:float64,float64
[ 2023-04-29 12:06:55,180 ] 87 root - INFO -  Hypothesis bi_000:float64,float64
[ 2023-04-29 12:06:55,203 ] 87 root - INFO -  Hypothesis bj_000:float64,float64
[ 2023-04-29 12:06:55,235 ] 87 root - INFO -  Hypothesis bs_000:float64,float64
[ 2023-04-29 12:06:55,263 ] 87 root - INFO -  Hypothesis bt_000:float64,float64
[ 2023-04-29 12:06:55,286 ] 87 root - INFO -  Hypothesis bu_000:float64,float64
[ 2023-04-29 12:06:55,311 ] 87 root - INFO -  Hypothesis bv_000:float64,float64
[ 2023-04-29 12:06:55,334 ] 87 root - INFO -  Hypothesis bx_000:float64,float64
[ 2023-04-29 12:06:55,352 ] 87 root - INFO -  Hypothesis by_000:float64,float64
[ 2023-04-29 12:06:55,379 ] 87 root - INFO -  Hypothesis bz_000:float64,float64
[ 2023-04-29 12:06:55,405 ] 87 root - INFO -  Hypothesis ca_000:float64,float64
[ 2023-04-29 12:06:55,423 ] 87 root - INFO -  Hypothesis cb_000:float64,float64
[ 2023-04-29 12:06:55,450 ] 87 root - INFO -  Hypothesis cc_000:float64,float64
[ 2023-04-29 12:06:55,473 ] 87 root - INFO -  Hypothesis cd_000:float64,float64
[ 2023-04-29 12:06:55,498 ] 87 root - INFO -  Hypothesis ce_000:float64,float64
[ 2023-04-29 12:06:55,566 ] 87 root - INFO -  Hypothesis ci_000:float64,float64
[ 2023-04-29 12:06:55,585 ] 87 root - INFO -  Hypothesis cj_000:float64,float64
[ 2023-04-29 12:06:55,595 ] 87 root - INFO -  Hypothesis ck_000:float64,float64
[ 2023-04-29 12:06:55,622 ] 87 root - INFO -  Hypothesis cl_000:float64,float64
[ 2023-04-29 12:06:55,690 ] 87 root - INFO -  Hypothesis cm_000:float64,float64
[ 2023-04-29 12:06:55,702 ] 87 root - INFO -  Hypothesis cn_000:float64,float64
[ 2023-04-29 12:06:55,762 ] 87 root - INFO -  Hypothesis cn_001:float64,float64
[ 2023-04-29 12:06:55,820 ] 87 root - INFO -  Hypothesis cn_002:float64,float64
[ 2023-04-29 12:06:55,833 ] 87 root - INFO -  Hypothesis cn_003:float64,float64
[ 2023-04-29 12:06:55,853 ] 87 root - INFO -  Hypothesis cn_004:float64,float64
[ 2023-04-29 12:06:55,868 ] 87 root - INFO -  Hypothesis cn_005:float64,float64
[ 2023-04-29 12:06:55,887 ] 87 root - INFO -  Hypothesis cn_006:float64,float64
[ 2023-04-29 12:06:55,902 ] 87 root - INFO -  Hypothesis cn_007:float64,float64
[ 2023-04-29 12:06:55,917 ] 87 root - INFO -  Hypothesis cn_008:float64,float64
[ 2023-04-29 12:06:55,934 ] 87 root - INFO -  Hypothesis cn_009:float64,float64
[ 2023-04-29 12:06:55,946 ] 87 root - INFO -  Hypothesis cp_000:float64,float64
[ 2023-04-29 12:06:56,019 ] 87 root - INFO -  Hypothesis cq_000:float64,float64
[ 2023-04-29 12:06:56,046 ] 87 root - INFO -  Hypothesis cs_000:float64,float64
[ 2023-04-29 12:06:56,061 ] 87 root - INFO -  Hypothesis cs_001:float64,float64
[ 2023-04-29 12:06:56,079 ] 87 root - INFO -  Hypothesis cs_002:float64,float64
[ 2023-04-29 12:06:56,097 ] 87 root - INFO -  Hypothesis cs_003:float64,float64
[ 2023-04-29 12:06:56,112 ] 87 root - INFO -  Hypothesis cs_004:float64,float64
[ 2023-04-29 12:06:56,135 ] 87 root - INFO -  Hypothesis cs_005:float64,float64
[ 2023-04-29 12:06:56,154 ] 87 root - INFO -  Hypothesis cs_006:float64,float64
[ 2023-04-29 12:06:56,174 ] 87 root - INFO -  Hypothesis cs_007:float64,float64
[ 2023-04-29 12:06:56,189 ] 87 root - INFO -  Hypothesis cs_008:float64,float64
[ 2023-04-29 12:06:56,255 ] 87 root - INFO -  Hypothesis cs_009:float64,float64
[ 2023-04-29 12:06:56,317 ] 87 root - INFO -  Hypothesis dd_000:float64,float64
[ 2023-04-29 12:06:56,331 ] 87 root - INFO -  Hypothesis de_000:float64,float64
[ 2023-04-29 12:06:56,396 ] 87 root - INFO -  Hypothesis df_000:float64,float64
[ 2023-04-29 12:06:56,454 ] 87 root - INFO -  Hypothesis dg_000:float64,float64
[ 2023-04-29 12:06:56,514 ] 87 root - INFO -  Hypothesis dh_000:float64,float64
[ 2023-04-29 12:06:56,579 ] 87 root - INFO -  Hypothesis di_000:float64,float64
[ 2023-04-29 12:06:56,588 ] 87 root - INFO -  Hypothesis dj_000:float64,float64
[ 2023-04-29 12:06:56,649 ] 87 root - INFO -  Hypothesis dk_000:float64,float64
[ 2023-04-29 12:06:56,710 ] 87 root - INFO -  Hypothesis dl_000:float64,float64
[ 2023-04-29 12:06:56,766 ] 87 root - INFO -  Hypothesis dm_000:float64,float64
[ 2023-04-29 12:06:56,822 ] 87 root - INFO -  Hypothesis dn_000:float64,float64
[ 2023-04-29 12:06:56,841 ] 87 root - INFO -  Hypothesis do_000:float64,float64
[ 2023-04-29 12:06:56,855 ] 87 root - INFO -  Hypothesis dp_000:float64,float64
[ 2023-04-29 12:06:56,872 ] 87 root - INFO -  Hypothesis dq_000:float64,float64
[ 2023-04-29 12:06:56,883 ] 87 root - INFO -  Hypothesis dr_000:float64,float64
[ 2023-04-29 12:06:56,898 ] 87 root - INFO -  Hypothesis ds_000:float64,float64
[ 2023-04-29 12:06:56,912 ] 87 root - INFO -  Hypothesis dt_000:float64,float64
[ 2023-04-29 12:06:56,930 ] 87 root - INFO -  Hypothesis du_000:float64,float64
[ 2023-04-29 12:06:56,949 ] 87 root - INFO -  Hypothesis dv_000:float64,float64
[ 2023-04-29 12:06:56,963 ] 87 root - INFO -  Hypothesis dx_000:float64,float64
[ 2023-04-29 12:06:56,974 ] 87 root - INFO -  Hypothesis dy_000:float64,float64
[ 2023-04-29 12:06:56,990 ] 87 root - INFO -  Hypothesis dz_000:float64,float64
[ 2023-04-29 12:06:57,047 ] 87 root - INFO -  Hypothesis ea_000:float64,float64
[ 2023-04-29 12:06:57,107 ] 87 root - INFO -  Hypothesis eb_000:float64,float64
[ 2023-04-29 12:06:57,120 ] 87 root - INFO -  Hypothesis ec_00:float64,float64
[ 2023-04-29 12:06:57,134 ] 87 root - INFO -  Hypothesis ed_000:float64,float64
[ 2023-04-29 12:06:57,147 ] 87 root - INFO -  Hypothesis ee_000:float64,float64
[ 2023-04-29 12:06:57,166 ] 87 root - INFO -  Hypothesis ee_001:float64,float64
[ 2023-04-29 12:06:57,185 ] 87 root - INFO -  Hypothesis ee_002:float64,float64
[ 2023-04-29 12:06:57,200 ] 87 root - INFO -  Hypothesis ee_003:float64,float64
[ 2023-04-29 12:06:57,214 ] 87 root - INFO -  Hypothesis ee_004:float64,float64
[ 2023-04-29 12:06:57,233 ] 87 root - INFO -  Hypothesis ee_005:float64,float64
[ 2023-04-29 12:06:57,247 ] 87 root - INFO -  Hypothesis ee_006:float64,float64
[ 2023-04-29 12:06:57,270 ] 87 root - INFO -  Hypothesis ee_007:float64,float64
[ 2023-04-29 12:06:57,284 ] 87 root - INFO -  Hypothesis ee_008:float64,float64
[ 2023-04-29 12:06:57,302 ] 87 root - INFO -  Hypothesis ee_009:float64,float64
[ 2023-04-29 12:06:57,314 ] 87 root - INFO -  Hypothesis ef_000:float64,float64
[ 2023-04-29 12:06:57,370 ] 87 root - INFO -  Hypothesis eg_000:float64,float64
[ 2023-04-29 12:06:57,425 ] 148 root - INFO - as all column are available in test hence detecting data drift
[ 2023-04-29 12:06:57,425 ] 87 root - INFO -  Hypothesis class:object,object
[ 2023-04-29 12:06:57,551 ] 87 root - INFO -  Hypothesis aa_000:float64,float64
[ 2023-04-29 12:06:57,562 ] 87 root - INFO -  Hypothesis ac_000:float64,float64
[ 2023-04-29 12:06:57,570 ] 87 root - INFO -  Hypothesis ae_000:float64,float64
[ 2023-04-29 12:06:57,597 ] 87 root - INFO -  Hypothesis af_000:float64,float64
[ 2023-04-29 12:06:57,620 ] 87 root - INFO -  Hypothesis ag_000:float64,float64
[ 2023-04-29 12:06:57,647 ] 87 root - INFO -  Hypothesis ag_001:float64,float64
[ 2023-04-29 12:06:57,670 ] 87 root - INFO -  Hypothesis ag_002:float64,float64
[ 2023-04-29 12:06:57,676 ] 87 root - INFO -  Hypothesis ag_003:float64,float64
[ 2023-04-29 12:06:57,704 ] 87 root - INFO -  Hypothesis ag_004:float64,float64
[ 2023-04-29 12:06:57,714 ] 87 root - INFO -  Hypothesis ag_005:float64,float64
[ 2023-04-29 12:06:57,728 ] 87 root - INFO -  Hypothesis ag_006:float64,float64
[ 2023-04-29 12:06:57,759 ] 87 root - INFO -  Hypothesis ag_007:float64,float64
[ 2023-04-29 12:06:57,786 ] 87 root - INFO -  Hypothesis ag_008:float64,float64
[ 2023-04-29 12:06:57,795 ] 87 root - INFO -  Hypothesis ag_009:float64,float64
[ 2023-04-29 12:06:57,803 ] 87 root - INFO -  Hypothesis ah_000:float64,float64
[ 2023-04-29 12:06:57,813 ] 87 root - INFO -  Hypothesis ai_000:float64,float64
[ 2023-04-29 12:06:57,837 ] 87 root - INFO -  Hypothesis aj_000:float64,float64
[ 2023-04-29 12:06:57,846 ] 87 root - INFO -  Hypothesis ak_000:float64,float64
[ 2023-04-29 12:06:57,874 ] 87 root - INFO -  Hypothesis al_000:float64,float64
[ 2023-04-29 12:06:57,883 ] 87 root - INFO -  Hypothesis am_0:float64,float64
[ 2023-04-29 12:06:57,891 ] 87 root - INFO -  Hypothesis an_000:float64,float64
[ 2023-04-29 12:06:57,905 ] 87 root - INFO -  Hypothesis ao_000:float64,float64
[ 2023-04-29 12:06:57,916 ] 87 root - INFO -  Hypothesis ap_000:float64,float64
[ 2023-04-29 12:06:57,927 ] 87 root - INFO -  Hypothesis aq_000:float64,float64
[ 2023-04-29 12:06:57,937 ] 87 root - INFO -  Hypothesis ar_000:float64,float64
[ 2023-04-29 12:06:57,965 ] 87 root - INFO -  Hypothesis as_000:float64,float64
[ 2023-04-29 12:06:57,988 ] 87 root - INFO -  Hypothesis at_000:float64,float64
[ 2023-04-29 12:06:58,026 ] 87 root - INFO -  Hypothesis au_000:float64,float64
[ 2023-04-29 12:06:58,049 ] 87 root - INFO -  Hypothesis av_000:float64,float64
[ 2023-04-29 12:06:58,058 ] 87 root - INFO -  Hypothesis ax_000:float64,float64
[ 2023-04-29 12:06:58,067 ] 87 root - INFO -  Hypothesis ay_000:float64,float64
[ 2023-04-29 12:06:58,093 ] 87 root - INFO -  Hypothesis ay_001:float64,float64
[ 2023-04-29 12:06:58,116 ] 87 root - INFO -  Hypothesis ay_002:float64,float64
[ 2023-04-29 12:06:58,139 ] 87 root - INFO -  Hypothesis ay_003:float64,float64
[ 2023-04-29 12:06:58,161 ] 87 root - INFO -  Hypothesis ay_004:float64,float64
[ 2023-04-29 12:06:58,184 ] 87 root - INFO -  Hypothesis ay_005:float64,float64
[ 2023-04-29 12:06:58,194 ] 87 root - INFO -  Hypothesis ay_006:float64,float64
[ 2023-04-29 12:06:58,218 ] 87 root - INFO -  Hypothesis ay_007:float64,float64
[ 2023-04-29 12:06:58,233 ] 87 root - INFO -  Hypothesis ay_008:float64,float64
[ 2023-04-29 12:06:58,243 ] 87 root - INFO -  Hypothesis ay_009:float64,float64
[ 2023-04-29 12:06:58,266 ] 87 root - INFO -  Hypothesis az_000:float64,float64
[ 2023-04-29 12:06:58,277 ] 87 root - INFO -  Hypothesis az_001:float64,float64
[ 2023-04-29 12:06:58,287 ] 87 root - INFO -  Hypothesis az_002:float64,float64
[ 2023-04-29 12:06:58,302 ] 87 root - INFO -  Hypothesis az_003:float64,float64
[ 2023-04-29 12:06:58,313 ] 87 root - INFO -  Hypothesis az_004:float64,float64
[ 2023-04-29 12:06:58,323 ] 87 root - INFO -  Hypothesis az_005:float64,float64
[ 2023-04-29 12:06:58,334 ] 87 root - INFO -  Hypothesis az_006:float64,float64
[ 2023-04-29 12:06:58,344 ] 87 root - INFO -  Hypothesis az_007:float64,float64
[ 2023-04-29 12:06:58,352 ] 87 root - INFO -  Hypothesis az_008:float64,float64
[ 2023-04-29 12:06:58,359 ] 87 root - INFO -  Hypothesis az_009:float64,float64
[ 2023-04-29 12:06:58,382 ] 87 root - INFO -  Hypothesis ba_000:float64,float64
[ 2023-04-29 12:06:58,394 ] 87 root - INFO -  Hypothesis ba_001:float64,float64
[ 2023-04-29 12:06:58,405 ] 87 root - INFO -  Hypothesis ba_002:float64,float64
[ 2023-04-29 12:06:58,415 ] 87 root - INFO -  Hypothesis ba_003:float64,float64
[ 2023-04-29 12:06:58,440 ] 87 root - INFO -  Hypothesis ba_004:float64,float64
[ 2023-04-29 12:06:58,451 ] 87 root - INFO -  Hypothesis ba_005:float64,float64
[ 2023-04-29 12:06:58,462 ] 87 root - INFO -  Hypothesis ba_006:float64,float64
[ 2023-04-29 12:06:58,491 ] 87 root - INFO -  Hypothesis ba_007:float64,float64
[ 2023-04-29 12:06:58,501 ] 87 root - INFO -  Hypothesis ba_008:float64,float64
[ 2023-04-29 12:06:58,511 ] 87 root - INFO -  Hypothesis ba_009:float64,float64
[ 2023-04-29 12:06:58,519 ] 87 root - INFO -  Hypothesis bb_000:float64,float64
[ 2023-04-29 12:06:58,530 ] 87 root - INFO -  Hypothesis bc_000:float64,float64
[ 2023-04-29 12:06:58,539 ] 87 root - INFO -  Hypothesis bd_000:float64,float64
[ 2023-04-29 12:06:58,548 ] 87 root - INFO -  Hypothesis be_000:float64,float64
[ 2023-04-29 12:06:58,558 ] 87 root - INFO -  Hypothesis bf_000:float64,float64
[ 2023-04-29 12:06:58,567 ] 87 root - INFO -  Hypothesis bg_000:float64,float64
[ 2023-04-29 12:06:58,582 ] 87 root - INFO -  Hypothesis bh_000:float64,float64
[ 2023-04-29 12:06:58,593 ] 87 root - INFO -  Hypothesis bi_000:float64,float64
[ 2023-04-29 12:06:58,604 ] 87 root - INFO -  Hypothesis bj_000:float64,float64
[ 2023-04-29 12:06:58,615 ] 87 root - INFO -  Hypothesis bs_000:float64,float64
[ 2023-04-29 12:06:58,626 ] 87 root - INFO -  Hypothesis bt_000:float64,float64
[ 2023-04-29 12:06:58,637 ] 87 root - INFO -  Hypothesis bu_000:float64,float64
[ 2023-04-29 12:06:58,647 ] 87 root - INFO -  Hypothesis bv_000:float64,float64
[ 2023-04-29 12:06:58,658 ] 87 root - INFO -  Hypothesis bx_000:float64,float64
[ 2023-04-29 12:06:58,669 ] 87 root - INFO -  Hypothesis by_000:float64,float64
[ 2023-04-29 12:06:58,680 ] 87 root - INFO -  Hypothesis bz_000:float64,float64
[ 2023-04-29 12:06:58,690 ] 87 root - INFO -  Hypothesis ca_000:float64,float64
[ 2023-04-29 12:06:58,701 ] 87 root - INFO -  Hypothesis cb_000:float64,float64
[ 2023-04-29 12:06:58,712 ] 87 root - INFO -  Hypothesis cc_000:float64,float64
[ 2023-04-29 12:06:58,722 ] 87 root - INFO -  Hypothesis cd_000:float64,float64
[ 2023-04-29 12:06:58,732 ] 87 root - INFO -  Hypothesis ce_000:float64,float64
[ 2023-04-29 12:06:58,742 ] 87 root - INFO -  Hypothesis ci_000:float64,float64
[ 2023-04-29 12:06:58,752 ] 87 root - INFO -  Hypothesis cj_000:float64,float64
[ 2023-04-29 12:06:58,764 ] 87 root - INFO -  Hypothesis ck_000:float64,float64
[ 2023-04-29 12:06:58,774 ] 87 root - INFO -  Hypothesis cl_000:float64,float64
[ 2023-04-29 12:06:58,781 ] 87 root - INFO -  Hypothesis cm_000:float64,float64
[ 2023-04-29 12:06:58,788 ] 87 root - INFO -  Hypothesis cn_000:float64,float64
[ 2023-04-29 12:06:58,811 ] 87 root - INFO -  Hypothesis cn_001:float64,float64
[ 2023-04-29 12:06:58,817 ] 87 root - INFO -  Hypothesis cn_002:float64,float64
[ 2023-04-29 12:06:58,833 ] 87 root - INFO -  Hypothesis cn_003:float64,float64
[ 2023-04-29 12:06:58,843 ] 87 root - INFO -  Hypothesis cn_004:float64,float64
[ 2023-04-29 12:06:58,870 ] 87 root - INFO -  Hypothesis cn_005:float64,float64
[ 2023-04-29 12:06:58,894 ] 87 root - INFO -  Hypothesis cn_006:float64,float64
[ 2023-04-29 12:06:58,903 ] 87 root - INFO -  Hypothesis cn_007:float64,float64
[ 2023-04-29 12:06:58,913 ] 87 root - INFO -  Hypothesis cn_008:float64,float64
[ 2023-04-29 12:06:58,923 ] 87 root - INFO -  Hypothesis cn_009:float64,float64
[ 2023-04-29 12:06:58,931 ] 87 root - INFO -  Hypothesis cp_000:float64,float64
[ 2023-04-29 12:06:58,946 ] 87 root - INFO -  Hypothesis cq_000:float64,float64
[ 2023-04-29 12:06:58,960 ] 87 root - INFO -  Hypothesis cs_000:float64,float64
[ 2023-04-29 12:06:58,970 ] 87 root - INFO -  Hypothesis cs_001:float64,float64
[ 2023-04-29 12:06:58,987 ] 87 root - INFO -  Hypothesis cs_002:float64,float64
[ 2023-04-29 12:06:58,998 ] 87 root - INFO -  Hypothesis cs_003:float64,float64
[ 2023-04-29 12:06:59,012 ] 87 root - INFO -  Hypothesis cs_004:float64,float64
[ 2023-04-29 12:06:59,039 ] 87 root - INFO -  Hypothesis cs_005:float64,float64
[ 2023-04-29 12:06:59,049 ] 87 root - INFO -  Hypothesis cs_006:float64,float64
[ 2023-04-29 12:06:59,064 ] 87 root - INFO -  Hypothesis cs_007:float64,float64
[ 2023-04-29 12:06:59,083 ] 87 root - INFO -  Hypothesis cs_008:float64,float64
[ 2023-04-29 12:06:59,091 ] 87 root - INFO -  Hypothesis cs_009:float64,float64
[ 2023-04-29 12:06:59,126 ] 87 root - INFO -  Hypothesis dd_000:float64,float64
[ 2023-04-29 12:06:59,136 ] 87 root - INFO -  Hypothesis de_000:float64,float64
[ 2023-04-29 12:06:59,154 ] 87 root - INFO -  Hypothesis df_000:float64,float64
[ 2023-04-29 12:06:59,184 ] 87 root - INFO -  Hypothesis dg_000:float64,float64
[ 2023-04-29 12:06:59,212 ] 87 root - INFO -  Hypothesis dh_000:float64,float64
[ 2023-04-29 12:06:59,219 ] 87 root - INFO -  Hypothesis di_000:float64,float64
[ 2023-04-29 12:06:59,234 ] 87 root - INFO -  Hypothesis dj_000:float64,float64
[ 2023-04-29 12:06:59,273 ] 87 root - INFO -  Hypothesis dk_000:float64,float64
[ 2023-04-29 12:06:59,304 ] 87 root - INFO -  Hypothesis dl_000:float64,float64
[ 2023-04-29 12:06:59,337 ] 87 root - INFO -  Hypothesis dm_000:float64,float64
[ 2023-04-29 12:06:59,376 ] 87 root - INFO -  Hypothesis dn_000:float64,float64
[ 2023-04-29 12:06:59,387 ] 87 root - INFO -  Hypothesis do_000:float64,float64
[ 2023-04-29 12:06:59,400 ] 87 root - INFO -  Hypothesis dp_000:float64,float64
[ 2023-04-29 12:06:59,411 ] 87 root - INFO -  Hypothesis dq_000:float64,float64
[ 2023-04-29 12:06:59,422 ] 87 root - INFO -  Hypothesis dr_000:float64,float64
[ 2023-04-29 12:06:59,430 ] 87 root - INFO -  Hypothesis ds_000:float64,float64
[ 2023-04-29 12:06:59,440 ] 87 root - INFO -  Hypothesis dt_000:float64,float64
[ 2023-04-29 12:06:59,459 ] 87 root - INFO -  Hypothesis du_000:float64,float64
[ 2023-04-29 12:06:59,469 ] 87 root - INFO -  Hypothesis dv_000:float64,float64
[ 2023-04-29 12:06:59,479 ] 87 root - INFO -  Hypothesis dx_000:float64,float64
[ 2023-04-29 12:06:59,491 ] 87 root - INFO -  Hypothesis dy_000:float64,float64
[ 2023-04-29 12:06:59,499 ] 87 root - INFO -  Hypothesis dz_000:float64,float64
[ 2023-04-29 12:06:59,538 ] 87 root - INFO -  Hypothesis ea_000:float64,float64
[ 2023-04-29 12:06:59,565 ] 87 root - INFO -  Hypothesis eb_000:float64,float64
[ 2023-04-29 12:06:59,575 ] 87 root - INFO -  Hypothesis ec_00:float64,float64
[ 2023-04-29 12:06:59,589 ] 87 root - INFO -  Hypothesis ed_000:float64,float64
[ 2023-04-29 12:06:59,599 ] 87 root - INFO -  Hypothesis ee_000:float64,float64
[ 2023-04-29 12:06:59,610 ] 87 root - INFO -  Hypothesis ee_001:float64,float64
[ 2023-04-29 12:06:59,626 ] 87 root - INFO -  Hypothesis ee_002:float64,float64
[ 2023-04-29 12:06:59,637 ] 87 root - INFO -  Hypothesis ee_003:float64,float64
[ 2023-04-29 12:06:59,665 ] 87 root - INFO -  Hypothesis ee_004:float64,float64
[ 2023-04-29 12:06:59,676 ] 87 root - INFO -  Hypothesis ee_005:float64,float64
[ 2023-04-29 12:06:59,687 ] 87 root - INFO -  Hypothesis ee_006:float64,float64
[ 2023-04-29 12:06:59,701 ] 87 root - INFO -  Hypothesis ee_007:float64,float64
[ 2023-04-29 12:06:59,711 ] 87 root - INFO -  Hypothesis ee_008:float64,float64
[ 2023-04-29 12:06:59,725 ] 87 root - INFO -  Hypothesis ee_009:float64,float64
[ 2023-04-29 12:06:59,734 ] 87 root - INFO -  Hypothesis ef_000:float64,float64
[ 2023-04-29 12:06:59,761 ] 87 root - INFO -  Hypothesis eg_000:float64,float64
[ 2023-04-29 12:06:59,788 ] 152 root - INFO - writing report in yaml file
[ 2023-04-29 12:06:59,908 ] 157 root - INFO - Data validation artifact:DataValidationArtifact(report_file_path='/config/workspace/artifact/04292023__120617/data_validation/report.yaml') 
[ 2023-04-29 12:07:01,722 ] 62 root - INFO - Before resampling in Training set input :(28950, 170) Target:(28950,)
[ 2023-04-29 12:08:05,967 ] 64 root - INFO - After resampling in Training set input :(56146, 170) Target:(56146,)
[ 2023-04-29 12:08:05,968 ] 66 root - INFO - Before resampling in Testing set input :(7238, 170) Target:(7238,)
[ 2023-04-29 12:08:15,762 ] 68 root - INFO - After resampling in Testing set input :(56146, 170) Target:(56146,)
[ 2023-04-29 12:08:16,083 ] 54 root - INFO - Entered the save_object method of utils
[ 2023-04-29 12:08:16,088 ] 58 root - INFO - Exited the save_object method of utils
[ 2023-04-29 12:08:16,088 ] 54 root - INFO - Entered the save_object method of utils
[ 2023-04-29 12:08:16,090 ] 58 root - INFO - Exited the save_object method of utils
[ 2023-04-29 12:08:16,091 ] 92 root - INFO - Data transformation objectDataTransformationArtifact(transform_object_path='/config/workspace/artifact/04292023__120617/data_transformation/transformer/transform.pkl', transformed_train_path='/config/workspace/artifact/04292023__120617/data_transformation/transformed/train.npz', transformed_test_path='/config/workspace/artifact/04292023__120617/data_transformation/transformed/test.npz', target_encoder_path='/config/workspace/artifact/04292023__120617/data_transformation/target_encoder/target_encoder.pkl')
[ 2023-04-29 12:08:16,093 ] 33 root - INFO - Loading train and test array
[ 2023-04-29 12:08:16,168 ] 37 root - INFO - splitting target and input feature from  both train and tesy array
[ 2023-04-29 12:08:16,168 ] 41 root - INFO - Train the model
[ 2023-04-29 12:12:46,249 ] 44 root - INFO - calculating f1 train score
[ 2023-04-29 12:12:46,539 ] 48 root - INFO - calculating f1 test score
[ 2023-04-29 12:12:46,640 ] 52 root - INFO - train score: 1.0and test score 0.9892165964436191
[ 2023-04-29 12:12:46,665 ] 54 root - INFO - checking our model is underfitted or not
[ 2023-04-29 12:12:46,665 ] 58 root - INFO - checking our model is overfitted or not
