[ 2023-04-29 11:36:17,438 ] 15 root - INFO - >>>>>>>>>>>>>>>>>>>>>>>>>>>>>>>>>>>>>>>> Data Ingestion <<<<<<<<<<<<<<<<<<<<<<<<<<<<<<<<<<<<<<<<
[ 2023-04-29 11:36:17,438 ] 22 root - INFO - Exporting collection data as pandas dataframe
[ 2023-04-29 11:36:17,438 ] 21 root - INFO - Reading data from database:aps and collection sensor
[ 2023-04-29 11:36:24,190 ] 23 root - INFO - Found columns:Index(['_id', 'class', 'aa_000', 'ab_000', 'ac_000', 'ad_000', 'ae_000',
       'af_000', 'ag_000', 'ag_001',
       ...
       'ee_002', 'ee_003', 'ee_004', 'ee_005', 'ee_006', 'ee_007', 'ee_008',
       'ee_009', 'ef_000', 'eg_000'],
      dtype='object', length=172)
[ 2023-04-29 11:36:24,191 ] 25 root - INFO - dropping column :_id
[ 2023-04-29 11:36:25,154 ] 27 root - INFO - row and col in df:(36188, 171)
[ 2023-04-29 11:36:25,154 ] 28 root - INFO - Save data in feature store
[ 2023-04-29 11:36:28,093 ] 32 root - INFO - Create feature store folder if not available
[ 2023-04-29 11:36:28,094 ] 38 root - INFO - Save df to feature store folder
[ 2023-04-29 11:36:31,278 ] 42 root - INFO - split dataset into train and test set
[ 2023-04-29 11:36:31,998 ] 46 root - INFO - create dataset directory folder if not available
[ 2023-04-29 11:36:31,999 ] 51 root - INFO - Save df to feature store folder
[ 2023-04-29 11:36:35,465 ] 63 root - INFO - Data ingestion artifact: DataIngestionArtifact(feature_store_file_path='/config/workspace/artifact/04292023__113617/data_ingestion/feature_store/sensor.csv', train_file_path='/config/workspace/artifact/04292023__113617/data_ingestion/dataset/train.csv', test_file_path='/config/workspace/artifact/04292023__113617/data_ingestion/dataset/test.csv')
[ 2023-04-29 11:36:36,477 ] 18 root - INFO - >>>>>>>>>>>>>>>>>>>>>>>>>>>>>>>>>>>>>>>> Data Validation <<<<<<<<<<<<<<<<<<<<<<<<<<<<<<<<<<<<<<<<
[ 2023-04-29 11:36:36,479 ] 113 root - INFO - Reading base dataframe
[ 2023-04-29 11:36:40,643 ] 116 root - INFO - Replace na values in dataframe
[ 2023-04-29 11:36:40,644 ] 119 root - INFO - drop null values from base dataframe
[ 2023-04-29 11:36:40,993 ] 40 root - INFO - selecting column name which contains null above to 0.2
[ 2023-04-29 11:36:40,994 ] 43 root - INFO - columns to drop: ['ab_000', 'ad_000', 'bk_000', 'bl_000', 'bm_000', 'bn_000', 'bo_000', 'bp_000', 'bq_000', 'br_000', 'cf_000', 'cg_000', 'ch_000', 'co_000', 'cr_000', 'ct_000', 'cu_000', 'cv_000', 'cx_000', 'cy_000', 'cz_000', 'da_000', 'db_000', 'dc_000']
[ 2023-04-29 11:36:41,132 ] 122 root - INFO - Reading train dataframe
[ 2023-04-29 11:36:41,729 ] 124 root - INFO - Reading test dataframe
[ 2023-04-29 11:36:41,887 ] 127 root - INFO - drop null values from train dataframe
[ 2023-04-29 11:36:41,902 ] 40 root - INFO - selecting column name which contains null above to 0.2
[ 2023-04-29 11:36:41,902 ] 43 root - INFO - columns to drop: ['ab_000', 'ad_000', 'bk_000', 'bl_000', 'bm_000', 'bn_000', 'bo_000', 'bp_000', 'bq_000', 'br_000', 'cf_000', 'cg_000', 'ch_000', 'co_000', 'cr_000', 'ct_000', 'cu_000', 'cv_000', 'cx_000', 'cy_000', 'cz_000', 'da_000', 'db_000', 'dc_000']
[ 2023-04-29 11:36:41,920 ] 129 root - INFO - drop null values from test dataframe
[ 2023-04-29 11:36:41,925 ] 40 root - INFO - selecting column name which contains null above to 0.2
[ 2023-04-29 11:36:41,926 ] 43 root - INFO - columns to drop: ['ab_000', 'ad_000', 'bk_000', 'bl_000', 'bm_000', 'bn_000', 'bo_000', 'bp_000', 'bq_000', 'br_000', 'cf_000', 'cg_000', 'ch_000', 'co_000', 'cr_000', 'ct_000', 'cu_000', 'cv_000', 'cx_000', 'cy_000', 'cz_000', 'da_000', 'db_000', 'dc_000']
[ 2023-04-29 11:36:43,273 ] 139 root - INFO - is all required columns present in train df 
[ 2023-04-29 11:36:43,273 ] 141 root - INFO - is all required columns present in test df 
[ 2023-04-29 11:36:43,274 ] 145 root - INFO - as all column are available in train hence detecting data drift
[ 2023-04-29 11:36:43,274 ] 87 root - INFO -  Hypothesis class:object,object
[ 2023-04-29 11:36:43,472 ] 87 root - INFO -  Hypothesis aa_000:float64,float64
[ 2023-04-29 11:36:43,528 ] 87 root - INFO -  Hypothesis ac_000:float64,float64
[ 2023-04-29 11:36:43,583 ] 87 root - INFO -  Hypothesis ae_000:float64,float64
[ 2023-04-29 11:36:43,632 ] 87 root - INFO -  Hypothesis af_000:float64,float64
[ 2023-04-29 11:36:43,683 ] 87 root - INFO -  Hypothesis ag_000:float64,float64
[ 2023-04-29 11:36:43,731 ] 87 root - INFO -  Hypothesis ag_001:float64,float64
[ 2023-04-29 11:36:43,780 ] 87 root - INFO -  Hypothesis ag_002:float64,float64
[ 2023-04-29 11:36:43,830 ] 87 root - INFO -  Hypothesis ag_003:float64,float64
[ 2023-04-29 11:36:43,840 ] 87 root - INFO -  Hypothesis ag_004:float64,float64
[ 2023-04-29 11:36:43,897 ] 87 root - INFO -  Hypothesis ag_005:float64,float64
[ 2023-04-29 11:36:43,954 ] 87 root - INFO -  Hypothesis ag_006:float64,float64
[ 2023-04-29 11:36:44,013 ] 87 root - INFO -  Hypothesis ag_007:float64,float64
[ 2023-04-29 11:36:44,068 ] 87 root - INFO -  Hypothesis ag_008:float64,float64
[ 2023-04-29 11:36:44,122 ] 87 root - INFO -  Hypothesis ag_009:float64,float64
[ 2023-04-29 11:36:44,174 ] 87 root - INFO -  Hypothesis ah_000:float64,float64
[ 2023-04-29 11:36:44,230 ] 87 root - INFO -  Hypothesis ai_000:float64,float64
[ 2023-04-29 11:36:44,281 ] 87 root - INFO -  Hypothesis aj_000:float64,float64
[ 2023-04-29 11:36:44,334 ] 87 root - INFO -  Hypothesis ak_000:float64,float64
[ 2023-04-29 11:36:44,385 ] 87 root - INFO -  Hypothesis al_000:float64,float64
[ 2023-04-29 11:36:44,438 ] 87 root - INFO -  Hypothesis am_0:float64,float64
[ 2023-04-29 11:36:44,491 ] 87 root - INFO -  Hypothesis an_000:float64,float64
[ 2023-04-29 11:36:44,547 ] 87 root - INFO -  Hypothesis ao_000:float64,float64
[ 2023-04-29 11:36:44,602 ] 87 root - INFO -  Hypothesis ap_000:float64,float64
[ 2023-04-29 11:36:44,658 ] 87 root - INFO -  Hypothesis aq_000:float64,float64
[ 2023-04-29 11:36:44,715 ] 87 root - INFO -  Hypothesis ar_000:float64,float64
[ 2023-04-29 11:36:44,763 ] 87 root - INFO -  Hypothesis as_000:float64,float64
[ 2023-04-29 11:36:44,813 ] 87 root - INFO -  Hypothesis at_000:float64,float64
[ 2023-04-29 11:36:44,865 ] 87 root - INFO -  Hypothesis au_000:float64,float64
[ 2023-04-29 11:36:44,913 ] 87 root - INFO -  Hypothesis av_000:float64,float64
[ 2023-04-29 11:36:44,925 ] 87 root - INFO -  Hypothesis ax_000:float64,float64
[ 2023-04-29 11:36:44,937 ] 87 root - INFO -  Hypothesis ay_000:float64,float64
[ 2023-04-29 11:36:44,987 ] 87 root - INFO -  Hypothesis ay_001:float64,float64
[ 2023-04-29 11:36:45,037 ] 87 root - INFO -  Hypothesis ay_002:float64,float64
[ 2023-04-29 11:36:45,090 ] 87 root - INFO -  Hypothesis ay_003:float64,float64
[ 2023-04-29 11:36:45,141 ] 87 root - INFO -  Hypothesis ay_004:float64,float64
[ 2023-04-29 11:36:45,191 ] 87 root - INFO -  Hypothesis ay_005:float64,float64
[ 2023-04-29 11:36:45,246 ] 87 root - INFO -  Hypothesis ay_006:float64,float64
[ 2023-04-29 11:36:45,259 ] 87 root - INFO -  Hypothesis ay_007:float64,float64
[ 2023-04-29 11:36:45,317 ] 87 root - INFO -  Hypothesis ay_008:float64,float64
[ 2023-04-29 11:36:45,331 ] 87 root - INFO -  Hypothesis ay_009:float64,float64
[ 2023-04-29 11:36:45,378 ] 87 root - INFO -  Hypothesis az_000:float64,float64
[ 2023-04-29 11:36:45,392 ] 87 root - INFO -  Hypothesis az_001:float64,float64
[ 2023-04-29 11:36:45,405 ] 87 root - INFO -  Hypothesis az_002:float64,float64
[ 2023-04-29 11:36:45,462 ] 87 root - INFO -  Hypothesis az_003:float64,float64
[ 2023-04-29 11:36:45,475 ] 87 root - INFO -  Hypothesis az_004:float64,float64
[ 2023-04-29 11:36:45,530 ] 87 root - INFO -  Hypothesis az_005:float64,float64
[ 2023-04-29 11:36:45,587 ] 87 root - INFO -  Hypothesis az_006:float64,float64
[ 2023-04-29 11:36:45,600 ] 87 root - INFO -  Hypothesis az_007:float64,float64
[ 2023-04-29 11:36:45,653 ] 87 root - INFO -  Hypothesis az_008:float64,float64
[ 2023-04-29 11:36:45,702 ] 87 root - INFO -  Hypothesis az_009:float64,float64
[ 2023-04-29 11:36:45,753 ] 87 root - INFO -  Hypothesis ba_000:float64,float64
[ 2023-04-29 11:36:45,812 ] 87 root - INFO -  Hypothesis ba_001:float64,float64
[ 2023-04-29 11:36:45,870 ] 87 root - INFO -  Hypothesis ba_002:float64,float64
[ 2023-04-29 11:36:45,925 ] 87 root - INFO -  Hypothesis ba_003:float64,float64
[ 2023-04-29 11:36:45,983 ] 87 root - INFO -  Hypothesis ba_004:float64,float64
[ 2023-04-29 11:36:46,039 ] 87 root - INFO -  Hypothesis ba_005:float64,float64
[ 2023-04-29 11:36:46,095 ] 87 root - INFO -  Hypothesis ba_006:float64,float64
[ 2023-04-29 11:36:46,109 ] 87 root - INFO -  Hypothesis ba_007:float64,float64
[ 2023-04-29 11:36:46,166 ] 87 root - INFO -  Hypothesis ba_008:float64,float64
[ 2023-04-29 11:36:46,221 ] 87 root - INFO -  Hypothesis ba_009:float64,float64
[ 2023-04-29 11:36:46,275 ] 87 root - INFO -  Hypothesis bb_000:float64,float64
[ 2023-04-29 11:36:46,332 ] 87 root - INFO -  Hypothesis bc_000:float64,float64
[ 2023-04-29 11:36:46,343 ] 87 root - INFO -  Hypothesis bd_000:float64,float64
[ 2023-04-29 11:36:46,355 ] 87 root - INFO -  Hypothesis be_000:float64,float64
[ 2023-04-29 11:36:46,368 ] 87 root - INFO -  Hypothesis bf_000:float64,float64
[ 2023-04-29 11:36:46,422 ] 87 root - INFO -  Hypothesis bg_000:float64,float64
[ 2023-04-29 11:36:46,480 ] 87 root - INFO -  Hypothesis bh_000:float64,float64
[ 2023-04-29 11:36:46,536 ] 87 root - INFO -  Hypothesis bi_000:float64,float64
[ 2023-04-29 11:36:46,595 ] 87 root - INFO -  Hypothesis bj_000:float64,float64
[ 2023-04-29 11:36:46,652 ] 87 root - INFO -  Hypothesis bs_000:float64,float64
[ 2023-04-29 11:36:46,715 ] 87 root - INFO -  Hypothesis bt_000:float64,float64
[ 2023-04-29 11:36:46,770 ] 87 root - INFO -  Hypothesis bu_000:float64,float64
[ 2023-04-29 11:36:46,827 ] 87 root - INFO -  Hypothesis bv_000:float64,float64
[ 2023-04-29 11:36:46,884 ] 87 root - INFO -  Hypothesis bx_000:float64,float64
[ 2023-04-29 11:36:46,939 ] 87 root - INFO -  Hypothesis by_000:float64,float64
[ 2023-04-29 11:36:46,993 ] 87 root - INFO -  Hypothesis bz_000:float64,float64
[ 2023-04-29 11:36:47,006 ] 87 root - INFO -  Hypothesis ca_000:float64,float64
[ 2023-04-29 11:36:47,020 ] 87 root - INFO -  Hypothesis cb_000:float64,float64
[ 2023-04-29 11:36:47,075 ] 87 root - INFO -  Hypothesis cc_000:float64,float64
[ 2023-04-29 11:36:47,133 ] 87 root - INFO -  Hypothesis cd_000:float64,float64
[ 2023-04-29 11:36:47,142 ] 87 root - INFO -  Hypothesis ce_000:float64,float64
[ 2023-04-29 11:36:47,199 ] 87 root - INFO -  Hypothesis ci_000:float64,float64
[ 2023-04-29 11:36:47,256 ] 87 root - INFO -  Hypothesis cj_000:float64,float64
[ 2023-04-29 11:36:47,265 ] 87 root - INFO -  Hypothesis ck_000:float64,float64
[ 2023-04-29 11:36:47,323 ] 87 root - INFO -  Hypothesis cl_000:float64,float64
[ 2023-04-29 11:36:47,332 ] 87 root - INFO -  Hypothesis cm_000:float64,float64
[ 2023-04-29 11:36:47,387 ] 87 root - INFO -  Hypothesis cn_000:float64,float64
[ 2023-04-29 11:36:47,438 ] 87 root - INFO -  Hypothesis cn_001:float64,float64
[ 2023-04-29 11:36:47,489 ] 87 root - INFO -  Hypothesis cn_002:float64,float64
[ 2023-04-29 11:36:47,544 ] 87 root - INFO -  Hypothesis cn_003:float64,float64
[ 2023-04-29 11:36:47,559 ] 87 root - INFO -  Hypothesis cn_004:float64,float64
[ 2023-04-29 11:36:47,614 ] 87 root - INFO -  Hypothesis cn_005:float64,float64
[ 2023-04-29 11:36:47,671 ] 87 root - INFO -  Hypothesis cn_006:float64,float64
[ 2023-04-29 11:36:47,685 ] 87 root - INFO -  Hypothesis cn_007:float64,float64
[ 2023-04-29 11:36:47,698 ] 87 root - INFO -  Hypothesis cn_008:float64,float64
[ 2023-04-29 11:36:47,711 ] 87 root - INFO -  Hypothesis cn_009:float64,float64
[ 2023-04-29 11:36:47,766 ] 87 root - INFO -  Hypothesis cp_000:float64,float64
[ 2023-04-29 11:36:47,821 ] 87 root - INFO -  Hypothesis cq_000:float64,float64
[ 2023-04-29 11:36:47,878 ] 87 root - INFO -  Hypothesis cs_000:float64,float64
[ 2023-04-29 11:36:47,891 ] 87 root - INFO -  Hypothesis cs_001:float64,float64
[ 2023-04-29 11:36:47,948 ] 87 root - INFO -  Hypothesis cs_002:float64,float64
[ 2023-04-29 11:36:48,005 ] 87 root - INFO -  Hypothesis cs_003:float64,float64
[ 2023-04-29 11:36:48,062 ] 87 root - INFO -  Hypothesis cs_004:float64,float64
[ 2023-04-29 11:36:48,076 ] 87 root - INFO -  Hypothesis cs_005:float64,float64
[ 2023-04-29 11:36:48,133 ] 87 root - INFO -  Hypothesis cs_006:float64,float64
[ 2023-04-29 11:36:48,148 ] 87 root - INFO -  Hypothesis cs_007:float64,float64
[ 2023-04-29 11:36:48,162 ] 87 root - INFO -  Hypothesis cs_008:float64,float64
[ 2023-04-29 11:36:48,217 ] 87 root - INFO -  Hypothesis cs_009:float64,float64
[ 2023-04-29 11:36:48,266 ] 87 root - INFO -  Hypothesis dd_000:float64,float64
[ 2023-04-29 11:36:48,321 ] 87 root - INFO -  Hypothesis de_000:float64,float64
[ 2023-04-29 11:36:48,333 ] 87 root - INFO -  Hypothesis df_000:float64,float64
[ 2023-04-29 11:36:48,383 ] 87 root - INFO -  Hypothesis dg_000:float64,float64
[ 2023-04-29 11:36:48,437 ] 87 root - INFO -  Hypothesis dh_000:float64,float64
[ 2023-04-29 11:36:48,446 ] 87 root - INFO -  Hypothesis di_000:float64,float64
[ 2023-04-29 11:36:48,456 ] 87 root - INFO -  Hypothesis dj_000:float64,float64
[ 2023-04-29 11:36:48,504 ] 87 root - INFO -  Hypothesis dk_000:float64,float64
[ 2023-04-29 11:36:48,555 ] 87 root - INFO -  Hypothesis dl_000:float64,float64
[ 2023-04-29 11:36:48,608 ] 87 root - INFO -  Hypothesis dm_000:float64,float64
[ 2023-04-29 11:36:48,659 ] 87 root - INFO -  Hypothesis dn_000:float64,float64
[ 2023-04-29 11:36:48,717 ] 87 root - INFO -  Hypothesis do_000:float64,float64
[ 2023-04-29 11:36:48,730 ] 87 root - INFO -  Hypothesis dp_000:float64,float64
[ 2023-04-29 11:36:48,787 ] 87 root - INFO -  Hypothesis dq_000:float64,float64
[ 2023-04-29 11:36:48,797 ] 87 root - INFO -  Hypothesis dr_000:float64,float64
[ 2023-04-29 11:36:48,806 ] 87 root - INFO -  Hypothesis ds_000:float64,float64
[ 2023-04-29 11:36:48,820 ] 87 root - INFO -  Hypothesis dt_000:float64,float64
[ 2023-04-29 11:36:48,834 ] 87 root - INFO -  Hypothesis du_000:float64,float64
[ 2023-04-29 11:36:48,889 ] 87 root - INFO -  Hypothesis dv_000:float64,float64
[ 2023-04-29 11:36:48,945 ] 87 root - INFO -  Hypothesis dx_000:float64,float64
[ 2023-04-29 11:36:48,955 ] 87 root - INFO -  Hypothesis dy_000:float64,float64
[ 2023-04-29 11:36:48,966 ] 87 root - INFO -  Hypothesis dz_000:float64,float64
[ 2023-04-29 11:36:49,017 ] 87 root - INFO -  Hypothesis ea_000:float64,float64
[ 2023-04-29 11:36:49,067 ] 87 root - INFO -  Hypothesis eb_000:float64,float64
[ 2023-04-29 11:36:49,122 ] 87 root - INFO -  Hypothesis ec_00:float64,float64
[ 2023-04-29 11:36:49,176 ] 87 root - INFO -  Hypothesis ed_000:float64,float64
[ 2023-04-29 11:36:49,230 ] 87 root - INFO -  Hypothesis ee_000:float64,float64
[ 2023-04-29 11:36:49,287 ] 87 root - INFO -  Hypothesis ee_001:float64,float64
[ 2023-04-29 11:36:49,343 ] 87 root - INFO -  Hypothesis ee_002:float64,float64
[ 2023-04-29 11:36:49,400 ] 87 root - INFO -  Hypothesis ee_003:float64,float64
[ 2023-04-29 11:36:49,414 ] 87 root - INFO -  Hypothesis ee_004:float64,float64
[ 2023-04-29 11:36:49,428 ] 87 root - INFO -  Hypothesis ee_005:float64,float64
[ 2023-04-29 11:36:49,442 ] 87 root - INFO -  Hypothesis ee_006:float64,float64
[ 2023-04-29 11:36:49,455 ] 87 root - INFO -  Hypothesis ee_007:float64,float64
[ 2023-04-29 11:36:49,512 ] 87 root - INFO -  Hypothesis ee_008:float64,float64
[ 2023-04-29 11:36:49,525 ] 87 root - INFO -  Hypothesis ee_009:float64,float64
[ 2023-04-29 11:36:49,536 ] 87 root - INFO -  Hypothesis ef_000:float64,float64
[ 2023-04-29 11:36:49,585 ] 87 root - INFO -  Hypothesis eg_000:float64,float64
[ 2023-04-29 11:36:49,635 ] 148 root - INFO - as all column are available in test hence detecting data drift
[ 2023-04-29 11:36:49,636 ] 87 root - INFO -  Hypothesis class:object,object
[ 2023-04-29 11:36:49,743 ] 87 root - INFO -  Hypothesis aa_000:float64,float64
[ 2023-04-29 11:36:49,753 ] 87 root - INFO -  Hypothesis ac_000:float64,float64
[ 2023-04-29 11:36:49,761 ] 87 root - INFO -  Hypothesis ae_000:float64,float64
[ 2023-04-29 11:36:49,784 ] 87 root - INFO -  Hypothesis af_000:float64,float64
[ 2023-04-29 11:36:49,806 ] 87 root - INFO -  Hypothesis ag_000:float64,float64
[ 2023-04-29 11:36:49,828 ] 87 root - INFO -  Hypothesis ag_001:float64,float64
[ 2023-04-29 11:36:49,850 ] 87 root - INFO -  Hypothesis ag_002:float64,float64
[ 2023-04-29 11:36:49,856 ] 87 root - INFO -  Hypothesis ag_003:float64,float64
[ 2023-04-29 11:36:49,863 ] 87 root - INFO -  Hypothesis ag_004:float64,float64
[ 2023-04-29 11:36:49,873 ] 87 root - INFO -  Hypothesis ag_005:float64,float64
[ 2023-04-29 11:36:49,883 ] 87 root - INFO -  Hypothesis ag_006:float64,float64
[ 2023-04-29 11:36:49,893 ] 87 root - INFO -  Hypothesis ag_007:float64,float64
[ 2023-04-29 11:36:49,902 ] 87 root - INFO -  Hypothesis ag_008:float64,float64
[ 2023-04-29 11:36:49,911 ] 87 root - INFO -  Hypothesis ag_009:float64,float64
[ 2023-04-29 11:36:49,918 ] 87 root - INFO -  Hypothesis ah_000:float64,float64
[ 2023-04-29 11:36:49,928 ] 87 root - INFO -  Hypothesis ai_000:float64,float64
[ 2023-04-29 11:36:49,934 ] 87 root - INFO -  Hypothesis aj_000:float64,float64
[ 2023-04-29 11:36:49,941 ] 87 root - INFO -  Hypothesis ak_000:float64,float64
[ 2023-04-29 11:36:49,963 ] 87 root - INFO -  Hypothesis al_000:float64,float64
[ 2023-04-29 11:36:49,971 ] 87 root - INFO -  Hypothesis am_0:float64,float64
[ 2023-04-29 11:36:49,978 ] 87 root - INFO -  Hypothesis an_000:float64,float64
[ 2023-04-29 11:36:49,988 ] 87 root - INFO -  Hypothesis ao_000:float64,float64
[ 2023-04-29 11:36:49,998 ] 87 root - INFO -  Hypothesis ap_000:float64,float64
[ 2023-04-29 11:36:50,009 ] 87 root - INFO -  Hypothesis aq_000:float64,float64
[ 2023-04-29 11:36:50,018 ] 87 root - INFO -  Hypothesis ar_000:float64,float64
[ 2023-04-29 11:36:50,040 ] 87 root - INFO -  Hypothesis as_000:float64,float64
[ 2023-04-29 11:36:50,062 ] 87 root - INFO -  Hypothesis at_000:float64,float64
[ 2023-04-29 11:36:50,068 ] 87 root - INFO -  Hypothesis au_000:float64,float64
[ 2023-04-29 11:36:50,090 ] 87 root - INFO -  Hypothesis av_000:float64,float64
[ 2023-04-29 11:36:50,098 ] 87 root - INFO -  Hypothesis ax_000:float64,float64
[ 2023-04-29 11:36:50,107 ] 87 root - INFO -  Hypothesis ay_000:float64,float64
[ 2023-04-29 11:36:50,129 ] 87 root - INFO -  Hypothesis ay_001:float64,float64
[ 2023-04-29 11:36:50,150 ] 87 root - INFO -  Hypothesis ay_002:float64,float64
[ 2023-04-29 11:36:50,172 ] 87 root - INFO -  Hypothesis ay_003:float64,float64
[ 2023-04-29 11:36:50,194 ] 87 root - INFO -  Hypothesis ay_004:float64,float64
[ 2023-04-29 11:36:50,216 ] 87 root - INFO -  Hypothesis ay_005:float64,float64
[ 2023-04-29 11:36:50,226 ] 87 root - INFO -  Hypothesis ay_006:float64,float64
[ 2023-04-29 11:36:50,235 ] 87 root - INFO -  Hypothesis ay_007:float64,float64
[ 2023-04-29 11:36:50,244 ] 87 root - INFO -  Hypothesis ay_008:float64,float64
[ 2023-04-29 11:36:50,254 ] 87 root - INFO -  Hypothesis ay_009:float64,float64
[ 2023-04-29 11:36:50,276 ] 87 root - INFO -  Hypothesis az_000:float64,float64
[ 2023-04-29 11:36:50,285 ] 87 root - INFO -  Hypothesis az_001:float64,float64
[ 2023-04-29 11:36:50,294 ] 87 root - INFO -  Hypothesis az_002:float64,float64
[ 2023-04-29 11:36:50,304 ] 87 root - INFO -  Hypothesis az_003:float64,float64
[ 2023-04-29 11:36:50,313 ] 87 root - INFO -  Hypothesis az_004:float64,float64
[ 2023-04-29 11:36:50,323 ] 87 root - INFO -  Hypothesis az_005:float64,float64
[ 2023-04-29 11:36:50,333 ] 87 root - INFO -  Hypothesis az_006:float64,float64
[ 2023-04-29 11:36:50,342 ] 87 root - INFO -  Hypothesis az_007:float64,float64
[ 2023-04-29 11:36:50,349 ] 87 root - INFO -  Hypothesis az_008:float64,float64
[ 2023-04-29 11:36:50,371 ] 87 root - INFO -  Hypothesis az_009:float64,float64
[ 2023-04-29 11:36:50,395 ] 87 root - INFO -  Hypothesis ba_000:float64,float64
[ 2023-04-29 11:36:50,406 ] 87 root - INFO -  Hypothesis ba_001:float64,float64
[ 2023-04-29 11:36:50,415 ] 87 root - INFO -  Hypothesis ba_002:float64,float64
[ 2023-04-29 11:36:50,425 ] 87 root - INFO -  Hypothesis ba_003:float64,float64
[ 2023-04-29 11:36:50,435 ] 87 root - INFO -  Hypothesis ba_004:float64,float64
[ 2023-04-29 11:36:50,445 ] 87 root - INFO -  Hypothesis ba_005:float64,float64
[ 2023-04-29 11:36:50,455 ] 87 root - INFO -  Hypothesis ba_006:float64,float64
[ 2023-04-29 11:36:50,464 ] 87 root - INFO -  Hypothesis ba_007:float64,float64
[ 2023-04-29 11:36:50,474 ] 87 root - INFO -  Hypothesis ba_008:float64,float64
[ 2023-04-29 11:36:50,499 ] 87 root - INFO -  Hypothesis ba_009:float64,float64
[ 2023-04-29 11:36:50,506 ] 87 root - INFO -  Hypothesis bb_000:float64,float64
[ 2023-04-29 11:36:50,516 ] 87 root - INFO -  Hypothesis bc_000:float64,float64
[ 2023-04-29 11:36:50,524 ] 87 root - INFO -  Hypothesis bd_000:float64,float64
[ 2023-04-29 11:36:50,533 ] 87 root - INFO -  Hypothesis be_000:float64,float64
[ 2023-04-29 11:36:50,542 ] 87 root - INFO -  Hypothesis bf_000:float64,float64
[ 2023-04-29 11:36:50,550 ] 87 root - INFO -  Hypothesis bg_000:float64,float64
[ 2023-04-29 11:36:50,560 ] 87 root - INFO -  Hypothesis bh_000:float64,float64
[ 2023-04-29 11:36:50,570 ] 87 root - INFO -  Hypothesis bi_000:float64,float64
[ 2023-04-29 11:36:50,580 ] 87 root - INFO -  Hypothesis bj_000:float64,float64
[ 2023-04-29 11:36:50,590 ] 87 root - INFO -  Hypothesis bs_000:float64,float64
[ 2023-04-29 11:36:50,600 ] 87 root - INFO -  Hypothesis bt_000:float64,float64
[ 2023-04-29 11:36:50,609 ] 87 root - INFO -  Hypothesis bu_000:float64,float64
[ 2023-04-29 11:36:50,619 ] 87 root - INFO -  Hypothesis bv_000:float64,float64
[ 2023-04-29 11:36:50,629 ] 87 root - INFO -  Hypothesis bx_000:float64,float64
[ 2023-04-29 11:36:50,639 ] 87 root - INFO -  Hypothesis by_000:float64,float64
[ 2023-04-29 11:36:50,648 ] 87 root - INFO -  Hypothesis bz_000:float64,float64
[ 2023-04-29 11:36:50,657 ] 87 root - INFO -  Hypothesis ca_000:float64,float64
[ 2023-04-29 11:36:50,667 ] 87 root - INFO -  Hypothesis cb_000:float64,float64
[ 2023-04-29 11:36:50,677 ] 87 root - INFO -  Hypothesis cc_000:float64,float64
[ 2023-04-29 11:36:50,686 ] 87 root - INFO -  Hypothesis cd_000:float64,float64
[ 2023-04-29 11:36:50,709 ] 87 root - INFO -  Hypothesis ce_000:float64,float64
[ 2023-04-29 11:36:50,718 ] 87 root - INFO -  Hypothesis ci_000:float64,float64
[ 2023-04-29 11:36:50,727 ] 87 root - INFO -  Hypothesis cj_000:float64,float64
[ 2023-04-29 11:36:50,734 ] 87 root - INFO -  Hypothesis ck_000:float64,float64
[ 2023-04-29 11:36:50,744 ] 87 root - INFO -  Hypothesis cl_000:float64,float64
[ 2023-04-29 11:36:50,751 ] 87 root - INFO -  Hypothesis cm_000:float64,float64
[ 2023-04-29 11:36:50,758 ] 87 root - INFO -  Hypothesis cn_000:float64,float64
[ 2023-04-29 11:36:50,781 ] 87 root - INFO -  Hypothesis cn_001:float64,float64
[ 2023-04-29 11:36:50,787 ] 87 root - INFO -  Hypothesis cn_002:float64,float64
[ 2023-04-29 11:36:50,795 ] 87 root - INFO -  Hypothesis cn_003:float64,float64
[ 2023-04-29 11:36:50,805 ] 87 root - INFO -  Hypothesis cn_004:float64,float64
[ 2023-04-29 11:36:50,815 ] 87 root - INFO -  Hypothesis cn_005:float64,float64
[ 2023-04-29 11:36:50,825 ] 87 root - INFO -  Hypothesis cn_006:float64,float64
[ 2023-04-29 11:36:50,834 ] 87 root - INFO -  Hypothesis cn_007:float64,float64
[ 2023-04-29 11:36:50,843 ] 87 root - INFO -  Hypothesis cn_008:float64,float64
[ 2023-04-29 11:36:50,852 ] 87 root - INFO -  Hypothesis cn_009:float64,float64
[ 2023-04-29 11:36:50,860 ] 87 root - INFO -  Hypothesis cp_000:float64,float64
[ 2023-04-29 11:36:50,867 ] 87 root - INFO -  Hypothesis cq_000:float64,float64
[ 2023-04-29 11:36:50,877 ] 87 root - INFO -  Hypothesis cs_000:float64,float64
[ 2023-04-29 11:36:50,887 ] 87 root - INFO -  Hypothesis cs_001:float64,float64
[ 2023-04-29 11:36:50,895 ] 87 root - INFO -  Hypothesis cs_002:float64,float64
[ 2023-04-29 11:36:50,905 ] 87 root - INFO -  Hypothesis cs_003:float64,float64
[ 2023-04-29 11:36:50,914 ] 87 root - INFO -  Hypothesis cs_004:float64,float64
[ 2023-04-29 11:36:50,924 ] 87 root - INFO -  Hypothesis cs_005:float64,float64
[ 2023-04-29 11:36:50,934 ] 87 root - INFO -  Hypothesis cs_006:float64,float64
[ 2023-04-29 11:36:50,944 ] 87 root - INFO -  Hypothesis cs_007:float64,float64
[ 2023-04-29 11:36:50,954 ] 87 root - INFO -  Hypothesis cs_008:float64,float64
[ 2023-04-29 11:36:50,962 ] 87 root - INFO -  Hypothesis cs_009:float64,float64
[ 2023-04-29 11:36:50,984 ] 87 root - INFO -  Hypothesis dd_000:float64,float64
[ 2023-04-29 11:36:50,993 ] 87 root - INFO -  Hypothesis de_000:float64,float64
[ 2023-04-29 11:36:51,001 ] 87 root - INFO -  Hypothesis df_000:float64,float64
[ 2023-04-29 11:36:51,023 ] 87 root - INFO -  Hypothesis dg_000:float64,float64
[ 2023-04-29 11:36:51,046 ] 87 root - INFO -  Hypothesis dh_000:float64,float64
[ 2023-04-29 11:36:51,052 ] 87 root - INFO -  Hypothesis di_000:float64,float64
[ 2023-04-29 11:36:51,058 ] 87 root - INFO -  Hypothesis dj_000:float64,float64
[ 2023-04-29 11:36:51,081 ] 87 root - INFO -  Hypothesis dk_000:float64,float64
[ 2023-04-29 11:36:51,103 ] 87 root - INFO -  Hypothesis dl_000:float64,float64
[ 2023-04-29 11:36:51,126 ] 87 root - INFO -  Hypothesis dm_000:float64,float64
[ 2023-04-29 11:36:51,148 ] 87 root - INFO -  Hypothesis dn_000:float64,float64
[ 2023-04-29 11:36:51,158 ] 87 root - INFO -  Hypothesis do_000:float64,float64
[ 2023-04-29 11:36:51,167 ] 87 root - INFO -  Hypothesis dp_000:float64,float64
[ 2023-04-29 11:36:51,175 ] 87 root - INFO -  Hypothesis dq_000:float64,float64
[ 2023-04-29 11:36:51,183 ] 87 root - INFO -  Hypothesis dr_000:float64,float64
[ 2023-04-29 11:36:51,190 ] 87 root - INFO -  Hypothesis ds_000:float64,float64
[ 2023-04-29 11:36:51,199 ] 87 root - INFO -  Hypothesis dt_000:float64,float64
[ 2023-04-29 11:36:51,209 ] 87 root - INFO -  Hypothesis du_000:float64,float64
[ 2023-04-29 11:36:51,218 ] 87 root - INFO -  Hypothesis dv_000:float64,float64
[ 2023-04-29 11:36:51,228 ] 87 root - INFO -  Hypothesis dx_000:float64,float64
[ 2023-04-29 11:36:51,235 ] 87 root - INFO -  Hypothesis dy_000:float64,float64
[ 2023-04-29 11:36:51,243 ] 87 root - INFO -  Hypothesis dz_000:float64,float64
[ 2023-04-29 11:36:51,265 ] 87 root - INFO -  Hypothesis ea_000:float64,float64
[ 2023-04-29 11:36:51,287 ] 87 root - INFO -  Hypothesis eb_000:float64,float64
[ 2023-04-29 11:36:51,296 ] 87 root - INFO -  Hypothesis ec_00:float64,float64
[ 2023-04-29 11:36:51,305 ] 87 root - INFO -  Hypothesis ed_000:float64,float64
[ 2023-04-29 11:36:51,314 ] 87 root - INFO -  Hypothesis ee_000:float64,float64
[ 2023-04-29 11:36:51,324 ] 87 root - INFO -  Hypothesis ee_001:float64,float64
[ 2023-04-29 11:36:51,334 ] 87 root - INFO -  Hypothesis ee_002:float64,float64
[ 2023-04-29 11:36:51,344 ] 87 root - INFO -  Hypothesis ee_003:float64,float64
[ 2023-04-29 11:36:51,353 ] 87 root - INFO -  Hypothesis ee_004:float64,float64
[ 2023-04-29 11:36:51,363 ] 87 root - INFO -  Hypothesis ee_005:float64,float64
[ 2023-04-29 11:36:51,372 ] 87 root - INFO -  Hypothesis ee_006:float64,float64
[ 2023-04-29 11:36:51,382 ] 87 root - INFO -  Hypothesis ee_007:float64,float64
[ 2023-04-29 11:36:51,391 ] 87 root - INFO -  Hypothesis ee_008:float64,float64
[ 2023-04-29 11:36:51,400 ] 87 root - INFO -  Hypothesis ee_009:float64,float64
[ 2023-04-29 11:36:51,408 ] 87 root - INFO -  Hypothesis ef_000:float64,float64
[ 2023-04-29 11:36:51,429 ] 87 root - INFO -  Hypothesis eg_000:float64,float64
[ 2023-04-29 11:36:51,451 ] 152 root - INFO - writing report in yaml file
[ 2023-04-29 11:36:51,560 ] 157 root - INFO - Data validation artifact:DataValidationArtifact(report_file_path='/config/workspace/artifact/04292023__113617/data_validation/report.yaml') 
[ 2023-04-29 11:36:53,099 ] 62 root - INFO - Before resampling in Training set input :(28950, 170) Target:(28950,)
[ 2023-04-29 11:37:08,007 ] 64 root - INFO - After resampling in Training set input :(56178, 170) Target:(56178,)
[ 2023-04-29 11:37:08,008 ] 66 root - INFO - Before resampling in Testing set input :(7238, 170) Target:(7238,)
[ 2023-04-29 11:37:10,363 ] 68 root - INFO - After resampling in Testing set input :(56178, 170) Target:(56178,)
[ 2023-04-29 11:37:10,559 ] 54 root - INFO - Entered the save_object method of utils
[ 2023-04-29 11:37:10,564 ] 58 root - INFO - Exited the save_object method of utils
[ 2023-04-29 11:37:10,565 ] 54 root - INFO - Entered the save_object method of utils
[ 2023-04-29 11:37:10,566 ] 58 root - INFO - Exited the save_object method of utils
[ 2023-04-29 11:37:10,566 ] 92 root - INFO - Data transformation objectDataTransformationArtifact(transform_object_path='/config/workspace/artifact/04292023__113617/data_transformation/transformer/transform.pkl', transformed_train_path='/config/workspace/artifact/04292023__113617/data_transformation/transformed/train.npz', transformed_test_path='/config/workspace/artifact/04292023__113617/data_transformation/transformed/test.npz', target_encoder_path='/config/workspace/artifact/04292023__113617/data_transformation/target_encoder/target_encoder.pkl')
[ 2023-04-29 11:37:10,568 ] 33 root - INFO - Loading train and test array
[ 2023-04-29 11:37:10,624 ] 37 root - INFO - splitting target and input feature from  both train and tesy array
[ 2023-04-29 11:37:10,624 ] 41 root - INFO - Train the model
