[ 2023-04-29 11:38:42,831 ] 15 root - INFO - >>>>>>>>>>>>>>>>>>>>>>>>>>>>>>>>>>>>>>>> Data Ingestion <<<<<<<<<<<<<<<<<<<<<<<<<<<<<<<<<<<<<<<<
[ 2023-04-29 11:38:42,831 ] 22 root - INFO - Exporting collection data as pandas dataframe
[ 2023-04-29 11:38:42,831 ] 21 root - INFO - Reading data from database:aps and collection sensor
[ 2023-04-29 11:38:50,554 ] 23 root - INFO - Found columns:Index(['_id', 'class', 'aa_000', 'ab_000', 'ac_000', 'ad_000', 'ae_000',
       'af_000', 'ag_000', 'ag_001',
       ...
       'ee_002', 'ee_003', 'ee_004', 'ee_005', 'ee_006', 'ee_007', 'ee_008',
       'ee_009', 'ef_000', 'eg_000'],
      dtype='object', length=172)
[ 2023-04-29 11:38:50,555 ] 25 root - INFO - dropping column :_id
[ 2023-04-29 11:38:51,371 ] 27 root - INFO - row and col in df:(36188, 171)
[ 2023-04-29 11:38:51,371 ] 28 root - INFO - Save data in feature store
[ 2023-04-29 11:38:54,547 ] 32 root - INFO - Create feature store folder if not available
[ 2023-04-29 11:38:54,548 ] 38 root - INFO - Save df to feature store folder
[ 2023-04-29 11:38:57,886 ] 42 root - INFO - split dataset into train and test set
[ 2023-04-29 11:38:58,672 ] 46 root - INFO - create dataset directory folder if not available
[ 2023-04-29 11:38:58,673 ] 51 root - INFO - Save df to feature store folder
[ 2023-04-29 11:39:02,317 ] 63 root - INFO - Data ingestion artifact: DataIngestionArtifact(feature_store_file_path='/config/workspace/artifact/04292023__113842/data_ingestion/feature_store/sensor.csv', train_file_path='/config/workspace/artifact/04292023__113842/data_ingestion/dataset/train.csv', test_file_path='/config/workspace/artifact/04292023__113842/data_ingestion/dataset/test.csv')
[ 2023-04-29 11:39:03,404 ] 18 root - INFO - >>>>>>>>>>>>>>>>>>>>>>>>>>>>>>>>>>>>>>>> Data Validation <<<<<<<<<<<<<<<<<<<<<<<<<<<<<<<<<<<<<<<<
[ 2023-04-29 11:39:03,404 ] 113 root - INFO - Reading base dataframe
[ 2023-04-29 11:39:07,872 ] 116 root - INFO - Replace na values in dataframe
[ 2023-04-29 11:39:07,873 ] 119 root - INFO - drop null values from base dataframe
[ 2023-04-29 11:39:08,230 ] 40 root - INFO - selecting column name which contains null above to 0.2
[ 2023-04-29 11:39:08,231 ] 43 root - INFO - columns to drop: ['ab_000', 'ad_000', 'bk_000', 'bl_000', 'bm_000', 'bn_000', 'bo_000', 'bp_000', 'bq_000', 'br_000', 'cf_000', 'cg_000', 'ch_000', 'co_000', 'cr_000', 'ct_000', 'cu_000', 'cv_000', 'cx_000', 'cy_000', 'cz_000', 'da_000', 'db_000', 'dc_000']
[ 2023-04-29 11:39:08,366 ] 122 root - INFO - Reading train dataframe
[ 2023-04-29 11:39:08,995 ] 124 root - INFO - Reading test dataframe
[ 2023-04-29 11:39:09,160 ] 127 root - INFO - drop null values from train dataframe
[ 2023-04-29 11:39:09,175 ] 40 root - INFO - selecting column name which contains null above to 0.2
[ 2023-04-29 11:39:09,176 ] 43 root - INFO - columns to drop: ['ab_000', 'ad_000', 'bk_000', 'bl_000', 'bm_000', 'bn_000', 'bo_000', 'bp_000', 'bq_000', 'br_000', 'cf_000', 'cg_000', 'ch_000', 'co_000', 'cr_000', 'ct_000', 'cu_000', 'cv_000', 'cx_000', 'cy_000', 'cz_000', 'da_000', 'db_000', 'dc_000']
[ 2023-04-29 11:39:09,196 ] 129 root - INFO - drop null values from test dataframe
[ 2023-04-29 11:39:09,202 ] 40 root - INFO - selecting column name which contains null above to 0.2
[ 2023-04-29 11:39:09,203 ] 43 root - INFO - columns to drop: ['ab_000', 'ad_000', 'bk_000', 'bl_000', 'bm_000', 'bn_000', 'bo_000', 'bp_000', 'bq_000', 'br_000', 'cf_000', 'cg_000', 'ch_000', 'co_000', 'cr_000', 'ct_000', 'cu_000', 'cv_000', 'cx_000', 'cy_000', 'cz_000', 'da_000', 'db_000', 'dc_000']
[ 2023-04-29 11:39:10,545 ] 139 root - INFO - is all required columns present in train df 
[ 2023-04-29 11:39:10,545 ] 141 root - INFO - is all required columns present in test df 
[ 2023-04-29 11:39:10,545 ] 145 root - INFO - as all column are available in train hence detecting data drift
[ 2023-04-29 11:39:10,546 ] 87 root - INFO -  Hypothesis class:object,object
[ 2023-04-29 11:39:10,736 ] 87 root - INFO -  Hypothesis aa_000:float64,float64
[ 2023-04-29 11:39:10,751 ] 87 root - INFO -  Hypothesis ac_000:float64,float64
[ 2023-04-29 11:39:10,763 ] 87 root - INFO -  Hypothesis ae_000:float64,float64
[ 2023-04-29 11:39:10,812 ] 87 root - INFO -  Hypothesis af_000:float64,float64
[ 2023-04-29 11:39:10,861 ] 87 root - INFO -  Hypothesis ag_000:float64,float64
[ 2023-04-29 11:39:10,909 ] 87 root - INFO -  Hypothesis ag_001:float64,float64
[ 2023-04-29 11:39:10,956 ] 87 root - INFO -  Hypothesis ag_002:float64,float64
[ 2023-04-29 11:39:11,005 ] 87 root - INFO -  Hypothesis ag_003:float64,float64
[ 2023-04-29 11:39:11,056 ] 87 root - INFO -  Hypothesis ag_004:float64,float64
[ 2023-04-29 11:39:11,070 ] 87 root - INFO -  Hypothesis ag_005:float64,float64
[ 2023-04-29 11:39:11,084 ] 87 root - INFO -  Hypothesis ag_006:float64,float64
[ 2023-04-29 11:39:11,098 ] 87 root - INFO -  Hypothesis ag_007:float64,float64
[ 2023-04-29 11:39:11,153 ] 87 root - INFO -  Hypothesis ag_008:float64,float64
[ 2023-04-29 11:39:11,208 ] 87 root - INFO -  Hypothesis ag_009:float64,float64
[ 2023-04-29 11:39:11,261 ] 87 root - INFO -  Hypothesis ah_000:float64,float64
[ 2023-04-29 11:39:11,275 ] 87 root - INFO -  Hypothesis ai_000:float64,float64
[ 2023-04-29 11:39:11,326 ] 87 root - INFO -  Hypothesis aj_000:float64,float64
[ 2023-04-29 11:39:11,377 ] 87 root - INFO -  Hypothesis ak_000:float64,float64
[ 2023-04-29 11:39:11,425 ] 87 root - INFO -  Hypothesis al_000:float64,float64
[ 2023-04-29 11:39:11,436 ] 87 root - INFO -  Hypothesis am_0:float64,float64
[ 2023-04-29 11:39:11,447 ] 87 root - INFO -  Hypothesis an_000:float64,float64
[ 2023-04-29 11:39:11,503 ] 87 root - INFO -  Hypothesis ao_000:float64,float64
[ 2023-04-29 11:39:11,557 ] 87 root - INFO -  Hypothesis ap_000:float64,float64
[ 2023-04-29 11:39:11,613 ] 87 root - INFO -  Hypothesis aq_000:float64,float64
[ 2023-04-29 11:39:11,627 ] 87 root - INFO -  Hypothesis ar_000:float64,float64
[ 2023-04-29 11:39:11,675 ] 87 root - INFO -  Hypothesis as_000:float64,float64
[ 2023-04-29 11:39:11,723 ] 87 root - INFO -  Hypothesis at_000:float64,float64
[ 2023-04-29 11:39:11,773 ] 87 root - INFO -  Hypothesis au_000:float64,float64
[ 2023-04-29 11:39:11,825 ] 87 root - INFO -  Hypothesis av_000:float64,float64
[ 2023-04-29 11:39:11,880 ] 87 root - INFO -  Hypothesis ax_000:float64,float64
[ 2023-04-29 11:39:11,932 ] 87 root - INFO -  Hypothesis ay_000:float64,float64
[ 2023-04-29 11:39:11,980 ] 87 root - INFO -  Hypothesis ay_001:float64,float64
[ 2023-04-29 11:39:12,028 ] 87 root - INFO -  Hypothesis ay_002:float64,float64
[ 2023-04-29 11:39:12,076 ] 87 root - INFO -  Hypothesis ay_003:float64,float64
[ 2023-04-29 11:39:12,122 ] 87 root - INFO -  Hypothesis ay_004:float64,float64
[ 2023-04-29 11:39:12,170 ] 87 root - INFO -  Hypothesis ay_005:float64,float64
[ 2023-04-29 11:39:12,224 ] 87 root - INFO -  Hypothesis ay_006:float64,float64
[ 2023-04-29 11:39:12,237 ] 87 root - INFO -  Hypothesis ay_007:float64,float64
[ 2023-04-29 11:39:12,251 ] 87 root - INFO -  Hypothesis ay_008:float64,float64
[ 2023-04-29 11:39:12,265 ] 87 root - INFO -  Hypothesis ay_009:float64,float64
[ 2023-04-29 11:39:12,312 ] 87 root - INFO -  Hypothesis az_000:float64,float64
[ 2023-04-29 11:39:12,367 ] 87 root - INFO -  Hypothesis az_001:float64,float64
[ 2023-04-29 11:39:12,380 ] 87 root - INFO -  Hypothesis az_002:float64,float64
[ 2023-04-29 11:39:12,393 ] 87 root - INFO -  Hypothesis az_003:float64,float64
[ 2023-04-29 11:39:12,407 ] 87 root - INFO -  Hypothesis az_004:float64,float64
[ 2023-04-29 11:39:12,422 ] 87 root - INFO -  Hypothesis az_005:float64,float64
[ 2023-04-29 11:39:12,436 ] 87 root - INFO -  Hypothesis az_006:float64,float64
[ 2023-04-29 11:39:12,449 ] 87 root - INFO -  Hypothesis az_007:float64,float64
[ 2023-04-29 11:39:12,502 ] 87 root - INFO -  Hypothesis az_008:float64,float64
[ 2023-04-29 11:39:12,550 ] 87 root - INFO -  Hypothesis az_009:float64,float64
[ 2023-04-29 11:39:12,598 ] 87 root - INFO -  Hypothesis ba_000:float64,float64
[ 2023-04-29 11:39:12,655 ] 87 root - INFO -  Hypothesis ba_001:float64,float64
[ 2023-04-29 11:39:12,669 ] 87 root - INFO -  Hypothesis ba_002:float64,float64
[ 2023-04-29 11:39:12,684 ] 87 root - INFO -  Hypothesis ba_003:float64,float64
[ 2023-04-29 11:39:12,739 ] 87 root - INFO -  Hypothesis ba_004:float64,float64
[ 2023-04-29 11:39:12,795 ] 87 root - INFO -  Hypothesis ba_005:float64,float64
[ 2023-04-29 11:39:12,851 ] 87 root - INFO -  Hypothesis ba_006:float64,float64
[ 2023-04-29 11:39:12,865 ] 87 root - INFO -  Hypothesis ba_007:float64,float64
[ 2023-04-29 11:39:12,879 ] 87 root - INFO -  Hypothesis ba_008:float64,float64
[ 2023-04-29 11:39:12,932 ] 87 root - INFO -  Hypothesis ba_009:float64,float64
[ 2023-04-29 11:39:12,984 ] 87 root - INFO -  Hypothesis bb_000:float64,float64
[ 2023-04-29 11:39:13,039 ] 87 root - INFO -  Hypothesis bc_000:float64,float64
[ 2023-04-29 11:39:13,091 ] 87 root - INFO -  Hypothesis bd_000:float64,float64
[ 2023-04-29 11:39:13,145 ] 87 root - INFO -  Hypothesis be_000:float64,float64
[ 2023-04-29 11:39:13,199 ] 87 root - INFO -  Hypothesis bf_000:float64,float64
[ 2023-04-29 11:39:13,250 ] 87 root - INFO -  Hypothesis bg_000:float64,float64
[ 2023-04-29 11:39:13,265 ] 87 root - INFO -  Hypothesis bh_000:float64,float64
[ 2023-04-29 11:39:13,320 ] 87 root - INFO -  Hypothesis bi_000:float64,float64
[ 2023-04-29 11:39:13,335 ] 87 root - INFO -  Hypothesis bj_000:float64,float64
[ 2023-04-29 11:39:13,392 ] 87 root - INFO -  Hypothesis bs_000:float64,float64
[ 2023-04-29 11:39:13,448 ] 87 root - INFO -  Hypothesis bt_000:float64,float64
[ 2023-04-29 11:39:13,463 ] 87 root - INFO -  Hypothesis bu_000:float64,float64
[ 2023-04-29 11:39:13,524 ] 87 root - INFO -  Hypothesis bv_000:float64,float64
[ 2023-04-29 11:39:13,580 ] 87 root - INFO -  Hypothesis bx_000:float64,float64
[ 2023-04-29 11:39:13,635 ] 87 root - INFO -  Hypothesis by_000:float64,float64
[ 2023-04-29 11:39:13,690 ] 87 root - INFO -  Hypothesis bz_000:float64,float64
[ 2023-04-29 11:39:13,744 ] 87 root - INFO -  Hypothesis ca_000:float64,float64
[ 2023-04-29 11:39:13,759 ] 87 root - INFO -  Hypothesis cb_000:float64,float64
[ 2023-04-29 11:39:13,774 ] 87 root - INFO -  Hypothesis cc_000:float64,float64
[ 2023-04-29 11:39:13,830 ] 87 root - INFO -  Hypothesis cd_000:float64,float64
[ 2023-04-29 11:39:13,878 ] 87 root - INFO -  Hypothesis ce_000:float64,float64
[ 2023-04-29 11:39:13,932 ] 87 root - INFO -  Hypothesis ci_000:float64,float64
[ 2023-04-29 11:39:13,947 ] 87 root - INFO -  Hypothesis cj_000:float64,float64
[ 2023-04-29 11:39:13,997 ] 87 root - INFO -  Hypothesis ck_000:float64,float64
[ 2023-04-29 11:39:14,052 ] 87 root - INFO -  Hypothesis cl_000:float64,float64
[ 2023-04-29 11:39:14,102 ] 87 root - INFO -  Hypothesis cm_000:float64,float64
[ 2023-04-29 11:39:14,112 ] 87 root - INFO -  Hypothesis cn_000:float64,float64
[ 2023-04-29 11:39:14,161 ] 87 root - INFO -  Hypothesis cn_001:float64,float64
[ 2023-04-29 11:39:14,211 ] 87 root - INFO -  Hypothesis cn_002:float64,float64
[ 2023-04-29 11:39:14,264 ] 87 root - INFO -  Hypothesis cn_003:float64,float64
[ 2023-04-29 11:39:14,278 ] 87 root - INFO -  Hypothesis cn_004:float64,float64
[ 2023-04-29 11:39:14,334 ] 87 root - INFO -  Hypothesis cn_005:float64,float64
[ 2023-04-29 11:39:14,348 ] 87 root - INFO -  Hypothesis cn_006:float64,float64
[ 2023-04-29 11:39:14,404 ] 87 root - INFO -  Hypothesis cn_007:float64,float64
[ 2023-04-29 11:39:14,418 ] 87 root - INFO -  Hypothesis cn_008:float64,float64
[ 2023-04-29 11:39:14,471 ] 87 root - INFO -  Hypothesis cn_009:float64,float64
[ 2023-04-29 11:39:14,526 ] 87 root - INFO -  Hypothesis cp_000:float64,float64
[ 2023-04-29 11:39:14,580 ] 87 root - INFO -  Hypothesis cq_000:float64,float64
[ 2023-04-29 11:39:14,635 ] 87 root - INFO -  Hypothesis cs_000:float64,float64
[ 2023-04-29 11:39:14,649 ] 87 root - INFO -  Hypothesis cs_001:float64,float64
[ 2023-04-29 11:39:14,703 ] 87 root - INFO -  Hypothesis cs_002:float64,float64
[ 2023-04-29 11:39:14,757 ] 87 root - INFO -  Hypothesis cs_003:float64,float64
[ 2023-04-29 11:39:14,771 ] 87 root - INFO -  Hypothesis cs_004:float64,float64
[ 2023-04-29 11:39:14,786 ] 87 root - INFO -  Hypothesis cs_005:float64,float64
[ 2023-04-29 11:39:14,800 ] 87 root - INFO -  Hypothesis cs_006:float64,float64
[ 2023-04-29 11:39:14,815 ] 87 root - INFO -  Hypothesis cs_007:float64,float64
[ 2023-04-29 11:39:14,829 ] 87 root - INFO -  Hypothesis cs_008:float64,float64
[ 2023-04-29 11:39:14,841 ] 87 root - INFO -  Hypothesis cs_009:float64,float64
[ 2023-04-29 11:39:14,889 ] 87 root - INFO -  Hypothesis dd_000:float64,float64
[ 2023-04-29 11:39:14,944 ] 87 root - INFO -  Hypothesis de_000:float64,float64
[ 2023-04-29 11:39:14,957 ] 87 root - INFO -  Hypothesis df_000:float64,float64
[ 2023-04-29 11:39:15,005 ] 87 root - INFO -  Hypothesis dg_000:float64,float64
[ 2023-04-29 11:39:15,054 ] 87 root - INFO -  Hypothesis dh_000:float64,float64
[ 2023-04-29 11:39:15,104 ] 87 root - INFO -  Hypothesis di_000:float64,float64
[ 2023-04-29 11:39:15,154 ] 87 root - INFO -  Hypothesis dj_000:float64,float64
[ 2023-04-29 11:39:15,202 ] 87 root - INFO -  Hypothesis dk_000:float64,float64
[ 2023-04-29 11:39:15,252 ] 87 root - INFO -  Hypothesis dl_000:float64,float64
[ 2023-04-29 11:39:15,301 ] 87 root - INFO -  Hypothesis dm_000:float64,float64
[ 2023-04-29 11:39:15,350 ] 87 root - INFO -  Hypothesis dn_000:float64,float64
[ 2023-04-29 11:39:15,367 ] 87 root - INFO -  Hypothesis do_000:float64,float64
[ 2023-04-29 11:39:15,380 ] 87 root - INFO -  Hypothesis dp_000:float64,float64
[ 2023-04-29 11:39:15,436 ] 87 root - INFO -  Hypothesis dq_000:float64,float64
[ 2023-04-29 11:39:15,487 ] 87 root - INFO -  Hypothesis dr_000:float64,float64
[ 2023-04-29 11:39:15,536 ] 87 root - INFO -  Hypothesis ds_000:float64,float64
[ 2023-04-29 11:39:15,592 ] 87 root - INFO -  Hypothesis dt_000:float64,float64
[ 2023-04-29 11:39:15,647 ] 87 root - INFO -  Hypothesis du_000:float64,float64
[ 2023-04-29 11:39:15,661 ] 87 root - INFO -  Hypothesis dv_000:float64,float64
[ 2023-04-29 11:39:15,718 ] 87 root - INFO -  Hypothesis dx_000:float64,float64
[ 2023-04-29 11:39:15,769 ] 87 root - INFO -  Hypothesis dy_000:float64,float64
[ 2023-04-29 11:39:15,821 ] 87 root - INFO -  Hypothesis dz_000:float64,float64
[ 2023-04-29 11:39:15,870 ] 87 root - INFO -  Hypothesis ea_000:float64,float64
[ 2023-04-29 11:39:15,918 ] 87 root - INFO -  Hypothesis eb_000:float64,float64
[ 2023-04-29 11:39:15,971 ] 87 root - INFO -  Hypothesis ec_00:float64,float64
[ 2023-04-29 11:39:15,984 ] 87 root - INFO -  Hypothesis ed_000:float64,float64
[ 2023-04-29 11:39:15,996 ] 87 root - INFO -  Hypothesis ee_000:float64,float64
[ 2023-04-29 11:39:16,053 ] 87 root - INFO -  Hypothesis ee_001:float64,float64
[ 2023-04-29 11:39:16,109 ] 87 root - INFO -  Hypothesis ee_002:float64,float64
[ 2023-04-29 11:39:16,166 ] 87 root - INFO -  Hypothesis ee_003:float64,float64
[ 2023-04-29 11:39:16,180 ] 87 root - INFO -  Hypothesis ee_004:float64,float64
[ 2023-04-29 11:39:16,237 ] 87 root - INFO -  Hypothesis ee_005:float64,float64
[ 2023-04-29 11:39:16,294 ] 87 root - INFO -  Hypothesis ee_006:float64,float64
[ 2023-04-29 11:39:16,308 ] 87 root - INFO -  Hypothesis ee_007:float64,float64
[ 2023-04-29 11:39:16,322 ] 87 root - INFO -  Hypothesis ee_008:float64,float64
[ 2023-04-29 11:39:16,335 ] 87 root - INFO -  Hypothesis ee_009:float64,float64
[ 2023-04-29 11:39:16,347 ] 87 root - INFO -  Hypothesis ef_000:float64,float64
[ 2023-04-29 11:39:16,395 ] 87 root - INFO -  Hypothesis eg_000:float64,float64
[ 2023-04-29 11:39:16,443 ] 148 root - INFO - as all column are available in test hence detecting data drift
[ 2023-04-29 11:39:16,443 ] 87 root - INFO -  Hypothesis class:object,object
[ 2023-04-29 11:39:16,536 ] 87 root - INFO -  Hypothesis aa_000:float64,float64
[ 2023-04-29 11:39:16,546 ] 87 root - INFO -  Hypothesis ac_000:float64,float64
[ 2023-04-29 11:39:16,554 ] 87 root - INFO -  Hypothesis ae_000:float64,float64
[ 2023-04-29 11:39:16,576 ] 87 root - INFO -  Hypothesis af_000:float64,float64
[ 2023-04-29 11:39:16,598 ] 87 root - INFO -  Hypothesis ag_000:float64,float64
[ 2023-04-29 11:39:16,619 ] 87 root - INFO -  Hypothesis ag_001:float64,float64
[ 2023-04-29 11:39:16,640 ] 87 root - INFO -  Hypothesis ag_002:float64,float64
[ 2023-04-29 11:39:16,647 ] 87 root - INFO -  Hypothesis ag_003:float64,float64
[ 2023-04-29 11:39:16,654 ] 87 root - INFO -  Hypothesis ag_004:float64,float64
[ 2023-04-29 11:39:16,664 ] 87 root - INFO -  Hypothesis ag_005:float64,float64
[ 2023-04-29 11:39:16,674 ] 87 root - INFO -  Hypothesis ag_006:float64,float64
[ 2023-04-29 11:39:16,684 ] 87 root - INFO -  Hypothesis ag_007:float64,float64
[ 2023-04-29 11:39:16,693 ] 87 root - INFO -  Hypothesis ag_008:float64,float64
[ 2023-04-29 11:39:16,702 ] 87 root - INFO -  Hypothesis ag_009:float64,float64
[ 2023-04-29 11:39:16,710 ] 87 root - INFO -  Hypothesis ah_000:float64,float64
[ 2023-04-29 11:39:16,720 ] 87 root - INFO -  Hypothesis ai_000:float64,float64
[ 2023-04-29 11:39:16,726 ] 87 root - INFO -  Hypothesis aj_000:float64,float64
[ 2023-04-29 11:39:16,734 ] 87 root - INFO -  Hypothesis ak_000:float64,float64
[ 2023-04-29 11:39:16,756 ] 87 root - INFO -  Hypothesis al_000:float64,float64
[ 2023-04-29 11:39:16,764 ] 87 root - INFO -  Hypothesis am_0:float64,float64
[ 2023-04-29 11:39:16,772 ] 87 root - INFO -  Hypothesis an_000:float64,float64
[ 2023-04-29 11:39:16,782 ] 87 root - INFO -  Hypothesis ao_000:float64,float64
[ 2023-04-29 11:39:16,792 ] 87 root - INFO -  Hypothesis ap_000:float64,float64
[ 2023-04-29 11:39:16,802 ] 87 root - INFO -  Hypothesis aq_000:float64,float64
[ 2023-04-29 11:39:16,812 ] 87 root - INFO -  Hypothesis ar_000:float64,float64
[ 2023-04-29 11:39:16,834 ] 87 root - INFO -  Hypothesis as_000:float64,float64
[ 2023-04-29 11:39:16,855 ] 87 root - INFO -  Hypothesis at_000:float64,float64
[ 2023-04-29 11:39:16,861 ] 87 root - INFO -  Hypothesis au_000:float64,float64
[ 2023-04-29 11:39:16,882 ] 87 root - INFO -  Hypothesis av_000:float64,float64
[ 2023-04-29 11:39:16,891 ] 87 root - INFO -  Hypothesis ax_000:float64,float64
[ 2023-04-29 11:39:16,900 ] 87 root - INFO -  Hypothesis ay_000:float64,float64
[ 2023-04-29 11:39:16,920 ] 87 root - INFO -  Hypothesis ay_001:float64,float64
[ 2023-04-29 11:39:16,942 ] 87 root - INFO -  Hypothesis ay_002:float64,float64
[ 2023-04-29 11:39:16,963 ] 87 root - INFO -  Hypothesis ay_003:float64,float64
[ 2023-04-29 11:39:16,984 ] 87 root - INFO -  Hypothesis ay_004:float64,float64
[ 2023-04-29 11:39:17,006 ] 87 root - INFO -  Hypothesis ay_005:float64,float64
[ 2023-04-29 11:39:17,014 ] 87 root - INFO -  Hypothesis ay_006:float64,float64
[ 2023-04-29 11:39:17,024 ] 87 root - INFO -  Hypothesis ay_007:float64,float64
[ 2023-04-29 11:39:17,033 ] 87 root - INFO -  Hypothesis ay_008:float64,float64
[ 2023-04-29 11:39:17,043 ] 87 root - INFO -  Hypothesis ay_009:float64,float64
[ 2023-04-29 11:39:17,064 ] 87 root - INFO -  Hypothesis az_000:float64,float64
[ 2023-04-29 11:39:17,076 ] 87 root - INFO -  Hypothesis az_001:float64,float64
[ 2023-04-29 11:39:17,086 ] 87 root - INFO -  Hypothesis az_002:float64,float64
[ 2023-04-29 11:39:17,095 ] 87 root - INFO -  Hypothesis az_003:float64,float64
[ 2023-04-29 11:39:17,105 ] 87 root - INFO -  Hypothesis az_004:float64,float64
[ 2023-04-29 11:39:17,115 ] 87 root - INFO -  Hypothesis az_005:float64,float64
[ 2023-04-29 11:39:17,126 ] 87 root - INFO -  Hypothesis az_006:float64,float64
[ 2023-04-29 11:39:17,135 ] 87 root - INFO -  Hypothesis az_007:float64,float64
[ 2023-04-29 11:39:17,142 ] 87 root - INFO -  Hypothesis az_008:float64,float64
[ 2023-04-29 11:39:17,165 ] 87 root - INFO -  Hypothesis az_009:float64,float64
[ 2023-04-29 11:39:17,187 ] 87 root - INFO -  Hypothesis ba_000:float64,float64
[ 2023-04-29 11:39:17,197 ] 87 root - INFO -  Hypothesis ba_001:float64,float64
[ 2023-04-29 11:39:17,207 ] 87 root - INFO -  Hypothesis ba_002:float64,float64
[ 2023-04-29 11:39:17,218 ] 87 root - INFO -  Hypothesis ba_003:float64,float64
[ 2023-04-29 11:39:17,227 ] 87 root - INFO -  Hypothesis ba_004:float64,float64
[ 2023-04-29 11:39:17,237 ] 87 root - INFO -  Hypothesis ba_005:float64,float64
[ 2023-04-29 11:39:17,247 ] 87 root - INFO -  Hypothesis ba_006:float64,float64
[ 2023-04-29 11:39:17,257 ] 87 root - INFO -  Hypothesis ba_007:float64,float64
[ 2023-04-29 11:39:17,267 ] 87 root - INFO -  Hypothesis ba_008:float64,float64
[ 2023-04-29 11:39:17,275 ] 87 root - INFO -  Hypothesis ba_009:float64,float64
[ 2023-04-29 11:39:17,283 ] 87 root - INFO -  Hypothesis bb_000:float64,float64
[ 2023-04-29 11:39:17,293 ] 87 root - INFO -  Hypothesis bc_000:float64,float64
[ 2023-04-29 11:39:17,317 ] 87 root - INFO -  Hypothesis bd_000:float64,float64
[ 2023-04-29 11:39:17,326 ] 87 root - INFO -  Hypothesis be_000:float64,float64
[ 2023-04-29 11:39:17,335 ] 87 root - INFO -  Hypothesis bf_000:float64,float64
[ 2023-04-29 11:39:17,343 ] 87 root - INFO -  Hypothesis bg_000:float64,float64
[ 2023-04-29 11:39:17,353 ] 87 root - INFO -  Hypothesis bh_000:float64,float64
[ 2023-04-29 11:39:17,363 ] 87 root - INFO -  Hypothesis bi_000:float64,float64
[ 2023-04-29 11:39:17,374 ] 87 root - INFO -  Hypothesis bj_000:float64,float64
[ 2023-04-29 11:39:17,384 ] 87 root - INFO -  Hypothesis bs_000:float64,float64
[ 2023-04-29 11:39:17,394 ] 87 root - INFO -  Hypothesis bt_000:float64,float64
[ 2023-04-29 11:39:17,404 ] 87 root - INFO -  Hypothesis bu_000:float64,float64
[ 2023-04-29 11:39:17,415 ] 87 root - INFO -  Hypothesis bv_000:float64,float64
[ 2023-04-29 11:39:17,425 ] 87 root - INFO -  Hypothesis bx_000:float64,float64
[ 2023-04-29 11:39:17,435 ] 87 root - INFO -  Hypothesis by_000:float64,float64
[ 2023-04-29 11:39:17,445 ] 87 root - INFO -  Hypothesis bz_000:float64,float64
[ 2023-04-29 11:39:17,454 ] 87 root - INFO -  Hypothesis ca_000:float64,float64
[ 2023-04-29 11:39:17,463 ] 87 root - INFO -  Hypothesis cb_000:float64,float64
[ 2023-04-29 11:39:17,474 ] 87 root - INFO -  Hypothesis cc_000:float64,float64
[ 2023-04-29 11:39:17,484 ] 87 root - INFO -  Hypothesis cd_000:float64,float64
[ 2023-04-29 11:39:17,506 ] 87 root - INFO -  Hypothesis ce_000:float64,float64
[ 2023-04-29 11:39:17,516 ] 87 root - INFO -  Hypothesis ci_000:float64,float64
[ 2023-04-29 11:39:17,526 ] 87 root - INFO -  Hypothesis cj_000:float64,float64
[ 2023-04-29 11:39:17,549 ] 87 root - INFO -  Hypothesis ck_000:float64,float64
[ 2023-04-29 11:39:17,559 ] 87 root - INFO -  Hypothesis cl_000:float64,float64
[ 2023-04-29 11:39:17,566 ] 87 root - INFO -  Hypothesis cm_000:float64,float64
[ 2023-04-29 11:39:17,574 ] 87 root - INFO -  Hypothesis cn_000:float64,float64
[ 2023-04-29 11:39:17,595 ] 87 root - INFO -  Hypothesis cn_001:float64,float64
[ 2023-04-29 11:39:17,602 ] 87 root - INFO -  Hypothesis cn_002:float64,float64
[ 2023-04-29 11:39:17,611 ] 87 root - INFO -  Hypothesis cn_003:float64,float64
[ 2023-04-29 11:39:17,621 ] 87 root - INFO -  Hypothesis cn_004:float64,float64
[ 2023-04-29 11:39:17,631 ] 87 root - INFO -  Hypothesis cn_005:float64,float64
[ 2023-04-29 11:39:17,641 ] 87 root - INFO -  Hypothesis cn_006:float64,float64
[ 2023-04-29 11:39:17,651 ] 87 root - INFO -  Hypothesis cn_007:float64,float64
[ 2023-04-29 11:39:17,660 ] 87 root - INFO -  Hypothesis cn_008:float64,float64
[ 2023-04-29 11:39:17,669 ] 87 root - INFO -  Hypothesis cn_009:float64,float64
[ 2023-04-29 11:39:17,678 ] 87 root - INFO -  Hypothesis cp_000:float64,float64
[ 2023-04-29 11:39:17,687 ] 87 root - INFO -  Hypothesis cq_000:float64,float64
[ 2023-04-29 11:39:17,697 ] 87 root - INFO -  Hypothesis cs_000:float64,float64
[ 2023-04-29 11:39:17,707 ] 87 root - INFO -  Hypothesis cs_001:float64,float64
[ 2023-04-29 11:39:17,716 ] 87 root - INFO -  Hypothesis cs_002:float64,float64
[ 2023-04-29 11:39:17,726 ] 87 root - INFO -  Hypothesis cs_003:float64,float64
[ 2023-04-29 11:39:17,737 ] 87 root - INFO -  Hypothesis cs_004:float64,float64
[ 2023-04-29 11:39:17,747 ] 87 root - INFO -  Hypothesis cs_005:float64,float64
[ 2023-04-29 11:39:17,757 ] 87 root - INFO -  Hypothesis cs_006:float64,float64
[ 2023-04-29 11:39:17,768 ] 87 root - INFO -  Hypothesis cs_007:float64,float64
[ 2023-04-29 11:39:17,778 ] 87 root - INFO -  Hypothesis cs_008:float64,float64
[ 2023-04-29 11:39:17,787 ] 87 root - INFO -  Hypothesis cs_009:float64,float64
[ 2023-04-29 11:39:17,793 ] 87 root - INFO -  Hypothesis dd_000:float64,float64
[ 2023-04-29 11:39:17,803 ] 87 root - INFO -  Hypothesis de_000:float64,float64
[ 2023-04-29 11:39:17,811 ] 87 root - INFO -  Hypothesis df_000:float64,float64
[ 2023-04-29 11:39:17,817 ] 87 root - INFO -  Hypothesis dg_000:float64,float64
[ 2023-04-29 11:39:17,823 ] 87 root - INFO -  Hypothesis dh_000:float64,float64
[ 2023-04-29 11:39:17,846 ] 87 root - INFO -  Hypothesis di_000:float64,float64
[ 2023-04-29 11:39:17,852 ] 87 root - INFO -  Hypothesis dj_000:float64,float64
[ 2023-04-29 11:39:17,874 ] 87 root - INFO -  Hypothesis dk_000:float64,float64
[ 2023-04-29 11:39:17,896 ] 87 root - INFO -  Hypothesis dl_000:float64,float64
[ 2023-04-29 11:39:17,918 ] 87 root - INFO -  Hypothesis dm_000:float64,float64
[ 2023-04-29 11:39:17,939 ] 87 root - INFO -  Hypothesis dn_000:float64,float64
[ 2023-04-29 11:39:17,949 ] 87 root - INFO -  Hypothesis do_000:float64,float64
[ 2023-04-29 11:39:17,959 ] 87 root - INFO -  Hypothesis dp_000:float64,float64
[ 2023-04-29 11:39:17,968 ] 87 root - INFO -  Hypothesis dq_000:float64,float64
[ 2023-04-29 11:39:17,975 ] 87 root - INFO -  Hypothesis dr_000:float64,float64
[ 2023-04-29 11:39:17,982 ] 87 root - INFO -  Hypothesis ds_000:float64,float64
[ 2023-04-29 11:39:17,992 ] 87 root - INFO -  Hypothesis dt_000:float64,float64
[ 2023-04-29 11:39:18,001 ] 87 root - INFO -  Hypothesis du_000:float64,float64
[ 2023-04-29 11:39:18,011 ] 87 root - INFO -  Hypothesis dv_000:float64,float64
[ 2023-04-29 11:39:18,021 ] 87 root - INFO -  Hypothesis dx_000:float64,float64
[ 2023-04-29 11:39:18,028 ] 87 root - INFO -  Hypothesis dy_000:float64,float64
[ 2023-04-29 11:39:18,036 ] 87 root - INFO -  Hypothesis dz_000:float64,float64
[ 2023-04-29 11:39:18,058 ] 87 root - INFO -  Hypothesis ea_000:float64,float64
[ 2023-04-29 11:39:18,079 ] 87 root - INFO -  Hypothesis eb_000:float64,float64
[ 2023-04-29 11:39:18,088 ] 87 root - INFO -  Hypothesis ec_00:float64,float64
[ 2023-04-29 11:39:18,097 ] 87 root - INFO -  Hypothesis ed_000:float64,float64
[ 2023-04-29 11:39:18,107 ] 87 root - INFO -  Hypothesis ee_000:float64,float64
[ 2023-04-29 11:39:18,117 ] 87 root - INFO -  Hypothesis ee_001:float64,float64
[ 2023-04-29 11:39:18,127 ] 87 root - INFO -  Hypothesis ee_002:float64,float64
[ 2023-04-29 11:39:18,137 ] 87 root - INFO -  Hypothesis ee_003:float64,float64
[ 2023-04-29 11:39:18,147 ] 87 root - INFO -  Hypothesis ee_004:float64,float64
[ 2023-04-29 11:39:18,157 ] 87 root - INFO -  Hypothesis ee_005:float64,float64
[ 2023-04-29 11:39:18,167 ] 87 root - INFO -  Hypothesis ee_006:float64,float64
[ 2023-04-29 11:39:18,176 ] 87 root - INFO -  Hypothesis ee_007:float64,float64
[ 2023-04-29 11:39:18,186 ] 87 root - INFO -  Hypothesis ee_008:float64,float64
[ 2023-04-29 11:39:18,195 ] 87 root - INFO -  Hypothesis ee_009:float64,float64
[ 2023-04-29 11:39:18,203 ] 87 root - INFO -  Hypothesis ef_000:float64,float64
[ 2023-04-29 11:39:18,224 ] 87 root - INFO -  Hypothesis eg_000:float64,float64
[ 2023-04-29 11:39:18,245 ] 152 root - INFO - writing report in yaml file
[ 2023-04-29 11:39:18,356 ] 157 root - INFO - Data validation artifact:DataValidationArtifact(report_file_path='/config/workspace/artifact/04292023__113842/data_validation/report.yaml') 
[ 2023-04-29 11:39:19,973 ] 62 root - INFO - Before resampling in Training set input :(28950, 170) Target:(28950,)
[ 2023-04-29 11:39:45,965 ] 64 root - INFO - After resampling in Training set input :(56218, 170) Target:(56218,)
[ 2023-04-29 11:39:45,966 ] 66 root - INFO - Before resampling in Testing set input :(7238, 170) Target:(7238,)
[ 2023-04-29 11:39:51,237 ] 68 root - INFO - After resampling in Testing set input :(56218, 170) Target:(56218,)
[ 2023-04-29 11:39:51,459 ] 54 root - INFO - Entered the save_object method of utils
[ 2023-04-29 11:39:51,465 ] 58 root - INFO - Exited the save_object method of utils
[ 2023-04-29 11:39:51,465 ] 54 root - INFO - Entered the save_object method of utils
[ 2023-04-29 11:39:51,466 ] 58 root - INFO - Exited the save_object method of utils
[ 2023-04-29 11:39:51,466 ] 92 root - INFO - Data transformation objectDataTransformationArtifact(transform_object_path='/config/workspace/artifact/04292023__113842/data_transformation/transformer/transform.pkl', transformed_train_path='/config/workspace/artifact/04292023__113842/data_transformation/transformed/train.npz', transformed_test_path='/config/workspace/artifact/04292023__113842/data_transformation/transformed/test.npz', target_encoder_path='/config/workspace/artifact/04292023__113842/data_transformation/target_encoder/target_encoder.pkl')
[ 2023-04-29 11:39:51,469 ] 33 root - INFO - Loading train and test array
[ 2023-04-29 11:39:51,537 ] 37 root - INFO - splitting target and input feature from  both train and tesy array
[ 2023-04-29 11:39:51,538 ] 41 root - INFO - Train the model
[ 2023-04-29 11:42:09,874 ] 44 root - INFO - calculating f1 train score
[ 2023-04-29 11:42:09,976 ] 48 root - INFO - calculating f1 test score
